2025-06-19 11:22:52,296 - InteractiveChartGenerator - INFO - Logging initialized. Log file: c:\Users\GILIEV\Documents\GitHub\Python-Projects\Chart generator\ChartGenerator_Interactive\logs\chart_generator_20250619_112252.log
2025-06-19 11:22:52,296 - InteractiveChartGenerator - INFO - Starting Interactive Chart Generator v2.0
2025-06-19 11:22:53,458 - InteractiveChartGenerator - INFO - Applied responsive styling for 1920px width screen
2025-06-19 11:22:53,458 - InteractiveChartGenerator - INFO - Interactive Chart Application initialized
2025-06-19 11:22:53,658 - InteractiveChartGenerator - INFO - Screen size: 1920x1080
2025-06-19 11:22:53,658 - InteractiveChartGenerator - INFO - Window size: 1632x864
2025-06-19 11:22:53,659 - InteractiveChartGenerator - INFO - Minimum size: 1152x700
2025-06-19 11:22:53,659 - InteractiveChartGenerator - INFO - Application started successfully
2025-06-19 11:23:08,275 - InteractiveChartGenerator - INFO - Loading CSV file with smart header detection: C:/Users/GILIEV/Desktop/Chart generator/DUT Logs/DUT5_SN_VLIMS_SS 1#9.csv
2025-06-19 11:23:08,289 - InteractiveChartGenerator - INFO - Found non-empty cell in column E at row 24
2025-06-19 11:23:08,289 - InteractiveChartGenerator - INFO - Detected header row at index 24 (line 25)
2025-06-19 11:23:08,320 - InteractiveChartGenerator - INFO - Numeric columns: ['No:', ' Probe of Humidity(%)', 'Probe of Temperature(°C)', ' Reference Voltage(V)', 'Current[A]', ' CAN_status', 'CID ON/OFF', ' CDD ON/OFF', ' CID_BackLight ', ' CDD_BackLight', ' CID_X_Coordinates', ' CID_Y_Coordinates', ' CDD_X_Coordinates', ' CDD_Y_Coordinates', ' Light_Sensor_On', ' Light_Sensor_Off', ' Watchdog_reset', ' Hardware_reset', ' Power_reset', ' Clock_reset', ' DTC Stored']
2025-06-19 11:23:08,321 - InteractiveChartGenerator - INFO - Text columns: [' Date & Time', ' DUT Mode', ' Dry contact value', 'Current[A] Status', 'CID_Display_Temp_Status', ' CDD_Display_Temp_Status']
2025-06-19 11:23:08,321 - InteractiveChartGenerator - INFO - Successfully loaded 2411 rows and 29 columns
2025-06-19 11:23:08,321 - InteractiveChartGenerator - INFO - Headers: ['No:', ' Date & Time', ' DUT Mode', ' Probe of Humidity(%)', 'Probe of Temperature(°C)', ' Dry contact value', ' Reference Voltage(V)', 'Current[A]', 'Current[A] Status', ' CAN_status', 'CID_Display_Temp_Status', ' CDD_Display_Temp_Status', 'CID ON/OFF', ' CDD ON/OFF', ' CID_BackLight ', ' CDD_BackLight', ' CID_X_Coordinates', ' CID_Y_Coordinates', ' CDD_X_Coordinates', ' CDD_Y_Coordinates', ' Light_Sensor_On', ' Light_Sensor_Off', ' Temp_1', 'Temp_2', ' Watchdog_reset', ' Hardware_reset', ' Power_reset', ' Clock_reset', ' DTC Stored']
2025-06-19 11:23:08,322 - InteractiveChartGenerator - INFO - Data types: {'No:': dtype('int64'), ' Date & Time': dtype('O'), ' DUT Mode': dtype('O'), ' Probe of Humidity(%)': dtype('float64'), 'Probe of Temperature(°C)': dtype('float64'), ' Dry contact value': dtype('O'), ' Reference Voltage(V)': dtype('float64'), 'Current[A]': dtype('float64'), 'Current[A] Status': dtype('O'), ' CAN_status': dtype('int64'), 'CID_Display_Temp_Status': dtype('O'), ' CDD_Display_Temp_Status': dtype('O'), 'CID ON/OFF': dtype('int64'), ' CDD ON/OFF': dtype('int64'), ' CID_BackLight ': dtype('int64'), ' CDD_BackLight': dtype('int64'), ' CID_X_Coordinates': dtype('int64'), ' CID_Y_Coordinates': dtype('int64'), ' CDD_X_Coordinates': dtype('int64'), ' CDD_Y_Coordinates': dtype('int64'), ' Light_Sensor_On': dtype('int64'), ' Light_Sensor_Off': dtype('int64'), ' Temp_1': dtype('bool'), 'Temp_2': dtype('bool'), ' Watchdog_reset': dtype('int64'), ' Hardware_reset': dtype('int64'), ' Power_reset': dtype('int64'), ' Clock_reset': dtype('int64'), ' DTC Stored': dtype('int64')}
2025-06-19 11:23:08,362 - InteractiveChartGenerator - INFO - All columns: ['No:', ' Date & Time', ' DUT Mode', ' Probe of Humidity(%)', 'Probe of Temperature(°C)', ' Dry contact value', ' Reference Voltage(V)', 'Current[A]', 'Current[A] Status', ' CAN_status', 'CID_Display_Temp_Status', ' CDD_Display_Temp_Status', 'CID ON/OFF', ' CDD ON/OFF', ' CID_BackLight ', ' CDD_BackLight', ' CID_X_Coordinates', ' CID_Y_Coordinates', ' CDD_X_Coordinates', ' CDD_Y_Coordinates', ' Light_Sensor_On', ' Light_Sensor_Off', ' Temp_1', 'Temp_2', ' Watchdog_reset', ' Hardware_reset', ' Power_reset', ' Clock_reset', ' DTC Stored']
2025-06-19 11:23:08,362 - InteractiveChartGenerator - INFO - Numeric columns: ['No:', ' Probe of Humidity(%)', 'Probe of Temperature(°C)', ' Reference Voltage(V)', 'Current[A]', ' CAN_status', 'CID ON/OFF', ' CDD ON/OFF', ' CID_BackLight ', ' CDD_BackLight', ' CID_X_Coordinates', ' CID_Y_Coordinates', ' CDD_X_Coordinates', ' CDD_Y_Coordinates', ' Light_Sensor_On', ' Light_Sensor_Off', ' Watchdog_reset', ' Hardware_reset', ' Power_reset', ' Clock_reset', ' DTC Stored']
2025-06-19 11:23:08,363 - InteractiveChartGenerator - INFO - Chartable columns: ['No:', ' Date & Time', ' Probe of Humidity(%)', 'Probe of Temperature(°C)', ' Reference Voltage(V)', 'Current[A]', ' CAN_status', 'CID ON/OFF', ' CDD ON/OFF', ' CID_BackLight ', ' CDD_BackLight', ' CID_X_Coordinates', ' CID_Y_Coordinates', ' CDD_X_Coordinates', ' CDD_Y_Coordinates', ' Light_Sensor_On', ' Light_Sensor_Off', ' Temp_1', 'Temp_2', ' Watchdog_reset', ' Hardware_reset', ' Power_reset', ' Clock_reset', ' DTC Stored']
2025-06-19 11:23:08,369 - InteractiveChartGenerator - INFO - Status: Loaded: DUT5_SN_VLIMS_SS 1#9.csv
2025-06-19 11:23:08,663 - InteractiveChartGenerator - INFO - Created interactive line chart with 1 series
2025-06-19 11:23:08,663 - InteractiveChartGenerator - INFO - Status: Chart updated
2025-06-19 11:23:08,663 - InteractiveChartGenerator - INFO - Chart preview updated: 1 series, line type
2025-06-19 11:23:08,663 - InteractiveChartGenerator - INFO - File loaded successfully: DUT5_SN_VLIMS_SS 1#9.csv
2025-06-19 11:23:11,377 - InteractiveChartGenerator - INFO - Created interactive line chart with 1 series
2025-06-19 11:23:11,377 - InteractiveChartGenerator - INFO - Status: Chart updated
2025-06-19 11:23:11,377 - InteractiveChartGenerator - INFO - Chart preview updated: 1 series, line type
2025-06-19 11:23:16,997 - InteractiveChartGenerator - INFO - Created interactive line chart with 1 series
2025-06-19 11:23:16,997 - InteractiveChartGenerator - INFO - Status: Chart updated
2025-06-19 11:23:16,998 - InteractiveChartGenerator - INFO - Chart preview updated: 1 series, line type
2025-06-19 11:23:18,773 - InteractiveChartGenerator - INFO - Created interactive line chart with 1 series
2025-06-19 11:23:18,773 - InteractiveChartGenerator - INFO - Status: Chart updated
2025-06-19 11:23:18,773 - InteractiveChartGenerator - INFO - Chart preview updated: 1 series, line type
2025-06-19 11:23:21,496 - InteractiveChartGenerator - INFO - Created interactive line chart with 1 series
2025-06-19 11:23:21,497 - InteractiveChartGenerator - INFO - Status: Chart updated
2025-06-19 11:23:21,497 - InteractiveChartGenerator - INFO - Chart preview updated: 1 series, line type
2025-06-19 11:23:27,999 - InteractiveChartGenerator - INFO - Converted column ' Date & Time' to datetime for charting
2025-06-19 11:23:28,118 - InteractiveChartGenerator - INFO - Created interactive line chart with 1 series
2025-06-19 11:23:28,118 - InteractiveChartGenerator - INFO - Status: Chart updated
2025-06-19 11:23:28,119 - InteractiveChartGenerator - INFO - Chart preview updated: 1 series, line type
2025-06-19 11:23:29,574 - InteractiveChartGenerator - INFO - Converted column ' Date & Time' to datetime for charting
2025-06-19 11:23:29,580 - InteractiveChartGenerator - INFO - Converted column ' Date & Time' to datetime for charting
2025-06-19 11:23:29,679 - InteractiveChartGenerator - INFO - Created interactive line chart with 1 series
2025-06-19 11:23:29,679 - InteractiveChartGenerator - INFO - Status: Chart updated
2025-06-19 11:23:29,680 - InteractiveChartGenerator - INFO - Chart preview updated: 1 series, line type
2025-06-19 11:23:58,534 - InteractiveChartGenerator - INFO - Converted column ' Date & Time' to datetime for charting
2025-06-19 11:23:58,639 - InteractiveChartGenerator - INFO - Created interactive line chart with 1 series
2025-06-19 11:23:58,639 - InteractiveChartGenerator - INFO - Status: Chart updated
2025-06-19 11:23:58,639 - InteractiveChartGenerator - INFO - Chart preview updated: 1 series, line type
2025-06-19 11:24:00,055 - InteractiveChartGenerator - INFO - Converted column ' Date & Time' to datetime for charting
2025-06-19 11:24:00,058 - InteractiveChartGenerator - INFO - Converted column ' DUT Mode' to categorical codes for charting
2025-06-19 11:24:00,163 - InteractiveChartGenerator - INFO - Created interactive line chart with 2 series
2025-06-19 11:24:00,163 - InteractiveChartGenerator - INFO - Status: Chart updated
2025-06-19 11:24:00,164 - InteractiveChartGenerator - INFO - Chart preview updated: 2 series, line type
2025-06-19 11:24:00,829 - InteractiveChartGenerator - INFO - Converted column ' Date & Time' to datetime for charting
2025-06-19 11:24:00,833 - InteractiveChartGenerator - INFO - Converted column ' DUT Mode' to categorical codes for charting
2025-06-19 11:24:00,933 - InteractiveChartGenerator - INFO - Created interactive line chart with 1 series
2025-06-19 11:24:00,934 - InteractiveChartGenerator - INFO - Status: Chart updated
2025-06-19 11:24:00,934 - InteractiveChartGenerator - INFO - Chart preview updated: 1 series, line type
2025-06-19 11:24:16,870 - InteractiveChartGenerator - INFO - Converted column ' Date & Time' to datetime for charting
2025-06-19 11:24:16,874 - InteractiveChartGenerator - INFO - Converted column ' DUT Mode' to categorical codes for charting
2025-06-19 11:24:16,974 - InteractiveChartGenerator - INFO - Created interactive line chart with 1 series
2025-06-19 11:24:16,974 - InteractiveChartGenerator - INFO - Status: Chart updated
2025-06-19 11:24:16,974 - InteractiveChartGenerator - INFO - Chart preview updated: 1 series, line type
2025-06-19 11:24:34,694 - InteractiveChartGenerator - INFO - Converted column ' Date & Time' to datetime for charting
2025-06-19 11:24:34,697 - InteractiveChartGenerator - INFO - Converted column ' DUT Mode' to categorical codes for charting
2025-06-19 11:24:34,807 - InteractiveChartGenerator - INFO - Created interactive line chart with 2 series
2025-06-19 11:24:34,807 - InteractiveChartGenerator - INFO - Status: Chart updated
2025-06-19 11:24:34,807 - InteractiveChartGenerator - INFO - Chart preview updated: 2 series, line type
2025-06-19 11:24:57,061 - InteractiveChartGenerator - INFO - Converted column ' Date & Time' to datetime for charting
2025-06-19 11:24:57,064 - InteractiveChartGenerator - INFO - Converted column ' DUT Mode' to categorical codes for charting
2025-06-19 11:24:57,171 - InteractiveChartGenerator - INFO - Created interactive line chart with 3 series
2025-06-19 11:24:57,171 - InteractiveChartGenerator - INFO - Status: Chart updated
2025-06-19 11:24:57,171 - InteractiveChartGenerator - INFO - Chart preview updated: 3 series, line type
2025-06-19 11:24:58,064 - InteractiveChartGenerator - INFO - Converted column ' Date & Time' to datetime for charting
2025-06-19 11:24:58,067 - InteractiveChartGenerator - INFO - Converted column ' DUT Mode' to categorical codes for charting
2025-06-19 11:24:58,169 - InteractiveChartGenerator - INFO - Created interactive line chart with 2 series
2025-06-19 11:24:58,170 - InteractiveChartGenerator - INFO - Status: Chart updated
2025-06-19 11:24:58,170 - InteractiveChartGenerator - INFO - Chart preview updated: 2 series, line type
2025-06-19 11:24:59,221 - InteractiveChartGenerator - INFO - Converted column ' Date & Time' to datetime for charting
2025-06-19 11:24:59,224 - InteractiveChartGenerator - INFO - Converted column ' DUT Mode' to categorical codes for charting
2025-06-19 11:24:59,332 - InteractiveChartGenerator - INFO - Created interactive line chart with 3 series
2025-06-19 11:24:59,332 - InteractiveChartGenerator - INFO - Status: Chart updated
2025-06-19 11:24:59,332 - InteractiveChartGenerator - INFO - Chart preview updated: 3 series, line type
