2025-06-26 15:25:00,665 - InteractiveChartGenerator - INFO - Logging initialized. Log file: c:\Users\GILIEV\Documents\GitHub\Python-Projects\Chart generator\ChartGenerator_Interactive\logs\chart_generator_20250626_152500.log
2025-06-26 15:25:00,665 - InteractiveChartGenerator - INFO - Starting Interactive Chart Generator v2.0
2025-06-26 15:25:01,447 - InteractiveChartGenerator - INFO - Initializing application controller
2025-06-26 15:25:06,174 - InteractiveChartGenerator - INFO - Applied responsive styling for 1920px width screen
2025-06-26 15:25:06,174 - InteractiveChartGenerator - INFO - Interactive Chart Application initialized
2025-06-26 15:25:06,230 - InteractiveChartGenerator - INFO - Screen size: 1920x1080
2025-06-26 15:25:06,230 - InteractiveChartGenerator - INFO - Window size: 1632x864
2025-06-26 15:25:06,230 - InteractiveChartGenerator - INFO - Minimum size: 1152x700
2025-06-26 15:25:06,724 - InteractiveChartGenerator - INFO - Platform: Windows 11
2025-06-26 15:25:06,724 - InteractiveChartGenerator - INFO - Application started successfully
2025-06-26 15:25:22,495 - InteractiveChartGenerator - INFO - Detected delimiter: ','
2025-06-26 15:25:22,495 - InteractiveChartGenerator - INFO - Loading CSV file with smart header detection: C:/Users/GILIEV/Documents/GitHub/Python-Projects/DUT5_SN_VLIMS_SS 1#9.csv
2025-06-26 15:25:22,497 - InteractiveChartGenerator - INFO - Found non-empty cell in column E at row 24
2025-06-26 15:25:22,497 - InteractiveChartGenerator - INFO - Detected header row at index 24 (line 25)
2025-06-26 15:25:22,521 - InteractiveChartGenerator - INFO - Numeric columns: ['No:', ' Probe of Humidity(%)', 'Probe of Temperature(°C)', ' Reference Voltage(V)', 'Current[A]', ' CAN_status', 'CID ON/OFF', ' CDD ON/OFF', ' CID_BackLight ', ' CDD_BackLight', ' CID_X_Coordinates', ' CID_Y_Coordinates', ' CDD_X_Coordinates', ' CDD_Y_Coordinates', ' Light_Sensor_On', ' Light_Sensor_Off', ' Watchdog_reset', ' Hardware_reset', ' Power_reset', ' Clock_reset', ' DTC Stored']
2025-06-26 15:25:22,521 - InteractiveChartGenerator - INFO - Text columns: [' Date & Time', ' DUT Mode', ' Dry contact value', 'Current[A] Status', 'CID_Display_Temp_Status', ' CDD_Display_Temp_Status']
2025-06-26 15:25:22,522 - InteractiveChartGenerator - INFO - Successfully loaded 2411 rows and 29 columns
2025-06-26 15:25:22,522 - InteractiveChartGenerator - INFO - Headers: ['No:', ' Date & Time', ' DUT Mode', ' Probe of Humidity(%)', 'Probe of Temperature(°C)', ' Dry contact value', ' Reference Voltage(V)', 'Current[A]', 'Current[A] Status', ' CAN_status', 'CID_Display_Temp_Status', ' CDD_Display_Temp_Status', 'CID ON/OFF', ' CDD ON/OFF', ' CID_BackLight ', ' CDD_BackLight', ' CID_X_Coordinates', ' CID_Y_Coordinates', ' CDD_X_Coordinates', ' CDD_Y_Coordinates', ' Light_Sensor_On', ' Light_Sensor_Off', ' Temp_1', 'Temp_2', ' Watchdog_reset', ' Hardware_reset', ' Power_reset', ' Clock_reset', ' DTC Stored']
2025-06-26 15:25:22,522 - InteractiveChartGenerator - INFO - Data types: {'No:': dtype('int64'), ' Date & Time': dtype('O'), ' DUT Mode': dtype('O'), ' Probe of Humidity(%)': dtype('float64'), 'Probe of Temperature(°C)': dtype('float64'), ' Dry contact value': dtype('O'), ' Reference Voltage(V)': dtype('float64'), 'Current[A]': dtype('float64'), 'Current[A] Status': dtype('O'), ' CAN_status': dtype('int64'), 'CID_Display_Temp_Status': dtype('O'), ' CDD_Display_Temp_Status': dtype('O'), 'CID ON/OFF': dtype('int64'), ' CDD ON/OFF': dtype('int64'), ' CID_BackLight ': dtype('int64'), ' CDD_BackLight': dtype('int64'), ' CID_X_Coordinates': dtype('int64'), ' CID_Y_Coordinates': dtype('int64'), ' CDD_X_Coordinates': dtype('int64'), ' CDD_Y_Coordinates': dtype('int64'), ' Light_Sensor_On': dtype('int64'), ' Light_Sensor_Off': dtype('int64'), ' Temp_1': dtype('bool'), 'Temp_2': dtype('bool'), ' Watchdog_reset': dtype('int64'), ' Hardware_reset': dtype('int64'), ' Power_reset': dtype('int64'), ' Clock_reset': dtype('int64'), ' DTC Stored': dtype('int64')}
2025-06-26 15:25:22,556 - InteractiveChartGenerator - INFO - All columns: ['No:', ' Date & Time', ' DUT Mode', ' Probe of Humidity(%)', 'Probe of Temperature(°C)', ' Dry contact value', ' Reference Voltage(V)', 'Current[A]', 'Current[A] Status', ' CAN_status', 'CID_Display_Temp_Status', ' CDD_Display_Temp_Status', 'CID ON/OFF', ' CDD ON/OFF', ' CID_BackLight ', ' CDD_BackLight', ' CID_X_Coordinates', ' CID_Y_Coordinates', ' CDD_X_Coordinates', ' CDD_Y_Coordinates', ' Light_Sensor_On', ' Light_Sensor_Off', ' Temp_1', 'Temp_2', ' Watchdog_reset', ' Hardware_reset', ' Power_reset', ' Clock_reset', ' DTC Stored']
2025-06-26 15:25:22,556 - InteractiveChartGenerator - INFO - Numeric columns: ['No:', ' Probe of Humidity(%)', 'Probe of Temperature(°C)', ' Reference Voltage(V)', 'Current[A]', ' CAN_status', 'CID ON/OFF', ' CDD ON/OFF', ' CID_BackLight ', ' CDD_BackLight', ' CID_X_Coordinates', ' CID_Y_Coordinates', ' CDD_X_Coordinates', ' CDD_Y_Coordinates', ' Light_Sensor_On', ' Light_Sensor_Off', ' Watchdog_reset', ' Hardware_reset', ' Power_reset', ' Clock_reset', ' DTC Stored']
2025-06-26 15:25:22,556 - InteractiveChartGenerator - INFO - Chartable columns: ['No:', ' Date & Time', ' Probe of Humidity(%)', 'Probe of Temperature(°C)', ' Reference Voltage(V)', 'Current[A]', ' CAN_status', 'CID ON/OFF', ' CDD ON/OFF', ' CID_BackLight ', ' CDD_BackLight', ' CID_X_Coordinates', ' CID_Y_Coordinates', ' CDD_X_Coordinates', ' CDD_Y_Coordinates', ' Light_Sensor_On', ' Light_Sensor_Off', ' Temp_1', 'Temp_2', ' Watchdog_reset', ' Hardware_reset', ' Power_reset', ' Clock_reset', ' DTC Stored']
2025-06-26 15:25:22,559 - InteractiveChartGenerator - INFO - Status: Loaded: DUT5_SN_VLIMS_SS 1#9.csv
2025-06-26 15:25:22,885 - InteractiveChartGenerator - INFO - Created interactive line chart with 1 series
2025-06-26 15:25:22,885 - InteractiveChartGenerator - INFO - Status: Chart updated
2025-06-26 15:25:22,885 - InteractiveChartGenerator - INFO - Chart preview updated: 1 series, line type
2025-06-26 15:25:22,885 - InteractiveChartGenerator - INFO - File loaded successfully: DUT5_SN_VLIMS_SS 1#9.csv
2025-06-26 15:26:00,884 - InteractiveChartGenerator - INFO - Created interactive line chart with 1 series
2025-06-26 15:26:00,885 - InteractiveChartGenerator - INFO - Status: Chart updated
2025-06-26 15:26:00,885 - InteractiveChartGenerator - INFO - Chart preview updated: 1 series, line type
2025-06-26 15:26:06,720 - InteractiveChartGenerator - INFO - Detected delimiter: ','
2025-06-26 15:26:06,720 - InteractiveChartGenerator - INFO - Loading CSV file with smart header detection: C:/Users/GILIEV/Documents/GitHub/Python-Projects/DUT1_SN_VLIMS_SS 1#21.csv
2025-06-26 15:26:06,722 - InteractiveChartGenerator - INFO - Found non-empty cell in column E at row 24
2025-06-26 15:26:06,723 - InteractiveChartGenerator - INFO - Detected header row at index 24 (line 25)
2025-06-26 15:26:06,725 - InteractiveChartGenerator - WARNING - Encoding utf-8 failed: 'utf-8' codec can't decode byte 0xb0 in position 21: invalid start byte
2025-06-26 15:26:06,738 - InteractiveChartGenerator - WARNING - Encoding utf-16 failed: 'utf-16' codec can't decode bytes in position 0-1: Stream does not start with BOM
2025-06-26 15:26:06,755 - InteractiveChartGenerator - INFO - Numeric columns: [' DUT Mode', ' Probe of Humidity(%)', ' Dry contact value', ' Reference Voltage(V)', 'Current[A] Status', ' CDD_Display_Temp_Status', 'CID ON/OFF', ' CDD ON/OFF', ' CID_BackLight ', ' CDD_BackLight', ' CID_X_Coordinates', ' CID_Y_Coordinates', ' CDD_X_Coordinates', ' CDD_Y_Coordinates', ' Light_Sensor_On', 'Temp_2', ' Watchdog_reset', ' Hardware_reset', ' Power_reset', ' Clock_reset', ' DTC Stored']
2025-06-26 15:26:06,755 - InteractiveChartGenerator - INFO - Text columns: ['No:', ' Date & Time', 'Probe of Temperature(°C)', 'Current[A]', ' CAN_status', 'CID_Display_Temp_Status']
2025-06-26 15:26:06,756 - InteractiveChartGenerator - INFO - Successfully loaded 234 rows and 29 columns
2025-06-26 15:26:06,756 - InteractiveChartGenerator - INFO - Headers: ['No:', ' Date & Time', ' DUT Mode', ' Probe of Humidity(%)', 'Probe of Temperature(°C)', ' Dry contact value', ' Reference Voltage(V)', 'Current[A]', 'Current[A] Status', ' CAN_status', 'CID_Display_Temp_Status', ' CDD_Display_Temp_Status', 'CID ON/OFF', ' CDD ON/OFF', ' CID_BackLight ', ' CDD_BackLight', ' CID_X_Coordinates', ' CID_Y_Coordinates', ' CDD_X_Coordinates', ' CDD_Y_Coordinates', ' Light_Sensor_On', ' Light_Sensor_Off', ' Temp_1', 'Temp_2', ' Watchdog_reset', ' Hardware_reset', ' Power_reset', ' Clock_reset', ' DTC Stored']
2025-06-26 15:26:06,757 - InteractiveChartGenerator - INFO - Data types: {'No:': dtype('O'), ' Date & Time': dtype('O'), ' DUT Mode': dtype('float64'), ' Probe of Humidity(%)': dtype('float64'), 'Probe of Temperature(°C)': dtype('O'), ' Dry contact value': dtype('float64'), ' Reference Voltage(V)': dtype('float64'), 'Current[A]': dtype('O'), 'Current[A] Status': dtype('int64'), ' CAN_status': dtype('O'), 'CID_Display_Temp_Status': dtype('O'), ' CDD_Display_Temp_Status': dtype('int64'), 'CID ON/OFF': dtype('int64'), ' CDD ON/OFF': dtype('int64'), ' CID_BackLight ': dtype('int64'), ' CDD_BackLight': dtype('int64'), ' CID_X_Coordinates': dtype('int64'), ' CID_Y_Coordinates': dtype('int64'), ' CDD_X_Coordinates': dtype('int64'), ' CDD_Y_Coordinates': dtype('int64'), ' Light_Sensor_On': dtype('int64'), ' Light_Sensor_Off': dtype('bool'), ' Temp_1': dtype('bool'), 'Temp_2': dtype('int64'), ' Watchdog_reset': dtype('int64'), ' Hardware_reset': dtype('int64'), ' Power_reset': dtype('int64'), ' Clock_reset': dtype('int64'), ' DTC Stored': dtype('float64')}
2025-06-26 15:26:06,777 - InteractiveChartGenerator - INFO - All columns: ['No:', ' Date & Time', ' DUT Mode', ' Probe of Humidity(%)', 'Probe of Temperature(°C)', ' Dry contact value', ' Reference Voltage(V)', 'Current[A]', 'Current[A] Status', ' CAN_status', 'CID_Display_Temp_Status', ' CDD_Display_Temp_Status', 'CID ON/OFF', ' CDD ON/OFF', ' CID_BackLight ', ' CDD_BackLight', ' CID_X_Coordinates', ' CID_Y_Coordinates', ' CDD_X_Coordinates', ' CDD_Y_Coordinates', ' Light_Sensor_On', ' Light_Sensor_Off', ' Temp_1', 'Temp_2', ' Watchdog_reset', ' Hardware_reset', ' Power_reset', ' Clock_reset', ' DTC Stored']
2025-06-26 15:26:06,777 - InteractiveChartGenerator - INFO - Numeric columns: [' DUT Mode', ' Probe of Humidity(%)', ' Dry contact value', ' Reference Voltage(V)', 'Current[A] Status', ' CDD_Display_Temp_Status', 'CID ON/OFF', ' CDD ON/OFF', ' CID_BackLight ', ' CDD_BackLight', ' CID_X_Coordinates', ' CID_Y_Coordinates', ' CDD_X_Coordinates', ' CDD_Y_Coordinates', ' Light_Sensor_On', 'Temp_2', ' Watchdog_reset', ' Hardware_reset', ' Power_reset', ' Clock_reset', ' DTC Stored']
2025-06-26 15:26:06,778 - InteractiveChartGenerator - INFO - Chartable columns: ['No:', ' DUT Mode', ' Probe of Humidity(%)', ' Dry contact value', ' Reference Voltage(V)', 'Current[A] Status', ' CDD_Display_Temp_Status', 'CID ON/OFF', ' CDD ON/OFF', ' CID_BackLight ', ' CDD_BackLight', ' CID_X_Coordinates', ' CID_Y_Coordinates', ' CDD_X_Coordinates', ' CDD_Y_Coordinates', ' Light_Sensor_On', ' Light_Sensor_Off', ' Temp_1', 'Temp_2', ' Watchdog_reset', ' Hardware_reset', ' Power_reset', ' Clock_reset', ' DTC Stored']
2025-06-26 15:26:06,779 - InteractiveChartGenerator - INFO - Status: Loaded: DUT1_SN_VLIMS_SS 1#21.csv
2025-06-26 15:26:06,780 - InteractiveChartGenerator - INFO - Converted column 'No:' to datetime for charting
2025-06-26 15:26:06,782 - InteractiveChartGenerator - INFO - Converted column 'No:' to datetime for charting
2025-06-26 15:26:06,873 - InteractiveChartGenerator - INFO - Created interactive line chart with 1 series
2025-06-26 15:26:06,873 - InteractiveChartGenerator - INFO - Status: Chart updated
2025-06-26 15:26:06,873 - InteractiveChartGenerator - INFO - Chart preview updated: 1 series, line type
2025-06-26 15:26:06,873 - InteractiveChartGenerator - INFO - File loaded successfully: DUT1_SN_VLIMS_SS 1#21.csv
2025-06-26 15:26:06,930 - InteractiveChartGenerator - INFO - Converted column 'No:' to datetime for charting
2025-06-26 15:26:06,931 - InteractiveChartGenerator - INFO - Converted column 'No:' to datetime for charting
2025-06-26 15:26:07,032 - InteractiveChartGenerator - INFO - Created interactive line chart with 1 series
2025-06-26 15:26:07,032 - InteractiveChartGenerator - INFO - Status: Chart updated
2025-06-26 15:26:07,033 - InteractiveChartGenerator - INFO - Chart preview updated: 1 series, line type
2025-06-26 15:26:20,485 - InteractiveChartGenerator - INFO - Status: Chart copied to clipboard
2025-06-26 15:26:23,829 - InteractiveChartGenerator - INFO - Cleaning up application resources
2025-06-26 15:26:23,830 - InteractiveChartGenerator - WARNING - Error during cleanup: can't invoke "destroy" command: application has been destroyed
