2025-06-26 13:50:56,723 - InteractiveChartGenerator - INFO - Logging initialized. Log file: c:\Users\GILIEV\Documents\GitHub\Python-Projects\Chart generator\ChartGenerator_Interactive\logs\chart_generator_20250626_135056.log
2025-06-26 13:50:56,724 - InteractiveChartGenerator - INFO - Starting Interactive Chart Generator v2.0
2025-06-26 13:50:57,552 - InteractiveChartGenerator - INFO - Initializing application controller
2025-06-26 13:51:01,484 - InteractiveChartGenerator - INFO - Applied responsive styling for 1920px width screen
2025-06-26 13:51:01,484 - InteractiveChartGenerator - INFO - Interactive Chart Application initialized
2025-06-26 13:51:01,568 - InteractiveChartGenerator - INFO - Screen size: 1920x1080
2025-06-26 13:51:01,568 - InteractiveChartGenerator - INFO - Window size: 1632x864
2025-06-26 13:51:01,568 - InteractiveChartGenerator - INFO - Minimum size: 1152x700
2025-06-26 13:51:02,177 - InteractiveChartGenerator - INFO - Platform: Windows 11
2025-06-26 13:51:02,180 - InteractiveChartGenerator - INFO - Application started successfully
2025-06-26 13:51:10,247 - InteractiveChartGenerator - INFO - Loading CSV file with smart header detection: c:\Users\GILIEV\Documents\GitHub\Python-Projects\Chart generator\ChartGenerator_Interactive\..\DUT Logs\DUT1 - Copy.csv
2025-06-26 13:51:10,271 - InteractiveChartGenerator - INFO - Found non-empty cell in column E at row 2
2025-06-26 13:51:10,271 - InteractiveChartGenerator - INFO - Detected header row at index 2 (line 3)
2025-06-26 13:51:10,492 - InteractiveChartGenerator - INFO - Numeric columns: ['No:', ' Humidity ', ' Temperature ', ' Voltage ', ' Voltage_PCB', ' Current ', ' Dimming ', ' LightON ', ' LightOFF ', ' Y_Touch ', ' X_Touch ', ' Left Temp ', ' Right Temp ', ' Temp PCB ', ' Current Max ']
2025-06-26 13:51:10,492 - InteractiveChartGenerator - INFO - Text columns: ['Date & Time ', ' DUT Mode ', ' Mode Max ', 'Unnamed: 18']
2025-06-26 13:51:10,493 - InteractiveChartGenerator - INFO - Successfully loaded 1233 rows and 19 columns
2025-06-26 13:51:10,493 - InteractiveChartGenerator - INFO - Headers: ['No:', 'Date & Time ', ' DUT Mode ', ' Humidity ', ' Temperature ', ' Voltage ', ' Voltage_PCB', ' Current ', ' Dimming ', ' LightON ', ' LightOFF ', ' Y_Touch ', ' X_Touch ', ' Left Temp ', ' Right Temp ', ' Temp PCB ', ' Mode Max ', ' Current Max ', 'Unnamed: 18']
2025-06-26 13:51:10,494 - InteractiveChartGenerator - INFO - Data types: {'No:': dtype('int64'), 'Date & Time ': dtype('O'), ' DUT Mode ': dtype('O'), ' Humidity ': dtype('float64'), ' Temperature ': dtype('float64'), ' Voltage ': dtype('float64'), ' Voltage_PCB': dtype('float64'), ' Current ': dtype('float64'), ' Dimming ': dtype('int64'), ' LightON ': dtype('int64'), ' LightOFF ': dtype('int64'), ' Y_Touch ': dtype('int64'), ' X_Touch ': dtype('int64'), ' Left Temp ': dtype('float64'), ' Right Temp ': dtype('float64'), ' Temp PCB ': dtype('float64'), ' Mode Max ': dtype('O'), ' Current Max ': dtype('float64'), 'Unnamed: 18': dtype('O')}
2025-06-26 13:51:10,543 - InteractiveChartGenerator - INFO - All columns: ['No:', 'Date & Time ', ' DUT Mode ', ' Humidity ', ' Temperature ', ' Voltage ', ' Voltage_PCB', ' Current ', ' Dimming ', ' LightON ', ' LightOFF ', ' Y_Touch ', ' X_Touch ', ' Left Temp ', ' Right Temp ', ' Temp PCB ', ' Mode Max ', ' Current Max ', 'Unnamed: 18']
2025-06-26 13:51:10,543 - InteractiveChartGenerator - INFO - Numeric columns: ['No:', ' Humidity ', ' Temperature ', ' Voltage ', ' Voltage_PCB', ' Current ', ' Dimming ', ' LightON ', ' LightOFF ', ' Y_Touch ', ' X_Touch ', ' Left Temp ', ' Right Temp ', ' Temp PCB ', ' Current Max ']
2025-06-26 13:51:10,543 - InteractiveChartGenerator - INFO - Chartable columns: ['No:', 'Date & Time ', ' Humidity ', ' Temperature ', ' Voltage ', ' Voltage_PCB', ' Current ', ' Dimming ', ' LightON ', ' LightOFF ', ' Y_Touch ', ' X_Touch ', ' Left Temp ', ' Right Temp ', ' Temp PCB ', ' Current Max ']
2025-06-26 13:51:10,548 - InteractiveChartGenerator - INFO - Status: Loaded: DUT1 - Copy.csv
2025-06-26 13:51:11,038 - InteractiveChartGenerator - INFO - Created interactive line chart with 1 series
2025-06-26 13:51:11,038 - InteractiveChartGenerator - INFO - Status: Chart updated
2025-06-26 13:51:11,039 - InteractiveChartGenerator - INFO - Chart preview updated: 1 series, line type
2025-06-26 13:51:11,039 - InteractiveChartGenerator - INFO - File loaded successfully: DUT1 - Copy.csv
2025-06-26 13:51:14,182 - InteractiveChartGenerator - INFO - Converted column 'Date & Time ' to datetime for charting
2025-06-26 13:51:14,313 - InteractiveChartGenerator - INFO - Created interactive line chart with 1 series
2025-06-26 13:51:14,313 - InteractiveChartGenerator - INFO - Status: Chart updated
2025-06-26 13:51:14,314 - InteractiveChartGenerator - INFO - Chart preview updated: 1 series, line type
2025-06-26 13:51:18,233 - InteractiveChartGenerator - INFO - Converted column 'Date & Time ' to datetime for charting
2025-06-26 13:51:18,248 - InteractiveChartGenerator - INFO - Converted column ' DUT Mode ' to categorical codes for charting
2025-06-26 13:51:18,355 - InteractiveChartGenerator - INFO - Created interactive line chart with 1 series
2025-06-26 13:51:18,356 - InteractiveChartGenerator - INFO - Status: Chart updated
2025-06-26 13:51:18,356 - InteractiveChartGenerator - INFO - Chart preview updated: 1 series, line type
2025-06-26 13:51:20,093 - InteractiveChartGenerator - INFO - Converted column 'Date & Time ' to datetime for charting
2025-06-26 13:51:20,095 - InteractiveChartGenerator - INFO - Converted column ' DUT Mode ' to categorical codes for charting
2025-06-26 13:51:20,208 - InteractiveChartGenerator - INFO - Created interactive line chart with 2 series
2025-06-26 13:51:20,208 - InteractiveChartGenerator - INFO - Status: Chart updated
2025-06-26 13:51:20,208 - InteractiveChartGenerator - INFO - Chart preview updated: 2 series, line type
2025-06-26 13:51:21,455 - InteractiveChartGenerator - INFO - Converted column 'Date & Time ' to datetime for charting
2025-06-26 13:51:21,457 - InteractiveChartGenerator - INFO - Converted column ' DUT Mode ' to categorical codes for charting
2025-06-26 13:51:21,588 - InteractiveChartGenerator - INFO - Created interactive line chart with 3 series
2025-06-26 13:51:21,588 - InteractiveChartGenerator - INFO - Status: Chart updated
2025-06-26 13:51:21,588 - InteractiveChartGenerator - INFO - Chart preview updated: 3 series, line type
2025-06-26 13:51:43,765 - InteractiveChartGenerator - INFO - Converted column 'Date & Time ' to datetime for charting
2025-06-26 13:51:43,768 - InteractiveChartGenerator - INFO - Converted column ' DUT Mode ' to categorical codes for charting
2025-06-26 13:51:43,925 - InteractiveChartGenerator - INFO - Created interactive line chart with 4 series
2025-06-26 13:51:43,925 - InteractiveChartGenerator - INFO - Status: Chart updated
2025-06-26 13:51:43,925 - InteractiveChartGenerator - INFO - Chart preview updated: 4 series, line type
2025-06-26 13:52:38,362 - InteractiveChartGenerator - INFO - Converted column 'Date & Time ' to datetime for charting
2025-06-26 13:52:38,378 - InteractiveChartGenerator - INFO - Converted column 'Date & Time ' to datetime for charting
2025-06-26 13:52:38,412 - InteractiveChartGenerator - INFO - Converted column ' DUT Mode ' to categorical codes for charting
2025-06-26 13:52:38,787 - InteractiveChartGenerator - INFO - Created interactive line chart with 5 series
2025-06-26 13:52:38,787 - InteractiveChartGenerator - INFO - Status: Chart updated
2025-06-26 13:52:38,788 - InteractiveChartGenerator - INFO - Chart preview updated: 5 series, line type
2025-06-26 13:52:39,854 - InteractiveChartGenerator - INFO - Converted column 'Date & Time ' to datetime for charting
2025-06-26 13:52:39,856 - InteractiveChartGenerator - INFO - Converted column ' DUT Mode ' to categorical codes for charting
2025-06-26 13:52:39,986 - InteractiveChartGenerator - INFO - Created interactive line chart with 4 series
2025-06-26 13:52:39,986 - InteractiveChartGenerator - INFO - Status: Chart updated
2025-06-26 13:52:39,986 - InteractiveChartGenerator - INFO - Chart preview updated: 4 series, line type
2025-06-26 13:52:45,470 - InteractiveChartGenerator - INFO - Converted column 'Date & Time ' to datetime for charting
2025-06-26 13:52:45,473 - InteractiveChartGenerator - INFO - Converted column ' DUT Mode ' to categorical codes for charting
2025-06-26 13:52:45,610 - InteractiveChartGenerator - INFO - Created interactive line chart with 5 series
2025-06-26 13:52:45,611 - InteractiveChartGenerator - INFO - Status: Chart updated
2025-06-26 13:52:45,611 - InteractiveChartGenerator - INFO - Chart preview updated: 5 series, line type
2025-06-26 13:52:46,790 - InteractiveChartGenerator - INFO - Converted column 'Date & Time ' to datetime for charting
2025-06-26 13:52:46,793 - InteractiveChartGenerator - INFO - Converted column ' DUT Mode ' to categorical codes for charting
2025-06-26 13:52:46,926 - InteractiveChartGenerator - INFO - Created interactive line chart with 4 series
2025-06-26 13:52:46,926 - InteractiveChartGenerator - INFO - Status: Chart updated
2025-06-26 13:52:46,926 - InteractiveChartGenerator - INFO - Chart preview updated: 4 series, line type
2025-06-26 13:52:48,267 - InteractiveChartGenerator - INFO - Converted column 'Date & Time ' to datetime for charting
2025-06-26 13:52:48,276 - InteractiveChartGenerator - INFO - Converted column ' DUT Mode ' to categorical codes for charting
2025-06-26 13:52:48,390 - InteractiveChartGenerator - INFO - Created interactive line chart with 5 series
2025-06-26 13:52:48,391 - InteractiveChartGenerator - INFO - Status: Chart updated
2025-06-26 13:52:48,391 - InteractiveChartGenerator - INFO - Chart preview updated: 5 series, line type
2025-06-26 13:52:50,629 - InteractiveChartGenerator - INFO - Converted column 'Date & Time ' to datetime for charting
2025-06-26 13:52:50,631 - InteractiveChartGenerator - INFO - Converted column ' DUT Mode ' to categorical codes for charting
2025-06-26 13:52:50,751 - InteractiveChartGenerator - INFO - Created interactive line chart with 6 series
2025-06-26 13:52:50,752 - InteractiveChartGenerator - INFO - Status: Chart updated
2025-06-26 13:52:50,752 - InteractiveChartGenerator - INFO - Chart preview updated: 6 series, line type
2025-06-26 13:52:52,963 - InteractiveChartGenerator - INFO - Converted column 'Date & Time ' to datetime for charting
2025-06-26 13:52:52,965 - InteractiveChartGenerator - INFO - Converted column ' DUT Mode ' to categorical codes for charting
2025-06-26 13:52:53,086 - InteractiveChartGenerator - INFO - Created interactive line chart with 5 series
2025-06-26 13:52:53,086 - InteractiveChartGenerator - INFO - Status: Chart updated
2025-06-26 13:52:53,086 - InteractiveChartGenerator - INFO - Chart preview updated: 5 series, line type
2025-06-26 13:52:55,269 - InteractiveChartGenerator - INFO - Converted column 'Date & Time ' to datetime for charting
2025-06-26 13:52:55,271 - InteractiveChartGenerator - INFO - Converted column ' DUT Mode ' to categorical codes for charting
2025-06-26 13:52:55,273 - InteractiveChartGenerator - INFO - Converted column ' Mode Max ' to categorical codes for charting
2025-06-26 13:52:55,388 - InteractiveChartGenerator - INFO - Created interactive line chart with 6 series
2025-06-26 13:52:55,388 - InteractiveChartGenerator - INFO - Status: Chart updated
2025-06-26 13:52:55,388 - InteractiveChartGenerator - INFO - Chart preview updated: 6 series, line type
2025-06-26 13:52:55,883 - InteractiveChartGenerator - INFO - Converted column 'Date & Time ' to datetime for charting
2025-06-26 13:52:55,885 - InteractiveChartGenerator - INFO - Converted column ' DUT Mode ' to categorical codes for charting
2025-06-26 13:52:56,001 - InteractiveChartGenerator - INFO - Created interactive line chart with 5 series
2025-06-26 13:52:56,002 - InteractiveChartGenerator - INFO - Status: Chart updated
2025-06-26 13:52:56,002 - InteractiveChartGenerator - INFO - Chart preview updated: 5 series, line type
2025-06-26 13:53:03,272 - InteractiveChartGenerator - INFO - Converted column 'Date & Time ' to datetime for charting
2025-06-26 13:53:03,274 - InteractiveChartGenerator - INFO - Converted column ' DUT Mode ' to categorical codes for charting
2025-06-26 13:53:03,599 - InteractiveChartGenerator - INFO - Created interactive line chart with 6 series
2025-06-26 13:53:03,599 - InteractiveChartGenerator - INFO - Status: Chart updated
2025-06-26 13:53:03,599 - InteractiveChartGenerator - INFO - Chart preview updated: 6 series, line type
2025-06-26 13:53:04,567 - InteractiveChartGenerator - INFO - Converted column 'Date & Time ' to datetime for charting
2025-06-26 13:53:04,569 - InteractiveChartGenerator - INFO - Converted column ' DUT Mode ' to categorical codes for charting
2025-06-26 13:53:04,677 - InteractiveChartGenerator - INFO - Created interactive line chart with 5 series
2025-06-26 13:53:04,677 - InteractiveChartGenerator - INFO - Status: Chart updated
2025-06-26 13:53:04,677 - InteractiveChartGenerator - INFO - Chart preview updated: 5 series, line type
2025-06-26 13:53:07,120 - InteractiveChartGenerator - INFO - Converted column 'Date & Time ' to datetime for charting
2025-06-26 13:53:07,122 - InteractiveChartGenerator - INFO - Converted column ' DUT Mode ' to categorical codes for charting
2025-06-26 13:53:07,243 - InteractiveChartGenerator - INFO - Created interactive line chart with 6 series
2025-06-26 13:53:07,243 - InteractiveChartGenerator - INFO - Status: Chart updated
2025-06-26 13:53:07,243 - InteractiveChartGenerator - INFO - Chart preview updated: 6 series, line type
2025-06-26 13:53:35,728 - InteractiveChartGenerator - INFO - Crosshair enabled
2025-06-26 13:54:02,210 - InteractiveChartGenerator - INFO - Cleaning up application resources
2025-06-26 13:54:02,211 - InteractiveChartGenerator - WARNING - Error during cleanup: can't invoke "destroy" command: application has been destroyed
