2025-06-26 17:04:26,354 - InteractiveChartGenerator - INFO - Logging initialized. Log file: c:\Users\GILIEV\Documents\GitHub\Python-Projects\Chart generator\ChartGenerator_Interactive\logs\chart_generator_20250626_170426.log
2025-06-26 17:04:26,354 - InteractiveChartGenerator - INFO - Starting Interactive Chart Generator v2.0
2025-06-26 17:04:27,084 - InteractiveChartGenerator - INFO - Initializing application controller
2025-06-26 17:04:31,874 - InteractiveChartGenerator - INFO - Applied responsive styling for 1920px width screen
2025-06-26 17:04:31,874 - InteractiveChartGenerator - INFO - Interactive Chart Application initialized
2025-06-26 17:04:31,914 - InteractiveChartGenerator - INFO - Screen size: 1920x1080
2025-06-26 17:04:31,915 - InteractiveChartGenerator - INFO - Window size: 1632x864
2025-06-26 17:04:31,915 - InteractiveChartGenerator - INFO - Minimum size: 1152x700
2025-06-26 17:04:32,123 - InteractiveChartGenerator - INFO - Platform: Windows 11
2025-06-26 17:04:32,124 - InteractiveChartGenerator - INFO - Application started successfully
2025-06-26 17:04:41,859 - InteractiveChartGenerator - INFO - Detected delimiter: ','
2025-06-26 17:04:41,860 - InteractiveChartGenerator - INFO - Loading CSV file with smart header detection: C:/Users/GILIEV/Documents/GitHub/test.csv
2025-06-26 17:04:41,861 - InteractiveChartGenerator - INFO - Found non-empty cell in column E at row 24
2025-06-26 17:04:41,861 - InteractiveChartGenerator - INFO - Detected header row at index 24 (line 25)
2025-06-26 17:04:41,877 - InteractiveChartGenerator - INFO - Numeric columns: [' DUT Mode', ' Probe of Humidity(%)', ' Dry contact value', ' Reference Voltage(V)', 'Current[A] Status', ' CDD_Display_Temp_Status', 'CID ON/OFF', ' CDD ON/OFF', ' CID_BackLight ', ' CDD_BackLight', ' CID_X_Coordinates', ' CID_Y_Coordinates', ' CDD_X_Coordinates', ' CDD_Y_Coordinates', ' Light_Sensor_On', 'Temp_2', ' Watchdog_reset', ' Hardware_reset', ' Power_reset', ' Clock_reset', ' DTC Stored']
2025-06-26 17:04:41,877 - InteractiveChartGenerator - INFO - Text columns: ['No:', ' Date & Time', 'Probe of Temperature(째C)', 'Current[A]', ' CAN_status', 'CID_Display_Temp_Status']
2025-06-26 17:04:41,877 - InteractiveChartGenerator - INFO - Successfully loaded 234 rows and 29 columns
2025-06-26 17:04:41,877 - InteractiveChartGenerator - INFO - Headers: ['No:', ' Date & Time', ' DUT Mode', ' Probe of Humidity(%)', 'Probe of Temperature(째C)', ' Dry contact value', ' Reference Voltage(V)', 'Current[A]', 'Current[A] Status', ' CAN_status', 'CID_Display_Temp_Status', ' CDD_Display_Temp_Status', 'CID ON/OFF', ' CDD ON/OFF', ' CID_BackLight ', ' CDD_BackLight', ' CID_X_Coordinates', ' CID_Y_Coordinates', ' CDD_X_Coordinates', ' CDD_Y_Coordinates', ' Light_Sensor_On', ' Light_Sensor_Off', ' Temp_1', 'Temp_2', ' Watchdog_reset', ' Hardware_reset', ' Power_reset', ' Clock_reset', ' DTC Stored']
2025-06-26 17:04:41,878 - InteractiveChartGenerator - INFO - Data types: {'No:': dtype('O'), ' Date & Time': dtype('O'), ' DUT Mode': dtype('float64'), ' Probe of Humidity(%)': dtype('float64'), 'Probe of Temperature(째C)': dtype('O'), ' Dry contact value': dtype('float64'), ' Reference Voltage(V)': dtype('float64'), 'Current[A]': dtype('O'), 'Current[A] Status': dtype('int64'), ' CAN_status': dtype('O'), 'CID_Display_Temp_Status': dtype('O'), ' CDD_Display_Temp_Status': dtype('int64'), 'CID ON/OFF': dtype('int64'), ' CDD ON/OFF': dtype('int64'), ' CID_BackLight ': dtype('int64'), ' CDD_BackLight': dtype('int64'), ' CID_X_Coordinates': dtype('int64'), ' CID_Y_Coordinates': dtype('int64'), ' CDD_X_Coordinates': dtype('int64'), ' CDD_Y_Coordinates': dtype('int64'), ' Light_Sensor_On': dtype('int64'), ' Light_Sensor_Off': dtype('bool'), ' Temp_1': dtype('bool'), 'Temp_2': dtype('int64'), ' Watchdog_reset': dtype('int64'), ' Hardware_reset': dtype('int64'), ' Power_reset': dtype('int64'), ' Clock_reset': dtype('int64'), ' DTC Stored': dtype('float64')}
2025-06-26 17:04:41,898 - InteractiveChartGenerator - INFO - All columns: ['No:', ' Date & Time', ' DUT Mode', ' Probe of Humidity(%)', 'Probe of Temperature(째C)', ' Dry contact value', ' Reference Voltage(V)', 'Current[A]', 'Current[A] Status', ' CAN_status', 'CID_Display_Temp_Status', ' CDD_Display_Temp_Status', 'CID ON/OFF', ' CDD ON/OFF', ' CID_BackLight ', ' CDD_BackLight', ' CID_X_Coordinates', ' CID_Y_Coordinates', ' CDD_X_Coordinates', ' CDD_Y_Coordinates', ' Light_Sensor_On', ' Light_Sensor_Off', ' Temp_1', 'Temp_2', ' Watchdog_reset', ' Hardware_reset', ' Power_reset', ' Clock_reset', ' DTC Stored']
2025-06-26 17:04:41,898 - InteractiveChartGenerator - INFO - Numeric columns: [' DUT Mode', ' Probe of Humidity(%)', ' Dry contact value', ' Reference Voltage(V)', 'Current[A] Status', ' CDD_Display_Temp_Status', 'CID ON/OFF', ' CDD ON/OFF', ' CID_BackLight ', ' CDD_BackLight', ' CID_X_Coordinates', ' CID_Y_Coordinates', ' CDD_X_Coordinates', ' CDD_Y_Coordinates', ' Light_Sensor_On', 'Temp_2', ' Watchdog_reset', ' Hardware_reset', ' Power_reset', ' Clock_reset', ' DTC Stored']
2025-06-26 17:04:41,898 - InteractiveChartGenerator - INFO - Chartable columns: ['No:', ' DUT Mode', ' Probe of Humidity(%)', ' Dry contact value', ' Reference Voltage(V)', 'Current[A] Status', ' CDD_Display_Temp_Status', 'CID ON/OFF', ' CDD ON/OFF', ' CID_BackLight ', ' CDD_BackLight', ' CID_X_Coordinates', ' CID_Y_Coordinates', ' CDD_X_Coordinates', ' CDD_Y_Coordinates', ' Light_Sensor_On', ' Light_Sensor_Off', ' Temp_1', 'Temp_2', ' Watchdog_reset', ' Hardware_reset', ' Power_reset', ' Clock_reset', ' DTC Stored']
2025-06-26 17:04:41,900 - InteractiveChartGenerator - INFO - Status: Loaded: test.csv
2025-06-26 17:04:41,902 - InteractiveChartGenerator - INFO - Converted column 'No:' to datetime for charting
2025-06-26 17:04:41,903 - InteractiveChartGenerator - INFO - Converted column 'No:' to datetime for charting
2025-06-26 17:04:42,237 - InteractiveChartGenerator - INFO - Created interactive line chart with 1 series
2025-06-26 17:04:42,238 - InteractiveChartGenerator - INFO - Status: Chart updated
2025-06-26 17:04:42,238 - InteractiveChartGenerator - INFO - Chart preview updated: 1 series, line type
2025-06-26 17:04:42,238 - InteractiveChartGenerator - INFO - File loaded successfully: test.csv
2025-06-26 17:04:48,331 - InteractiveChartGenerator - INFO - Converted column 'No:' to datetime for charting
2025-06-26 17:04:48,332 - InteractiveChartGenerator - INFO - Converted column 'No:' to datetime for charting
2025-06-26 17:04:48,433 - InteractiveChartGenerator - INFO - Created interactive line chart with 1 series
2025-06-26 17:04:48,433 - InteractiveChartGenerator - INFO - Status: Chart updated
2025-06-26 17:04:48,433 - InteractiveChartGenerator - INFO - Chart preview updated: 1 series, line type
2025-06-26 17:04:50,189 - InteractiveChartGenerator - INFO - Cleaning up application resources
2025-06-26 17:04:50,190 - InteractiveChartGenerator - WARNING - Error during cleanup: can't invoke "destroy" command: application has been destroyed
