2025-06-26 16:34:14,424 - InteractiveChartGenerator - INFO - Logging initialized. Log file: c:\Users\GILIEV\Documents\GitHub\Python-Projects\Chart generator\ChartGenerator_Interactive\logs\chart_generator_20250626_163414.log
2025-06-26 16:34:14,425 - InteractiveChartGenerator - INFO - Starting Interactive Chart Generator v2.0
2025-06-26 16:34:15,071 - InteractiveChartGenerator - INFO - Initializing application controller
2025-06-26 16:34:19,813 - InteractiveChartGenerator - INFO - Applied responsive styling for 1920px width screen
2025-06-26 16:34:19,814 - InteractiveChartGenerator - INFO - Interactive Chart Application initialized
2025-06-26 16:34:19,859 - InteractiveChartGenerator - INFO - Screen size: 1920x1080
2025-06-26 16:34:19,859 - InteractiveChartGenerator - INFO - Window size: 1632x864
2025-06-26 16:34:19,859 - InteractiveChartGenerator - INFO - Minimum size: 1152x700
2025-06-26 16:34:19,860 - InteractiveChartGenerator - INFO - Platform: Windows 11
2025-06-26 16:34:19,860 - InteractiveChartGenerator - INFO - Application started successfully
2025-06-26 16:34:33,630 - InteractiveChartGenerator - INFO - Detected delimiter: ','
2025-06-26 16:34:33,630 - InteractiveChartGenerator - INFO - Loading CSV file with smart header detection: C:/Users/GILIEV/Documents/GitHub/Python-Projects/DUT1_SN_VLIMS_SS 1#21_test.csv
2025-06-26 16:34:33,632 - InteractiveChartGenerator - INFO - Found non-empty cell in column E at row 24
2025-06-26 16:34:33,632 - InteractiveChartGenerator - INFO - Detected header row at index 24 (line 25)
2025-06-26 16:34:33,636 - InteractiveChartGenerator - WARNING - Encoding utf-8 failed: 'utf-8' codec can't decode byte 0xb0 in position 21: invalid start byte
2025-06-26 16:34:33,652 - InteractiveChartGenerator - WARNING - Encoding utf-16 failed: 'utf-16' codec can't decode bytes in position 0-1: Stream does not start with BOM
2025-06-26 16:39:02,845 - InteractiveChartGenerator - INFO - Detected delimiter: ','
2025-06-26 16:39:02,846 - InteractiveChartGenerator - INFO - Loading CSV file with smart header detection: c:\Users\GILIEV\Documents\GitHub\Python-Projects\Chart generator\ChartGenerator_Interactive\..\DUT Logs\DUT1 - Copy.csv
2025-06-26 16:39:02,848 - InteractiveChartGenerator - INFO - Found non-empty cell in column E at row 2
2025-06-26 16:39:02,848 - InteractiveChartGenerator - INFO - Detected header row at index 2 (line 3)
2025-06-26 16:39:02,856 - InteractiveChartGenerator - INFO - Numeric columns: ['No:', ' Humidity ', ' Temperature ', ' Voltage ', ' Voltage_PCB', ' Current ', ' Dimming ', ' LightON ', ' LightOFF ', ' Y_Touch ', ' X_Touch ', ' Left Temp ', ' Right Temp ', ' Temp PCB ', ' Current Max ']
2025-06-26 16:39:02,856 - InteractiveChartGenerator - INFO - Text columns: ['Date & Time ', ' DUT Mode ', ' Mode Max ', 'Unnamed: 18']
2025-06-26 16:39:02,857 - InteractiveChartGenerator - INFO - Successfully loaded 1233 rows and 19 columns
2025-06-26 16:39:02,857 - InteractiveChartGenerator - INFO - Headers: ['No:', 'Date & Time ', ' DUT Mode ', ' Humidity ', ' Temperature ', ' Voltage ', ' Voltage_PCB', ' Current ', ' Dimming ', ' LightON ', ' LightOFF ', ' Y_Touch ', ' X_Touch ', ' Left Temp ', ' Right Temp ', ' Temp PCB ', ' Mode Max ', ' Current Max ', 'Unnamed: 18']
2025-06-26 16:39:02,857 - InteractiveChartGenerator - INFO - Data types: {'No:': dtype('int64'), 'Date & Time ': dtype('O'), ' DUT Mode ': dtype('O'), ' Humidity ': dtype('float64'), ' Temperature ': dtype('float64'), ' Voltage ': dtype('float64'), ' Voltage_PCB': dtype('float64'), ' Current ': dtype('float64'), ' Dimming ': dtype('int64'), ' LightON ': dtype('int64'), ' LightOFF ': dtype('int64'), ' Y_Touch ': dtype('int64'), ' X_Touch ': dtype('int64'), ' Left Temp ': dtype('float64'), ' Right Temp ': dtype('float64'), ' Temp PCB ': dtype('float64'), ' Mode Max ': dtype('O'), ' Current Max ': dtype('float64'), 'Unnamed: 18': dtype('O')}
2025-06-26 16:39:02,871 - InteractiveChartGenerator - INFO - All columns: ['No:', 'Date & Time ', ' DUT Mode ', ' Humidity ', ' Temperature ', ' Voltage ', ' Voltage_PCB', ' Current ', ' Dimming ', ' LightON ', ' LightOFF ', ' Y_Touch ', ' X_Touch ', ' Left Temp ', ' Right Temp ', ' Temp PCB ', ' Mode Max ', ' Current Max ', 'Unnamed: 18']
2025-06-26 16:39:02,872 - InteractiveChartGenerator - INFO - Numeric columns: ['No:', ' Humidity ', ' Temperature ', ' Voltage ', ' Voltage_PCB', ' Current ', ' Dimming ', ' LightON ', ' LightOFF ', ' Y_Touch ', ' X_Touch ', ' Left Temp ', ' Right Temp ', ' Temp PCB ', ' Current Max ']
2025-06-26 16:39:02,872 - InteractiveChartGenerator - INFO - Chartable columns: ['No:', 'Date & Time ', ' Humidity ', ' Temperature ', ' Voltage ', ' Voltage_PCB', ' Current ', ' Dimming ', ' LightON ', ' LightOFF ', ' Y_Touch ', ' X_Touch ', ' Left Temp ', ' Right Temp ', ' Temp PCB ', ' Current Max ']
2025-06-26 16:39:02,874 - InteractiveChartGenerator - INFO - Status: Loaded: DUT1 - Copy.csv
2025-06-26 16:39:02,995 - InteractiveChartGenerator - INFO - Created interactive line chart with 1 series
2025-06-26 16:39:02,995 - InteractiveChartGenerator - INFO - Status: Chart updated
2025-06-26 16:39:02,995 - InteractiveChartGenerator - INFO - Chart preview updated: 1 series, line type
2025-06-26 16:39:02,995 - InteractiveChartGenerator - INFO - File loaded successfully: DUT1 - Copy.csv
2025-06-26 16:39:12,635 - InteractiveChartGenerator - INFO - Created interactive line chart with 1 series
2025-06-26 16:39:12,636 - InteractiveChartGenerator - INFO - Status: Chart updated
2025-06-26 16:39:12,636 - InteractiveChartGenerator - INFO - Chart preview updated: 1 series, line type
2025-06-26 16:39:22,780 - InteractiveChartGenerator - INFO - Detected delimiter: ','
2025-06-26 16:39:22,780 - InteractiveChartGenerator - INFO - Loading CSV file with smart header detection: C:/Users/GILIEV/Documents/GitHub/Python-Projects/DUT5_SN_VLIMS_SS 1#9.csv
2025-06-26 16:39:22,781 - InteractiveChartGenerator - INFO - Found non-empty cell in column E at row 24
2025-06-26 16:39:22,782 - InteractiveChartGenerator - INFO - Detected header row at index 24 (line 25)
2025-06-26 16:39:22,796 - InteractiveChartGenerator - INFO - Numeric columns: ['No:', ' Probe of Humidity(%)', 'Probe of Temperature(°C)', ' Reference Voltage(V)', 'Current[A]', ' CAN_status', 'CID ON/OFF', ' CDD ON/OFF', ' CID_BackLight ', ' CDD_BackLight', ' CID_X_Coordinates', ' CID_Y_Coordinates', ' CDD_X_Coordinates', ' CDD_Y_Coordinates', ' Light_Sensor_On', ' Light_Sensor_Off', ' Watchdog_reset', ' Hardware_reset', ' Power_reset', ' Clock_reset', ' DTC Stored']
2025-06-26 16:39:22,796 - InteractiveChartGenerator - INFO - Text columns: [' Date & Time', ' DUT Mode', ' Dry contact value', 'Current[A] Status', 'CID_Display_Temp_Status', ' CDD_Display_Temp_Status']
2025-06-26 16:39:22,796 - InteractiveChartGenerator - INFO - Successfully loaded 2411 rows and 29 columns
2025-06-26 16:39:22,796 - InteractiveChartGenerator - INFO - Headers: ['No:', ' Date & Time', ' DUT Mode', ' Probe of Humidity(%)', 'Probe of Temperature(°C)', ' Dry contact value', ' Reference Voltage(V)', 'Current[A]', 'Current[A] Status', ' CAN_status', 'CID_Display_Temp_Status', ' CDD_Display_Temp_Status', 'CID ON/OFF', ' CDD ON/OFF', ' CID_BackLight ', ' CDD_BackLight', ' CID_X_Coordinates', ' CID_Y_Coordinates', ' CDD_X_Coordinates', ' CDD_Y_Coordinates', ' Light_Sensor_On', ' Light_Sensor_Off', ' Temp_1', 'Temp_2', ' Watchdog_reset', ' Hardware_reset', ' Power_reset', ' Clock_reset', ' DTC Stored']
2025-06-26 16:39:22,797 - InteractiveChartGenerator - INFO - Data types: {'No:': dtype('int64'), ' Date & Time': dtype('O'), ' DUT Mode': dtype('O'), ' Probe of Humidity(%)': dtype('float64'), 'Probe of Temperature(°C)': dtype('float64'), ' Dry contact value': dtype('O'), ' Reference Voltage(V)': dtype('float64'), 'Current[A]': dtype('float64'), 'Current[A] Status': dtype('O'), ' CAN_status': dtype('int64'), 'CID_Display_Temp_Status': dtype('O'), ' CDD_Display_Temp_Status': dtype('O'), 'CID ON/OFF': dtype('int64'), ' CDD ON/OFF': dtype('int64'), ' CID_BackLight ': dtype('int64'), ' CDD_BackLight': dtype('int64'), ' CID_X_Coordinates': dtype('int64'), ' CID_Y_Coordinates': dtype('int64'), ' CDD_X_Coordinates': dtype('int64'), ' CDD_Y_Coordinates': dtype('int64'), ' Light_Sensor_On': dtype('int64'), ' Light_Sensor_Off': dtype('int64'), ' Temp_1': dtype('bool'), 'Temp_2': dtype('bool'), ' Watchdog_reset': dtype('int64'), ' Hardware_reset': dtype('int64'), ' Power_reset': dtype('int64'), ' Clock_reset': dtype('int64'), ' DTC Stored': dtype('int64')}
2025-06-26 16:39:22,817 - InteractiveChartGenerator - INFO - All columns: ['No:', ' Date & Time', ' DUT Mode', ' Probe of Humidity(%)', 'Probe of Temperature(°C)', ' Dry contact value', ' Reference Voltage(V)', 'Current[A]', 'Current[A] Status', ' CAN_status', 'CID_Display_Temp_Status', ' CDD_Display_Temp_Status', 'CID ON/OFF', ' CDD ON/OFF', ' CID_BackLight ', ' CDD_BackLight', ' CID_X_Coordinates', ' CID_Y_Coordinates', ' CDD_X_Coordinates', ' CDD_Y_Coordinates', ' Light_Sensor_On', ' Light_Sensor_Off', ' Temp_1', 'Temp_2', ' Watchdog_reset', ' Hardware_reset', ' Power_reset', ' Clock_reset', ' DTC Stored']
2025-06-26 16:39:22,817 - InteractiveChartGenerator - INFO - Numeric columns: ['No:', ' Probe of Humidity(%)', 'Probe of Temperature(°C)', ' Reference Voltage(V)', 'Current[A]', ' CAN_status', 'CID ON/OFF', ' CDD ON/OFF', ' CID_BackLight ', ' CDD_BackLight', ' CID_X_Coordinates', ' CID_Y_Coordinates', ' CDD_X_Coordinates', ' CDD_Y_Coordinates', ' Light_Sensor_On', ' Light_Sensor_Off', ' Watchdog_reset', ' Hardware_reset', ' Power_reset', ' Clock_reset', ' DTC Stored']
2025-06-26 16:39:22,818 - InteractiveChartGenerator - INFO - Chartable columns: ['No:', ' Date & Time', ' Probe of Humidity(%)', 'Probe of Temperature(°C)', ' Reference Voltage(V)', 'Current[A]', ' CAN_status', 'CID ON/OFF', ' CDD ON/OFF', ' CID_BackLight ', ' CDD_BackLight', ' CID_X_Coordinates', ' CID_Y_Coordinates', ' CDD_X_Coordinates', ' CDD_Y_Coordinates', ' Light_Sensor_On', ' Light_Sensor_Off', ' Temp_1', 'Temp_2', ' Watchdog_reset', ' Hardware_reset', ' Power_reset', ' Clock_reset', ' DTC Stored']
2025-06-26 16:39:22,820 - InteractiveChartGenerator - INFO - Status: Loaded: DUT5_SN_VLIMS_SS 1#9.csv
2025-06-26 16:39:22,897 - InteractiveChartGenerator - INFO - Created interactive line chart with 1 series
2025-06-26 16:39:22,898 - InteractiveChartGenerator - INFO - Status: Chart updated
2025-06-26 16:39:22,898 - InteractiveChartGenerator - INFO - Chart preview updated: 1 series, line type
2025-06-26 16:39:22,898 - InteractiveChartGenerator - INFO - File loaded successfully: DUT5_SN_VLIMS_SS 1#9.csv
2025-06-26 16:39:23,062 - InteractiveChartGenerator - INFO - Created interactive line chart with 1 series
2025-06-26 16:39:23,062 - InteractiveChartGenerator - INFO - Status: Chart updated
2025-06-26 16:39:23,062 - InteractiveChartGenerator - INFO - Chart preview updated: 1 series, line type
