2025-06-25 13:11:51,025 - InteractiveChartGenerator - INFO - Logging initialized. Log file: c:\Users\GILIEV\Documents\GitHub\Python-Projects\Chart generator\ChartGenerator_Interactive\logs\chart_generator_20250625_131151.log
2025-06-25 13:11:51,026 - InteractiveChartGenerator - INFO - Starting Interactive Chart Generator v2.0
2025-06-25 13:11:51,181 - InteractiveChartGenerator - INFO - Initializing application controller
2025-06-25 13:11:55,833 - InteractiveChartGenerator - INFO - Applied responsive styling for 1536px width screen
2025-06-25 13:11:55,833 - InteractiveChartGenerator - INFO - Interactive Chart Application initialized
2025-06-25 13:11:55,882 - InteractiveChartGenerator - INFO - Screen size: 1536x864
2025-06-25 13:11:55,882 - InteractiveChartGenerator - INFO - Window size: 1305x691
2025-06-25 13:11:55,882 - InteractiveChartGenerator - INFO - Minimum size: 1000x700
2025-06-25 13:11:56,326 - InteractiveChartGenerator - INFO - Platform: Windows 11
2025-06-25 13:11:56,326 - InteractiveChartGenerator - INFO - Application started successfully
2025-06-25 13:11:57,960 - InteractiveChartGenerator - INFO - Loading CSV file with smart header detection: c:\Users\GILIEV\Documents\GitHub\Python-Projects\Chart generator\ChartGenerator_Interactive\data\sample_environmental_data.csv
2025-06-25 13:11:57,963 - InteractiveChartGenerator - WARNING - No non-empty cell found in column E
2025-06-25 13:11:57,964 - InteractiveChartGenerator - WARNING - No header row detected, loading with default settings
2025-06-25 13:11:57,972 - InteractiveChartGenerator - INFO - Original columns: ['Time', 'Temperature', 'Humidity', 'Pressure']
2025-06-25 13:11:57,974 - InteractiveChartGenerator - INFO - Cleaned columns: ['Time', 'Temperature', 'Humidity', 'Pressure']
2025-06-25 13:11:57,975 - InteractiveChartGenerator - INFO - Numeric columns: ['Time', 'Temperature', 'Humidity', 'Pressure']
2025-06-25 13:11:57,975 - InteractiveChartGenerator - INFO - Successfully loaded 21 rows and 4 columns
2025-06-25 13:11:57,975 - InteractiveChartGenerator - INFO - Final headers: ['Time', 'Temperature', 'Humidity', 'Pressure']
2025-06-25 13:11:57,975 - InteractiveChartGenerator - INFO - Data types: {'Time': dtype('int64'), 'Temperature': dtype('float64'), 'Humidity': dtype('float64'), 'Pressure': dtype('float64')}
2025-06-25 13:11:57,975 - InteractiveChartGenerator - INFO - Sample data (first 3 rows):
2025-06-25 13:11:57,976 - InteractiveChartGenerator - INFO -   Row 0: {'Time': np.float64(0.0), 'Temperature': np.float64(23.5), 'Humidity': np.float64(45.2), 'Pressure': np.float64(1013.2)}
2025-06-25 13:11:57,976 - InteractiveChartGenerator - INFO -   Row 1: {'Time': np.float64(1.0), 'Temperature': np.float64(24.1), 'Humidity': np.float64(44.8), 'Pressure': np.float64(1013.0)}
2025-06-25 13:11:57,976 - InteractiveChartGenerator - INFO -   Row 2: {'Time': np.float64(2.0), 'Temperature': np.float64(24.7), 'Humidity': np.float64(44.5), 'Pressure': np.float64(1012.8)}
2025-06-25 13:11:57,979 - InteractiveChartGenerator - INFO - All columns: ['Time', 'Temperature', 'Humidity', 'Pressure']
2025-06-25 13:11:57,979 - InteractiveChartGenerator - INFO - Numeric columns: ['Time', 'Temperature', 'Humidity', 'Pressure']
2025-06-25 13:11:57,979 - InteractiveChartGenerator - INFO - Chartable columns: ['Time', 'Temperature', 'Humidity', 'Pressure']
2025-06-25 13:11:57,980 - InteractiveChartGenerator - INFO - Status: Loaded: sample_environmental_data.csv
2025-06-25 13:11:58,292 - InteractiveChartGenerator - INFO - Created interactive line chart with 1 series
2025-06-25 13:11:58,292 - InteractiveChartGenerator - INFO - Status: Chart updated
2025-06-25 13:11:58,292 - InteractiveChartGenerator - INFO - Chart preview updated: 1 series, line type
2025-06-25 13:11:58,293 - InteractiveChartGenerator - INFO - File loaded successfully: sample_environmental_data.csv
2025-06-25 13:12:29,934 - InteractiveChartGenerator - INFO - Created interactive line chart with 1 series
2025-06-25 13:12:29,934 - InteractiveChartGenerator - INFO - Status: Chart updated
2025-06-25 13:12:29,935 - InteractiveChartGenerator - INFO - Chart preview updated: 1 series, line type
2025-06-25 13:12:29,935 - InteractiveChartGenerator - INFO - Data filtered - showing 21 rows
2025-06-25 13:12:29,935 - InteractiveChartGenerator - INFO - Applied filters - showing 21 of 21 rows
2025-06-25 13:12:30,526 - InteractiveChartGenerator - INFO - Created interactive line chart with 1 series
2025-06-25 13:12:30,526 - InteractiveChartGenerator - INFO - Status: Chart updated
2025-06-25 13:12:30,527 - InteractiveChartGenerator - INFO - Chart preview updated: 1 series, line type
2025-06-25 13:12:33,093 - InteractiveChartGenerator - INFO - Loading CSV file with smart header detection: c:\Users\GILIEV\Documents\GitHub\Python-Projects\Chart generator\ChartGenerator_Interactive\..\DUT Logs\DUT1 - Copy.csv
2025-06-25 13:12:33,120 - InteractiveChartGenerator - INFO - Found non-empty cell in column E at row 2
2025-06-25 13:12:33,120 - InteractiveChartGenerator - INFO - Detected header row at index 2 (line 3)
2025-06-25 13:12:33,126 - InteractiveChartGenerator - INFO - Original columns: ['No:', 'Date & Time ', ' DUT Mode ', ' Humidity ', ' Temperature ', ' Voltage ', ' Voltage_PCB', ' Current ', ' Dimming ', ' LightON ', ' LightOFF ', ' Y_Touch ', ' X_Touch ', ' Left Temp ', ' Right Temp ', ' Temp PCB ', ' Mode Max ', ' Current Max ', 'Unnamed: 18']
2025-06-25 13:12:33,128 - InteractiveChartGenerator - INFO - Marking column 'Unnamed: 18' for removal (unwanted column)
2025-06-25 13:12:33,128 - InteractiveChartGenerator - INFO - Removing 1 unwanted columns: ['Unnamed: 18']
2025-06-25 13:12:33,129 - InteractiveChartGenerator - INFO - Cleaned columns: ['No:', 'Date & Time ', ' DUT Mode ', ' Humidity ', ' Temperature ', ' Voltage ', ' Voltage_PCB', ' Current ', ' Dimming ', ' LightON ', ' LightOFF ', ' Y_Touch ', ' X_Touch ', ' Left Temp ', ' Right Temp ', ' Temp PCB ', ' Mode Max ', ' Current Max ']
2025-06-25 13:12:33,133 - InteractiveChartGenerator - INFO - Numeric columns: ['No:', ' Humidity ', ' Temperature ', ' Voltage ', ' Voltage_PCB', ' Current ', ' Dimming ', ' LightON ', ' LightOFF ', ' Y_Touch ', ' X_Touch ', ' Left Temp ', ' Right Temp ', ' Temp PCB ', ' Current Max ']
2025-06-25 13:12:33,133 - InteractiveChartGenerator - INFO - Text columns: ['Date & Time ', ' DUT Mode ', ' Mode Max ']
2025-06-25 13:12:33,133 - InteractiveChartGenerator - INFO - Successfully loaded 1233 rows and 18 columns
2025-06-25 13:12:33,134 - InteractiveChartGenerator - INFO - Final headers: ['No:', 'Date & Time ', ' DUT Mode ', ' Humidity ', ' Temperature ', ' Voltage ', ' Voltage_PCB', ' Current ', ' Dimming ', ' LightON ', ' LightOFF ', ' Y_Touch ', ' X_Touch ', ' Left Temp ', ' Right Temp ', ' Temp PCB ', ' Mode Max ', ' Current Max ']
2025-06-25 13:12:33,134 - InteractiveChartGenerator - INFO - Data types: {'No:': dtype('int64'), 'Date & Time ': dtype('O'), ' DUT Mode ': dtype('O'), ' Humidity ': dtype('float64'), ' Temperature ': dtype('float64'), ' Voltage ': dtype('float64'), ' Voltage_PCB': dtype('float64'), ' Current ': dtype('float64'), ' Dimming ': dtype('int64'), ' LightON ': dtype('int64'), ' LightOFF ': dtype('int64'), ' Y_Touch ': dtype('int64'), ' X_Touch ': dtype('int64'), ' Left Temp ': dtype('float64'), ' Right Temp ': dtype('float64'), ' Temp PCB ': dtype('float64'), ' Mode Max ': dtype('O'), ' Current Max ': dtype('float64')}
2025-06-25 13:12:33,134 - InteractiveChartGenerator - INFO - Sample data (first 3 rows):
2025-06-25 13:12:33,135 - InteractiveChartGenerator - INFO -   Row 0: {'No:': 1, 'Date & Time ': '10/16/2023 15:15', ' DUT Mode ': 'Sleep', ' Humidity ': 22.4, ' Temperature ': 22.7, ' Voltage ': 13.5, ' Voltage_PCB': nan, ' Current ': 7.69e-05, ' Dimming ': 0, ' LightON ': 0, ' LightOFF ': 0, ' Y_Touch ': 0, ' X_Touch ': 0, ' Left Temp ': 0.0, ' Right Temp ': 0.0, ' Temp PCB ': 0.0, ' Mode Max ': 'OFF ', ' Current Max ': 0.0}
2025-06-25 13:12:33,135 - InteractiveChartGenerator - INFO -   Row 1: {'No:': 2, 'Date & Time ': '10/16/2023 15:16', ' DUT Mode ': 'Sleep', ' Humidity ': 21.7, ' Temperature ': 22.7, ' Voltage ': 13.5, ' Voltage_PCB': nan, ' Current ': 7.59e-05, ' Dimming ': 0, ' LightON ': 0, ' LightOFF ': 0, ' Y_Touch ': 0, ' X_Touch ': 0, ' Left Temp ': 0.0, ' Right Temp ': 0.0, ' Temp PCB ': 0.0, ' Mode Max ': 'OFF ', ' Current Max ': 0.0}
2025-06-25 13:12:33,135 - InteractiveChartGenerator - INFO -   Row 2: {'No:': 3, 'Date & Time ': '10/16/2023 15:16', ' DUT Mode ': 'Sleep', ' Humidity ': 21.2, ' Temperature ': 22.7, ' Voltage ': 13.5, ' Voltage_PCB': nan, ' Current ': 7.55e-05, ' Dimming ': 0, ' LightON ': 0, ' LightOFF ': 0, ' Y_Touch ': 0, ' X_Touch ': 0, ' Left Temp ': 0.0, ' Right Temp ': 0.0, ' Temp PCB ': 0.0, ' Mode Max ': 'OFF ', ' Current Max ': 0.0}
2025-06-25 13:12:33,147 - InteractiveChartGenerator - INFO - All columns: ['No:', 'Date & Time ', ' DUT Mode ', ' Humidity ', ' Temperature ', ' Voltage ', ' Voltage_PCB', ' Current ', ' Dimming ', ' LightON ', ' LightOFF ', ' Y_Touch ', ' X_Touch ', ' Left Temp ', ' Right Temp ', ' Temp PCB ', ' Mode Max ', ' Current Max ']
2025-06-25 13:12:33,148 - InteractiveChartGenerator - INFO - Numeric columns: ['No:', ' Humidity ', ' Temperature ', ' Voltage ', ' Voltage_PCB', ' Current ', ' Dimming ', ' LightON ', ' LightOFF ', ' Y_Touch ', ' X_Touch ', ' Left Temp ', ' Right Temp ', ' Temp PCB ', ' Current Max ']
2025-06-25 13:12:33,148 - InteractiveChartGenerator - INFO - Chartable columns: ['No:', 'Date & Time ', ' Humidity ', ' Temperature ', ' Voltage ', ' Voltage_PCB', ' Current ', ' Dimming ', ' LightON ', ' LightOFF ', ' Y_Touch ', ' X_Touch ', ' Left Temp ', ' Right Temp ', ' Temp PCB ', ' Current Max ']
2025-06-25 13:12:33,149 - InteractiveChartGenerator - INFO - Status: Loaded: DUT1 - Copy.csv
2025-06-25 13:12:33,245 - InteractiveChartGenerator - INFO - Created interactive line chart with 1 series
2025-06-25 13:12:33,245 - InteractiveChartGenerator - INFO - Status: Chart updated
2025-06-25 13:12:33,246 - InteractiveChartGenerator - INFO - Chart preview updated: 1 series, line type
2025-06-25 13:12:33,246 - InteractiveChartGenerator - INFO - File loaded successfully: DUT1 - Copy.csv
2025-06-25 13:12:35,326 - InteractiveChartGenerator - INFO - Converted column 'Date & Time ' to datetime for charting
2025-06-25 13:12:35,419 - InteractiveChartGenerator - INFO - Created interactive line chart with 1 series
2025-06-25 13:12:35,419 - InteractiveChartGenerator - INFO - Status: Chart updated
2025-06-25 13:12:35,420 - InteractiveChartGenerator - INFO - Chart preview updated: 1 series, line type
2025-06-25 13:12:41,963 - InteractiveChartGenerator - INFO - Converted column 'Date & Time ' to datetime for charting
2025-06-25 13:12:41,967 - InteractiveChartGenerator - INFO - Converted column 'Date & Time ' to datetime for charting
2025-06-25 13:12:42,064 - InteractiveChartGenerator - INFO - Created interactive line chart with 1 series
2025-06-25 13:12:42,065 - InteractiveChartGenerator - INFO - Status: Chart updated
2025-06-25 13:12:42,065 - InteractiveChartGenerator - INFO - Chart preview updated: 1 series, line type
2025-06-25 13:12:44,577 - InteractiveChartGenerator - INFO - Converted column 'Date & Time ' to datetime for charting
2025-06-25 13:12:44,580 - InteractiveChartGenerator - INFO - Converted column ' DUT Mode ' to categorical codes for charting
2025-06-25 13:12:44,667 - InteractiveChartGenerator - INFO - Created interactive line chart with 1 series
2025-06-25 13:12:44,668 - InteractiveChartGenerator - INFO - Status: Chart updated
2025-06-25 13:12:44,668 - InteractiveChartGenerator - INFO - Chart preview updated: 1 series, line type
2025-06-25 13:12:47,337 - InteractiveChartGenerator - INFO - Converted column 'Date & Time ' to datetime for charting
2025-06-25 13:12:47,339 - InteractiveChartGenerator - INFO - Converted column ' DUT Mode ' to categorical codes for charting
2025-06-25 13:12:47,434 - InteractiveChartGenerator - INFO - Created interactive line chart with 2 series
2025-06-25 13:12:47,434 - InteractiveChartGenerator - INFO - Status: Chart updated
2025-06-25 13:12:47,434 - InteractiveChartGenerator - INFO - Chart preview updated: 2 series, line type
2025-06-25 13:12:49,003 - InteractiveChartGenerator - INFO - Converted column 'Date & Time ' to datetime for charting
2025-06-25 13:12:49,005 - InteractiveChartGenerator - INFO - Converted column ' DUT Mode ' to categorical codes for charting
2025-06-25 13:12:49,098 - InteractiveChartGenerator - INFO - Created interactive line chart with 3 series
2025-06-25 13:12:49,099 - InteractiveChartGenerator - INFO - Status: Chart updated
2025-06-25 13:12:49,099 - InteractiveChartGenerator - INFO - Chart preview updated: 3 series, line type
2025-06-25 13:13:03,685 - InteractiveChartGenerator - INFO - Converted column 'Date & Time ' to datetime for charting
2025-06-25 13:13:03,687 - InteractiveChartGenerator - INFO - Converted column ' DUT Mode ' to categorical codes for charting
2025-06-25 13:13:03,786 - InteractiveChartGenerator - INFO - Created interactive line chart with 3 series
2025-06-25 13:13:03,786 - InteractiveChartGenerator - INFO - Status: Chart updated
2025-06-25 13:13:03,786 - InteractiveChartGenerator - INFO - Chart preview updated: 3 series, line type
2025-06-25 13:13:09,784 - InteractiveChartGenerator - INFO - Created interactive line chart with 1 series
2025-06-25 13:13:09,785 - InteractiveChartGenerator - INFO - Status: Chart updated
2025-06-25 13:13:09,785 - InteractiveChartGenerator - INFO - Chart preview updated: 1 series, line type
2025-06-25 13:13:09,785 - InteractiveChartGenerator - INFO - Data filtered - showing 1233 rows
2025-06-25 13:13:09,785 - InteractiveChartGenerator - INFO - Applied filters - showing 1233 of 1233 rows
2025-06-25 13:13:10,377 - InteractiveChartGenerator - INFO - Created interactive line chart with 1 series
2025-06-25 13:13:10,378 - InteractiveChartGenerator - INFO - Status: Chart updated
2025-06-25 13:13:10,378 - InteractiveChartGenerator - INFO - Chart preview updated: 1 series, line type
2025-06-25 13:13:15,068 - InteractiveChartGenerator - INFO - Created interactive line chart with 1 series
2025-06-25 13:13:15,069 - InteractiveChartGenerator - INFO - Status: Chart updated
2025-06-25 13:13:15,069 - InteractiveChartGenerator - INFO - Chart preview updated: 1 series, line type
2025-06-25 13:13:20,965 - InteractiveChartGenerator - INFO - Loading CSV file with smart header detection: C:/Users/GILIEV/Downloads/Logs_BR223_Downloaded_02.06.2025/Logs_BR223_Downloaded_02.06.2025/K-16/K-16/3_PTL/30-04-2025_10.25.11/DUT2_SN_VLIMS_SS 1#23.csv
2025-06-25 13:13:20,978 - InteractiveChartGenerator - INFO - Found non-empty cell in column E at row 24
2025-06-25 13:13:20,978 - InteractiveChartGenerator - INFO - Detected header row at index 24 (line 25)
2025-06-25 13:13:20,980 - InteractiveChartGenerator - WARNING - UTF-8 encoding failed, trying latin1
2025-06-25 13:13:20,992 - InteractiveChartGenerator - INFO - Original columns: ['No:', ' Date & Time', ' DUT Mode', ' Probe of Humidity(%)', 'Probe of Temperature(°C)', ' Dry contact value', ' Reference Voltage(V)', 'Current[A]', 'Current[A] Status', ' CAN_status', 'CID_Display_Temp_Status', ' CDD_Display_Temp_Status', 'CID ON/OFF', ' CDD ON/OFF', ' CID_BackLight ', ' CDD_BackLight', ' CID_X_Coordinates', ' CID_Y_Coordinates', ' CDD_X_Coordinates', ' CDD_Y_Coordinates', ' Light_Sensor_On', ' Light_Sensor_Off', ' Temp_1', 'Temp_2', ' Watchdog_reset', ' Hardware_reset', ' Power_reset', ' Clock_reset', ' DTC Stored']
2025-06-25 13:13:20,995 - InteractiveChartGenerator - INFO - Marking column ' DTC Stored' for removal (empty column)
2025-06-25 13:13:20,996 - InteractiveChartGenerator - INFO - Removing 1 unwanted columns: [' DTC Stored']
2025-06-25 13:13:20,997 - InteractiveChartGenerator - INFO - Cleaned columns: ['No:', ' Date & Time', ' DUT Mode', ' Probe of Humidity(%)', 'Probe of Temperature(°C)', ' Dry contact value', ' Reference Voltage(V)', 'Current[A]', 'Current[A] Status', ' CAN_status', 'CID_Display_Temp_Status', ' CDD_Display_Temp_Status', 'CID ON/OFF', ' CDD ON/OFF', ' CID_BackLight ', ' CDD_BackLight', ' CID_X_Coordinates', ' CID_Y_Coordinates', ' CDD_X_Coordinates', ' CDD_Y_Coordinates', ' Light_Sensor_On', ' Light_Sensor_Off', ' Temp_1', 'Temp_2', ' Watchdog_reset', ' Hardware_reset', ' Power_reset', ' Clock_reset']
2025-06-25 13:13:21,001 - InteractiveChartGenerator - INFO - Numeric columns: [' DUT Mode', ' Probe of Humidity(%)', ' Dry contact value', ' Reference Voltage(V)', 'Current[A] Status', ' CDD_Display_Temp_Status', 'CID ON/OFF', ' CDD ON/OFF', ' CID_BackLight ', ' CDD_BackLight', ' CID_X_Coordinates', ' CID_Y_Coordinates', ' CDD_X_Coordinates', ' CDD_Y_Coordinates', ' Light_Sensor_On', 'Temp_2', ' Watchdog_reset', ' Hardware_reset', ' Power_reset', ' Clock_reset']
2025-06-25 13:13:21,002 - InteractiveChartGenerator - INFO - Text columns: ['No:', ' Date & Time', 'Probe of Temperature(°C)', 'Current[A]', ' CAN_status', 'CID_Display_Temp_Status']
2025-06-25 13:13:21,002 - InteractiveChartGenerator - INFO - Successfully loaded 234 rows and 28 columns
2025-06-25 13:13:21,002 - InteractiveChartGenerator - INFO - Final headers: ['No:', ' Date & Time', ' DUT Mode', ' Probe of Humidity(%)', 'Probe of Temperature(°C)', ' Dry contact value', ' Reference Voltage(V)', 'Current[A]', 'Current[A] Status', ' CAN_status', 'CID_Display_Temp_Status', ' CDD_Display_Temp_Status', 'CID ON/OFF', ' CDD ON/OFF', ' CID_BackLight ', ' CDD_BackLight', ' CID_X_Coordinates', ' CID_Y_Coordinates', ' CDD_X_Coordinates', ' CDD_Y_Coordinates', ' Light_Sensor_On', ' Light_Sensor_Off', ' Temp_1', 'Temp_2', ' Watchdog_reset', ' Hardware_reset', ' Power_reset', ' Clock_reset']
2025-06-25 13:13:21,003 - InteractiveChartGenerator - INFO - Data types: {'No:': dtype('O'), ' Date & Time': dtype('O'), ' DUT Mode': dtype('float64'), ' Probe of Humidity(%)': dtype('float64'), 'Probe of Temperature(°C)': dtype('O'), ' Dry contact value': dtype('float64'), ' Reference Voltage(V)': dtype('float64'), 'Current[A]': dtype('O'), 'Current[A] Status': dtype('int64'), ' CAN_status': dtype('O'), 'CID_Display_Temp_Status': dtype('O'), ' CDD_Display_Temp_Status': dtype('int64'), 'CID ON/OFF': dtype('int64'), ' CDD ON/OFF': dtype('int64'), ' CID_BackLight ': dtype('int64'), ' CDD_BackLight': dtype('int64'), ' CID_X_Coordinates': dtype('int64'), ' CID_Y_Coordinates': dtype('int64'), ' CDD_X_Coordinates': dtype('int64'), ' CDD_Y_Coordinates': dtype('int64'), ' Light_Sensor_On': dtype('int64'), ' Light_Sensor_Off': dtype('bool'), ' Temp_1': dtype('bool'), 'Temp_2': dtype('int64'), ' Watchdog_reset': dtype('int64'), ' Hardware_reset': dtype('int64'), ' Power_reset': dtype('int64'), ' Clock_reset': dtype('int64')}
2025-06-25 13:13:21,003 - InteractiveChartGenerator - INFO - Sample data (first 3 rows):
2025-06-25 13:13:21,004 - InteractiveChartGenerator - INFO -   Row 1: {'No:': '30/04/2025  11:00:10', ' Date & Time': 'Wake Mode', ' DUT Mode': 999.9, ' Probe of Humidity(%)': 999.9, 'Probe of Temperature(°C)': '5/Operating Max Mode', ' Dry contact value': 13.5, ' Reference Voltage(V)': 2.883913, 'Current[A]': 'NOK', 'Current[A] Status': 0, ' CAN_status': 'NORM_OPTRN', 'CID_Display_Temp_Status': 'NORM_OPTRN', ' CDD_Display_Temp_Status': 1, 'CID ON/OFF': 1, ' CDD ON/OFF': 1, ' CID_BackLight ': 1, ' CDD_BackLight': 0, ' CID_X_Coordinates': 0, ' CID_Y_Coordinates': 0, ' CDD_X_Coordinates': 0, ' CDD_Y_Coordinates': 30, ' Light_Sensor_On': 30, ' Light_Sensor_Off': True, ' Temp_1': True, 'Temp_2': -1, ' Watchdog_reset': -1, ' Hardware_reset': -1, ' Power_reset': -1, ' Clock_reset': -1}
2025-06-25 13:13:21,004 - InteractiveChartGenerator - INFO -   Row 2: {'No:': '30/04/2025  11:06:06', ' Date & Time': 'Wake Mode', ' DUT Mode': 999.9, ' Probe of Humidity(%)': 999.9, 'Probe of Temperature(°C)': '3/Operating Max Mode', ' Dry contact value': 13.5, ' Reference Voltage(V)': 2.883307, 'Current[A]': 'NOK', 'Current[A] Status': 0, ' CAN_status': 'NORM_OPTRN', 'CID_Display_Temp_Status': 'NORM_OPTRN', ' CDD_Display_Temp_Status': 1, 'CID ON/OFF': 1, ' CDD ON/OFF': 1, ' CID_BackLight ': 1, ' CDD_BackLight': 0, ' CID_X_Coordinates': 0, ' CID_Y_Coordinates': 0, ' CDD_X_Coordinates': 0, ' CDD_Y_Coordinates': 30, ' Light_Sensor_On': 30, ' Light_Sensor_Off': True, ' Temp_1': True, 'Temp_2': -1, ' Watchdog_reset': -1, ' Hardware_reset': -1, ' Power_reset': -1, ' Clock_reset': -1}
2025-06-25 13:13:21,005 - InteractiveChartGenerator - INFO -   Row 3: {'No:': '30/04/2025  11:12:02', ' Date & Time': 'Wake Mode', ' DUT Mode': 999.9, ' Probe of Humidity(%)': 999.9, 'Probe of Temperature(°C)': '3/Operating Max Mode', ' Dry contact value': 8.0, ' Reference Voltage(V)': 5.055369, 'Current[A]': 'NOK', 'Current[A] Status': 0, ' CAN_status': 'NORM_OPTRN', 'CID_Display_Temp_Status': 'NORM_OPTRN', ' CDD_Display_Temp_Status': 1, 'CID ON/OFF': 1, ' CDD ON/OFF': 1, ' CID_BackLight ': 1, ' CDD_BackLight': 0, ' CID_X_Coordinates': 0, ' CID_Y_Coordinates': 0, ' CDD_X_Coordinates': 0, ' CDD_Y_Coordinates': 30, ' Light_Sensor_On': 30, ' Light_Sensor_Off': True, ' Temp_1': True, 'Temp_2': -1, ' Watchdog_reset': -1, ' Hardware_reset': -1, ' Power_reset': -1, ' Clock_reset': -1}
2025-06-25 13:13:21,038 - InteractiveChartGenerator - INFO - All columns: ['No:', ' Date & Time', ' DUT Mode', ' Probe of Humidity(%)', 'Probe of Temperature(°C)', ' Dry contact value', ' Reference Voltage(V)', 'Current[A]', 'Current[A] Status', ' CAN_status', 'CID_Display_Temp_Status', ' CDD_Display_Temp_Status', 'CID ON/OFF', ' CDD ON/OFF', ' CID_BackLight ', ' CDD_BackLight', ' CID_X_Coordinates', ' CID_Y_Coordinates', ' CDD_X_Coordinates', ' CDD_Y_Coordinates', ' Light_Sensor_On', ' Light_Sensor_Off', ' Temp_1', 'Temp_2', ' Watchdog_reset', ' Hardware_reset', ' Power_reset', ' Clock_reset']
2025-06-25 13:13:21,038 - InteractiveChartGenerator - INFO - Numeric columns: [' DUT Mode', ' Probe of Humidity(%)', ' Dry contact value', ' Reference Voltage(V)', 'Current[A] Status', ' CDD_Display_Temp_Status', 'CID ON/OFF', ' CDD ON/OFF', ' CID_BackLight ', ' CDD_BackLight', ' CID_X_Coordinates', ' CID_Y_Coordinates', ' CDD_X_Coordinates', ' CDD_Y_Coordinates', ' Light_Sensor_On', 'Temp_2', ' Watchdog_reset', ' Hardware_reset', ' Power_reset', ' Clock_reset']
2025-06-25 13:13:21,038 - InteractiveChartGenerator - INFO - Chartable columns: ['No:', ' DUT Mode', ' Probe of Humidity(%)', ' Dry contact value', ' Reference Voltage(V)', 'Current[A] Status', ' CDD_Display_Temp_Status', 'CID ON/OFF', ' CDD ON/OFF', ' CID_BackLight ', ' CDD_BackLight', ' CID_X_Coordinates', ' CID_Y_Coordinates', ' CDD_X_Coordinates', ' CDD_Y_Coordinates', ' Light_Sensor_On', ' Light_Sensor_Off', ' Temp_1', 'Temp_2', ' Watchdog_reset', ' Hardware_reset', ' Power_reset', ' Clock_reset']
2025-06-25 13:13:21,040 - InteractiveChartGenerator - INFO - Status: Loaded: DUT2_SN_VLIMS_SS 1#23.csv
2025-06-25 13:13:21,042 - InteractiveChartGenerator - INFO - Converted column 'No:' to datetime for charting
2025-06-25 13:13:21,044 - InteractiveChartGenerator - INFO - Converted column 'No:' to datetime for charting
2025-06-25 13:13:21,151 - InteractiveChartGenerator - INFO - Created interactive line chart with 1 series
2025-06-25 13:13:21,151 - InteractiveChartGenerator - INFO - Status: Chart updated
2025-06-25 13:13:21,151 - InteractiveChartGenerator - INFO - Chart preview updated: 1 series, line type
2025-06-25 13:13:21,151 - InteractiveChartGenerator - INFO - File loaded successfully: DUT2_SN_VLIMS_SS 1#23.csv
2025-06-25 13:13:21,209 - InteractiveChartGenerator - INFO - Converted column 'No:' to datetime for charting
2025-06-25 13:13:21,211 - InteractiveChartGenerator - INFO - Converted column 'No:' to datetime for charting
2025-06-25 13:13:21,320 - InteractiveChartGenerator - INFO - Created interactive line chart with 1 series
2025-06-25 13:13:21,320 - InteractiveChartGenerator - INFO - Status: Chart updated
2025-06-25 13:13:21,320 - InteractiveChartGenerator - INFO - Chart preview updated: 1 series, line type
2025-06-25 13:13:25,836 - InteractiveChartGenerator - INFO - Converted column 'No:' to datetime for charting
2025-06-25 13:13:25,837 - InteractiveChartGenerator - INFO - Converted column 'No:' to datetime for charting
2025-06-25 13:13:25,934 - InteractiveChartGenerator - INFO - Created interactive line chart with 1 series
2025-06-25 13:13:25,934 - InteractiveChartGenerator - INFO - Status: Chart updated
2025-06-25 13:13:25,935 - InteractiveChartGenerator - INFO - Chart preview updated: 1 series, line type
2025-06-25 13:13:37,616 - InteractiveChartGenerator - INFO - Converted column 'No:' to datetime for charting
2025-06-25 13:13:37,619 - InteractiveChartGenerator - INFO - Converted column 'No:' to datetime for charting
2025-06-25 13:13:37,712 - InteractiveChartGenerator - INFO - Created interactive line chart with 1 series
2025-06-25 13:13:37,712 - InteractiveChartGenerator - INFO - Status: Chart updated
2025-06-25 13:13:37,713 - InteractiveChartGenerator - INFO - Chart preview updated: 1 series, line type
2025-06-25 13:13:45,530 - InteractiveChartGenerator - INFO - Loading CSV file with smart header detection: C:/Users/GILIEV/Downloads/Logs_BR223_Downloaded_02.06.2025/Logs_BR223_Downloaded_02.06.2025/C-01/C-01/3_PTL/15-04-2025_17.25.01/DUT1_SN_VLIMS_SS 1#31.csv
2025-06-25 13:13:45,538 - InteractiveChartGenerator - INFO - Found non-empty cell in column E at row 24
2025-06-25 13:13:45,538 - InteractiveChartGenerator - INFO - Detected header row at index 24 (line 25)
2025-06-25 13:13:45,541 - InteractiveChartGenerator - WARNING - UTF-8 encoding failed, trying latin1
2025-06-25 13:13:45,547 - InteractiveChartGenerator - INFO - Original columns: ['No:', ' Date & Time', ' DUT Mode', ' Probe of Humidity(%)', 'Probe of Temperature(°C)', ' Dry contact value', ' Reference Voltage(V)', 'Current[A]', 'Current[A] Status', ' CAN_status', 'CID_Display_Temp_Status', ' CDD_Display_Temp_Status', 'CID ON/OFF', ' CDD ON/OFF', ' CID_BackLight ', ' CDD_BackLight', ' CID_X_Coordinates', ' CID_Y_Coordinates', ' CDD_X_Coordinates', ' CDD_Y_Coordinates', ' Light_Sensor_On', ' Light_Sensor_Off', ' Temp_1', 'Temp_2', ' Watchdog_reset', ' Hardware_reset', ' Power_reset', ' Clock_reset', ' DTC Stored']
2025-06-25 13:13:45,550 - InteractiveChartGenerator - INFO - Marking column ' DTC Stored' for removal (empty column)
2025-06-25 13:13:45,550 - InteractiveChartGenerator - INFO - Removing 1 unwanted columns: [' DTC Stored']
2025-06-25 13:13:45,551 - InteractiveChartGenerator - INFO - Cleaned columns: ['No:', ' Date & Time', ' DUT Mode', ' Probe of Humidity(%)', 'Probe of Temperature(°C)', ' Dry contact value', ' Reference Voltage(V)', 'Current[A]', 'Current[A] Status', ' CAN_status', 'CID_Display_Temp_Status', ' CDD_Display_Temp_Status', 'CID ON/OFF', ' CDD ON/OFF', ' CID_BackLight ', ' CDD_BackLight', ' CID_X_Coordinates', ' CID_Y_Coordinates', ' CDD_X_Coordinates', ' CDD_Y_Coordinates', ' Light_Sensor_On', ' Light_Sensor_Off', ' Temp_1', 'Temp_2', ' Watchdog_reset', ' Hardware_reset', ' Power_reset', ' Clock_reset']
2025-06-25 13:13:45,554 - InteractiveChartGenerator - INFO - Numeric columns: [' DUT Mode', ' Probe of Humidity(%)', ' Dry contact value', ' Reference Voltage(V)', 'Current[A] Status', ' CDD_Display_Temp_Status', 'CID ON/OFF', ' CDD ON/OFF', ' CID_BackLight ', ' CDD_BackLight', ' CID_X_Coordinates', ' CID_Y_Coordinates', ' CDD_X_Coordinates', ' CDD_Y_Coordinates', ' Light_Sensor_On', 'Temp_2', ' Watchdog_reset', ' Hardware_reset', ' Power_reset', ' Clock_reset']
2025-06-25 13:13:45,555 - InteractiveChartGenerator - INFO - Text columns: ['No:', ' Date & Time', 'Probe of Temperature(°C)', 'Current[A]', ' CAN_status', 'CID_Display_Temp_Status']
2025-06-25 13:13:45,555 - InteractiveChartGenerator - INFO - Successfully loaded 759 rows and 28 columns
2025-06-25 13:13:45,555 - InteractiveChartGenerator - INFO - Final headers: ['No:', ' Date & Time', ' DUT Mode', ' Probe of Humidity(%)', 'Probe of Temperature(°C)', ' Dry contact value', ' Reference Voltage(V)', 'Current[A]', 'Current[A] Status', ' CAN_status', 'CID_Display_Temp_Status', ' CDD_Display_Temp_Status', 'CID ON/OFF', ' CDD ON/OFF', ' CID_BackLight ', ' CDD_BackLight', ' CID_X_Coordinates', ' CID_Y_Coordinates', ' CDD_X_Coordinates', ' CDD_Y_Coordinates', ' Light_Sensor_On', ' Light_Sensor_Off', ' Temp_1', 'Temp_2', ' Watchdog_reset', ' Hardware_reset', ' Power_reset', ' Clock_reset']
2025-06-25 13:13:45,556 - InteractiveChartGenerator - INFO - Data types: {'No:': dtype('O'), ' Date & Time': dtype('O'), ' DUT Mode': dtype('float64'), ' Probe of Humidity(%)': dtype('float64'), 'Probe of Temperature(°C)': dtype('O'), ' Dry contact value': dtype('float64'), ' Reference Voltage(V)': dtype('float64'), 'Current[A]': dtype('O'), 'Current[A] Status': dtype('int64'), ' CAN_status': dtype('O'), 'CID_Display_Temp_Status': dtype('O'), ' CDD_Display_Temp_Status': dtype('int64'), 'CID ON/OFF': dtype('int64'), ' CDD ON/OFF': dtype('int64'), ' CID_BackLight ': dtype('int64'), ' CDD_BackLight': dtype('int64'), ' CID_X_Coordinates': dtype('int64'), ' CID_Y_Coordinates': dtype('int64'), ' CDD_X_Coordinates': dtype('int64'), ' CDD_Y_Coordinates': dtype('int64'), ' Light_Sensor_On': dtype('int64'), ' Light_Sensor_Off': dtype('bool'), ' Temp_1': dtype('bool'), 'Temp_2': dtype('int64'), ' Watchdog_reset': dtype('int64'), ' Hardware_reset': dtype('int64'), ' Power_reset': dtype('int64'), ' Clock_reset': dtype('int64')}
2025-06-25 13:13:45,556 - InteractiveChartGenerator - INFO - Sample data (first 3 rows):
2025-06-25 13:13:45,557 - InteractiveChartGenerator - INFO -   Row 1: {'No:': '15/04/2025  17:43:23', ' Date & Time': 'Wake Mode', ' DUT Mode': 26.8, ' Probe of Humidity(%)': 24.0, 'Probe of Temperature(°C)': '5/Operating Max Mode', ' Dry contact value': 13.5, ' Reference Voltage(V)': 2.924196, 'Current[A]': 'NOK', 'Current[A] Status': 0, ' CAN_status': 'NORM_OPTRN', 'CID_Display_Temp_Status': 'NORM_OPTRN', ' CDD_Display_Temp_Status': 1, 'CID ON/OFF': 1, ' CDD ON/OFF': 1, ' CID_BackLight ': 1, ' CDD_BackLight': 0, ' CID_X_Coordinates': 540, ' CID_Y_Coordinates': 0, ' CDD_X_Coordinates': 0, ' CDD_Y_Coordinates': 0, ' Light_Sensor_On': 1120, ' Light_Sensor_Off': True, ' Temp_1': True, 'Temp_2': -1, ' Watchdog_reset': -1, ' Hardware_reset': -1, ' Power_reset': -1, ' Clock_reset': -1}
2025-06-25 13:13:45,557 - InteractiveChartGenerator - INFO -   Row 2: {'No:': '15/04/2025  17:49:19', ' Date & Time': 'Wake Mode', ' DUT Mode': 22.0, ' Probe of Humidity(%)': 23.6, 'Probe of Temperature(°C)': '3/Operating Max Mode', ' Dry contact value': 13.5, ' Reference Voltage(V)': 2.921166, 'Current[A]': 'NOK', 'Current[A] Status': 0, ' CAN_status': 'NORM_OPTRN', 'CID_Display_Temp_Status': 'NORM_OPTRN', ' CDD_Display_Temp_Status': 1, 'CID ON/OFF': 1, ' CDD ON/OFF': 1, ' CID_BackLight ': 1, ' CDD_BackLight': 0, ' CID_X_Coordinates': 540, ' CID_Y_Coordinates': 0, ' CDD_X_Coordinates': 0, ' CDD_Y_Coordinates': 0, ' Light_Sensor_On': 1120, ' Light_Sensor_Off': True, ' Temp_1': True, 'Temp_2': -1, ' Watchdog_reset': -1, ' Hardware_reset': -1, ' Power_reset': -1, ' Clock_reset': -1}
2025-06-25 13:13:45,557 - InteractiveChartGenerator - INFO -   Row 3: {'No:': '15/04/2025  17:55:14', ' Date & Time': 'Wake Mode', ' DUT Mode': 19.5, ' Probe of Humidity(%)': 23.4, 'Probe of Temperature(°C)': '3/Operating Max Mode', ' Dry contact value': 6.0, ' Reference Voltage(V)': 1.631624, 'Current[A]': 'NOK - Different Voltage', 'Current[A] Status': 0, ' CAN_status': 'NORM_OPTRN', 'CID_Display_Temp_Status': 'NORM_OPTRN', ' CDD_Display_Temp_Status': 1, 'CID ON/OFF': 1, ' CDD ON/OFF': 1, ' CID_BackLight ': 1, ' CDD_BackLight': 0, ' CID_X_Coordinates': 0, ' CID_Y_Coordinates': 0, ' CDD_X_Coordinates': 0, ' CDD_Y_Coordinates': 0, ' Light_Sensor_On': 1060, ' Light_Sensor_Off': True, ' Temp_1': True, 'Temp_2': -1, ' Watchdog_reset': -1, ' Hardware_reset': -1, ' Power_reset': -1, ' Clock_reset': -1}
2025-06-25 13:13:45,579 - InteractiveChartGenerator - INFO - All columns: ['No:', ' Date & Time', ' DUT Mode', ' Probe of Humidity(%)', 'Probe of Temperature(°C)', ' Dry contact value', ' Reference Voltage(V)', 'Current[A]', 'Current[A] Status', ' CAN_status', 'CID_Display_Temp_Status', ' CDD_Display_Temp_Status', 'CID ON/OFF', ' CDD ON/OFF', ' CID_BackLight ', ' CDD_BackLight', ' CID_X_Coordinates', ' CID_Y_Coordinates', ' CDD_X_Coordinates', ' CDD_Y_Coordinates', ' Light_Sensor_On', ' Light_Sensor_Off', ' Temp_1', 'Temp_2', ' Watchdog_reset', ' Hardware_reset', ' Power_reset', ' Clock_reset']
2025-06-25 13:13:45,580 - InteractiveChartGenerator - INFO - Numeric columns: [' DUT Mode', ' Probe of Humidity(%)', ' Dry contact value', ' Reference Voltage(V)', 'Current[A] Status', ' CDD_Display_Temp_Status', 'CID ON/OFF', ' CDD ON/OFF', ' CID_BackLight ', ' CDD_BackLight', ' CID_X_Coordinates', ' CID_Y_Coordinates', ' CDD_X_Coordinates', ' CDD_Y_Coordinates', ' Light_Sensor_On', 'Temp_2', ' Watchdog_reset', ' Hardware_reset', ' Power_reset', ' Clock_reset']
2025-06-25 13:13:45,580 - InteractiveChartGenerator - INFO - Chartable columns: ['No:', ' DUT Mode', ' Probe of Humidity(%)', ' Dry contact value', ' Reference Voltage(V)', 'Current[A] Status', ' CDD_Display_Temp_Status', 'CID ON/OFF', ' CDD ON/OFF', ' CID_BackLight ', ' CDD_BackLight', ' CID_X_Coordinates', ' CID_Y_Coordinates', ' CDD_X_Coordinates', ' CDD_Y_Coordinates', ' Light_Sensor_On', ' Light_Sensor_Off', ' Temp_1', 'Temp_2', ' Watchdog_reset', ' Hardware_reset', ' Power_reset', ' Clock_reset']
2025-06-25 13:13:45,581 - InteractiveChartGenerator - INFO - Status: Loaded: DUT1_SN_VLIMS_SS 1#31.csv
2025-06-25 13:13:45,584 - InteractiveChartGenerator - INFO - Converted column 'No:' to datetime for charting
2025-06-25 13:13:45,586 - InteractiveChartGenerator - INFO - Converted column 'No:' to datetime for charting
2025-06-25 13:13:45,678 - InteractiveChartGenerator - INFO - Created interactive line chart with 1 series
2025-06-25 13:13:45,678 - InteractiveChartGenerator - INFO - Status: Chart updated
2025-06-25 13:13:45,679 - InteractiveChartGenerator - INFO - Chart preview updated: 1 series, line type
2025-06-25 13:13:45,679 - InteractiveChartGenerator - INFO - File loaded successfully: DUT1_SN_VLIMS_SS 1#31.csv
2025-06-25 13:13:45,744 - InteractiveChartGenerator - INFO - Converted column 'No:' to datetime for charting
2025-06-25 13:13:45,747 - InteractiveChartGenerator - INFO - Converted column 'No:' to datetime for charting
2025-06-25 13:13:45,853 - InteractiveChartGenerator - INFO - Created interactive line chart with 1 series
2025-06-25 13:13:45,853 - InteractiveChartGenerator - INFO - Status: Chart updated
2025-06-25 13:13:45,853 - InteractiveChartGenerator - INFO - Chart preview updated: 1 series, line type
2025-06-25 13:13:48,746 - InteractiveChartGenerator - INFO - Converted column 'No:' to datetime for charting
2025-06-25 13:13:48,749 - InteractiveChartGenerator - INFO - Converted column 'No:' to datetime for charting
2025-06-25 13:13:48,752 - InteractiveChartGenerator - INFO - Converted column ' Date & Time' to categorical codes for charting
2025-06-25 13:13:48,854 - InteractiveChartGenerator - INFO - Created interactive line chart with 2 series
2025-06-25 13:13:48,854 - InteractiveChartGenerator - INFO - Status: Chart updated
2025-06-25 13:13:48,854 - InteractiveChartGenerator - INFO - Chart preview updated: 2 series, line type
2025-06-25 13:13:49,828 - InteractiveChartGenerator - INFO - Converted column 'No:' to datetime for charting
2025-06-25 13:13:49,831 - InteractiveChartGenerator - INFO - Converted column 'No:' to datetime for charting
2025-06-25 13:13:49,923 - InteractiveChartGenerator - INFO - Created interactive line chart with 1 series
2025-06-25 13:13:49,924 - InteractiveChartGenerator - INFO - Status: Chart updated
2025-06-25 13:13:49,924 - InteractiveChartGenerator - INFO - Chart preview updated: 1 series, line type
2025-06-25 13:13:55,432 - InteractiveChartGenerator - INFO - Converted column 'No:' to datetime for charting
2025-06-25 13:13:55,434 - InteractiveChartGenerator - INFO - Converted column 'No:' to datetime for charting
2025-06-25 13:13:55,563 - InteractiveChartGenerator - INFO - Created interactive line chart with 2 series
2025-06-25 13:13:55,563 - InteractiveChartGenerator - INFO - Status: Chart updated
2025-06-25 13:13:55,563 - InteractiveChartGenerator - INFO - Chart preview updated: 2 series, line type
2025-06-25 13:13:56,972 - InteractiveChartGenerator - INFO - Converted column 'No:' to datetime for charting
2025-06-25 13:13:56,975 - InteractiveChartGenerator - INFO - Converted column 'No:' to datetime for charting
2025-06-25 13:13:57,075 - InteractiveChartGenerator - INFO - Created interactive line chart with 1 series
2025-06-25 13:13:57,076 - InteractiveChartGenerator - INFO - Status: Chart updated
2025-06-25 13:13:57,076 - InteractiveChartGenerator - INFO - Chart preview updated: 1 series, line type
2025-06-25 13:13:57,704 - InteractiveChartGenerator - INFO - Converted column 'No:' to datetime for charting
2025-06-25 13:13:57,707 - InteractiveChartGenerator - INFO - Converted column 'No:' to datetime for charting
2025-06-25 13:13:57,805 - InteractiveChartGenerator - INFO - Created interactive line chart with 2 series
2025-06-25 13:13:57,806 - InteractiveChartGenerator - INFO - Status: Chart updated
2025-06-25 13:13:57,806 - InteractiveChartGenerator - INFO - Chart preview updated: 2 series, line type
2025-06-25 13:14:00,872 - InteractiveChartGenerator - INFO - Converted column 'No:' to datetime for charting
2025-06-25 13:14:00,876 - InteractiveChartGenerator - INFO - Converted column 'No:' to datetime for charting
2025-06-25 13:14:00,979 - InteractiveChartGenerator - INFO - Created interactive line chart with 1 series
2025-06-25 13:14:00,980 - InteractiveChartGenerator - INFO - Status: Chart updated
2025-06-25 13:14:00,980 - InteractiveChartGenerator - INFO - Chart preview updated: 1 series, line type
2025-06-25 13:14:04,140 - InteractiveChartGenerator - INFO - Converted column 'No:' to datetime for charting
2025-06-25 13:14:04,142 - InteractiveChartGenerator - INFO - Converted column 'No:' to datetime for charting
2025-06-25 13:14:04,237 - InteractiveChartGenerator - INFO - Created interactive line chart with 1 series
2025-06-25 13:14:04,237 - InteractiveChartGenerator - INFO - Status: Chart updated
2025-06-25 13:14:04,237 - InteractiveChartGenerator - INFO - Chart preview updated: 1 series, line type
2025-06-25 13:14:32,390 - InteractiveChartGenerator - INFO - Converted column 'No:' to datetime for charting
2025-06-25 13:14:32,393 - InteractiveChartGenerator - INFO - Converted column 'No:' to datetime for charting
2025-06-25 13:14:32,494 - InteractiveChartGenerator - INFO - Created interactive line chart with 1 series
2025-06-25 13:14:32,494 - InteractiveChartGenerator - INFO - Status: Chart updated
2025-06-25 13:14:32,495 - InteractiveChartGenerator - INFO - Chart preview updated: 1 series, line type
2025-06-25 13:14:35,577 - InteractiveChartGenerator - INFO - Loading CSV file with smart header detection: C:/Users/GILIEV/Desktop/Chart generator/DUT Logs/DUT_3.csv
2025-06-25 13:14:35,602 - InteractiveChartGenerator - INFO - Found non-empty cell in column E at row 7
2025-06-25 13:14:35,602 - InteractiveChartGenerator - INFO - Detected header row at index 7 (line 8)
2025-06-25 13:14:35,606 - InteractiveChartGenerator - INFO - Original columns: ['No.', 'Date Time', ' Mode', 'Humidity', ' Temperature', 'Voltage_Ref', 'Time', 'Current (A) ', 'Time.1', ' Sence (V)', 'Time.2', 'CANStatus', 'Time.3', 'DTC', 'Time.4', 'Reset counter', 'Cause', 'Time.5', 'Bouton_IN (CAFR or LKA)', 'Bouton_OUT (STT)', 'Dimming', 'Unnamed: 21']
2025-06-25 13:14:35,609 - InteractiveChartGenerator - INFO - Marking column 'Unnamed: 21' for removal (unwanted column)
2025-06-25 13:14:35,609 - InteractiveChartGenerator - INFO - Removing 1 unwanted columns: ['Unnamed: 21']
2025-06-25 13:14:35,610 - InteractiveChartGenerator - INFO - Cleaned columns: ['No.', 'Date Time', ' Mode', 'Humidity', ' Temperature', 'Voltage_Ref', 'Time', 'Current (A) ', 'Time.1', ' Sence (V)', 'Time.2', 'CANStatus', 'Time.3', 'DTC', 'Time.4', 'Reset counter', 'Cause', 'Time.5', 'Bouton_IN (CAFR or LKA)', 'Bouton_OUT (STT)', 'Dimming']
2025-06-25 13:14:35,615 - InteractiveChartGenerator - INFO - Numeric columns: ['No.', 'Humidity', ' Temperature', 'Voltage_Ref', 'Current (A) ', ' Sence (V)', 'CANStatus', 'Reset counter', 'Dimming']
2025-06-25 13:14:35,615 - InteractiveChartGenerator - INFO - Text columns: ['Date Time', ' Mode', 'Time', 'Time.1', 'Time.2', 'Time.3', 'DTC', 'Time.4', 'Cause', 'Time.5', 'Bouton_IN (CAFR or LKA)', 'Bouton_OUT (STT)']
2025-06-25 13:14:35,616 - InteractiveChartGenerator - INFO - Successfully loaded 515 rows and 21 columns
2025-06-25 13:14:35,616 - InteractiveChartGenerator - INFO - Final headers: ['No.', 'Date Time', ' Mode', 'Humidity', ' Temperature', 'Voltage_Ref', 'Time', 'Current (A) ', 'Time.1', ' Sence (V)', 'Time.2', 'CANStatus', 'Time.3', 'DTC', 'Time.4', 'Reset counter', 'Cause', 'Time.5', 'Bouton_IN (CAFR or LKA)', 'Bouton_OUT (STT)', 'Dimming']
2025-06-25 13:14:35,616 - InteractiveChartGenerator - INFO - Data types: {'No.': dtype('int64'), 'Date Time': dtype('O'), ' Mode': dtype('O'), 'Humidity': dtype('float64'), ' Temperature': dtype('float64'), 'Voltage_Ref': dtype('float64'), 'Time': dtype('O'), 'Current (A) ': dtype('float64'), 'Time.1': dtype('O'), ' Sence (V)': dtype('int64'), 'Time.2': dtype('O'), 'CANStatus': dtype('int64'), 'Time.3': dtype('O'), 'DTC': dtype('O'), 'Time.4': dtype('O'), 'Reset counter': dtype('int64'), 'Cause': dtype('O'), 'Time.5': dtype('O'), 'Bouton_IN (CAFR or LKA)': dtype('O'), 'Bouton_OUT (STT)': dtype('O'), 'Dimming': dtype('int64')}
2025-06-25 13:14:35,617 - InteractiveChartGenerator - INFO - Sample data (first 3 rows):
2025-06-25 13:14:35,617 - InteractiveChartGenerator - INFO -   Row 0: {'No.': 1, 'Date Time': '1/16/2024 16:44:01', ' Mode': 'Wake Mode', 'Humidity': 30.2, ' Temperature': 22.8, 'Voltage_Ref': 14.0, 'Time': '01/16/2024  16:43:02', 'Current (A) ': 0.154409, 'Time.1': '01/16/2024  16:43:02', ' Sence (V)': 0, 'Time.2': '01/16/2024  16:42:34', 'CANStatus': 0, 'Time.3': '01/16/2024  16:42:20', 'DTC': '921B07 - 900300 - DF0000 - ', 'Time.4': '01/16/2024  16:42:30', 'Reset counter': 0, 'Cause': 'No new reset', 'Time.5': '01/16/2024  16:42:40', 'Bouton_IN (CAFR or LKA)': 'Inactive', 'Bouton_OUT (STT)': 'Active', 'Dimming': 1}
2025-06-25 13:14:35,618 - InteractiveChartGenerator - INFO -   Row 1: {'No.': 2, 'Date Time': '1/16/2024 16:45:25', ' Mode': 'Wake Mode', 'Humidity': 30.5, ' Temperature': 23.0, 'Voltage_Ref': 14.0, 'Time': '01/16/2024  16:44:26', 'Current (A) ': 0.158027, 'Time.1': '01/16/2024  16:44:26', ' Sence (V)': 0, 'Time.2': '01/16/2024  16:42:34', 'CANStatus': 0, 'Time.3': '01/16/2024  16:42:20', 'DTC': '921B07 - 900300 - DF0000 - ', 'Time.4': '01/16/2024  16:42:30', 'Reset counter': 0, 'Cause': 'No new reset', 'Time.5': '01/16/2024  16:42:40', 'Bouton_IN (CAFR or LKA)': 'Inactive', 'Bouton_OUT (STT)': 'Active', 'Dimming': 50}
2025-06-25 13:14:35,618 - InteractiveChartGenerator - INFO -   Row 2: {'No.': 3, 'Date Time': '1/16/2024 16:46:49', ' Mode': 'Wake Mode', 'Humidity': 27.8, ' Temperature': 22.6, 'Voltage_Ref': 14.0, 'Time': '01/16/2024  16:45:49', 'Current (A) ': 0.319472, 'Time.1': '01/16/2024  16:45:49', ' Sence (V)': 0, 'Time.2': '01/16/2024  16:42:34', 'CANStatus': 0, 'Time.3': '01/16/2024  16:42:20', 'DTC': '921B07 - 900300 - DF0000 - ', 'Time.4': '01/16/2024  16:42:30', 'Reset counter': 0, 'Cause': 'No new reset', 'Time.5': '01/16/2024  16:42:40', 'Bouton_IN (CAFR or LKA)': 'Inactive', 'Bouton_OUT (STT)': 'Active', 'Dimming': 100}
2025-06-25 13:14:35,639 - InteractiveChartGenerator - INFO - All columns: ['No.', 'Date Time', ' Mode', 'Humidity', ' Temperature', 'Voltage_Ref', 'Time', 'Current (A) ', 'Time.1', ' Sence (V)', 'Time.2', 'CANStatus', 'Time.3', 'DTC', 'Time.4', 'Reset counter', 'Cause', 'Time.5', 'Bouton_IN (CAFR or LKA)', 'Bouton_OUT (STT)', 'Dimming']
2025-06-25 13:14:35,639 - InteractiveChartGenerator - INFO - Numeric columns: ['No.', 'Humidity', ' Temperature', 'Voltage_Ref', 'Current (A) ', ' Sence (V)', 'CANStatus', 'Reset counter', 'Dimming']
2025-06-25 13:14:35,639 - InteractiveChartGenerator - INFO - Chartable columns: ['No.', 'Date Time', 'Humidity', ' Temperature', 'Voltage_Ref', 'Time', 'Current (A) ', 'Time.1', ' Sence (V)', 'Time.2', 'CANStatus', 'Time.3', 'Time.4', 'Reset counter', 'Time.5', 'Dimming']
2025-06-25 13:14:35,641 - InteractiveChartGenerator - INFO - Status: Loaded: DUT_3.csv
2025-06-25 13:14:35,714 - InteractiveChartGenerator - INFO - Created interactive line chart with 1 series
2025-06-25 13:14:35,714 - InteractiveChartGenerator - INFO - Status: Chart updated
2025-06-25 13:14:35,714 - InteractiveChartGenerator - INFO - Chart preview updated: 1 series, line type
2025-06-25 13:14:35,714 - InteractiveChartGenerator - INFO - File loaded successfully: DUT_3.csv
2025-06-25 13:14:35,860 - InteractiveChartGenerator - INFO - Created interactive line chart with 1 series
2025-06-25 13:14:35,861 - InteractiveChartGenerator - INFO - Status: Chart updated
2025-06-25 13:14:35,861 - InteractiveChartGenerator - INFO - Chart preview updated: 1 series, line type
2025-06-25 13:14:40,860 - InteractiveChartGenerator - INFO - Created interactive line chart with 1 series
2025-06-25 13:14:40,860 - InteractiveChartGenerator - INFO - Status: Chart updated
2025-06-25 13:14:40,860 - InteractiveChartGenerator - INFO - Chart preview updated: 1 series, line type
2025-06-25 13:14:43,489 - InteractiveChartGenerator - INFO - Loading CSV file with smart header detection: C:/Users/GILIEV/Desktop/Chart generator/DUT Logs/DUT_5.csv
2025-06-25 13:14:43,519 - InteractiveChartGenerator - INFO - Found non-empty cell in column E at row 7
2025-06-25 13:14:43,520 - InteractiveChartGenerator - INFO - Detected header row at index 7 (line 8)
2025-06-25 13:14:43,525 - InteractiveChartGenerator - INFO - Original columns: ['No.', 'Date Time', ' Mode', 'Humidity', ' Temperature', 'Voltage_Ref', 'Time', 'Current (A) ', 'Time.1', ' Sence (V)', 'Time.2', 'CANStatus', 'Time.3', 'DTC', 'Time.4', 'Reset counter', 'Cause', 'Time.5', 'Bouton_IN (CAFR or LKA)', 'Bouton_OUT (STT)', 'Dimming', 'Unnamed: 21']
2025-06-25 13:14:43,526 - InteractiveChartGenerator - INFO - Marking column 'DTC' for removal (empty column)
2025-06-25 13:14:43,527 - InteractiveChartGenerator - INFO - Marking column 'Unnamed: 21' for removal (unwanted column)
2025-06-25 13:14:43,528 - InteractiveChartGenerator - INFO - Removing 2 unwanted columns: ['DTC', 'Unnamed: 21']
2025-06-25 13:14:43,528 - InteractiveChartGenerator - INFO - Cleaned columns: ['No.', 'Date Time', ' Mode', 'Humidity', ' Temperature', 'Voltage_Ref', 'Time', 'Current (A) ', 'Time.1', ' Sence (V)', 'Time.2', 'CANStatus', 'Time.3', 'Time.4', 'Reset counter', 'Cause', 'Time.5', 'Bouton_IN (CAFR or LKA)', 'Bouton_OUT (STT)', 'Dimming']
2025-06-25 13:14:43,532 - InteractiveChartGenerator - INFO - Numeric columns: ['No.', 'Humidity', ' Temperature', 'Voltage_Ref', 'Current (A) ', ' Sence (V)', 'CANStatus', 'Reset counter', 'Dimming']
2025-06-25 13:14:43,532 - InteractiveChartGenerator - INFO - Text columns: ['Date Time', ' Mode', 'Time', 'Time.1', 'Time.2', 'Time.3', 'Time.4', 'Cause', 'Time.5', 'Bouton_IN (CAFR or LKA)', 'Bouton_OUT (STT)']
2025-06-25 13:14:43,533 - InteractiveChartGenerator - INFO - Successfully loaded 515 rows and 20 columns
2025-06-25 13:14:43,533 - InteractiveChartGenerator - INFO - Final headers: ['No.', 'Date Time', ' Mode', 'Humidity', ' Temperature', 'Voltage_Ref', 'Time', 'Current (A) ', 'Time.1', ' Sence (V)', 'Time.2', 'CANStatus', 'Time.3', 'Time.4', 'Reset counter', 'Cause', 'Time.5', 'Bouton_IN (CAFR or LKA)', 'Bouton_OUT (STT)', 'Dimming']
2025-06-25 13:14:43,533 - InteractiveChartGenerator - INFO - Data types: {'No.': dtype('int64'), 'Date Time': dtype('O'), ' Mode': dtype('O'), 'Humidity': dtype('float64'), ' Temperature': dtype('float64'), 'Voltage_Ref': dtype('float64'), 'Time': dtype('O'), 'Current (A) ': dtype('float64'), 'Time.1': dtype('O'), ' Sence (V)': dtype('int64'), 'Time.2': dtype('O'), 'CANStatus': dtype('int64'), 'Time.3': dtype('O'), 'Time.4': dtype('O'), 'Reset counter': dtype('int64'), 'Cause': dtype('O'), 'Time.5': dtype('O'), 'Bouton_IN (CAFR or LKA)': dtype('O'), 'Bouton_OUT (STT)': dtype('O'), 'Dimming': dtype('int64')}
2025-06-25 13:14:43,534 - InteractiveChartGenerator - INFO - Sample data (first 3 rows):
2025-06-25 13:14:43,534 - InteractiveChartGenerator - INFO -   Row 0: {'No.': 1, 'Date Time': '1/16/2024 16:44:01', ' Mode': 'Wake Mode', 'Humidity': 30.2, ' Temperature': 22.8, 'Voltage_Ref': 14.0, 'Time': '01/16/2024  16:43:18', 'Current (A) ': 0.0001, 'Time.1': '01/16/2024  16:43:18', ' Sence (V)': 0, 'Time.2': '01/16/2024  16:42:35', 'CANStatus': 0, 'Time.3': '01/16/2024  16:42:23', 'Time.4': '01/16/2024  16:42:31', 'Reset counter': -2, 'Cause': 'No response', 'Time.5': '01/16/2024  16:42:40', 'Bouton_IN (CAFR or LKA)': 'Inactive', 'Bouton_OUT (STT)': 'Active', 'Dimming': 1}
2025-06-25 13:14:43,535 - InteractiveChartGenerator - INFO -   Row 1: {'No.': 2, 'Date Time': '1/16/2024 16:45:25', ' Mode': 'Wake Mode', 'Humidity': 30.5, ' Temperature': 23.0, 'Voltage_Ref': 14.0, 'Time': '01/16/2024  16:44:42', 'Current (A) ': 0.000133, 'Time.1': '01/16/2024  16:44:42', ' Sence (V)': 0, 'Time.2': '01/16/2024  16:42:35', 'CANStatus': 0, 'Time.3': '01/16/2024  16:42:23', 'Time.4': '01/16/2024  16:42:31', 'Reset counter': -2, 'Cause': 'No response', 'Time.5': '01/16/2024  16:42:40', 'Bouton_IN (CAFR or LKA)': 'Inactive', 'Bouton_OUT (STT)': 'Active', 'Dimming': 50}
2025-06-25 13:14:43,535 - InteractiveChartGenerator - INFO -   Row 2: {'No.': 3, 'Date Time': '1/16/2024 16:46:49', ' Mode': 'Wake Mode', 'Humidity': 27.8, ' Temperature': 22.6, 'Voltage_Ref': 14.0, 'Time': '01/16/2024  16:46:06', 'Current (A) ': 0.000135, 'Time.1': '01/16/2024  16:46:06', ' Sence (V)': 0, 'Time.2': '01/16/2024  16:42:35', 'CANStatus': 0, 'Time.3': '01/16/2024  16:42:23', 'Time.4': '01/16/2024  16:42:31', 'Reset counter': -2, 'Cause': 'No response', 'Time.5': '01/16/2024  16:42:40', 'Bouton_IN (CAFR or LKA)': 'Inactive', 'Bouton_OUT (STT)': 'Active', 'Dimming': 100}
2025-06-25 13:14:43,554 - InteractiveChartGenerator - INFO - All columns: ['No.', 'Date Time', ' Mode', 'Humidity', ' Temperature', 'Voltage_Ref', 'Time', 'Current (A) ', 'Time.1', ' Sence (V)', 'Time.2', 'CANStatus', 'Time.3', 'Time.4', 'Reset counter', 'Cause', 'Time.5', 'Bouton_IN (CAFR or LKA)', 'Bouton_OUT (STT)', 'Dimming']
2025-06-25 13:14:43,554 - InteractiveChartGenerator - INFO - Numeric columns: ['No.', 'Humidity', ' Temperature', 'Voltage_Ref', 'Current (A) ', ' Sence (V)', 'CANStatus', 'Reset counter', 'Dimming']
2025-06-25 13:14:43,554 - InteractiveChartGenerator - INFO - Chartable columns: ['No.', 'Date Time', 'Humidity', ' Temperature', 'Voltage_Ref', 'Time', 'Current (A) ', 'Time.1', ' Sence (V)', 'Time.2', 'CANStatus', 'Time.3', 'Time.4', 'Reset counter', 'Time.5', 'Dimming']
2025-06-25 13:14:43,555 - InteractiveChartGenerator - INFO - Status: Loaded: DUT_5.csv
2025-06-25 13:14:43,636 - InteractiveChartGenerator - INFO - Created interactive line chart with 1 series
2025-06-25 13:14:43,636 - InteractiveChartGenerator - INFO - Status: Chart updated
2025-06-25 13:14:43,636 - InteractiveChartGenerator - INFO - Chart preview updated: 1 series, line type
2025-06-25 13:14:43,636 - InteractiveChartGenerator - INFO - File loaded successfully: DUT_5.csv
2025-06-25 13:14:43,754 - InteractiveChartGenerator - INFO - Created interactive line chart with 1 series
2025-06-25 13:14:43,754 - InteractiveChartGenerator - INFO - Status: Chart updated
2025-06-25 13:14:43,755 - InteractiveChartGenerator - INFO - Chart preview updated: 1 series, line type
