2025-06-19 11:28:20,891 - InteractiveChartGenerator - INFO - Logging initialized. Log file: c:\Users\GILIEV\Documents\GitHub\Python-Projects\Chart generator\ChartGenerator_Interactive\logs\chart_generator_20250619_112820.log
2025-06-19 11:28:20,891 - InteractiveChartGenerator - INFO - Starting Interactive Chart Generator v2.0
2025-06-19 11:28:21,634 - InteractiveChartGenerator - INFO - Applied responsive styling for 1920px width screen
2025-06-19 11:28:21,635 - InteractiveChartGenerator - INFO - Interactive Chart Application initialized
2025-06-19 11:28:21,771 - InteractiveChartGenerator - INFO - Screen size: 1920x1080
2025-06-19 11:28:21,772 - InteractiveChartGenerator - INFO - Window size: 1632x864
2025-06-19 11:28:21,772 - InteractiveChartGenerator - INFO - Minimum size: 1152x700
2025-06-19 11:28:21,773 - InteractiveChartGenerator - INFO - Application started successfully
2025-06-19 11:28:32,916 - InteractiveChartGenerator - INFO - Loading CSV file with smart header detection: C:/Users/GILIEV/Desktop/Chart generator/DUT Logs/DUT5_SN_VLIMS_SS 1#9.csv
2025-06-19 11:28:32,932 - InteractiveChartGenerator - INFO - Found non-empty cell in column E at row 24
2025-06-19 11:28:32,932 - InteractiveChartGenerator - INFO - Detected header row at index 24 (line 25)
2025-06-19 11:28:32,957 - InteractiveChartGenerator - INFO - Numeric columns: ['No:', ' Probe of Humidity(%)', 'Probe of Temperature(°C)', ' Reference Voltage(V)', 'Current[A]', ' CAN_status', 'CID ON/OFF', ' CDD ON/OFF', ' CID_BackLight ', ' CDD_BackLight', ' CID_X_Coordinates', ' CID_Y_Coordinates', ' CDD_X_Coordinates', ' CDD_Y_Coordinates', ' Light_Sensor_On', ' Light_Sensor_Off', ' Watchdog_reset', ' Hardware_reset', ' Power_reset', ' Clock_reset', ' DTC Stored']
2025-06-19 11:28:32,958 - InteractiveChartGenerator - INFO - Text columns: [' Date & Time', ' DUT Mode', ' Dry contact value', 'Current[A] Status', 'CID_Display_Temp_Status', ' CDD_Display_Temp_Status']
2025-06-19 11:28:32,958 - InteractiveChartGenerator - INFO - Successfully loaded 2411 rows and 29 columns
2025-06-19 11:28:32,958 - InteractiveChartGenerator - INFO - Headers: ['No:', ' Date & Time', ' DUT Mode', ' Probe of Humidity(%)', 'Probe of Temperature(°C)', ' Dry contact value', ' Reference Voltage(V)', 'Current[A]', 'Current[A] Status', ' CAN_status', 'CID_Display_Temp_Status', ' CDD_Display_Temp_Status', 'CID ON/OFF', ' CDD ON/OFF', ' CID_BackLight ', ' CDD_BackLight', ' CID_X_Coordinates', ' CID_Y_Coordinates', ' CDD_X_Coordinates', ' CDD_Y_Coordinates', ' Light_Sensor_On', ' Light_Sensor_Off', ' Temp_1', 'Temp_2', ' Watchdog_reset', ' Hardware_reset', ' Power_reset', ' Clock_reset', ' DTC Stored']
2025-06-19 11:28:32,958 - InteractiveChartGenerator - INFO - Data types: {'No:': dtype('int64'), ' Date & Time': dtype('O'), ' DUT Mode': dtype('O'), ' Probe of Humidity(%)': dtype('float64'), 'Probe of Temperature(°C)': dtype('float64'), ' Dry contact value': dtype('O'), ' Reference Voltage(V)': dtype('float64'), 'Current[A]': dtype('float64'), 'Current[A] Status': dtype('O'), ' CAN_status': dtype('int64'), 'CID_Display_Temp_Status': dtype('O'), ' CDD_Display_Temp_Status': dtype('O'), 'CID ON/OFF': dtype('int64'), ' CDD ON/OFF': dtype('int64'), ' CID_BackLight ': dtype('int64'), ' CDD_BackLight': dtype('int64'), ' CID_X_Coordinates': dtype('int64'), ' CID_Y_Coordinates': dtype('int64'), ' CDD_X_Coordinates': dtype('int64'), ' CDD_Y_Coordinates': dtype('int64'), ' Light_Sensor_On': dtype('int64'), ' Light_Sensor_Off': dtype('int64'), ' Temp_1': dtype('bool'), 'Temp_2': dtype('bool'), ' Watchdog_reset': dtype('int64'), ' Hardware_reset': dtype('int64'), ' Power_reset': dtype('int64'), ' Clock_reset': dtype('int64'), ' DTC Stored': dtype('int64')}
2025-06-19 11:28:32,988 - InteractiveChartGenerator - INFO - All columns: ['No:', ' Date & Time', ' DUT Mode', ' Probe of Humidity(%)', 'Probe of Temperature(°C)', ' Dry contact value', ' Reference Voltage(V)', 'Current[A]', 'Current[A] Status', ' CAN_status', 'CID_Display_Temp_Status', ' CDD_Display_Temp_Status', 'CID ON/OFF', ' CDD ON/OFF', ' CID_BackLight ', ' CDD_BackLight', ' CID_X_Coordinates', ' CID_Y_Coordinates', ' CDD_X_Coordinates', ' CDD_Y_Coordinates', ' Light_Sensor_On', ' Light_Sensor_Off', ' Temp_1', 'Temp_2', ' Watchdog_reset', ' Hardware_reset', ' Power_reset', ' Clock_reset', ' DTC Stored']
2025-06-19 11:28:32,988 - InteractiveChartGenerator - INFO - Numeric columns: ['No:', ' Probe of Humidity(%)', 'Probe of Temperature(°C)', ' Reference Voltage(V)', 'Current[A]', ' CAN_status', 'CID ON/OFF', ' CDD ON/OFF', ' CID_BackLight ', ' CDD_BackLight', ' CID_X_Coordinates', ' CID_Y_Coordinates', ' CDD_X_Coordinates', ' CDD_Y_Coordinates', ' Light_Sensor_On', ' Light_Sensor_Off', ' Watchdog_reset', ' Hardware_reset', ' Power_reset', ' Clock_reset', ' DTC Stored']
2025-06-19 11:28:32,988 - InteractiveChartGenerator - INFO - Chartable columns: ['No:', ' Date & Time', ' Probe of Humidity(%)', 'Probe of Temperature(°C)', ' Reference Voltage(V)', 'Current[A]', ' CAN_status', 'CID ON/OFF', ' CDD ON/OFF', ' CID_BackLight ', ' CDD_BackLight', ' CID_X_Coordinates', ' CID_Y_Coordinates', ' CDD_X_Coordinates', ' CDD_Y_Coordinates', ' Light_Sensor_On', ' Light_Sensor_Off', ' Temp_1', 'Temp_2', ' Watchdog_reset', ' Hardware_reset', ' Power_reset', ' Clock_reset', ' DTC Stored']
2025-06-19 11:28:32,993 - InteractiveChartGenerator - INFO - Status: Loaded: DUT5_SN_VLIMS_SS 1#9.csv
2025-06-19 11:28:33,235 - InteractiveChartGenerator - INFO - Created interactive line chart with 1 series
2025-06-19 11:28:33,235 - InteractiveChartGenerator - INFO - Status: Chart updated
2025-06-19 11:28:33,235 - InteractiveChartGenerator - INFO - Chart preview updated: 1 series, line type
2025-06-19 11:28:33,236 - InteractiveChartGenerator - INFO - File loaded successfully: DUT5_SN_VLIMS_SS 1#9.csv
2025-06-19 11:28:35,872 - InteractiveChartGenerator - INFO - Converted column ' Date & Time' to datetime for charting
2025-06-19 11:28:35,965 - InteractiveChartGenerator - INFO - Created interactive line chart with 1 series
2025-06-19 11:28:35,965 - InteractiveChartGenerator - INFO - Status: Chart updated
2025-06-19 11:28:35,965 - InteractiveChartGenerator - INFO - Chart preview updated: 1 series, line type
2025-06-19 11:28:38,155 - InteractiveChartGenerator - INFO - Converted column ' Date & Time' to datetime for charting
2025-06-19 11:28:38,158 - InteractiveChartGenerator - INFO - Converted column ' DUT Mode' to categorical codes for charting
2025-06-19 11:28:38,251 - InteractiveChartGenerator - INFO - Created interactive line chart with 1 series
2025-06-19 11:28:38,251 - InteractiveChartGenerator - INFO - Status: Chart updated
2025-06-19 11:28:38,252 - InteractiveChartGenerator - INFO - Chart preview updated: 1 series, line type
2025-06-19 11:28:38,779 - InteractiveChartGenerator - INFO - Converted column ' Date & Time' to datetime for charting
2025-06-19 11:28:38,782 - InteractiveChartGenerator - INFO - Converted column ' DUT Mode' to categorical codes for charting
2025-06-19 11:28:38,884 - InteractiveChartGenerator - INFO - Created interactive line chart with 2 series
2025-06-19 11:28:38,884 - InteractiveChartGenerator - INFO - Status: Chart updated
2025-06-19 11:28:38,884 - InteractiveChartGenerator - INFO - Chart preview updated: 2 series, line type
2025-06-19 11:28:40,115 - InteractiveChartGenerator - INFO - Converted column ' Date & Time' to datetime for charting
2025-06-19 11:28:40,118 - InteractiveChartGenerator - INFO - Converted column ' DUT Mode' to categorical codes for charting
2025-06-19 11:28:40,229 - InteractiveChartGenerator - INFO - Created interactive line chart with 3 series
2025-06-19 11:28:40,229 - InteractiveChartGenerator - INFO - Status: Chart updated
2025-06-19 11:28:40,229 - InteractiveChartGenerator - INFO - Chart preview updated: 3 series, line type
2025-06-19 11:28:41,274 - InteractiveChartGenerator - INFO - Converted column ' Date & Time' to datetime for charting
2025-06-19 11:28:41,277 - InteractiveChartGenerator - INFO - Converted column ' DUT Mode' to categorical codes for charting
2025-06-19 11:28:41,281 - InteractiveChartGenerator - INFO - Converted column ' Dry contact value' to categorical codes for charting
2025-06-19 11:28:41,388 - InteractiveChartGenerator - INFO - Created interactive line chart with 4 series
2025-06-19 11:28:41,388 - InteractiveChartGenerator - INFO - Status: Chart updated
2025-06-19 11:28:41,389 - InteractiveChartGenerator - INFO - Chart preview updated: 4 series, line type
2025-06-19 11:28:49,571 - InteractiveChartGenerator - INFO - Converted column ' Date & Time' to datetime for charting
2025-06-19 11:28:49,574 - InteractiveChartGenerator - INFO - Converted column ' DUT Mode' to categorical codes for charting
2025-06-19 11:28:49,676 - InteractiveChartGenerator - INFO - Created interactive line chart with 3 series
2025-06-19 11:28:49,676 - InteractiveChartGenerator - INFO - Status: Chart updated
2025-06-19 11:28:49,677 - InteractiveChartGenerator - INFO - Chart preview updated: 3 series, line type
2025-06-19 11:29:10,206 - InteractiveChartGenerator - INFO - Converted column ' Date & Time' to datetime for charting
2025-06-19 11:29:10,209 - InteractiveChartGenerator - INFO - Converted column ' DUT Mode' to categorical codes for charting
2025-06-19 11:29:10,358 - InteractiveChartGenerator - INFO - Created interactive line chart with 3 series on 3 axes
2025-06-19 11:29:10,358 - InteractiveChartGenerator - INFO - Status: Chart updated
2025-06-19 11:29:10,358 - InteractiveChartGenerator - INFO - Chart preview updated: 3 series, line type
2025-06-19 11:29:20,026 - InteractiveChartGenerator - INFO - Converted column ' Date & Time' to datetime for charting
2025-06-19 11:29:20,029 - InteractiveChartGenerator - INFO - Converted column ' DUT Mode' to categorical codes for charting
2025-06-19 11:29:20,140 - InteractiveChartGenerator - INFO - Created interactive line chart with 3 series
2025-06-19 11:29:20,140 - InteractiveChartGenerator - INFO - Status: Chart updated
2025-06-19 11:29:20,140 - InteractiveChartGenerator - INFO - Chart preview updated: 3 series, line type
2025-06-19 11:29:41,687 - InteractiveChartGenerator - INFO - Status: Chart copied to clipboard
2025-06-19 11:30:13,510 - InteractiveChartGenerator - INFO - Converted column ' Date & Time' to datetime for charting
2025-06-19 11:30:13,513 - InteractiveChartGenerator - INFO - Converted column ' DUT Mode' to categorical codes for charting
2025-06-19 11:30:13,619 - InteractiveChartGenerator - INFO - Created interactive line chart with 3 series
2025-06-19 11:30:13,620 - InteractiveChartGenerator - INFO - Status: Chart updated
2025-06-19 11:30:13,620 - InteractiveChartGenerator - INFO - Chart preview updated: 3 series, line type
