2025-06-26 17:09:54,551 - InteractiveChartGenerator - INFO - Logging initialized. Log file: c:\Users\GILIEV\Documents\GitHub\Python-Projects\Chart generator\ChartGenerator_Interactive\logs\chart_generator_20250626_170954.log
2025-06-26 17:09:54,552 - InteractiveChartGenerator - INFO - Starting Interactive Chart Generator v2.0
2025-06-26 17:09:55,269 - InteractiveChartGenerator - INFO - Initializing application controller
2025-06-26 17:10:00,033 - InteractiveChartGenerator - INFO - Applied responsive styling for 1920px width screen
2025-06-26 17:10:00,033 - InteractiveChartGenerator - INFO - Interactive Chart Application initialized
2025-06-26 17:10:00,238 - InteractiveChartGenerator - INFO - Screen size: 1920x1080
2025-06-26 17:10:00,239 - InteractiveChartGenerator - INFO - Window size: 1632x864
2025-06-26 17:10:00,239 - InteractiveChartGenerator - INFO - Minimum size: 1152x700
2025-06-26 17:10:00,948 - InteractiveChartGenerator - INFO - Platform: Windows 11
2025-06-26 17:10:00,949 - InteractiveChartGenerator - INFO - Application started successfully
2025-06-26 17:10:13,759 - InteractiveChartGenerator - INFO - Detected delimiter: ','
2025-06-26 17:10:13,759 - InteractiveChartGenerator - INFO - Loading CSV file with smart header detection: C:/Users/GILIEV/Documents/GitHub/Python-Projects/DUT1_SN_VLIMS_SS 1#21_test2.csv
2025-06-26 17:10:13,761 - InteractiveChartGenerator - INFO - Found non-empty cell in column E at row 24
2025-06-26 17:10:13,761 - InteractiveChartGenerator - INFO - Detected header row at index 24 (line 25)
2025-06-26 17:10:13,764 - InteractiveChartGenerator - WARNING - Encoding utf-8 failed: 'utf-8' codec can't decode byte 0xb0 in position 21: invalid start byte
2025-06-26 17:10:13,778 - InteractiveChartGenerator - WARNING - Encoding utf-16 failed: 'utf-16' codec can't decode bytes in position 0-1: Stream does not start with BOM
2025-06-26 17:10:13,801 - InteractiveChartGenerator - INFO - Numeric columns: ['No:', ' Probe of Humidity(%)', 'Probe of Temperature(°C)', ' Reference Voltage(V)', 'Current[A]', ' CAN_status', 'CID ON/OFF', ' CDD ON/OFF', ' CID_BackLight ', ' CDD_BackLight', ' CID_X_Coordinates', ' CID_Y_Coordinates', ' CDD_X_Coordinates', ' CDD_Y_Coordinates', ' Light_Sensor_On', ' Light_Sensor_Off', ' Watchdog_reset', ' Hardware_reset', ' Power_reset', ' Clock_reset', ' DTC Stored']
2025-06-26 17:10:13,801 - InteractiveChartGenerator - INFO - Text columns: [' Date & Time', ' DUT Mode', ' Dry contact value', 'Current[A] Status', 'CID_Display_Temp_Status', ' CDD_Display_Temp_Status']
2025-06-26 17:10:13,801 - InteractiveChartGenerator - INFO - Successfully loaded 234 rows and 29 columns
2025-06-26 17:10:13,802 - InteractiveChartGenerator - INFO - Headers: ['No:', ' Date & Time', ' DUT Mode', ' Probe of Humidity(%)', 'Probe of Temperature(°C)', ' Dry contact value', ' Reference Voltage(V)', 'Current[A]', 'Current[A] Status', ' CAN_status', 'CID_Display_Temp_Status', ' CDD_Display_Temp_Status', 'CID ON/OFF', ' CDD ON/OFF', ' CID_BackLight ', ' CDD_BackLight', ' CID_X_Coordinates', ' CID_Y_Coordinates', ' CDD_X_Coordinates', ' CDD_Y_Coordinates', ' Light_Sensor_On', ' Light_Sensor_Off', ' Temp_1', 'Temp_2', ' Watchdog_reset', ' Hardware_reset', ' Power_reset', ' Clock_reset', ' DTC Stored']
2025-06-26 17:10:13,802 - InteractiveChartGenerator - INFO - Data types: {'No:': dtype('int64'), ' Date & Time': dtype('O'), ' DUT Mode': dtype('O'), ' Probe of Humidity(%)': dtype('float64'), 'Probe of Temperature(°C)': dtype('float64'), ' Dry contact value': dtype('O'), ' Reference Voltage(V)': dtype('float64'), 'Current[A]': dtype('float64'), 'Current[A] Status': dtype('O'), ' CAN_status': dtype('int64'), 'CID_Display_Temp_Status': dtype('O'), ' CDD_Display_Temp_Status': dtype('O'), 'CID ON/OFF': dtype('int64'), ' CDD ON/OFF': dtype('int64'), ' CID_BackLight ': dtype('int64'), ' CDD_BackLight': dtype('int64'), ' CID_X_Coordinates': dtype('int64'), ' CID_Y_Coordinates': dtype('int64'), ' CDD_X_Coordinates': dtype('int64'), ' CDD_Y_Coordinates': dtype('int64'), ' Light_Sensor_On': dtype('int64'), ' Light_Sensor_Off': dtype('int64'), ' Temp_1': dtype('bool'), 'Temp_2': dtype('bool'), ' Watchdog_reset': dtype('int64'), ' Hardware_reset': dtype('int64'), ' Power_reset': dtype('int64'), ' Clock_reset': dtype('int64'), ' DTC Stored': dtype('int64')}
2025-06-26 17:10:13,835 - InteractiveChartGenerator - INFO - All columns: ['No:', ' Date & Time', ' DUT Mode', ' Probe of Humidity(%)', 'Probe of Temperature(°C)', ' Dry contact value', ' Reference Voltage(V)', 'Current[A]', 'Current[A] Status', ' CAN_status', 'CID_Display_Temp_Status', ' CDD_Display_Temp_Status', 'CID ON/OFF', ' CDD ON/OFF', ' CID_BackLight ', ' CDD_BackLight', ' CID_X_Coordinates', ' CID_Y_Coordinates', ' CDD_X_Coordinates', ' CDD_Y_Coordinates', ' Light_Sensor_On', ' Light_Sensor_Off', ' Temp_1', 'Temp_2', ' Watchdog_reset', ' Hardware_reset', ' Power_reset', ' Clock_reset', ' DTC Stored']
2025-06-26 17:10:13,835 - InteractiveChartGenerator - INFO - Numeric columns: ['No:', ' Probe of Humidity(%)', 'Probe of Temperature(°C)', ' Reference Voltage(V)', 'Current[A]', ' CAN_status', 'CID ON/OFF', ' CDD ON/OFF', ' CID_BackLight ', ' CDD_BackLight', ' CID_X_Coordinates', ' CID_Y_Coordinates', ' CDD_X_Coordinates', ' CDD_Y_Coordinates', ' Light_Sensor_On', ' Light_Sensor_Off', ' Watchdog_reset', ' Hardware_reset', ' Power_reset', ' Clock_reset', ' DTC Stored']
2025-06-26 17:10:13,835 - InteractiveChartGenerator - INFO - Chartable columns: ['No:', ' Date & Time', ' Probe of Humidity(%)', 'Probe of Temperature(°C)', ' Reference Voltage(V)', 'Current[A]', ' CAN_status', 'CID ON/OFF', ' CDD ON/OFF', ' CID_BackLight ', ' CDD_BackLight', ' CID_X_Coordinates', ' CID_Y_Coordinates', ' CDD_X_Coordinates', ' CDD_Y_Coordinates', ' Light_Sensor_On', ' Light_Sensor_Off', ' Temp_1', 'Temp_2', ' Watchdog_reset', ' Hardware_reset', ' Power_reset', ' Clock_reset', ' DTC Stored']
2025-06-26 17:10:13,837 - InteractiveChartGenerator - INFO - Status: Loaded: DUT1_SN_VLIMS_SS 1#21_test2.csv
2025-06-26 17:10:14,146 - InteractiveChartGenerator - INFO - Created interactive line chart with 1 series
2025-06-26 17:10:14,146 - InteractiveChartGenerator - INFO - Status: Chart updated
2025-06-26 17:10:14,146 - InteractiveChartGenerator - INFO - Chart preview updated: 1 series, line type
2025-06-26 17:10:14,147 - InteractiveChartGenerator - INFO - File loaded successfully: DUT1_SN_VLIMS_SS 1#21_test2.csv
2025-06-26 17:10:28,488 - InteractiveChartGenerator - INFO - Created interactive line chart with 1 series
2025-06-26 17:10:28,488 - InteractiveChartGenerator - INFO - Status: Chart updated
2025-06-26 17:10:28,489 - InteractiveChartGenerator - INFO - Chart preview updated: 1 series, line type
2025-06-26 17:10:29,656 - InteractiveChartGenerator - INFO - Created interactive line chart with 1 series
2025-06-26 17:10:29,656 - InteractiveChartGenerator - INFO - Status: Chart updated
2025-06-26 17:10:29,656 - InteractiveChartGenerator - INFO - Chart preview updated: 1 series, line type
2025-06-26 17:10:42,058 - InteractiveChartGenerator - INFO - Detected delimiter: ','
2025-06-26 17:10:42,058 - InteractiveChartGenerator - INFO - Loading CSV file with smart header detection: C:/Users/GILIEV/Downloads/Logs_BR223_Downloaded_02.06.2025/Logs_BR223_Downloaded_02.06.2025/C-01/C-01/3_PTL/15-04-2025_17.25.01/DUT4_SN_VLIMS_SS 1#30.csv
2025-06-26 17:10:42,060 - InteractiveChartGenerator - INFO - Found non-empty cell in column E at row 24
2025-06-26 17:10:42,061 - InteractiveChartGenerator - INFO - Detected header row at index 24 (line 25)
2025-06-26 17:10:42,064 - InteractiveChartGenerator - WARNING - Encoding utf-8 failed: 'utf-8' codec can't decode byte 0xb0 in position 21: invalid start byte
2025-06-26 17:10:42,066 - InteractiveChartGenerator - WARNING - Encoding utf-16 failed: 'utf-16' codec can't decode bytes in position 0-1: Stream does not start with BOM
2025-06-26 17:10:42,074 - InteractiveChartGenerator - INFO - Numeric columns: [' DUT Mode', ' Probe of Humidity(%)', ' Dry contact value', ' Reference Voltage(V)', 'Current[A] Status', ' CDD_Display_Temp_Status', 'CID ON/OFF', ' CDD ON/OFF', ' CID_BackLight ', ' CDD_BackLight', ' CID_X_Coordinates', ' CID_Y_Coordinates', ' CDD_X_Coordinates', ' CDD_Y_Coordinates', ' Light_Sensor_On', 'Temp_2', ' Watchdog_reset', ' Hardware_reset', ' Power_reset', ' Clock_reset', ' DTC Stored']
2025-06-26 17:10:42,074 - InteractiveChartGenerator - INFO - Text columns: ['No:', ' Date & Time', 'Probe of Temperature(°C)', 'Current[A]', ' CAN_status', 'CID_Display_Temp_Status']
2025-06-26 17:10:42,074 - InteractiveChartGenerator - INFO - Successfully loaded 759 rows and 29 columns
2025-06-26 17:10:42,074 - InteractiveChartGenerator - INFO - Headers: ['No:', ' Date & Time', ' DUT Mode', ' Probe of Humidity(%)', 'Probe of Temperature(°C)', ' Dry contact value', ' Reference Voltage(V)', 'Current[A]', 'Current[A] Status', ' CAN_status', 'CID_Display_Temp_Status', ' CDD_Display_Temp_Status', 'CID ON/OFF', ' CDD ON/OFF', ' CID_BackLight ', ' CDD_BackLight', ' CID_X_Coordinates', ' CID_Y_Coordinates', ' CDD_X_Coordinates', ' CDD_Y_Coordinates', ' Light_Sensor_On', ' Light_Sensor_Off', ' Temp_1', 'Temp_2', ' Watchdog_reset', ' Hardware_reset', ' Power_reset', ' Clock_reset', ' DTC Stored']
2025-06-26 17:10:42,075 - InteractiveChartGenerator - INFO - Data types: {'No:': dtype('O'), ' Date & Time': dtype('O'), ' DUT Mode': dtype('float64'), ' Probe of Humidity(%)': dtype('float64'), 'Probe of Temperature(°C)': dtype('O'), ' Dry contact value': dtype('float64'), ' Reference Voltage(V)': dtype('float64'), 'Current[A]': dtype('O'), 'Current[A] Status': dtype('int64'), ' CAN_status': dtype('O'), 'CID_Display_Temp_Status': dtype('O'), ' CDD_Display_Temp_Status': dtype('int64'), 'CID ON/OFF': dtype('int64'), ' CDD ON/OFF': dtype('int64'), ' CID_BackLight ': dtype('int64'), ' CDD_BackLight': dtype('int64'), ' CID_X_Coordinates': dtype('int64'), ' CID_Y_Coordinates': dtype('int64'), ' CDD_X_Coordinates': dtype('int64'), ' CDD_Y_Coordinates': dtype('int64'), ' Light_Sensor_On': dtype('int64'), ' Light_Sensor_Off': dtype('bool'), ' Temp_1': dtype('bool'), 'Temp_2': dtype('int64'), ' Watchdog_reset': dtype('int64'), ' Hardware_reset': dtype('int64'), ' Power_reset': dtype('int64'), ' Clock_reset': dtype('int64'), ' DTC Stored': dtype('float64')}
2025-06-26 17:10:42,099 - InteractiveChartGenerator - INFO - All columns: ['No:', ' Date & Time', ' DUT Mode', ' Probe of Humidity(%)', 'Probe of Temperature(°C)', ' Dry contact value', ' Reference Voltage(V)', 'Current[A]', 'Current[A] Status', ' CAN_status', 'CID_Display_Temp_Status', ' CDD_Display_Temp_Status', 'CID ON/OFF', ' CDD ON/OFF', ' CID_BackLight ', ' CDD_BackLight', ' CID_X_Coordinates', ' CID_Y_Coordinates', ' CDD_X_Coordinates', ' CDD_Y_Coordinates', ' Light_Sensor_On', ' Light_Sensor_Off', ' Temp_1', 'Temp_2', ' Watchdog_reset', ' Hardware_reset', ' Power_reset', ' Clock_reset', ' DTC Stored']
2025-06-26 17:10:42,099 - InteractiveChartGenerator - INFO - Numeric columns: [' DUT Mode', ' Probe of Humidity(%)', ' Dry contact value', ' Reference Voltage(V)', 'Current[A] Status', ' CDD_Display_Temp_Status', 'CID ON/OFF', ' CDD ON/OFF', ' CID_BackLight ', ' CDD_BackLight', ' CID_X_Coordinates', ' CID_Y_Coordinates', ' CDD_X_Coordinates', ' CDD_Y_Coordinates', ' Light_Sensor_On', 'Temp_2', ' Watchdog_reset', ' Hardware_reset', ' Power_reset', ' Clock_reset', ' DTC Stored']
2025-06-26 17:10:42,099 - InteractiveChartGenerator - INFO - Chartable columns: ['No:', ' DUT Mode', ' Probe of Humidity(%)', ' Dry contact value', ' Reference Voltage(V)', 'Current[A] Status', ' CDD_Display_Temp_Status', 'CID ON/OFF', ' CDD ON/OFF', ' CID_BackLight ', ' CDD_BackLight', ' CID_X_Coordinates', ' CID_Y_Coordinates', ' CDD_X_Coordinates', ' CDD_Y_Coordinates', ' Light_Sensor_On', ' Light_Sensor_Off', ' Temp_1', 'Temp_2', ' Watchdog_reset', ' Hardware_reset', ' Power_reset', ' Clock_reset', ' DTC Stored']
2025-06-26 17:10:42,100 - InteractiveChartGenerator - INFO - Status: Loaded: DUT4_SN_VLIMS_SS 1#30.csv
2025-06-26 17:10:42,103 - InteractiveChartGenerator - INFO - Converted column 'No:' to datetime for charting
2025-06-26 17:10:42,105 - InteractiveChartGenerator - INFO - Converted column 'No:' to datetime for charting
2025-06-26 17:10:42,200 - InteractiveChartGenerator - INFO - Created interactive line chart with 1 series
2025-06-26 17:10:42,200 - InteractiveChartGenerator - INFO - Status: Chart updated
2025-06-26 17:10:42,200 - InteractiveChartGenerator - INFO - Chart preview updated: 1 series, line type
2025-06-26 17:10:42,201 - InteractiveChartGenerator - INFO - File loaded successfully: DUT4_SN_VLIMS_SS 1#30.csv
2025-06-26 17:10:42,271 - InteractiveChartGenerator - INFO - Converted column 'No:' to datetime for charting
2025-06-26 17:10:42,274 - InteractiveChartGenerator - INFO - Converted column 'No:' to datetime for charting
2025-06-26 17:10:42,382 - InteractiveChartGenerator - INFO - Created interactive line chart with 1 series
2025-06-26 17:10:42,382 - InteractiveChartGenerator - INFO - Status: Chart updated
2025-06-26 17:10:42,382 - InteractiveChartGenerator - INFO - Chart preview updated: 1 series, line type
2025-06-26 17:11:49,651 - InteractiveChartGenerator - INFO - Converted column 'No:' to datetime for charting
2025-06-26 17:11:49,654 - InteractiveChartGenerator - INFO - Converted column 'No:' to datetime for charting
2025-06-26 17:11:49,759 - InteractiveChartGenerator - INFO - Created interactive line chart with 1 series
2025-06-26 17:11:49,759 - InteractiveChartGenerator - INFO - Status: Chart updated
2025-06-26 17:11:49,759 - InteractiveChartGenerator - INFO - Chart preview updated: 1 series, line type
2025-06-26 17:11:51,125 - InteractiveChartGenerator - INFO - Converted column 'No:' to datetime for charting
2025-06-26 17:11:51,130 - InteractiveChartGenerator - INFO - Converted column 'No:' to datetime for charting
2025-06-26 17:11:51,232 - InteractiveChartGenerator - INFO - Created interactive line chart with 1 series
2025-06-26 17:11:51,233 - InteractiveChartGenerator - INFO - Status: Chart updated
2025-06-26 17:11:51,233 - InteractiveChartGenerator - INFO - Chart preview updated: 1 series, line type
2025-06-26 17:12:00,689 - InteractiveChartGenerator - INFO - Detected delimiter: ','
2025-06-26 17:12:00,689 - InteractiveChartGenerator - INFO - Loading CSV file with smart header detection: C:/Users/GILIEV/Downloads/Logs_BR223_Downloaded_02.06.2025/Logs_BR223_Downloaded_02.06.2025/C-01/C-01/3_PTL/15-04-2025_17.25.01/DUT4_SN_VLIMS_SS 1#30_test_commas.csv
2025-06-26 17:12:00,691 - InteractiveChartGenerator - INFO - Found non-empty cell in column E at row 24
2025-06-26 17:12:00,691 - InteractiveChartGenerator - INFO - Detected header row at index 24 (line 25)
2025-06-26 17:12:00,694 - InteractiveChartGenerator - WARNING - Encoding utf-8 failed: 'utf-8' codec can't decode byte 0xb0 in position 21: invalid start byte
2025-06-26 17:12:00,697 - InteractiveChartGenerator - WARNING - Encoding utf-16 failed: 'utf-16' codec can't decode bytes in position 0-1: Stream does not start with BOM
2025-06-26 17:12:00,705 - InteractiveChartGenerator - INFO - Numeric columns: ['No:', ' Probe of Humidity(%)', 'Probe of Temperature(°C)', ' Reference Voltage(V)', 'Current[A]', ' CAN_status', 'CID ON/OFF', ' CDD ON/OFF', ' CID_BackLight ', ' CDD_BackLight', ' CID_X_Coordinates', ' CID_Y_Coordinates', ' CDD_X_Coordinates', ' CDD_Y_Coordinates', ' Light_Sensor_On', ' Light_Sensor_Off', ' Watchdog_reset', ' Hardware_reset', ' Power_reset', ' Clock_reset', ' DTC Stored']
2025-06-26 17:12:00,705 - InteractiveChartGenerator - INFO - Text columns: [' Date & Time', ' DUT Mode', ' Dry contact value', 'Current[A] Status', 'CID_Display_Temp_Status', ' CDD_Display_Temp_Status']
2025-06-26 17:12:00,705 - InteractiveChartGenerator - INFO - Successfully loaded 759 rows and 29 columns
2025-06-26 17:12:00,705 - InteractiveChartGenerator - INFO - Headers: ['No:', ' Date & Time', ' DUT Mode', ' Probe of Humidity(%)', 'Probe of Temperature(°C)', ' Dry contact value', ' Reference Voltage(V)', 'Current[A]', 'Current[A] Status', ' CAN_status', 'CID_Display_Temp_Status', ' CDD_Display_Temp_Status', 'CID ON/OFF', ' CDD ON/OFF', ' CID_BackLight ', ' CDD_BackLight', ' CID_X_Coordinates', ' CID_Y_Coordinates', ' CDD_X_Coordinates', ' CDD_Y_Coordinates', ' Light_Sensor_On', ' Light_Sensor_Off', ' Temp_1', 'Temp_2', ' Watchdog_reset', ' Hardware_reset', ' Power_reset', ' Clock_reset', ' DTC Stored']
2025-06-26 17:12:00,706 - InteractiveChartGenerator - INFO - Data types: {'No:': dtype('int64'), ' Date & Time': dtype('O'), ' DUT Mode': dtype('O'), ' Probe of Humidity(%)': dtype('float64'), 'Probe of Temperature(°C)': dtype('float64'), ' Dry contact value': dtype('O'), ' Reference Voltage(V)': dtype('float64'), 'Current[A]': dtype('float64'), 'Current[A] Status': dtype('O'), ' CAN_status': dtype('int64'), 'CID_Display_Temp_Status': dtype('O'), ' CDD_Display_Temp_Status': dtype('O'), 'CID ON/OFF': dtype('int64'), ' CDD ON/OFF': dtype('int64'), ' CID_BackLight ': dtype('int64'), ' CDD_BackLight': dtype('int64'), ' CID_X_Coordinates': dtype('int64'), ' CID_Y_Coordinates': dtype('int64'), ' CDD_X_Coordinates': dtype('int64'), ' CDD_Y_Coordinates': dtype('int64'), ' Light_Sensor_On': dtype('int64'), ' Light_Sensor_Off': dtype('int64'), ' Temp_1': dtype('bool'), 'Temp_2': dtype('bool'), ' Watchdog_reset': dtype('int64'), ' Hardware_reset': dtype('int64'), ' Power_reset': dtype('int64'), ' Clock_reset': dtype('int64'), ' DTC Stored': dtype('int64')}
2025-06-26 17:12:00,731 - InteractiveChartGenerator - INFO - All columns: ['No:', ' Date & Time', ' DUT Mode', ' Probe of Humidity(%)', 'Probe of Temperature(°C)', ' Dry contact value', ' Reference Voltage(V)', 'Current[A]', 'Current[A] Status', ' CAN_status', 'CID_Display_Temp_Status', ' CDD_Display_Temp_Status', 'CID ON/OFF', ' CDD ON/OFF', ' CID_BackLight ', ' CDD_BackLight', ' CID_X_Coordinates', ' CID_Y_Coordinates', ' CDD_X_Coordinates', ' CDD_Y_Coordinates', ' Light_Sensor_On', ' Light_Sensor_Off', ' Temp_1', 'Temp_2', ' Watchdog_reset', ' Hardware_reset', ' Power_reset', ' Clock_reset', ' DTC Stored']
2025-06-26 17:12:00,732 - InteractiveChartGenerator - INFO - Numeric columns: ['No:', ' Probe of Humidity(%)', 'Probe of Temperature(°C)', ' Reference Voltage(V)', 'Current[A]', ' CAN_status', 'CID ON/OFF', ' CDD ON/OFF', ' CID_BackLight ', ' CDD_BackLight', ' CID_X_Coordinates', ' CID_Y_Coordinates', ' CDD_X_Coordinates', ' CDD_Y_Coordinates', ' Light_Sensor_On', ' Light_Sensor_Off', ' Watchdog_reset', ' Hardware_reset', ' Power_reset', ' Clock_reset', ' DTC Stored']
2025-06-26 17:12:00,732 - InteractiveChartGenerator - INFO - Chartable columns: ['No:', ' Date & Time', ' Probe of Humidity(%)', 'Probe of Temperature(°C)', ' Reference Voltage(V)', 'Current[A]', ' CAN_status', 'CID ON/OFF', ' CDD ON/OFF', ' CID_BackLight ', ' CDD_BackLight', ' CID_X_Coordinates', ' CID_Y_Coordinates', ' CDD_X_Coordinates', ' CDD_Y_Coordinates', ' Light_Sensor_On', ' Light_Sensor_Off', ' Temp_1', 'Temp_2', ' Watchdog_reset', ' Hardware_reset', ' Power_reset', ' Clock_reset', ' DTC Stored']
2025-06-26 17:12:00,733 - InteractiveChartGenerator - INFO - Status: Loaded: DUT4_SN_VLIMS_SS 1#30_test_commas.csv
2025-06-26 17:12:00,815 - InteractiveChartGenerator - INFO - Created interactive line chart with 1 series
2025-06-26 17:12:00,815 - InteractiveChartGenerator - INFO - Status: Chart updated
2025-06-26 17:12:00,815 - InteractiveChartGenerator - INFO - Chart preview updated: 1 series, line type
2025-06-26 17:12:00,815 - InteractiveChartGenerator - INFO - File loaded successfully: DUT4_SN_VLIMS_SS 1#30_test_commas.csv
2025-06-26 17:12:00,958 - InteractiveChartGenerator - INFO - Created interactive line chart with 1 series
2025-06-26 17:12:00,958 - InteractiveChartGenerator - INFO - Status: Chart updated
2025-06-26 17:12:00,958 - InteractiveChartGenerator - INFO - Chart preview updated: 1 series, line type
2025-06-26 17:12:45,601 - InteractiveChartGenerator - INFO - Created interactive line chart with 1 series
2025-06-26 17:12:45,601 - InteractiveChartGenerator - INFO - Status: Chart updated
2025-06-26 17:12:45,602 - InteractiveChartGenerator - INFO - Chart preview updated: 1 series, line type
2025-06-26 17:12:46,550 - InteractiveChartGenerator - INFO - Created interactive line chart with 1 series
2025-06-26 17:12:46,550 - InteractiveChartGenerator - INFO - Status: Chart updated
2025-06-26 17:12:46,550 - InteractiveChartGenerator - INFO - Chart preview updated: 1 series, line type
2025-06-26 17:12:48,259 - InteractiveChartGenerator - INFO - Cleaning up application resources
2025-06-26 17:12:48,259 - InteractiveChartGenerator - WARNING - Error during cleanup: can't invoke "destroy" command: application has been destroyed
