2025-06-25 12:52:35,422 - InteractiveChartGenerator - INFO - Logging initialized. Log file: C:\Users\GILIEV\Documents\GitHub\Python-Projects\Chart generator\ChartGenerator_Interactive\logs\chart_generator_20250625_125235.log
2025-06-25 12:52:35,423 - InteractiveChartGenerator - INFO - Starting Interactive Chart Generator v2.0
2025-06-25 12:52:35,721 - InteractiveChartGenerator - INFO - Initializing application controller
2025-06-25 12:52:37,317 - InteractiveChartGenerator - INFO - Applied responsive styling for 1536px width screen
2025-06-25 12:52:37,317 - InteractiveChartGenerator - INFO - Interactive Chart Application initialized
2025-06-25 12:52:37,337 - InteractiveChartGenerator - INFO - Screen size: 1536x864
2025-06-25 12:52:37,337 - InteractiveChartGenerator - INFO - Window size: 1305x691
2025-06-25 12:52:37,337 - InteractiveChartGenerator - INFO - Minimum size: 1000x700
2025-06-25 12:52:37,410 - InteractiveChartGenerator - INFO - Platform: Windows 11
2025-06-25 12:52:37,410 - InteractiveChartGenerator - INFO - Application started successfully
2025-06-25 12:52:55,192 - InteractiveChartGenerator - INFO - Loading CSV file with smart header detection: C:/Users/GILIEV/Downloads/Logs_BR223_Downloaded_02.06.2025/Logs_BR223_Downloaded_02.06.2025/ESD/ESD/3_PTL/17-04-2025_18.14.40/DUT1_SN_VLIMS_SS 1#3.csv
2025-06-25 12:52:55,197 - InteractiveChartGenerator - INFO - Found non-empty cell in column E at row 24
2025-06-25 12:52:55,198 - InteractiveChartGenerator - INFO - Detected header row at index 24 (line 25)
2025-06-25 12:52:55,201 - InteractiveChartGenerator - WARNING - UTF-8 encoding failed, trying latin1
2025-06-25 12:52:55,214 - InteractiveChartGenerator - INFO - Original columns: ['No:', ' Date & Time', ' DUT Mode', ' Probe of Humidity(%)', 'Probe of Temperature(°C)', ' Dry contact value', ' Reference Voltage(V)', 'Current[A]', 'Current[A] Status', ' CAN_status', 'CID_Display_Temp_Status', ' CDD_Display_Temp_Status', 'CID ON/OFF', ' CDD ON/OFF', ' CID_BackLight ', ' CDD_BackLight', ' CID_X_Coordinates', ' CID_Y_Coordinates', ' CDD_X_Coordinates', ' CDD_Y_Coordinates', ' Light_Sensor_On', ' Light_Sensor_Off', ' Temp_1', 'Temp_2', ' Watchdog_reset', ' Hardware_reset', ' Power_reset', ' Clock_reset', ' DTC Stored']
2025-06-25 12:52:55,217 - InteractiveChartGenerator - INFO - Marking column ' DTC Stored' for removal (empty column)
2025-06-25 12:52:55,217 - InteractiveChartGenerator - INFO - Removing 1 unwanted columns: [' DTC Stored']
2025-06-25 12:52:55,218 - InteractiveChartGenerator - INFO - Cleaned columns: ['No:', ' Date & Time', ' DUT Mode', ' Probe of Humidity(%)', 'Probe of Temperature(°C)', ' Dry contact value', ' Reference Voltage(V)', 'Current[A]', 'Current[A] Status', ' CAN_status', 'CID_Display_Temp_Status', ' CDD_Display_Temp_Status', 'CID ON/OFF', ' CDD ON/OFF', ' CID_BackLight ', ' CDD_BackLight', ' CID_X_Coordinates', ' CID_Y_Coordinates', ' CDD_X_Coordinates', ' CDD_Y_Coordinates', ' Light_Sensor_On', ' Light_Sensor_Off', ' Temp_1', 'Temp_2', ' Watchdog_reset', ' Hardware_reset', ' Power_reset', ' Clock_reset']
2025-06-25 12:52:55,227 - InteractiveChartGenerator - INFO - Numeric columns: [' DUT Mode', ' Probe of Humidity(%)', ' Dry contact value', ' Reference Voltage(V)', 'Current[A] Status', ' CDD_Display_Temp_Status', 'CID ON/OFF', ' CDD ON/OFF', ' CID_BackLight ', ' CDD_BackLight', ' CID_X_Coordinates', ' CID_Y_Coordinates', ' CDD_X_Coordinates', ' CDD_Y_Coordinates', ' Light_Sensor_On', 'Temp_2', ' Watchdog_reset', ' Hardware_reset', ' Power_reset', ' Clock_reset']
2025-06-25 12:52:55,227 - InteractiveChartGenerator - INFO - Text columns: ['No:', ' Date & Time', 'Probe of Temperature(°C)', 'Current[A]', ' CAN_status', 'CID_Display_Temp_Status']
2025-06-25 12:52:55,228 - InteractiveChartGenerator - INFO - Successfully loaded 2095 rows and 28 columns
2025-06-25 12:52:55,228 - InteractiveChartGenerator - INFO - Final headers: ['No:', ' Date & Time', ' DUT Mode', ' Probe of Humidity(%)', 'Probe of Temperature(°C)', ' Dry contact value', ' Reference Voltage(V)', 'Current[A]', 'Current[A] Status', ' CAN_status', 'CID_Display_Temp_Status', ' CDD_Display_Temp_Status', 'CID ON/OFF', ' CDD ON/OFF', ' CID_BackLight ', ' CDD_BackLight', ' CID_X_Coordinates', ' CID_Y_Coordinates', ' CDD_X_Coordinates', ' CDD_Y_Coordinates', ' Light_Sensor_On', ' Light_Sensor_Off', ' Temp_1', 'Temp_2', ' Watchdog_reset', ' Hardware_reset', ' Power_reset', ' Clock_reset']
2025-06-25 12:52:55,229 - InteractiveChartGenerator - INFO - Data types: {'No:': dtype('O'), ' Date & Time': dtype('O'), ' DUT Mode': dtype('float64'), ' Probe of Humidity(%)': dtype('float64'), 'Probe of Temperature(°C)': dtype('O'), ' Dry contact value': dtype('float64'), ' Reference Voltage(V)': dtype('float64'), 'Current[A]': dtype('O'), 'Current[A] Status': dtype('int64'), ' CAN_status': dtype('O'), 'CID_Display_Temp_Status': dtype('O'), ' CDD_Display_Temp_Status': dtype('int64'), 'CID ON/OFF': dtype('int64'), ' CDD ON/OFF': dtype('int64'), ' CID_BackLight ': dtype('int64'), ' CDD_BackLight': dtype('int64'), ' CID_X_Coordinates': dtype('int64'), ' CID_Y_Coordinates': dtype('int64'), ' CDD_X_Coordinates': dtype('int64'), ' CDD_Y_Coordinates': dtype('int64'), ' Light_Sensor_On': dtype('int64'), ' Light_Sensor_Off': dtype('bool'), ' Temp_1': dtype('bool'), 'Temp_2': dtype('int64'), ' Watchdog_reset': dtype('int64'), ' Hardware_reset': dtype('int64'), ' Power_reset': dtype('int64'), ' Clock_reset': dtype('int64')}
2025-06-25 12:52:55,229 - InteractiveChartGenerator - INFO - Sample data (first 3 rows):
2025-06-25 12:52:55,230 - InteractiveChartGenerator - INFO -   Row 1: {'No:': '17/04/2025  18:31:49', ' Date & Time': 'Wake Mode', ' DUT Mode': 53.1, ' Probe of Humidity(%)': 23.0, 'Probe of Temperature(°C)': '5/Operating Max Mode', ' Dry contact value': 13.5, ' Reference Voltage(V)': 2.752191, 'Current[A]': 'NOK', 'Current[A] Status': 0, ' CAN_status': 'NORM_OPTRN', 'CID_Display_Temp_Status': 'NORM_OPTRN', ' CDD_Display_Temp_Status': 1, 'CID ON/OFF': 1, ' CDD ON/OFF': 1, ' CID_BackLight ': 1, ' CDD_BackLight': 0, ' CID_X_Coordinates': 0, ' CID_Y_Coordinates': 0, ' CDD_X_Coordinates': 0, ' CDD_Y_Coordinates': 10, ' Light_Sensor_On': 10, ' Light_Sensor_Off': True, ' Temp_1': True, 'Temp_2': -1, ' Watchdog_reset': -1, ' Hardware_reset': -1, ' Power_reset': -1, ' Clock_reset': -1}
2025-06-25 12:52:55,230 - InteractiveChartGenerator - INFO -   Row 2: {'No:': '17/04/2025  18:37:46', ' Date & Time': 'Wake Mode', ' DUT Mode': 39.4, ' Probe of Humidity(%)': 23.3, 'Probe of Temperature(°C)': '3/Operating Max Mode', ' Dry contact value': 13.5, ' Reference Voltage(V)': 2.749232, 'Current[A]': 'NOK', 'Current[A] Status': 0, ' CAN_status': 'NORM_OPTRN', 'CID_Display_Temp_Status': 'NORM_OPTRN', ' CDD_Display_Temp_Status': 1, 'CID ON/OFF': 1, ' CDD ON/OFF': 1, ' CID_BackLight ': 1, ' CDD_BackLight': 0, ' CID_X_Coordinates': 0, ' CID_Y_Coordinates': 0, ' CDD_X_Coordinates': 0, ' CDD_Y_Coordinates': 10, ' Light_Sensor_On': 10, ' Light_Sensor_Off': True, ' Temp_1': True, 'Temp_2': -1, ' Watchdog_reset': -1, ' Hardware_reset': -1, ' Power_reset': -1, ' Clock_reset': -1}
2025-06-25 12:52:55,231 - InteractiveChartGenerator - INFO -   Row 3: {'No:': '17/04/2025  18:43:41', ' Date & Time': 'Wake Mode', ' DUT Mode': 30.3, ' Probe of Humidity(%)': 23.4, 'Probe of Temperature(°C)': '3/Operating Max Mode', ' Dry contact value': 6.0, ' Reference Voltage(V)': 1.173546, 'Current[A]': 'NOK - Different Voltage', 'Current[A] Status': 0, ' CAN_status': 'NORM_OPTRN', 'CID_Display_Temp_Status': 'NORM_OPTRN', ' CDD_Display_Temp_Status': 1, 'CID ON/OFF': 1, ' CDD ON/OFF': 1, ' CID_BackLight ': 1, ' CDD_BackLight': 0, ' CID_X_Coordinates': 0, ' CID_Y_Coordinates': 0, ' CDD_X_Coordinates': 0, ' CDD_Y_Coordinates': 0, ' Light_Sensor_On': 0, ' Light_Sensor_Off': True, ' Temp_1': False, 'Temp_2': -1, ' Watchdog_reset': -1, ' Hardware_reset': -1, ' Power_reset': -1, ' Clock_reset': -1}
2025-06-25 12:52:55,255 - InteractiveChartGenerator - INFO - All columns: ['No:', ' Date & Time', ' DUT Mode', ' Probe of Humidity(%)', 'Probe of Temperature(°C)', ' Dry contact value', ' Reference Voltage(V)', 'Current[A]', 'Current[A] Status', ' CAN_status', 'CID_Display_Temp_Status', ' CDD_Display_Temp_Status', 'CID ON/OFF', ' CDD ON/OFF', ' CID_BackLight ', ' CDD_BackLight', ' CID_X_Coordinates', ' CID_Y_Coordinates', ' CDD_X_Coordinates', ' CDD_Y_Coordinates', ' Light_Sensor_On', ' Light_Sensor_Off', ' Temp_1', 'Temp_2', ' Watchdog_reset', ' Hardware_reset', ' Power_reset', ' Clock_reset']
2025-06-25 12:52:55,255 - InteractiveChartGenerator - INFO - Numeric columns: [' DUT Mode', ' Probe of Humidity(%)', ' Dry contact value', ' Reference Voltage(V)', 'Current[A] Status', ' CDD_Display_Temp_Status', 'CID ON/OFF', ' CDD ON/OFF', ' CID_BackLight ', ' CDD_BackLight', ' CID_X_Coordinates', ' CID_Y_Coordinates', ' CDD_X_Coordinates', ' CDD_Y_Coordinates', ' Light_Sensor_On', 'Temp_2', ' Watchdog_reset', ' Hardware_reset', ' Power_reset', ' Clock_reset']
2025-06-25 12:52:55,256 - InteractiveChartGenerator - INFO - Chartable columns: ['No:', ' DUT Mode', ' Probe of Humidity(%)', ' Dry contact value', ' Reference Voltage(V)', 'Current[A] Status', ' CDD_Display_Temp_Status', 'CID ON/OFF', ' CDD ON/OFF', ' CID_BackLight ', ' CDD_BackLight', ' CID_X_Coordinates', ' CID_Y_Coordinates', ' CDD_X_Coordinates', ' CDD_Y_Coordinates', ' Light_Sensor_On', ' Light_Sensor_Off', ' Temp_1', 'Temp_2', ' Watchdog_reset', ' Hardware_reset', ' Power_reset', ' Clock_reset']
2025-06-25 12:52:55,258 - InteractiveChartGenerator - INFO - Status: Loaded: DUT1_SN_VLIMS_SS 1#3.csv
2025-06-25 12:52:55,265 - InteractiveChartGenerator - INFO - Converted column 'No:' to datetime for charting
2025-06-25 12:52:55,271 - InteractiveChartGenerator - INFO - Converted column 'No:' to datetime for charting
2025-06-25 12:52:55,406 - InteractiveChartGenerator - INFO - Created interactive line chart with 1 series
2025-06-25 12:52:55,406 - InteractiveChartGenerator - INFO - Status: Chart updated
2025-06-25 12:52:55,406 - InteractiveChartGenerator - INFO - Chart preview updated: 1 series, line type
2025-06-25 12:52:55,406 - InteractiveChartGenerator - INFO - File loaded successfully: DUT1_SN_VLIMS_SS 1#3.csv
2025-06-25 12:53:00,549 - InteractiveChartGenerator - INFO - Converted column 'No:' to datetime for charting
2025-06-25 12:53:00,556 - InteractiveChartGenerator - INFO - Converted column 'No:' to datetime for charting
2025-06-25 12:53:00,661 - InteractiveChartGenerator - INFO - Created interactive line chart with 1 series
2025-06-25 12:53:00,661 - InteractiveChartGenerator - INFO - Status: Chart updated
2025-06-25 12:53:00,662 - InteractiveChartGenerator - INFO - Chart preview updated: 1 series, line type
2025-06-25 12:53:02,156 - InteractiveChartGenerator - INFO - Cleaning up application resources
2025-06-25 12:53:02,156 - InteractiveChartGenerator - WARNING - Error during cleanup: can't invoke "destroy" command: application has been destroyed
