2025-06-18 15:01:46,478 - InteractiveChartGenerator - INFO - Logging initialized. Log file: c:\Users\GILIEV\Documents\GitHub\Python-Projects\Chart generator\ChartGenerator_Interactive\logs\chart_generator_20250618_150146.log
2025-06-18 15:01:46,478 - InteractiveChartGenerator - INFO - Starting Interactive Chart Generator v2.0
2025-06-18 15:01:47,454 - InteractiveChartGenerator - INFO - Interactive Chart Application initialized
2025-06-18 15:01:47,577 - InteractiveChartGenerator - INFO - Application started successfully
2025-06-18 15:02:02,685 - InteractiveChartGenerator - INFO - Loading CSV file: C:/Users/GILIEV/Desktop/Chart generator/DUT Logs/DUT_1 1.csv
2025-06-18 15:02:02,723 - InteractiveChartGenerator - INFO - Numeric columns: ['Name of the script:', 'Incoming_Test(5_point_Meas)_Bench25', 'Unnamed: 3', 'Unnamed: 4', 'Unnamed: 5', 'Unnamed: 7', 'Unnamed: 9', 'Unnamed: 11', 'Unnamed: 15', 'Unnamed: 20']
2025-06-18 15:02:02,723 - InteractiveChartGenerator - INFO - Text columns: ['Unnamed: 2', 'Unnamed: 6', 'Unnamed: 8', 'Unnamed: 10', 'Unnamed: 12', 'Unnamed: 13', 'Unnamed: 14', 'Unnamed: 16', 'Unnamed: 17', 'Unnamed: 18', 'Unnamed: 19']
2025-06-18 15:02:02,723 - InteractiveChartGenerator - INFO - Successfully loaded 522 rows and 21 columns
2025-06-18 15:02:02,724 - InteractiveChartGenerator - INFO - Columns: ['Name of the script:', 'Incoming_Test(5_point_Meas)_Bench25', 'Unnamed: 2', 'Unnamed: 3', 'Unnamed: 4', 'Unnamed: 5', 'Unnamed: 6', 'Unnamed: 7', 'Unnamed: 8', 'Unnamed: 9', 'Unnamed: 10', 'Unnamed: 11', 'Unnamed: 12', 'Unnamed: 13', 'Unnamed: 14', 'Unnamed: 15', 'Unnamed: 16', 'Unnamed: 17', 'Unnamed: 18', 'Unnamed: 19', 'Unnamed: 20']
2025-06-18 15:02:02,729 - InteractiveChartGenerator - INFO - Status: Loaded: DUT_1 1.csv
2025-06-18 15:02:02,988 - InteractiveChartGenerator - INFO - Created interactive line chart with 1 series
2025-06-18 15:02:02,989 - InteractiveChartGenerator - INFO - Status: Chart updated
2025-06-18 15:02:02,989 - InteractiveChartGenerator - INFO - Chart preview updated: 1 series, line type
2025-06-18 15:02:02,989 - InteractiveChartGenerator - INFO - File loaded successfully: DUT_1 1.csv
2025-06-18 15:02:09,216 - InteractiveChartGenerator - INFO - Loading CSV file: c:\Users\GILIEV\Documents\GitHub\Python-Projects\Chart generator\ChartGenerator_Interactive\data\sample_environmental_data.csv
2025-06-18 15:02:09,228 - InteractiveChartGenerator - INFO - Numeric columns: ['Time', 'Temperature', 'Humidity', 'Pressure']
2025-06-18 15:02:09,229 - InteractiveChartGenerator - INFO - Successfully loaded 21 rows and 4 columns
2025-06-18 15:02:09,229 - InteractiveChartGenerator - INFO - Columns: ['Time', 'Temperature', 'Humidity', 'Pressure']
2025-06-18 15:02:09,236 - InteractiveChartGenerator - INFO - Status: Loaded: sample_environmental_data.csv
2025-06-18 15:02:09,331 - InteractiveChartGenerator - INFO - Created interactive line chart with 1 series
2025-06-18 15:02:09,332 - InteractiveChartGenerator - INFO - Status: Chart updated
2025-06-18 15:02:09,332 - InteractiveChartGenerator - INFO - Chart preview updated: 1 series, line type
2025-06-18 15:02:09,332 - InteractiveChartGenerator - INFO - File loaded successfully: sample_environmental_data.csv
2025-06-18 15:02:13,012 - InteractiveChartGenerator - INFO - Created interactive line chart with 2 series
2025-06-18 15:02:13,012 - InteractiveChartGenerator - INFO - Status: Chart updated
2025-06-18 15:02:13,012 - InteractiveChartGenerator - INFO - Chart preview updated: 2 series, line type
2025-06-18 15:02:14,496 - InteractiveChartGenerator - INFO - Created interactive line chart with 3 series
2025-06-18 15:02:14,496 - InteractiveChartGenerator - INFO - Status: Chart updated
2025-06-18 15:02:14,497 - InteractiveChartGenerator - INFO - Chart preview updated: 3 series, line type
2025-06-18 15:02:17,329 - InteractiveChartGenerator - INFO - Loading CSV file: c:\Users\GILIEV\Documents\GitHub\Python-Projects\Chart generator\ChartGenerator_Interactive\data\sample_math_functions.csv
2025-06-18 15:02:17,341 - InteractiveChartGenerator - INFO - Numeric columns: ['X', 'Y1', 'Y2', 'Y3']
2025-06-18 15:02:17,342 - InteractiveChartGenerator - INFO - Successfully loaded 13 rows and 4 columns
2025-06-18 15:02:17,342 - InteractiveChartGenerator - INFO - Columns: ['X', 'Y1', 'Y2', 'Y3']
2025-06-18 15:02:17,347 - InteractiveChartGenerator - INFO - Status: Loaded: sample_math_functions.csv
2025-06-18 15:02:17,434 - InteractiveChartGenerator - INFO - Created interactive line chart with 1 series
2025-06-18 15:02:17,434 - InteractiveChartGenerator - INFO - Status: Chart updated
2025-06-18 15:02:17,435 - InteractiveChartGenerator - INFO - Chart preview updated: 1 series, line type
2025-06-18 15:02:17,435 - InteractiveChartGenerator - INFO - File loaded successfully: sample_math_functions.csv
2025-06-18 15:02:49,445 - InteractiveChartGenerator - INFO - Created interactive line chart with 2 series
2025-06-18 15:02:49,445 - InteractiveChartGenerator - INFO - Status: Chart updated
2025-06-18 15:02:49,445 - InteractiveChartGenerator - INFO - Chart preview updated: 2 series, line type
2025-06-18 15:02:50,910 - InteractiveChartGenerator - INFO - Created interactive line chart with 3 series
2025-06-18 15:02:50,910 - InteractiveChartGenerator - INFO - Status: Chart updated
2025-06-18 15:02:50,910 - InteractiveChartGenerator - INFO - Chart preview updated: 3 series, line type
2025-06-18 15:02:52,800 - InteractiveChartGenerator - INFO - Created interactive line chart with 4 series
2025-06-18 15:02:52,800 - InteractiveChartGenerator - INFO - Status: Chart updated
2025-06-18 15:02:52,800 - InteractiveChartGenerator - INFO - Chart preview updated: 4 series, line type
2025-06-18 15:03:00,692 - InteractiveChartGenerator - INFO - Created interactive line chart with 4 series
2025-06-18 15:03:00,692 - InteractiveChartGenerator - INFO - Status: Chart updated
2025-06-18 15:03:00,692 - InteractiveChartGenerator - INFO - Chart preview updated: 4 series, line type
2025-06-18 15:03:04,419 - InteractiveChartGenerator - INFO - Created interactive line chart with 4 series
2025-06-18 15:03:04,419 - InteractiveChartGenerator - INFO - Status: Chart updated
2025-06-18 15:03:04,420 - InteractiveChartGenerator - INFO - Chart preview updated: 4 series, line type
2025-06-18 15:03:07,748 - InteractiveChartGenerator - INFO - Created interactive line chart with 4 series
2025-06-18 15:03:07,749 - InteractiveChartGenerator - INFO - Status: Chart updated
2025-06-18 15:03:07,749 - InteractiveChartGenerator - INFO - Chart preview updated: 4 series, line type
