2025-06-18 16:55:29,200 - InteractiveChartGenerator - INFO - Logging initialized. Log file: c:\Users\GILIEV\Documents\GitHub\Python-Projects\Chart generator\ChartGenerator_Interactive\logs\chart_generator_20250618_165529.log
2025-06-18 16:55:29,200 - InteractiveChartGenerator - INFO - Starting Interactive Chart Generator v2.0
2025-06-18 16:55:29,968 - InteractiveChartGenerator - INFO - Interactive Chart Application initialized
2025-06-18 16:55:30,100 - InteractiveChartGenerator - INFO - Application started successfully
2025-06-18 16:55:36,734 - InteractiveChartGenerator - INFO - Loading CSV file with smart header detection: c:\Users\GILIEV\Documents\GitHub\Python-Projects\Chart generator\ChartGenerator_Interactive\..\DUT Logs\DUT1 - Copy.csv
2025-06-18 16:55:36,752 - InteractiveChartGenerator - INFO - Found non-empty cell in column E at row 2
2025-06-18 16:55:36,752 - InteractiveChartGenerator - INFO - Detected header row at index 2 (line 3)
2025-06-18 16:55:36,767 - InteractiveChartGenerator - INFO - Numeric columns: ['No:', ' Humidity ', ' Temperature ', ' Voltage ', ' Voltage_PCB', ' Current ', ' Dimming ', ' LightON ', ' LightOFF ', ' Y_Touch ', ' X_Touch ', ' Left Temp ', ' Right Temp ', ' Temp PCB ', ' Current Max ']
2025-06-18 16:55:36,767 - InteractiveChartGenerator - INFO - Text columns: ['Date & Time ', ' DUT Mode ', ' Mode Max ', 'Unnamed: 18']
2025-06-18 16:55:36,768 - InteractiveChartGenerator - INFO - Successfully loaded 1233 rows and 19 columns
2025-06-18 16:55:36,768 - InteractiveChartGenerator - INFO - Headers: ['No:', 'Date & Time ', ' DUT Mode ', ' Humidity ', ' Temperature ', ' Voltage ', ' Voltage_PCB', ' Current ', ' Dimming ', ' LightON ', ' LightOFF ', ' Y_Touch ', ' X_Touch ', ' Left Temp ', ' Right Temp ', ' Temp PCB ', ' Mode Max ', ' Current Max ', 'Unnamed: 18']
2025-06-18 16:55:36,768 - InteractiveChartGenerator - INFO - Data types: {'No:': dtype('int64'), 'Date & Time ': dtype('O'), ' DUT Mode ': dtype('O'), ' Humidity ': dtype('float64'), ' Temperature ': dtype('float64'), ' Voltage ': dtype('float64'), ' Voltage_PCB': dtype('float64'), ' Current ': dtype('float64'), ' Dimming ': dtype('int64'), ' LightON ': dtype('int64'), ' LightOFF ': dtype('int64'), ' Y_Touch ': dtype('int64'), ' X_Touch ': dtype('int64'), ' Left Temp ': dtype('float64'), ' Right Temp ': dtype('float64'), ' Temp PCB ': dtype('float64'), ' Mode Max ': dtype('O'), ' Current Max ': dtype('float64'), 'Unnamed: 18': dtype('O')}
2025-06-18 16:55:36,781 - InteractiveChartGenerator - INFO - All columns: ['No:', 'Date & Time ', ' DUT Mode ', ' Humidity ', ' Temperature ', ' Voltage ', ' Voltage_PCB', ' Current ', ' Dimming ', ' LightON ', ' LightOFF ', ' Y_Touch ', ' X_Touch ', ' Left Temp ', ' Right Temp ', ' Temp PCB ', ' Mode Max ', ' Current Max ', 'Unnamed: 18']
2025-06-18 16:55:36,781 - InteractiveChartGenerator - INFO - Numeric columns: ['No:', ' Humidity ', ' Temperature ', ' Voltage ', ' Voltage_PCB', ' Current ', ' Dimming ', ' LightON ', ' LightOFF ', ' Y_Touch ', ' X_Touch ', ' Left Temp ', ' Right Temp ', ' Temp PCB ', ' Current Max ']
2025-06-18 16:55:36,781 - InteractiveChartGenerator - INFO - Chartable columns: ['No:', 'Date & Time ', ' Humidity ', ' Temperature ', ' Voltage ', ' Voltage_PCB', ' Current ', ' Dimming ', ' LightON ', ' LightOFF ', ' Y_Touch ', ' X_Touch ', ' Left Temp ', ' Right Temp ', ' Temp PCB ', ' Current Max ']
2025-06-18 16:55:36,783 - InteractiveChartGenerator - INFO - Status: Loaded: DUT1 - Copy.csv
2025-06-18 16:55:37,069 - InteractiveChartGenerator - INFO - Created interactive line chart with 1 series
2025-06-18 16:55:37,069 - InteractiveChartGenerator - INFO - Status: Chart updated
2025-06-18 16:55:37,070 - InteractiveChartGenerator - INFO - Chart preview updated: 1 series, line type
2025-06-18 16:55:37,070 - InteractiveChartGenerator - INFO - File loaded successfully: DUT1 - Copy.csv
2025-06-18 16:55:39,462 - InteractiveChartGenerator - INFO - Converted column 'Date & Time ' to datetime for charting
2025-06-18 16:55:39,561 - InteractiveChartGenerator - INFO - Created interactive line chart with 2 series
2025-06-18 16:55:39,561 - InteractiveChartGenerator - INFO - Status: Chart updated
2025-06-18 16:55:39,562 - InteractiveChartGenerator - INFO - Chart preview updated: 2 series, line type
2025-06-18 16:55:42,333 - InteractiveChartGenerator - INFO - Created interactive line chart with 1 series
2025-06-18 16:55:42,333 - InteractiveChartGenerator - INFO - Status: Chart updated
2025-06-18 16:55:42,333 - InteractiveChartGenerator - INFO - Chart preview updated: 1 series, line type
2025-06-18 16:55:44,652 - InteractiveChartGenerator - INFO - Converted column 'Date & Time ' to datetime for charting
2025-06-18 16:55:44,744 - InteractiveChartGenerator - INFO - Created interactive line chart with 1 series
2025-06-18 16:55:44,744 - InteractiveChartGenerator - INFO - Status: Chart updated
2025-06-18 16:55:44,744 - InteractiveChartGenerator - INFO - Chart preview updated: 1 series, line type
2025-06-18 16:55:52,521 - InteractiveChartGenerator - INFO - Converted column 'Date & Time ' to datetime for charting
2025-06-18 16:55:52,524 - InteractiveChartGenerator - INFO - Converted column ' DUT Mode ' to categorical codes for charting
2025-06-18 16:55:52,619 - InteractiveChartGenerator - INFO - Created interactive line chart with 1 series
2025-06-18 16:55:52,619 - InteractiveChartGenerator - INFO - Status: Chart updated
2025-06-18 16:55:52,619 - InteractiveChartGenerator - INFO - Chart preview updated: 1 series, line type
2025-06-18 16:55:58,317 - InteractiveChartGenerator - INFO - Converted column 'Date & Time ' to datetime for charting
2025-06-18 16:55:58,319 - InteractiveChartGenerator - INFO - Converted column ' DUT Mode ' to categorical codes for charting
2025-06-18 16:55:58,419 - InteractiveChartGenerator - INFO - Created interactive line chart with 2 series
2025-06-18 16:55:58,420 - InteractiveChartGenerator - INFO - Status: Chart updated
2025-06-18 16:55:58,420 - InteractiveChartGenerator - INFO - Chart preview updated: 2 series, line type
2025-06-18 16:55:59,618 - InteractiveChartGenerator - INFO - Converted column 'Date & Time ' to datetime for charting
2025-06-18 16:55:59,621 - InteractiveChartGenerator - INFO - Converted column ' DUT Mode ' to categorical codes for charting
2025-06-18 16:55:59,719 - InteractiveChartGenerator - INFO - Created interactive line chart with 3 series
2025-06-18 16:55:59,719 - InteractiveChartGenerator - INFO - Status: Chart updated
2025-06-18 16:55:59,719 - InteractiveChartGenerator - INFO - Chart preview updated: 3 series, line type
2025-06-18 16:56:02,472 - InteractiveChartGenerator - INFO - Converted column 'Date & Time ' to datetime for charting
2025-06-18 16:56:02,474 - InteractiveChartGenerator - INFO - Converted column ' DUT Mode ' to categorical codes for charting
2025-06-18 16:56:02,580 - InteractiveChartGenerator - INFO - Created interactive line chart with 4 series
2025-06-18 16:56:02,580 - InteractiveChartGenerator - INFO - Status: Chart updated
2025-06-18 16:56:02,580 - InteractiveChartGenerator - INFO - Chart preview updated: 4 series, line type
2025-06-18 16:56:14,043 - InteractiveChartGenerator - INFO - Converted column 'Date & Time ' to datetime for charting
2025-06-18 16:56:14,044 - InteractiveChartGenerator - INFO - Converted column ' DUT Mode ' to categorical codes for charting
2025-06-18 16:56:14,210 - InteractiveChartGenerator - INFO - Created interactive line chart with 4 series on 4 axes
2025-06-18 16:56:14,210 - InteractiveChartGenerator - INFO - Status: Chart updated
2025-06-18 16:56:14,210 - InteractiveChartGenerator - INFO - Chart preview updated: 4 series, line type
2025-06-18 16:56:41,234 - InteractiveChartGenerator - INFO - Converted column 'Date & Time ' to datetime for charting
2025-06-18 16:56:41,237 - InteractiveChartGenerator - INFO - Converted column ' DUT Mode ' to categorical codes for charting
2025-06-18 16:56:41,370 - InteractiveChartGenerator - INFO - Created interactive line chart with 3 series on 3 axes
2025-06-18 16:56:41,370 - InteractiveChartGenerator - INFO - Status: Chart updated
2025-06-18 16:56:41,371 - InteractiveChartGenerator - INFO - Chart preview updated: 3 series, line type
2025-06-18 16:57:19,837 - InteractiveChartGenerator - INFO - Converted column ' DUT Mode ' to categorical codes for charting
2025-06-18 16:57:19,839 - InteractiveChartGenerator - INFO - Converted column ' DUT Mode ' to categorical codes for charting
2025-06-18 16:57:19,967 - InteractiveChartGenerator - INFO - Created interactive line chart with 3 series on 3 axes
2025-06-18 16:57:19,967 - InteractiveChartGenerator - INFO - Status: Chart updated
2025-06-18 16:57:19,967 - InteractiveChartGenerator - INFO - Chart preview updated: 3 series, line type
2025-06-18 16:57:28,442 - InteractiveChartGenerator - INFO - Converted column 'Date & Time ' to datetime for charting
2025-06-18 16:57:28,444 - InteractiveChartGenerator - INFO - Converted column ' DUT Mode ' to categorical codes for charting
2025-06-18 16:57:28,582 - InteractiveChartGenerator - INFO - Created interactive line chart with 3 series on 3 axes
2025-06-18 16:57:28,582 - InteractiveChartGenerator - INFO - Status: Chart updated
2025-06-18 16:57:28,582 - InteractiveChartGenerator - INFO - Chart preview updated: 3 series, line type
2025-06-18 16:58:41,720 - InteractiveChartGenerator - INFO - Converted column 'Date & Time ' to datetime for charting
2025-06-18 16:58:41,722 - InteractiveChartGenerator - INFO - Converted column ' DUT Mode ' to categorical codes for charting
2025-06-18 16:58:41,901 - InteractiveChartGenerator - INFO - Created interactive line chart with 3 series on 3 axes
2025-06-18 16:58:41,901 - InteractiveChartGenerator - INFO - Status: Chart updated
2025-06-18 16:58:41,901 - InteractiveChartGenerator - INFO - Chart preview updated: 3 series, line type
2025-06-18 16:58:42,808 - InteractiveChartGenerator - INFO - Converted column 'Date & Time ' to datetime for charting
2025-06-18 16:58:42,810 - InteractiveChartGenerator - INFO - Converted column ' DUT Mode ' to categorical codes for charting
2025-06-18 16:58:42,948 - InteractiveChartGenerator - INFO - Created interactive line chart with 3 series on 3 axes
2025-06-18 16:58:42,948 - InteractiveChartGenerator - INFO - Status: Chart updated
2025-06-18 16:58:42,948 - InteractiveChartGenerator - INFO - Chart preview updated: 3 series, line type
2025-06-18 16:58:45,980 - InteractiveChartGenerator - INFO - Converted column 'Date & Time ' to datetime for charting
2025-06-18 16:58:45,983 - InteractiveChartGenerator - INFO - Converted column ' DUT Mode ' to categorical codes for charting
2025-06-18 16:58:46,125 - InteractiveChartGenerator - INFO - Created interactive scatter chart with 3 series on 3 axes
2025-06-18 16:58:46,125 - InteractiveChartGenerator - INFO - Status: Chart updated
2025-06-18 16:58:46,126 - InteractiveChartGenerator - INFO - Chart preview updated: 3 series, scatter type
2025-06-18 16:58:48,034 - InteractiveChartGenerator - INFO - Converted column 'Date & Time ' to datetime for charting
2025-06-18 16:58:48,037 - InteractiveChartGenerator - INFO - Converted column ' DUT Mode ' to categorical codes for charting
2025-06-18 16:58:48,169 - InteractiveChartGenerator - INFO - Created interactive line chart with 3 series on 3 axes
2025-06-18 16:58:48,169 - InteractiveChartGenerator - INFO - Status: Chart updated
2025-06-18 16:58:48,169 - InteractiveChartGenerator - INFO - Chart preview updated: 3 series, line type
2025-06-18 16:58:50,207 - InteractiveChartGenerator - INFO - Converted column 'Date & Time ' to datetime for charting
2025-06-18 16:58:50,210 - InteractiveChartGenerator - INFO - Converted column ' DUT Mode ' to categorical codes for charting
2025-06-18 16:58:50,357 - InteractiveChartGenerator - INFO - Created interactive scatter chart with 3 series on 3 axes
2025-06-18 16:58:50,357 - InteractiveChartGenerator - INFO - Status: Chart updated
2025-06-18 16:58:50,357 - InteractiveChartGenerator - INFO - Chart preview updated: 3 series, scatter type
2025-06-18 16:59:15,777 - InteractiveChartGenerator - INFO - Converted column 'Date & Time ' to datetime for charting
2025-06-18 16:59:15,779 - InteractiveChartGenerator - INFO - Converted column ' DUT Mode ' to categorical codes for charting
2025-06-18 16:59:15,889 - InteractiveChartGenerator - INFO - Created interactive scatter chart with 3 series
2025-06-18 16:59:15,889 - InteractiveChartGenerator - INFO - Status: Chart updated
2025-06-18 16:59:15,889 - InteractiveChartGenerator - INFO - Chart preview updated: 3 series, scatter type
2025-06-18 16:59:17,109 - InteractiveChartGenerator - INFO - Converted column 'Date & Time ' to datetime for charting
2025-06-18 16:59:17,112 - InteractiveChartGenerator - INFO - Converted column ' DUT Mode ' to categorical codes for charting
2025-06-18 16:59:17,259 - InteractiveChartGenerator - INFO - Created interactive scatter chart with 3 series on 3 axes
2025-06-18 16:59:17,260 - InteractiveChartGenerator - INFO - Status: Chart updated
2025-06-18 16:59:17,260 - InteractiveChartGenerator - INFO - Chart preview updated: 3 series, scatter type
2025-06-18 16:59:27,738 - InteractiveChartGenerator - INFO - Status: Data cleared
