2025-06-18 15:12:30,352 - InteractiveChartGenerator - INFO - Logging initialized. Log file: c:\Users\GILIEV\Documents\GitHub\Python-Projects\Chart generator\ChartGenerator_Interactive\logs\chart_generator_20250618_151230.log
2025-06-18 15:12:30,353 - InteractiveChartGenerator - INFO - Starting Interactive Chart Generator v2.0
2025-06-18 15:12:31,121 - InteractiveChartGenerator - INFO - Interactive Chart Application initialized
2025-06-18 15:12:31,238 - InteractiveChartGenerator - INFO - Application started successfully
2025-06-18 15:13:46,675 - InteractiveChartGenerator - INFO - Loading CSV file: C:/Users/GILIEV/Desktop/Chart generator/DUT Logs/DUT_1 1.csv
2025-06-18 15:13:46,728 - InteractiveChartGenerator - INFO - Numeric columns: ['Name of the script:', 'Incoming_Test(5_point_Meas)_Bench25', 'Unnamed: 3', 'Unnamed: 4', 'Unnamed: 5', 'Unnamed: 7', 'Unnamed: 9', 'Unnamed: 11', 'Unnamed: 15', 'Unnamed: 20']
2025-06-18 15:13:46,728 - InteractiveChartGenerator - INFO - Text columns: ['Unnamed: 2', 'Unnamed: 6', 'Unnamed: 8', 'Unnamed: 10', 'Unnamed: 12', 'Unnamed: 13', 'Unnamed: 14', 'Unnamed: 16', 'Unnamed: 17', 'Unnamed: 18', 'Unnamed: 19']
2025-06-18 15:13:46,728 - InteractiveChartGenerator - INFO - Successfully loaded 522 rows and 21 columns
2025-06-18 15:13:46,729 - InteractiveChartGenerator - INFO - Columns: ['Name of the script:', 'Incoming_Test(5_point_Meas)_Bench25', 'Unnamed: 2', 'Unnamed: 3', 'Unnamed: 4', 'Unnamed: 5', 'Unnamed: 6', 'Unnamed: 7', 'Unnamed: 8', 'Unnamed: 9', 'Unnamed: 10', 'Unnamed: 11', 'Unnamed: 12', 'Unnamed: 13', 'Unnamed: 14', 'Unnamed: 15', 'Unnamed: 16', 'Unnamed: 17', 'Unnamed: 18', 'Unnamed: 19', 'Unnamed: 20']
2025-06-18 15:13:46,736 - InteractiveChartGenerator - INFO - Status: Loaded: DUT_1 1.csv
2025-06-18 15:13:46,994 - InteractiveChartGenerator - INFO - Created interactive line chart with 1 series
2025-06-18 15:13:46,994 - InteractiveChartGenerator - INFO - Status: Chart updated
2025-06-18 15:13:46,995 - InteractiveChartGenerator - INFO - Chart preview updated: 1 series, line type
2025-06-18 15:13:46,995 - InteractiveChartGenerator - INFO - File loaded successfully: DUT_1 1.csv
2025-06-18 15:14:00,243 - InteractiveChartGenerator - INFO - Created interactive line chart with 1 series on 1 axes
2025-06-18 15:14:00,243 - InteractiveChartGenerator - INFO - Status: Chart updated
2025-06-18 15:14:00,243 - InteractiveChartGenerator - INFO - Chart preview updated: 1 series, line type
2025-06-18 15:14:04,496 - InteractiveChartGenerator - INFO - Created interactive line chart with 1 series on 1 axes
2025-06-18 15:14:04,496 - InteractiveChartGenerator - INFO - Status: Chart updated
2025-06-18 15:14:04,496 - InteractiveChartGenerator - INFO - Chart preview updated: 1 series, line type
2025-06-18 15:14:07,974 - InteractiveChartGenerator - INFO - Loading CSV file: c:\Users\GILIEV\Documents\GitHub\Python-Projects\Chart generator\ChartGenerator_Interactive\data\sample_environmental_data.csv
2025-06-18 15:14:07,991 - InteractiveChartGenerator - INFO - Numeric columns: ['Time', 'Temperature', 'Humidity', 'Pressure']
2025-06-18 15:14:07,991 - InteractiveChartGenerator - INFO - Successfully loaded 21 rows and 4 columns
2025-06-18 15:14:07,991 - InteractiveChartGenerator - INFO - Columns: ['Time', 'Temperature', 'Humidity', 'Pressure']
2025-06-18 15:14:07,996 - InteractiveChartGenerator - INFO - Status: Loaded: sample_environmental_data.csv
2025-06-18 15:14:08,088 - InteractiveChartGenerator - INFO - Created interactive line chart with 1 series on 1 axes
2025-06-18 15:14:08,088 - InteractiveChartGenerator - INFO - Status: Chart updated
2025-06-18 15:14:08,088 - InteractiveChartGenerator - INFO - Chart preview updated: 1 series, line type
2025-06-18 15:14:08,089 - InteractiveChartGenerator - INFO - File loaded successfully: sample_environmental_data.csv
2025-06-18 15:14:09,834 - InteractiveChartGenerator - INFO - Created interactive line chart with 2 series on 2 axes
2025-06-18 15:14:09,834 - InteractiveChartGenerator - INFO - Status: Chart updated
2025-06-18 15:14:09,834 - InteractiveChartGenerator - INFO - Chart preview updated: 2 series, line type
2025-06-18 15:14:10,931 - InteractiveChartGenerator - INFO - Created interactive line chart with 3 series on 3 axes
2025-06-18 15:14:10,931 - InteractiveChartGenerator - INFO - Status: Chart updated
2025-06-18 15:14:10,932 - InteractiveChartGenerator - INFO - Chart preview updated: 3 series, line type
2025-06-18 15:14:13,175 - InteractiveChartGenerator - INFO - Created interactive line chart with 4 series on 4 axes
2025-06-18 15:14:13,175 - InteractiveChartGenerator - INFO - Status: Chart updated
2025-06-18 15:14:13,175 - InteractiveChartGenerator - INFO - Chart preview updated: 4 series, line type
2025-06-18 15:14:19,485 - InteractiveChartGenerator - INFO - Created interactive line chart with 4 series on 4 axes
2025-06-18 15:14:19,485 - InteractiveChartGenerator - INFO - Status: Chart updated
2025-06-18 15:14:19,486 - InteractiveChartGenerator - INFO - Chart preview updated: 4 series, line type
2025-06-18 15:14:20,593 - InteractiveChartGenerator - INFO - Created interactive line chart with 4 series on 4 axes
2025-06-18 15:14:20,594 - InteractiveChartGenerator - INFO - Status: Chart updated
2025-06-18 15:14:20,594 - InteractiveChartGenerator - INFO - Chart preview updated: 4 series, line type
2025-06-18 15:14:22,015 - InteractiveChartGenerator - INFO - Created interactive line chart with 4 series on 4 axes
2025-06-18 15:14:22,015 - InteractiveChartGenerator - INFO - Status: Chart updated
2025-06-18 15:14:22,015 - InteractiveChartGenerator - INFO - Chart preview updated: 4 series, line type
2025-06-18 15:14:23,391 - InteractiveChartGenerator - INFO - Created interactive line chart with 4 series
2025-06-18 15:14:23,392 - InteractiveChartGenerator - INFO - Status: Chart updated
2025-06-18 15:14:23,392 - InteractiveChartGenerator - INFO - Chart preview updated: 4 series, line type
2025-06-18 15:14:24,507 - InteractiveChartGenerator - INFO - Created interactive line chart with 4 series on 4 axes
2025-06-18 15:14:24,507 - InteractiveChartGenerator - INFO - Status: Chart updated
2025-06-18 15:14:24,508 - InteractiveChartGenerator - INFO - Chart preview updated: 4 series, line type
2025-06-18 15:14:30,435 - InteractiveChartGenerator - INFO - Created interactive line chart with 3 series on 3 axes
2025-06-18 15:14:30,435 - InteractiveChartGenerator - INFO - Status: Chart updated
2025-06-18 15:14:30,436 - InteractiveChartGenerator - INFO - Chart preview updated: 3 series, line type
2025-06-18 15:14:31,534 - InteractiveChartGenerator - INFO - Created interactive line chart with 2 series on 2 axes
2025-06-18 15:14:31,535 - InteractiveChartGenerator - INFO - Status: Chart updated
2025-06-18 15:14:31,535 - InteractiveChartGenerator - INFO - Chart preview updated: 2 series, line type
2025-06-18 15:14:35,154 - InteractiveChartGenerator - INFO - Created interactive line chart with 1 series on 1 axes
2025-06-18 15:14:35,154 - InteractiveChartGenerator - INFO - Status: Chart updated
2025-06-18 15:14:35,154 - InteractiveChartGenerator - INFO - Chart preview updated: 1 series, line type
2025-06-18 15:14:37,662 - InteractiveChartGenerator - INFO - Created interactive line chart with 1 series on 1 axes
2025-06-18 15:14:37,663 - InteractiveChartGenerator - INFO - Status: Chart updated
2025-06-18 15:14:37,663 - InteractiveChartGenerator - INFO - Chart preview updated: 1 series, line type
2025-06-18 15:14:46,189 - InteractiveChartGenerator - INFO - Created interactive line chart with 1 series on 1 axes
2025-06-18 15:14:46,189 - InteractiveChartGenerator - INFO - Status: Chart updated
2025-06-18 15:14:46,189 - InteractiveChartGenerator - INFO - Chart preview updated: 1 series, line type
2025-06-18 15:14:50,831 - InteractiveChartGenerator - INFO - Created interactive line chart with 2 series on 2 axes
2025-06-18 15:14:50,831 - InteractiveChartGenerator - INFO - Status: Chart updated
2025-06-18 15:14:50,831 - InteractiveChartGenerator - INFO - Chart preview updated: 2 series, line type
2025-06-18 15:14:55,312 - InteractiveChartGenerator - INFO - Created interactive line chart with 1 series on 1 axes
2025-06-18 15:14:55,312 - InteractiveChartGenerator - INFO - Status: Chart updated
2025-06-18 15:14:55,312 - InteractiveChartGenerator - INFO - Chart preview updated: 1 series, line type
2025-06-18 15:14:58,248 - InteractiveChartGenerator - INFO - Created interactive line chart with 1 series on 1 axes
2025-06-18 15:14:58,248 - InteractiveChartGenerator - INFO - Status: Chart updated
2025-06-18 15:14:58,248 - InteractiveChartGenerator - INFO - Chart preview updated: 1 series, line type
2025-06-18 15:14:59,654 - InteractiveChartGenerator - INFO - Created interactive line chart with 2 series on 2 axes
2025-06-18 15:14:59,654 - InteractiveChartGenerator - INFO - Status: Chart updated
2025-06-18 15:14:59,654 - InteractiveChartGenerator - INFO - Chart preview updated: 2 series, line type
2025-06-18 15:15:36,079 - InteractiveChartGenerator - INFO - Created interactive line chart with 3 series on 3 axes
2025-06-18 15:15:36,079 - InteractiveChartGenerator - INFO - Status: Chart updated
2025-06-18 15:15:36,079 - InteractiveChartGenerator - INFO - Chart preview updated: 3 series, line type
2025-06-18 15:15:42,385 - InteractiveChartGenerator - INFO - Created interactive line chart with 4 series on 4 axes
2025-06-18 15:15:42,385 - InteractiveChartGenerator - INFO - Status: Chart updated
2025-06-18 15:15:42,386 - InteractiveChartGenerator - INFO - Chart preview updated: 4 series, line type
2025-06-18 15:16:25,070 - InteractiveChartGenerator - INFO - Status: Chart copied to clipboard
2025-06-18 15:16:51,974 - InteractiveChartGenerator - INFO - Created interactive line chart with 3 series on 3 axes
2025-06-18 15:16:51,974 - InteractiveChartGenerator - INFO - Status: Chart updated
2025-06-18 15:16:51,974 - InteractiveChartGenerator - INFO - Chart preview updated: 3 series, line type
2025-06-18 15:20:49,038 - InteractiveChartGenerator - INFO - Status: Data cleared
2025-06-18 15:20:50,834 - InteractiveChartGenerator - INFO - Loading CSV file: c:\Users\GILIEV\Documents\GitHub\Python-Projects\Chart generator\ChartGenerator_Interactive\data\sample_math_functions.csv
2025-06-18 15:20:50,848 - InteractiveChartGenerator - INFO - Numeric columns: ['X', 'Y1', 'Y2', 'Y3']
2025-06-18 15:20:50,849 - InteractiveChartGenerator - INFO - Successfully loaded 13 rows and 4 columns
2025-06-18 15:20:50,849 - InteractiveChartGenerator - INFO - Columns: ['X', 'Y1', 'Y2', 'Y3']
2025-06-18 15:20:50,852 - InteractiveChartGenerator - INFO - Status: Loaded: sample_math_functions.csv
2025-06-18 15:20:50,961 - InteractiveChartGenerator - INFO - Created interactive line chart with 1 series on 1 axes
2025-06-18 15:20:50,962 - InteractiveChartGenerator - INFO - Status: Chart updated
2025-06-18 15:20:50,962 - InteractiveChartGenerator - INFO - Chart preview updated: 1 series, line type
2025-06-18 15:20:50,962 - InteractiveChartGenerator - INFO - File loaded successfully: sample_math_functions.csv
2025-06-18 15:20:52,310 - InteractiveChartGenerator - INFO - Loading CSV file: c:\Users\GILIEV\Documents\GitHub\Python-Projects\Chart generator\ChartGenerator_Interactive\data\sample_environmental_data.csv
2025-06-18 15:20:52,321 - InteractiveChartGenerator - INFO - Numeric columns: ['Time', 'Temperature', 'Humidity', 'Pressure']
2025-06-18 15:20:52,322 - InteractiveChartGenerator - INFO - Successfully loaded 21 rows and 4 columns
2025-06-18 15:20:52,322 - InteractiveChartGenerator - INFO - Columns: ['Time', 'Temperature', 'Humidity', 'Pressure']
2025-06-18 15:20:52,327 - InteractiveChartGenerator - INFO - Status: Loaded: sample_environmental_data.csv
2025-06-18 15:20:52,416 - InteractiveChartGenerator - INFO - Created interactive line chart with 1 series on 1 axes
2025-06-18 15:20:52,416 - InteractiveChartGenerator - INFO - Status: Chart updated
2025-06-18 15:20:52,416 - InteractiveChartGenerator - INFO - Chart preview updated: 1 series, line type
2025-06-18 15:20:52,417 - InteractiveChartGenerator - INFO - File loaded successfully: sample_environmental_data.csv
2025-06-18 15:20:53,843 - InteractiveChartGenerator - INFO - Created interactive line chart with 2 series on 2 axes
2025-06-18 15:20:53,844 - InteractiveChartGenerator - INFO - Status: Chart updated
2025-06-18 15:20:53,844 - InteractiveChartGenerator - INFO - Chart preview updated: 2 series, line type
2025-06-18 15:20:55,034 - InteractiveChartGenerator - INFO - Created interactive line chart with 3 series on 3 axes
2025-06-18 15:20:55,035 - InteractiveChartGenerator - INFO - Status: Chart updated
2025-06-18 15:20:55,035 - InteractiveChartGenerator - INFO - Chart preview updated: 3 series, line type
2025-06-18 15:21:00,147 - InteractiveChartGenerator - INFO - Created interactive line chart with 3 series on 3 axes
2025-06-18 15:21:00,148 - InteractiveChartGenerator - INFO - Status: Chart updated
2025-06-18 15:21:00,148 - InteractiveChartGenerator - INFO - Chart preview updated: 3 series, line type
2025-06-18 15:21:11,735 - InteractiveChartGenerator - INFO - Created interactive line chart with 3 series on 3 axes
2025-06-18 15:21:11,735 - InteractiveChartGenerator - INFO - Status: Chart updated
2025-06-18 15:21:11,735 - InteractiveChartGenerator - INFO - Chart preview updated: 3 series, line type
2025-06-18 15:21:23,983 - InteractiveChartGenerator - INFO - Created interactive line chart with 4 series on 4 axes
2025-06-18 15:21:23,983 - InteractiveChartGenerator - INFO - Status: Chart updated
2025-06-18 15:21:23,983 - InteractiveChartGenerator - INFO - Chart preview updated: 4 series, line type
2025-06-18 15:21:25,159 - InteractiveChartGenerator - INFO - Created interactive line chart with 3 series on 3 axes
2025-06-18 15:21:25,159 - InteractiveChartGenerator - INFO - Status: Chart updated
2025-06-18 15:21:25,160 - InteractiveChartGenerator - INFO - Chart preview updated: 3 series, line type
2025-06-18 15:21:26,692 - InteractiveChartGenerator - INFO - Created interactive line chart with 4 series on 4 axes
2025-06-18 15:21:26,692 - InteractiveChartGenerator - INFO - Status: Chart updated
2025-06-18 15:21:26,692 - InteractiveChartGenerator - INFO - Chart preview updated: 4 series, line type
2025-06-18 15:21:28,572 - InteractiveChartGenerator - INFO - Created interactive line chart with 3 series on 3 axes
2025-06-18 15:21:28,572 - InteractiveChartGenerator - INFO - Status: Chart updated
2025-06-18 15:21:28,572 - InteractiveChartGenerator - INFO - Chart preview updated: 3 series, line type
2025-06-18 15:21:29,460 - InteractiveChartGenerator - INFO - Created interactive line chart with 4 series on 4 axes
2025-06-18 15:21:29,461 - InteractiveChartGenerator - INFO - Status: Chart updated
2025-06-18 15:21:29,461 - InteractiveChartGenerator - INFO - Chart preview updated: 4 series, line type
2025-06-18 15:21:30,799 - InteractiveChartGenerator - INFO - Created interactive line chart with 3 series on 3 axes
2025-06-18 15:21:30,800 - InteractiveChartGenerator - INFO - Status: Chart updated
2025-06-18 15:21:30,800 - InteractiveChartGenerator - INFO - Chart preview updated: 3 series, line type
