2025-06-19 13:12:45,378 - InteractiveChartGenerator - INFO - Logging initialized. Log file: c:\Users\GILIEV\Documents\GitHub\Python-Projects\Chart generator\ChartGenerator_Interactive\logs\chart_generator_20250619_131245.log
2025-06-19 13:12:45,379 - InteractiveChartGenerator - INFO - Starting Interactive Chart Generator v2.0
2025-06-19 13:12:46,124 - InteractiveChartGenerator - INFO - Applied responsive styling for 1920px width screen
2025-06-19 13:12:46,124 - InteractiveChartGenerator - INFO - Interactive Chart Application initialized
2025-06-19 13:12:46,256 - InteractiveChartGenerator - INFO - Screen size: 1920x1080
2025-06-19 13:12:46,257 - InteractiveChartGenerator - INFO - Window size: 1632x864
2025-06-19 13:12:46,257 - InteractiveChartGenerator - INFO - Minimum size: 1152x700
2025-06-19 13:12:46,258 - InteractiveChartGenerator - INFO - Application started successfully
2025-06-19 13:12:56,127 - InteractiveChartGenerator - INFO - Loading CSV file with smart header detection: C:/Users/GILIEV/Downloads/DUT_2.csv
2025-06-19 13:12:56,147 - InteractiveChartGenerator - INFO - Found non-empty cell in column E at row 7
2025-06-19 13:12:56,147 - InteractiveChartGenerator - INFO - Detected header row at index 7 (line 8)
2025-06-19 13:12:56,162 - InteractiveChartGenerator - INFO - Numeric columns: ['No.', 'Humidity', ' Temperature', 'Voltage_Ref', 'Current (A) ', ' Sence (V)', 'CANStatus', 'Reset counter', 'Dimming']
2025-06-19 13:12:56,162 - InteractiveChartGenerator - INFO - Text columns: ['Date Time', ' Mode', 'Time', 'Time.1', 'Time.2', 'Time.3', 'DTC', 'Time.4', 'Cause', 'Time.5', 'Bouton_IN (CAFR or LKA)', 'Bouton_OUT (STT)']
2025-06-19 13:12:56,163 - InteractiveChartGenerator - INFO - Successfully loaded 517 rows and 21 columns
2025-06-19 13:12:56,163 - InteractiveChartGenerator - INFO - Headers: ['No.', 'Date Time', ' Mode', 'Humidity', ' Temperature', 'Voltage_Ref', 'Time', 'Current (A) ', 'Time.1', ' Sence (V)', 'Time.2', 'CANStatus', 'Time.3', 'DTC', 'Time.4', 'Reset counter', 'Cause', 'Time.5', 'Bouton_IN (CAFR or LKA)', 'Bouton_OUT (STT)', 'Dimming']
2025-06-19 13:12:56,163 - InteractiveChartGenerator - INFO - Data types: {'No.': dtype('float64'), 'Date Time': dtype('O'), ' Mode': dtype('O'), 'Humidity': dtype('float64'), ' Temperature': dtype('float64'), 'Voltage_Ref': dtype('float64'), 'Time': dtype('O'), 'Current (A) ': dtype('float64'), 'Time.1': dtype('O'), ' Sence (V)': dtype('float64'), 'Time.2': dtype('O'), 'CANStatus': dtype('float64'), 'Time.3': dtype('O'), 'DTC': dtype('O'), 'Time.4': dtype('O'), 'Reset counter': dtype('float64'), 'Cause': dtype('O'), 'Time.5': dtype('O'), 'Bouton_IN (CAFR or LKA)': dtype('O'), 'Bouton_OUT (STT)': dtype('O'), 'Dimming': dtype('float64')}
2025-06-19 13:12:56,192 - InteractiveChartGenerator - INFO - All columns: ['No.', 'Date Time', ' Mode', 'Humidity', ' Temperature', 'Voltage_Ref', 'Time', 'Current (A) ', 'Time.1', ' Sence (V)', 'Time.2', 'CANStatus', 'Time.3', 'DTC', 'Time.4', 'Reset counter', 'Cause', 'Time.5', 'Bouton_IN (CAFR or LKA)', 'Bouton_OUT (STT)', 'Dimming']
2025-06-19 13:12:56,193 - InteractiveChartGenerator - INFO - Numeric columns: ['No.', 'Humidity', ' Temperature', 'Voltage_Ref', 'Current (A) ', ' Sence (V)', 'CANStatus', 'Reset counter', 'Dimming']
2025-06-19 13:12:56,193 - InteractiveChartGenerator - INFO - Chartable columns: ['No.', 'Date Time', 'Humidity', ' Temperature', 'Voltage_Ref', 'Time', 'Current (A) ', 'Time.1', ' Sence (V)', 'Time.2', 'CANStatus', 'Time.3', 'Time.4', 'Reset counter', 'Time.5', 'Dimming']
2025-06-19 13:12:56,195 - InteractiveChartGenerator - INFO - Status: Loaded: DUT_2.csv
2025-06-19 13:12:56,496 - InteractiveChartGenerator - INFO - Created interactive line chart with 1 series
2025-06-19 13:12:56,496 - InteractiveChartGenerator - INFO - Status: Chart updated
2025-06-19 13:12:56,497 - InteractiveChartGenerator - INFO - Chart preview updated: 1 series, line type
2025-06-19 13:12:56,497 - InteractiveChartGenerator - INFO - File loaded successfully: DUT_2.csv
2025-06-19 13:12:58,366 - InteractiveChartGenerator - INFO - Crosshair enabled
2025-06-19 13:13:16,716 - InteractiveChartGenerator - INFO - Crosshair disabled
2025-06-19 13:13:25,035 - InteractiveChartGenerator - INFO - Converted column ' Mode' to categorical codes for charting
2025-06-19 13:13:25,108 - InteractiveChartGenerator - INFO - Created interactive line chart with 1 series
2025-06-19 13:13:25,109 - InteractiveChartGenerator - INFO - Status: Chart updated
2025-06-19 13:13:25,109 - InteractiveChartGenerator - INFO - Chart preview updated: 1 series, line type
2025-06-19 13:13:26,886 - InteractiveChartGenerator - INFO - Converted column 'Date Time' to datetime for charting
2025-06-19 13:13:26,980 - InteractiveChartGenerator - INFO - Created interactive line chart with 1 series
2025-06-19 13:13:26,980 - InteractiveChartGenerator - INFO - Status: Chart updated
2025-06-19 13:13:26,981 - InteractiveChartGenerator - INFO - Chart preview updated: 1 series, line type
2025-06-19 13:13:29,574 - InteractiveChartGenerator - INFO - Converted column ' Mode' to categorical codes for charting
2025-06-19 13:13:29,663 - InteractiveChartGenerator - INFO - Created interactive line chart with 1 series
2025-06-19 13:13:29,663 - InteractiveChartGenerator - INFO - Status: Chart updated
2025-06-19 13:13:29,663 - InteractiveChartGenerator - INFO - Chart preview updated: 1 series, line type
2025-06-19 13:13:32,212 - InteractiveChartGenerator - INFO - Converted column ' Mode' to categorical codes for charting
2025-06-19 13:13:32,300 - InteractiveChartGenerator - INFO - Created interactive line chart with 1 series
2025-06-19 13:13:32,301 - InteractiveChartGenerator - INFO - Status: Chart updated
2025-06-19 13:13:32,301 - InteractiveChartGenerator - INFO - Chart preview updated: 1 series, line type
2025-06-19 13:13:33,533 - InteractiveChartGenerator - INFO - Converted column ' Mode' to categorical codes for charting
2025-06-19 13:13:33,623 - InteractiveChartGenerator - INFO - Created interactive line chart with 2 series
2025-06-19 13:13:33,624 - InteractiveChartGenerator - INFO - Status: Chart updated
2025-06-19 13:13:33,624 - InteractiveChartGenerator - INFO - Chart preview updated: 2 series, line type
2025-06-19 13:13:41,774 - InteractiveChartGenerator - INFO - Converted column 'Date Time' to datetime for charting
2025-06-19 13:13:41,871 - InteractiveChartGenerator - INFO - Created interactive line chart with 2 series
2025-06-19 13:13:41,871 - InteractiveChartGenerator - INFO - Status: Chart updated
2025-06-19 13:13:41,871 - InteractiveChartGenerator - INFO - Chart preview updated: 2 series, line type
2025-06-19 13:15:03,231 - InteractiveChartGenerator - INFO - Converted column 'Date Time' to datetime for charting
2025-06-19 13:15:03,350 - InteractiveChartGenerator - INFO - Created interactive line chart with 2 series on 2 axes
2025-06-19 13:15:03,350 - InteractiveChartGenerator - INFO - Status: Chart updated
2025-06-19 13:15:03,350 - InteractiveChartGenerator - INFO - Chart preview updated: 2 series, line type
2025-06-19 13:15:06,744 - InteractiveChartGenerator - INFO - Converted column 'Date Time' to datetime for charting
2025-06-19 13:15:06,884 - InteractiveChartGenerator - INFO - Created interactive line chart with 3 series on 3 axes
2025-06-19 13:15:06,884 - InteractiveChartGenerator - INFO - Status: Chart updated
2025-06-19 13:15:06,884 - InteractiveChartGenerator - INFO - Chart preview updated: 3 series, line type
2025-06-19 13:15:09,696 - InteractiveChartGenerator - INFO - Converted column 'Date Time' to datetime for charting
2025-06-19 13:15:09,699 - InteractiveChartGenerator - INFO - Converted column 'Time' to datetime for charting
2025-06-19 13:15:09,917 - InteractiveChartGenerator - INFO - Created interactive line chart with 4 series on 4 axes
2025-06-19 13:15:09,917 - InteractiveChartGenerator - INFO - Status: Chart updated
2025-06-19 13:15:09,917 - InteractiveChartGenerator - INFO - Chart preview updated: 4 series, line type
2025-06-19 13:15:16,658 - InteractiveChartGenerator - INFO - Converted column 'Date Time' to datetime for charting
2025-06-19 13:15:16,803 - InteractiveChartGenerator - INFO - Created interactive line chart with 3 series on 3 axes
2025-06-19 13:15:16,803 - InteractiveChartGenerator - INFO - Status: Chart updated
2025-06-19 13:15:16,804 - InteractiveChartGenerator - INFO - Chart preview updated: 3 series, line type
