2025-06-26 15:59:01,432 - InteractiveChartGenerator - INFO - Logging initialized. Log file: c:\Users\GILIEV\Documents\GitHub\Python-Projects\Chart generator\ChartGenerator_Interactive\logs\chart_generator_20250626_155901.log
2025-06-26 15:59:01,434 - InteractiveChartGenerator - INFO - Starting Interactive Chart Generator v2.0
2025-06-26 15:59:01,621 - InteractiveChartGenerator - INFO - Initializing application controller
2025-06-26 15:59:01,692 - InteractiveChartGenerator - INFO - Logging initialized. Log file: C:\Users\GILIEV\Documents\GitHub\Python-Projects\Chart generator\ChartGenerator_Interactive\logs\chart_generator_20250626_155901.log
2025-06-26 15:59:01,695 - InteractiveChartGenerator - INFO - Starting Interactive Chart Generator v2.0
2025-06-26 15:59:01,899 - InteractiveChartGenerator - INFO - Initializing application controller
2025-06-26 15:59:03,214 - InteractiveChartGenerator - INFO - Applied responsive styling for 1920px width screen
2025-06-26 15:59:03,214 - InteractiveChartGenerator - INFO - Interactive Chart Application initialized
2025-06-26 15:59:03,214 - InteractiveChartGenerator - INFO - Applied responsive styling for 1920px width screen
2025-06-26 15:59:03,214 - InteractiveChartGenerator - INFO - Interactive Chart Application initialized
2025-06-26 15:59:03,275 - InteractiveChartGenerator - INFO - Screen size: 1920x1080
2025-06-26 15:59:03,275 - InteractiveChartGenerator - INFO - Window size: 1632x864
2025-06-26 15:59:03,276 - InteractiveChartGenerator - INFO - Minimum size: 1152x700
2025-06-26 15:59:03,276 - InteractiveChartGenerator - INFO - Platform: Windows 11
2025-06-26 15:59:03,277 - InteractiveChartGenerator - INFO - Application started successfully
2025-06-26 15:59:03,294 - InteractiveChartGenerator - INFO - Screen size: 1920x1080
2025-06-26 15:59:03,294 - InteractiveChartGenerator - INFO - Window size: 1632x864
2025-06-26 15:59:03,294 - InteractiveChartGenerator - INFO - Minimum size: 1152x700
2025-06-26 15:59:03,295 - InteractiveChartGenerator - INFO - Platform: Windows 11
2025-06-26 15:59:03,296 - InteractiveChartGenerator - INFO - Application started successfully
2025-06-26 15:59:20,368 - InteractiveChartGenerator - INFO - Detected delimiter: ','
2025-06-26 15:59:20,368 - InteractiveChartGenerator - INFO - Loading CSV file with smart header detection: C:/Users/GILIEV/Downloads/Logs_BR223_Downloaded_02.06.2025/Logs_BR223_Downloaded_02.06.2025/C-01/C-01/3_PTL/15-04-2025_17.25.01/DUT4_SN_VLIMS_SS 1#30.csv
2025-06-26 15:59:20,370 - InteractiveChartGenerator - INFO - Found non-empty cell in column E at row 24
2025-06-26 15:59:20,370 - InteractiveChartGenerator - INFO - Detected header row at index 24 (line 25)
2025-06-26 15:59:20,377 - InteractiveChartGenerator - WARNING - Encoding utf-8 failed: 'utf-8' codec can't decode byte 0xb0 in position 21: invalid start byte
2025-06-26 15:59:20,389 - InteractiveChartGenerator - WARNING - Encoding utf-16 failed: 'utf-16' codec can't decode bytes in position 0-1: Stream does not start with BOM
2025-06-26 15:59:20,412 - InteractiveChartGenerator - INFO - Numeric columns: [' DUT Mode', ' Probe of Humidity(%)', ' Dry contact value', ' Reference Voltage(V)', 'Current[A] Status', ' CDD_Display_Temp_Status', 'CID ON/OFF', ' CDD ON/OFF', ' CID_BackLight ', ' CDD_BackLight', ' CID_X_Coordinates', ' CID_Y_Coordinates', ' CDD_X_Coordinates', ' CDD_Y_Coordinates', ' Light_Sensor_On', 'Temp_2', ' Watchdog_reset', ' Hardware_reset', ' Power_reset', ' Clock_reset', ' DTC Stored']
2025-06-26 15:59:20,413 - InteractiveChartGenerator - INFO - Text columns: ['No:', ' Date & Time', 'Probe of Temperature(°C)', 'Current[A]', ' CAN_status', 'CID_Display_Temp_Status']
2025-06-26 15:59:30,021 - InteractiveChartGenerator - INFO - Cleaning up application resources
2025-06-26 15:59:30,021 - InteractiveChartGenerator - WARNING - Error during cleanup: can't invoke "destroy" command: application has been destroyed
