2025-06-26 15:28:37,321 - InteractiveChartGenerator - INFO - Logging initialized. Log file: c:\Users\GILIEV\Documents\GitHub\Python-Projects\Chart generator\ChartGenerator_Interactive\logs\chart_generator_20250626_152837.log
2025-06-26 15:28:37,321 - InteractiveChartGenerator - INFO - Starting Interactive Chart Generator v2.0
2025-06-26 15:28:37,496 - InteractiveChartGenerator - INFO - Initializing application controller
2025-06-26 15:28:39,316 - InteractiveChartGenerator - INFO - Applied responsive styling for 1920px width screen
2025-06-26 15:28:39,317 - InteractiveChartGenerator - INFO - Interactive Chart Application initialized
2025-06-26 15:28:39,346 - InteractiveChartGenerator - INFO - Screen size: 1920x1080
2025-06-26 15:28:39,346 - InteractiveChartGenerator - INFO - Window size: 1632x864
2025-06-26 15:28:39,347 - InteractiveChartGenerator - INFO - Minimum size: 1152x700
2025-06-26 15:28:39,459 - InteractiveChartGenerator - INFO - Platform: Windows 11
2025-06-26 15:28:39,460 - InteractiveChartGenerator - INFO - Application started successfully
2025-06-26 15:29:20,358 - InteractiveChartGenerator - INFO - Detected delimiter: ','
2025-06-26 15:29:20,358 - InteractiveChartGenerator - INFO - Loading CSV file with smart header detection: C:/Users/GILIEV/Documents/GitHub/Python-Projects/DUT5_SN_VLIMS_SS 1#9.csv
2025-06-26 15:29:20,359 - InteractiveChartGenerator - INFO - Found non-empty cell in column E at row 24
2025-06-26 15:29:20,360 - InteractiveChartGenerator - INFO - Detected header row at index 24 (line 25)
2025-06-26 15:29:20,378 - InteractiveChartGenerator - INFO - Numeric columns: ['No:', ' Probe of Humidity(%)', 'Probe of Temperature(°C)', ' Reference Voltage(V)', 'Current[A]', ' CAN_status', 'CID ON/OFF', ' CDD ON/OFF', ' CID_BackLight ', ' CDD_BackLight', ' CID_X_Coordinates', ' CID_Y_Coordinates', ' CDD_X_Coordinates', ' CDD_Y_Coordinates', ' Light_Sensor_On', ' Light_Sensor_Off', ' Watchdog_reset', ' Hardware_reset', ' Power_reset', ' Clock_reset', ' DTC Stored']
2025-06-26 15:29:20,378 - InteractiveChartGenerator - INFO - Text columns: [' Date & Time', ' DUT Mode', ' Dry contact value', 'Current[A] Status', 'CID_Display_Temp_Status', ' CDD_Display_Temp_Status']
2025-06-26 15:29:20,379 - InteractiveChartGenerator - INFO - Successfully loaded 2411 rows and 29 columns
2025-06-26 15:29:20,379 - InteractiveChartGenerator - INFO - Headers: ['No:', ' Date & Time', ' DUT Mode', ' Probe of Humidity(%)', 'Probe of Temperature(°C)', ' Dry contact value', ' Reference Voltage(V)', 'Current[A]', 'Current[A] Status', ' CAN_status', 'CID_Display_Temp_Status', ' CDD_Display_Temp_Status', 'CID ON/OFF', ' CDD ON/OFF', ' CID_BackLight ', ' CDD_BackLight', ' CID_X_Coordinates', ' CID_Y_Coordinates', ' CDD_X_Coordinates', ' CDD_Y_Coordinates', ' Light_Sensor_On', ' Light_Sensor_Off', ' Temp_1', 'Temp_2', ' Watchdog_reset', ' Hardware_reset', ' Power_reset', ' Clock_reset', ' DTC Stored']
2025-06-26 15:29:20,379 - InteractiveChartGenerator - INFO - Data types: {'No:': dtype('int64'), ' Date & Time': dtype('O'), ' DUT Mode': dtype('O'), ' Probe of Humidity(%)': dtype('float64'), 'Probe of Temperature(°C)': dtype('float64'), ' Dry contact value': dtype('O'), ' Reference Voltage(V)': dtype('float64'), 'Current[A]': dtype('float64'), 'Current[A] Status': dtype('O'), ' CAN_status': dtype('int64'), 'CID_Display_Temp_Status': dtype('O'), ' CDD_Display_Temp_Status': dtype('O'), 'CID ON/OFF': dtype('int64'), ' CDD ON/OFF': dtype('int64'), ' CID_BackLight ': dtype('int64'), ' CDD_BackLight': dtype('int64'), ' CID_X_Coordinates': dtype('int64'), ' CID_Y_Coordinates': dtype('int64'), ' CDD_X_Coordinates': dtype('int64'), ' CDD_Y_Coordinates': dtype('int64'), ' Light_Sensor_On': dtype('int64'), ' Light_Sensor_Off': dtype('int64'), ' Temp_1': dtype('bool'), 'Temp_2': dtype('bool'), ' Watchdog_reset': dtype('int64'), ' Hardware_reset': dtype('int64'), ' Power_reset': dtype('int64'), ' Clock_reset': dtype('int64'), ' DTC Stored': dtype('int64')}
2025-06-26 15:29:20,396 - InteractiveChartGenerator - INFO - All columns: ['No:', ' Date & Time', ' DUT Mode', ' Probe of Humidity(%)', 'Probe of Temperature(°C)', ' Dry contact value', ' Reference Voltage(V)', 'Current[A]', 'Current[A] Status', ' CAN_status', 'CID_Display_Temp_Status', ' CDD_Display_Temp_Status', 'CID ON/OFF', ' CDD ON/OFF', ' CID_BackLight ', ' CDD_BackLight', ' CID_X_Coordinates', ' CID_Y_Coordinates', ' CDD_X_Coordinates', ' CDD_Y_Coordinates', ' Light_Sensor_On', ' Light_Sensor_Off', ' Temp_1', 'Temp_2', ' Watchdog_reset', ' Hardware_reset', ' Power_reset', ' Clock_reset', ' DTC Stored']
2025-06-26 15:29:20,396 - InteractiveChartGenerator - INFO - Numeric columns: ['No:', ' Probe of Humidity(%)', 'Probe of Temperature(°C)', ' Reference Voltage(V)', 'Current[A]', ' CAN_status', 'CID ON/OFF', ' CDD ON/OFF', ' CID_BackLight ', ' CDD_BackLight', ' CID_X_Coordinates', ' CID_Y_Coordinates', ' CDD_X_Coordinates', ' CDD_Y_Coordinates', ' Light_Sensor_On', ' Light_Sensor_Off', ' Watchdog_reset', ' Hardware_reset', ' Power_reset', ' Clock_reset', ' DTC Stored']
2025-06-26 15:29:20,396 - InteractiveChartGenerator - INFO - Chartable columns: ['No:', ' Date & Time', ' Probe of Humidity(%)', 'Probe of Temperature(°C)', ' Reference Voltage(V)', 'Current[A]', ' CAN_status', 'CID ON/OFF', ' CDD ON/OFF', ' CID_BackLight ', ' CDD_BackLight', ' CID_X_Coordinates', ' CID_Y_Coordinates', ' CDD_X_Coordinates', ' CDD_Y_Coordinates', ' Light_Sensor_On', ' Light_Sensor_Off', ' Temp_1', 'Temp_2', ' Watchdog_reset', ' Hardware_reset', ' Power_reset', ' Clock_reset', ' DTC Stored']
2025-06-26 15:29:20,398 - InteractiveChartGenerator - INFO - Status: Loaded: DUT5_SN_VLIMS_SS 1#9.csv
2025-06-26 15:29:20,511 - InteractiveChartGenerator - INFO - Created interactive line chart with 1 series
2025-06-26 15:29:20,511 - InteractiveChartGenerator - INFO - Status: Chart updated
2025-06-26 15:29:20,511 - InteractiveChartGenerator - INFO - Chart preview updated: 1 series, line type
2025-06-26 15:29:20,511 - InteractiveChartGenerator - INFO - File loaded successfully: DUT5_SN_VLIMS_SS 1#9.csv
2025-06-26 15:29:25,739 - InteractiveChartGenerator - INFO - Converted column ' Date & Time' to datetime for charting
2025-06-26 15:29:25,829 - InteractiveChartGenerator - INFO - Created interactive line chart with 1 series
2025-06-26 15:29:25,829 - InteractiveChartGenerator - INFO - Status: Chart updated
2025-06-26 15:29:25,829 - InteractiveChartGenerator - INFO - Chart preview updated: 1 series, line type
2025-06-26 15:29:56,534 - InteractiveChartGenerator - INFO - Detected delimiter: ','
2025-06-26 15:29:56,534 - InteractiveChartGenerator - INFO - Loading CSV file with smart header detection: C:/Users/GILIEV/Documents/GitHub/Python-Projects/DUT2_SN_VLIMS_SS 1#23.csv
2025-06-26 15:29:56,536 - InteractiveChartGenerator - INFO - Found non-empty cell in column E at row 24
2025-06-26 15:29:56,536 - InteractiveChartGenerator - INFO - Detected header row at index 24 (line 25)
2025-06-26 15:29:56,537 - InteractiveChartGenerator - WARNING - Encoding utf-8 failed: 'utf-8' codec can't decode byte 0xb0 in position 21: invalid start byte
2025-06-26 15:29:56,541 - InteractiveChartGenerator - WARNING - Encoding utf-16 failed: 'utf-16' codec can't decode bytes in position 0-1: Stream does not start with BOM
2025-06-26 15:29:56,550 - InteractiveChartGenerator - INFO - Numeric columns: [' DUT Mode', ' Probe of Humidity(%)', ' Dry contact value', ' Reference Voltage(V)', 'Current[A] Status', ' CDD_Display_Temp_Status', 'CID ON/OFF', ' CDD ON/OFF', ' CID_BackLight ', ' CDD_BackLight', ' CID_X_Coordinates', ' CID_Y_Coordinates', ' CDD_X_Coordinates', ' CDD_Y_Coordinates', ' Light_Sensor_On', 'Temp_2', ' Watchdog_reset', ' Hardware_reset', ' Power_reset', ' Clock_reset', ' DTC Stored']
2025-06-26 15:29:56,551 - InteractiveChartGenerator - INFO - Text columns: ['No:', ' Date & Time', 'Probe of Temperature(°C)', 'Current[A]', ' CAN_status', 'CID_Display_Temp_Status']
2025-06-26 15:29:56,552 - InteractiveChartGenerator - INFO - Successfully loaded 234 rows and 29 columns
2025-06-26 15:29:56,553 - InteractiveChartGenerator - INFO - Headers: ['No:', ' Date & Time', ' DUT Mode', ' Probe of Humidity(%)', 'Probe of Temperature(°C)', ' Dry contact value', ' Reference Voltage(V)', 'Current[A]', 'Current[A] Status', ' CAN_status', 'CID_Display_Temp_Status', ' CDD_Display_Temp_Status', 'CID ON/OFF', ' CDD ON/OFF', ' CID_BackLight ', ' CDD_BackLight', ' CID_X_Coordinates', ' CID_Y_Coordinates', ' CDD_X_Coordinates', ' CDD_Y_Coordinates', ' Light_Sensor_On', ' Light_Sensor_Off', ' Temp_1', 'Temp_2', ' Watchdog_reset', ' Hardware_reset', ' Power_reset', ' Clock_reset', ' DTC Stored']
2025-06-26 15:29:56,554 - InteractiveChartGenerator - INFO - Data types: {'No:': dtype('O'), ' Date & Time': dtype('O'), ' DUT Mode': dtype('float64'), ' Probe of Humidity(%)': dtype('float64'), 'Probe of Temperature(°C)': dtype('O'), ' Dry contact value': dtype('float64'), ' Reference Voltage(V)': dtype('float64'), 'Current[A]': dtype('O'), 'Current[A] Status': dtype('int64'), ' CAN_status': dtype('O'), 'CID_Display_Temp_Status': dtype('O'), ' CDD_Display_Temp_Status': dtype('int64'), 'CID ON/OFF': dtype('int64'), ' CDD ON/OFF': dtype('int64'), ' CID_BackLight ': dtype('int64'), ' CDD_BackLight': dtype('int64'), ' CID_X_Coordinates': dtype('int64'), ' CID_Y_Coordinates': dtype('int64'), ' CDD_X_Coordinates': dtype('int64'), ' CDD_Y_Coordinates': dtype('int64'), ' Light_Sensor_On': dtype('int64'), ' Light_Sensor_Off': dtype('bool'), ' Temp_1': dtype('bool'), 'Temp_2': dtype('int64'), ' Watchdog_reset': dtype('int64'), ' Hardware_reset': dtype('int64'), ' Power_reset': dtype('int64'), ' Clock_reset': dtype('int64'), ' DTC Stored': dtype('float64')}
2025-06-26 15:29:56,580 - InteractiveChartGenerator - INFO - All columns: ['No:', ' Date & Time', ' DUT Mode', ' Probe of Humidity(%)', 'Probe of Temperature(°C)', ' Dry contact value', ' Reference Voltage(V)', 'Current[A]', 'Current[A] Status', ' CAN_status', 'CID_Display_Temp_Status', ' CDD_Display_Temp_Status', 'CID ON/OFF', ' CDD ON/OFF', ' CID_BackLight ', ' CDD_BackLight', ' CID_X_Coordinates', ' CID_Y_Coordinates', ' CDD_X_Coordinates', ' CDD_Y_Coordinates', ' Light_Sensor_On', ' Light_Sensor_Off', ' Temp_1', 'Temp_2', ' Watchdog_reset', ' Hardware_reset', ' Power_reset', ' Clock_reset', ' DTC Stored']
2025-06-26 15:29:56,581 - InteractiveChartGenerator - INFO - Numeric columns: [' DUT Mode', ' Probe of Humidity(%)', ' Dry contact value', ' Reference Voltage(V)', 'Current[A] Status', ' CDD_Display_Temp_Status', 'CID ON/OFF', ' CDD ON/OFF', ' CID_BackLight ', ' CDD_BackLight', ' CID_X_Coordinates', ' CID_Y_Coordinates', ' CDD_X_Coordinates', ' CDD_Y_Coordinates', ' Light_Sensor_On', 'Temp_2', ' Watchdog_reset', ' Hardware_reset', ' Power_reset', ' Clock_reset', ' DTC Stored']
2025-06-26 15:29:56,581 - InteractiveChartGenerator - INFO - Chartable columns: ['No:', ' DUT Mode', ' Probe of Humidity(%)', ' Dry contact value', ' Reference Voltage(V)', 'Current[A] Status', ' CDD_Display_Temp_Status', 'CID ON/OFF', ' CDD ON/OFF', ' CID_BackLight ', ' CDD_BackLight', ' CID_X_Coordinates', ' CID_Y_Coordinates', ' CDD_X_Coordinates', ' CDD_Y_Coordinates', ' Light_Sensor_On', ' Light_Sensor_Off', ' Temp_1', 'Temp_2', ' Watchdog_reset', ' Hardware_reset', ' Power_reset', ' Clock_reset', ' DTC Stored']
2025-06-26 15:29:56,582 - InteractiveChartGenerator - INFO - Status: Loaded: DUT2_SN_VLIMS_SS 1#23.csv
2025-06-26 15:29:56,584 - InteractiveChartGenerator - INFO - Converted column 'No:' to datetime for charting
2025-06-26 15:29:56,586 - InteractiveChartGenerator - INFO - Converted column 'No:' to datetime for charting
2025-06-26 15:29:56,677 - InteractiveChartGenerator - INFO - Created interactive line chart with 1 series
2025-06-26 15:29:56,677 - InteractiveChartGenerator - INFO - Status: Chart updated
2025-06-26 15:29:56,677 - InteractiveChartGenerator - INFO - Chart preview updated: 1 series, line type
2025-06-26 15:29:56,678 - InteractiveChartGenerator - INFO - File loaded successfully: DUT2_SN_VLIMS_SS 1#23.csv
2025-06-26 15:29:56,737 - InteractiveChartGenerator - INFO - Converted column 'No:' to datetime for charting
2025-06-26 15:29:56,739 - InteractiveChartGenerator - INFO - Converted column 'No:' to datetime for charting
2025-06-26 15:29:56,827 - InteractiveChartGenerator - INFO - Created interactive line chart with 1 series
2025-06-26 15:29:56,827 - InteractiveChartGenerator - INFO - Status: Chart updated
2025-06-26 15:29:56,827 - InteractiveChartGenerator - INFO - Chart preview updated: 1 series, line type
2025-06-26 15:30:46,738 - InteractiveChartGenerator - INFO - Converted column 'No:' to datetime for charting
2025-06-26 15:30:46,740 - InteractiveChartGenerator - INFO - Converted column 'No:' to datetime for charting
2025-06-26 15:30:46,838 - InteractiveChartGenerator - INFO - Created interactive line chart with 1 series
2025-06-26 15:30:46,838 - InteractiveChartGenerator - INFO - Status: Chart updated
2025-06-26 15:30:46,838 - InteractiveChartGenerator - INFO - Chart preview updated: 1 series, line type
2025-06-26 15:30:51,854 - InteractiveChartGenerator - INFO - Detected delimiter: ','
2025-06-26 15:30:51,854 - InteractiveChartGenerator - INFO - Loading CSV file with smart header detection: C:/Users/GILIEV/Documents/GitHub/Python-Projects/DUT5_SN_VLIMS_SS 1#9.csv
2025-06-26 15:30:51,856 - InteractiveChartGenerator - INFO - Found non-empty cell in column E at row 24
2025-06-26 15:30:51,856 - InteractiveChartGenerator - INFO - Detected header row at index 24 (line 25)
2025-06-26 15:30:51,871 - InteractiveChartGenerator - INFO - Numeric columns: ['No:', ' Probe of Humidity(%)', 'Probe of Temperature(°C)', ' Reference Voltage(V)', 'Current[A]', ' CAN_status', 'CID ON/OFF', ' CDD ON/OFF', ' CID_BackLight ', ' CDD_BackLight', ' CID_X_Coordinates', ' CID_Y_Coordinates', ' CDD_X_Coordinates', ' CDD_Y_Coordinates', ' Light_Sensor_On', ' Light_Sensor_Off', ' Watchdog_reset', ' Hardware_reset', ' Power_reset', ' Clock_reset', ' DTC Stored']
2025-06-26 15:30:51,872 - InteractiveChartGenerator - INFO - Text columns: [' Date & Time', ' DUT Mode', ' Dry contact value', 'Current[A] Status', 'CID_Display_Temp_Status', ' CDD_Display_Temp_Status']
2025-06-26 15:30:51,872 - InteractiveChartGenerator - INFO - Successfully loaded 2411 rows and 29 columns
2025-06-26 15:30:51,872 - InteractiveChartGenerator - INFO - Headers: ['No:', ' Date & Time', ' DUT Mode', ' Probe of Humidity(%)', 'Probe of Temperature(°C)', ' Dry contact value', ' Reference Voltage(V)', 'Current[A]', 'Current[A] Status', ' CAN_status', 'CID_Display_Temp_Status', ' CDD_Display_Temp_Status', 'CID ON/OFF', ' CDD ON/OFF', ' CID_BackLight ', ' CDD_BackLight', ' CID_X_Coordinates', ' CID_Y_Coordinates', ' CDD_X_Coordinates', ' CDD_Y_Coordinates', ' Light_Sensor_On', ' Light_Sensor_Off', ' Temp_1', 'Temp_2', ' Watchdog_reset', ' Hardware_reset', ' Power_reset', ' Clock_reset', ' DTC Stored']
2025-06-26 15:30:51,873 - InteractiveChartGenerator - INFO - Data types: {'No:': dtype('int64'), ' Date & Time': dtype('O'), ' DUT Mode': dtype('O'), ' Probe of Humidity(%)': dtype('float64'), 'Probe of Temperature(°C)': dtype('float64'), ' Dry contact value': dtype('O'), ' Reference Voltage(V)': dtype('float64'), 'Current[A]': dtype('float64'), 'Current[A] Status': dtype('O'), ' CAN_status': dtype('int64'), 'CID_Display_Temp_Status': dtype('O'), ' CDD_Display_Temp_Status': dtype('O'), 'CID ON/OFF': dtype('int64'), ' CDD ON/OFF': dtype('int64'), ' CID_BackLight ': dtype('int64'), ' CDD_BackLight': dtype('int64'), ' CID_X_Coordinates': dtype('int64'), ' CID_Y_Coordinates': dtype('int64'), ' CDD_X_Coordinates': dtype('int64'), ' CDD_Y_Coordinates': dtype('int64'), ' Light_Sensor_On': dtype('int64'), ' Light_Sensor_Off': dtype('int64'), ' Temp_1': dtype('bool'), 'Temp_2': dtype('bool'), ' Watchdog_reset': dtype('int64'), ' Hardware_reset': dtype('int64'), ' Power_reset': dtype('int64'), ' Clock_reset': dtype('int64'), ' DTC Stored': dtype('int64')}
2025-06-26 15:30:51,894 - InteractiveChartGenerator - INFO - All columns: ['No:', ' Date & Time', ' DUT Mode', ' Probe of Humidity(%)', 'Probe of Temperature(°C)', ' Dry contact value', ' Reference Voltage(V)', 'Current[A]', 'Current[A] Status', ' CAN_status', 'CID_Display_Temp_Status', ' CDD_Display_Temp_Status', 'CID ON/OFF', ' CDD ON/OFF', ' CID_BackLight ', ' CDD_BackLight', ' CID_X_Coordinates', ' CID_Y_Coordinates', ' CDD_X_Coordinates', ' CDD_Y_Coordinates', ' Light_Sensor_On', ' Light_Sensor_Off', ' Temp_1', 'Temp_2', ' Watchdog_reset', ' Hardware_reset', ' Power_reset', ' Clock_reset', ' DTC Stored']
2025-06-26 15:30:51,894 - InteractiveChartGenerator - INFO - Numeric columns: ['No:', ' Probe of Humidity(%)', 'Probe of Temperature(°C)', ' Reference Voltage(V)', 'Current[A]', ' CAN_status', 'CID ON/OFF', ' CDD ON/OFF', ' CID_BackLight ', ' CDD_BackLight', ' CID_X_Coordinates', ' CID_Y_Coordinates', ' CDD_X_Coordinates', ' CDD_Y_Coordinates', ' Light_Sensor_On', ' Light_Sensor_Off', ' Watchdog_reset', ' Hardware_reset', ' Power_reset', ' Clock_reset', ' DTC Stored']
2025-06-26 15:30:51,894 - InteractiveChartGenerator - INFO - Chartable columns: ['No:', ' Date & Time', ' Probe of Humidity(%)', 'Probe of Temperature(°C)', ' Reference Voltage(V)', 'Current[A]', ' CAN_status', 'CID ON/OFF', ' CDD ON/OFF', ' CID_BackLight ', ' CDD_BackLight', ' CID_X_Coordinates', ' CID_Y_Coordinates', ' CDD_X_Coordinates', ' CDD_Y_Coordinates', ' Light_Sensor_On', ' Light_Sensor_Off', ' Temp_1', 'Temp_2', ' Watchdog_reset', ' Hardware_reset', ' Power_reset', ' Clock_reset', ' DTC Stored']
2025-06-26 15:30:51,897 - InteractiveChartGenerator - INFO - Status: Loaded: DUT5_SN_VLIMS_SS 1#9.csv
2025-06-26 15:30:51,967 - InteractiveChartGenerator - INFO - Created interactive line chart with 1 series
2025-06-26 15:30:51,967 - InteractiveChartGenerator - INFO - Status: Chart updated
2025-06-26 15:30:51,968 - InteractiveChartGenerator - INFO - Chart preview updated: 1 series, line type
2025-06-26 15:30:51,968 - InteractiveChartGenerator - INFO - File loaded successfully: DUT5_SN_VLIMS_SS 1#9.csv
2025-06-26 15:30:52,123 - InteractiveChartGenerator - INFO - Created interactive line chart with 1 series
2025-06-26 15:30:52,124 - InteractiveChartGenerator - INFO - Status: Chart updated
2025-06-26 15:30:52,124 - InteractiveChartGenerator - INFO - Chart preview updated: 1 series, line type
2025-06-26 15:34:32,039 - InteractiveChartGenerator - INFO - Created interactive line chart with 1 series
2025-06-26 15:34:32,039 - InteractiveChartGenerator - INFO - Status: Chart updated
2025-06-26 15:34:32,040 - InteractiveChartGenerator - INFO - Chart preview updated: 1 series, line type
2025-06-26 15:34:39,529 - InteractiveChartGenerator - INFO - Detected delimiter: ','
2025-06-26 15:34:39,529 - InteractiveChartGenerator - INFO - Loading CSV file with smart header detection: C:/Users/GILIEV/Documents/GitHub/Python-Projects/DUT5_SN_VLIMS_SS 1#9.csv
2025-06-26 15:34:39,531 - InteractiveChartGenerator - INFO - Found non-empty cell in column E at row 24
2025-06-26 15:34:39,531 - InteractiveChartGenerator - INFO - Detected header row at index 24 (line 25)
2025-06-26 15:34:39,549 - InteractiveChartGenerator - INFO - Numeric columns: ['No:', ' Probe of Humidity(%)', 'Probe of Temperature(°C)', ' Reference Voltage(V)', 'Current[A]', ' CAN_status', 'CID ON/OFF', ' CDD ON/OFF', ' CID_BackLight ', ' CDD_BackLight', ' CID_X_Coordinates', ' CID_Y_Coordinates', ' CDD_X_Coordinates', ' CDD_Y_Coordinates', ' Light_Sensor_On', ' Light_Sensor_Off', ' Watchdog_reset', ' Hardware_reset', ' Power_reset', ' Clock_reset', ' DTC Stored']
2025-06-26 15:34:39,550 - InteractiveChartGenerator - INFO - Text columns: [' Date & Time', ' DUT Mode', ' Dry contact value', 'Current[A] Status', 'CID_Display_Temp_Status', ' CDD_Display_Temp_Status']
2025-06-26 15:34:39,550 - InteractiveChartGenerator - INFO - Successfully loaded 2411 rows and 29 columns
2025-06-26 15:34:39,551 - InteractiveChartGenerator - INFO - Headers: ['No:', ' Date & Time', ' DUT Mode', ' Probe of Humidity(%)', 'Probe of Temperature(°C)', ' Dry contact value', ' Reference Voltage(V)', 'Current[A]', 'Current[A] Status', ' CAN_status', 'CID_Display_Temp_Status', ' CDD_Display_Temp_Status', 'CID ON/OFF', ' CDD ON/OFF', ' CID_BackLight ', ' CDD_BackLight', ' CID_X_Coordinates', ' CID_Y_Coordinates', ' CDD_X_Coordinates', ' CDD_Y_Coordinates', ' Light_Sensor_On', ' Light_Sensor_Off', ' Temp_1', 'Temp_2', ' Watchdog_reset', ' Hardware_reset', ' Power_reset', ' Clock_reset', ' DTC Stored']
2025-06-26 15:34:39,551 - InteractiveChartGenerator - INFO - Data types: {'No:': dtype('int64'), ' Date & Time': dtype('O'), ' DUT Mode': dtype('O'), ' Probe of Humidity(%)': dtype('float64'), 'Probe of Temperature(°C)': dtype('float64'), ' Dry contact value': dtype('O'), ' Reference Voltage(V)': dtype('float64'), 'Current[A]': dtype('float64'), 'Current[A] Status': dtype('O'), ' CAN_status': dtype('int64'), 'CID_Display_Temp_Status': dtype('O'), ' CDD_Display_Temp_Status': dtype('O'), 'CID ON/OFF': dtype('int64'), ' CDD ON/OFF': dtype('int64'), ' CID_BackLight ': dtype('int64'), ' CDD_BackLight': dtype('int64'), ' CID_X_Coordinates': dtype('int64'), ' CID_Y_Coordinates': dtype('int64'), ' CDD_X_Coordinates': dtype('int64'), ' CDD_Y_Coordinates': dtype('int64'), ' Light_Sensor_On': dtype('int64'), ' Light_Sensor_Off': dtype('int64'), ' Temp_1': dtype('bool'), 'Temp_2': dtype('bool'), ' Watchdog_reset': dtype('int64'), ' Hardware_reset': dtype('int64'), ' Power_reset': dtype('int64'), ' Clock_reset': dtype('int64'), ' DTC Stored': dtype('int64')}
2025-06-26 15:34:39,572 - InteractiveChartGenerator - INFO - All columns: ['No:', ' Date & Time', ' DUT Mode', ' Probe of Humidity(%)', 'Probe of Temperature(°C)', ' Dry contact value', ' Reference Voltage(V)', 'Current[A]', 'Current[A] Status', ' CAN_status', 'CID_Display_Temp_Status', ' CDD_Display_Temp_Status', 'CID ON/OFF', ' CDD ON/OFF', ' CID_BackLight ', ' CDD_BackLight', ' CID_X_Coordinates', ' CID_Y_Coordinates', ' CDD_X_Coordinates', ' CDD_Y_Coordinates', ' Light_Sensor_On', ' Light_Sensor_Off', ' Temp_1', 'Temp_2', ' Watchdog_reset', ' Hardware_reset', ' Power_reset', ' Clock_reset', ' DTC Stored']
2025-06-26 15:34:39,572 - InteractiveChartGenerator - INFO - Numeric columns: ['No:', ' Probe of Humidity(%)', 'Probe of Temperature(°C)', ' Reference Voltage(V)', 'Current[A]', ' CAN_status', 'CID ON/OFF', ' CDD ON/OFF', ' CID_BackLight ', ' CDD_BackLight', ' CID_X_Coordinates', ' CID_Y_Coordinates', ' CDD_X_Coordinates', ' CDD_Y_Coordinates', ' Light_Sensor_On', ' Light_Sensor_Off', ' Watchdog_reset', ' Hardware_reset', ' Power_reset', ' Clock_reset', ' DTC Stored']
2025-06-26 15:34:39,572 - InteractiveChartGenerator - INFO - Chartable columns: ['No:', ' Date & Time', ' Probe of Humidity(%)', 'Probe of Temperature(°C)', ' Reference Voltage(V)', 'Current[A]', ' CAN_status', 'CID ON/OFF', ' CDD ON/OFF', ' CID_BackLight ', ' CDD_BackLight', ' CID_X_Coordinates', ' CID_Y_Coordinates', ' CDD_X_Coordinates', ' CDD_Y_Coordinates', ' Light_Sensor_On', ' Light_Sensor_Off', ' Temp_1', 'Temp_2', ' Watchdog_reset', ' Hardware_reset', ' Power_reset', ' Clock_reset', ' DTC Stored']
2025-06-26 15:34:39,574 - InteractiveChartGenerator - INFO - Status: Loaded: DUT5_SN_VLIMS_SS 1#9.csv
2025-06-26 15:34:39,647 - InteractiveChartGenerator - INFO - Created interactive line chart with 1 series
2025-06-26 15:34:39,648 - InteractiveChartGenerator - INFO - Status: Chart updated
2025-06-26 15:34:39,648 - InteractiveChartGenerator - INFO - Chart preview updated: 1 series, line type
2025-06-26 15:34:39,648 - InteractiveChartGenerator - INFO - File loaded successfully: DUT5_SN_VLIMS_SS 1#9.csv
2025-06-26 15:34:39,783 - InteractiveChartGenerator - INFO - Created interactive line chart with 1 series
2025-06-26 15:34:39,783 - InteractiveChartGenerator - INFO - Status: Chart updated
2025-06-26 15:34:39,783 - InteractiveChartGenerator - INFO - Chart preview updated: 1 series, line type
2025-06-26 15:34:43,670 - InteractiveChartGenerator - INFO - Converted column ' Date & Time' to datetime for charting
2025-06-26 15:34:43,770 - InteractiveChartGenerator - INFO - Created interactive line chart with 2 series
2025-06-26 15:34:43,770 - InteractiveChartGenerator - INFO - Status: Chart updated
2025-06-26 15:34:43,770 - InteractiveChartGenerator - INFO - Chart preview updated: 2 series, line type
2025-06-26 15:34:44,727 - InteractiveChartGenerator - INFO - Converted column ' Date & Time' to datetime for charting
2025-06-26 15:34:44,817 - InteractiveChartGenerator - INFO - Created interactive line chart with 1 series
2025-06-26 15:34:44,817 - InteractiveChartGenerator - INFO - Status: Chart updated
2025-06-26 15:34:44,817 - InteractiveChartGenerator - INFO - Chart preview updated: 1 series, line type
2025-06-26 15:34:48,537 - InteractiveChartGenerator - INFO - Converted column ' Date & Time' to datetime for charting
2025-06-26 15:34:48,656 - InteractiveChartGenerator - INFO - Created interactive line chart with 1 series
2025-06-26 15:34:48,656 - InteractiveChartGenerator - INFO - Status: Chart updated
2025-06-26 15:34:48,657 - InteractiveChartGenerator - INFO - Chart preview updated: 1 series, line type
2025-06-26 15:35:04,973 - InteractiveChartGenerator - INFO - Converted column ' Date & Time' to datetime for charting
2025-06-26 15:35:05,065 - InteractiveChartGenerator - INFO - Created interactive line chart with 1 series
2025-06-26 15:35:05,065 - InteractiveChartGenerator - INFO - Status: Chart updated
2025-06-26 15:35:05,066 - InteractiveChartGenerator - INFO - Chart preview updated: 1 series, line type
2025-06-26 15:35:13,771 - InteractiveChartGenerator - INFO - Detected delimiter: ','
2025-06-26 15:35:13,771 - InteractiveChartGenerator - INFO - Loading CSV file with smart header detection: C:/Users/GILIEV/Documents/GitHub/Python-Projects/DUT1_SN_VLIMS_SS 1#21.csv
2025-06-26 15:35:13,772 - InteractiveChartGenerator - INFO - Found non-empty cell in column E at row 24
2025-06-26 15:35:13,773 - InteractiveChartGenerator - INFO - Detected header row at index 24 (line 25)
2025-06-26 15:35:13,775 - InteractiveChartGenerator - WARNING - Encoding utf-8 failed: 'utf-8' codec can't decode byte 0xb0 in position 21: invalid start byte
2025-06-26 15:35:13,776 - InteractiveChartGenerator - WARNING - Encoding utf-16 failed: 'utf-16' codec can't decode bytes in position 0-1: Stream does not start with BOM
2025-06-26 15:35:13,781 - InteractiveChartGenerator - INFO - Numeric columns: [' DUT Mode', ' Probe of Humidity(%)', ' Dry contact value', ' Reference Voltage(V)', 'Current[A] Status', ' CDD_Display_Temp_Status', 'CID ON/OFF', ' CDD ON/OFF', ' CID_BackLight ', ' CDD_BackLight', ' CID_X_Coordinates', ' CID_Y_Coordinates', ' CDD_X_Coordinates', ' CDD_Y_Coordinates', ' Light_Sensor_On', 'Temp_2', ' Watchdog_reset', ' Hardware_reset', ' Power_reset', ' Clock_reset', ' DTC Stored']
2025-06-26 15:35:13,782 - InteractiveChartGenerator - INFO - Text columns: ['No:', ' Date & Time', 'Probe of Temperature(°C)', 'Current[A]', ' CAN_status', 'CID_Display_Temp_Status']
2025-06-26 15:35:13,782 - InteractiveChartGenerator - INFO - Successfully loaded 234 rows and 29 columns
2025-06-26 15:35:13,782 - InteractiveChartGenerator - INFO - Headers: ['No:', ' Date & Time', ' DUT Mode', ' Probe of Humidity(%)', 'Probe of Temperature(°C)', ' Dry contact value', ' Reference Voltage(V)', 'Current[A]', 'Current[A] Status', ' CAN_status', 'CID_Display_Temp_Status', ' CDD_Display_Temp_Status', 'CID ON/OFF', ' CDD ON/OFF', ' CID_BackLight ', ' CDD_BackLight', ' CID_X_Coordinates', ' CID_Y_Coordinates', ' CDD_X_Coordinates', ' CDD_Y_Coordinates', ' Light_Sensor_On', ' Light_Sensor_Off', ' Temp_1', 'Temp_2', ' Watchdog_reset', ' Hardware_reset', ' Power_reset', ' Clock_reset', ' DTC Stored']
2025-06-26 15:35:13,783 - InteractiveChartGenerator - INFO - Data types: {'No:': dtype('O'), ' Date & Time': dtype('O'), ' DUT Mode': dtype('float64'), ' Probe of Humidity(%)': dtype('float64'), 'Probe of Temperature(°C)': dtype('O'), ' Dry contact value': dtype('float64'), ' Reference Voltage(V)': dtype('float64'), 'Current[A]': dtype('O'), 'Current[A] Status': dtype('int64'), ' CAN_status': dtype('O'), 'CID_Display_Temp_Status': dtype('O'), ' CDD_Display_Temp_Status': dtype('int64'), 'CID ON/OFF': dtype('int64'), ' CDD ON/OFF': dtype('int64'), ' CID_BackLight ': dtype('int64'), ' CDD_BackLight': dtype('int64'), ' CID_X_Coordinates': dtype('int64'), ' CID_Y_Coordinates': dtype('int64'), ' CDD_X_Coordinates': dtype('int64'), ' CDD_Y_Coordinates': dtype('int64'), ' Light_Sensor_On': dtype('int64'), ' Light_Sensor_Off': dtype('bool'), ' Temp_1': dtype('bool'), 'Temp_2': dtype('int64'), ' Watchdog_reset': dtype('int64'), ' Hardware_reset': dtype('int64'), ' Power_reset': dtype('int64'), ' Clock_reset': dtype('int64'), ' DTC Stored': dtype('float64')}
2025-06-26 15:35:13,804 - InteractiveChartGenerator - INFO - All columns: ['No:', ' Date & Time', ' DUT Mode', ' Probe of Humidity(%)', 'Probe of Temperature(°C)', ' Dry contact value', ' Reference Voltage(V)', 'Current[A]', 'Current[A] Status', ' CAN_status', 'CID_Display_Temp_Status', ' CDD_Display_Temp_Status', 'CID ON/OFF', ' CDD ON/OFF', ' CID_BackLight ', ' CDD_BackLight', ' CID_X_Coordinates', ' CID_Y_Coordinates', ' CDD_X_Coordinates', ' CDD_Y_Coordinates', ' Light_Sensor_On', ' Light_Sensor_Off', ' Temp_1', 'Temp_2', ' Watchdog_reset', ' Hardware_reset', ' Power_reset', ' Clock_reset', ' DTC Stored']
2025-06-26 15:35:13,805 - InteractiveChartGenerator - INFO - Numeric columns: [' DUT Mode', ' Probe of Humidity(%)', ' Dry contact value', ' Reference Voltage(V)', 'Current[A] Status', ' CDD_Display_Temp_Status', 'CID ON/OFF', ' CDD ON/OFF', ' CID_BackLight ', ' CDD_BackLight', ' CID_X_Coordinates', ' CID_Y_Coordinates', ' CDD_X_Coordinates', ' CDD_Y_Coordinates', ' Light_Sensor_On', 'Temp_2', ' Watchdog_reset', ' Hardware_reset', ' Power_reset', ' Clock_reset', ' DTC Stored']
2025-06-26 15:35:13,805 - InteractiveChartGenerator - INFO - Chartable columns: ['No:', ' DUT Mode', ' Probe of Humidity(%)', ' Dry contact value', ' Reference Voltage(V)', 'Current[A] Status', ' CDD_Display_Temp_Status', 'CID ON/OFF', ' CDD ON/OFF', ' CID_BackLight ', ' CDD_BackLight', ' CID_X_Coordinates', ' CID_Y_Coordinates', ' CDD_X_Coordinates', ' CDD_Y_Coordinates', ' Light_Sensor_On', ' Light_Sensor_Off', ' Temp_1', 'Temp_2', ' Watchdog_reset', ' Hardware_reset', ' Power_reset', ' Clock_reset', ' DTC Stored']
2025-06-26 15:35:13,806 - InteractiveChartGenerator - INFO - Status: Loaded: DUT1_SN_VLIMS_SS 1#21.csv
2025-06-26 15:35:13,807 - InteractiveChartGenerator - INFO - Converted column 'No:' to datetime for charting
2025-06-26 15:35:13,809 - InteractiveChartGenerator - INFO - Converted column 'No:' to datetime for charting
2025-06-26 15:35:13,893 - InteractiveChartGenerator - INFO - Created interactive line chart with 1 series
2025-06-26 15:35:13,893 - InteractiveChartGenerator - INFO - Status: Chart updated
2025-06-26 15:35:13,893 - InteractiveChartGenerator - INFO - Chart preview updated: 1 series, line type
2025-06-26 15:35:13,894 - InteractiveChartGenerator - INFO - File loaded successfully: DUT1_SN_VLIMS_SS 1#21.csv
2025-06-26 15:35:38,427 - InteractiveChartGenerator - INFO - Converted column 'No:' to datetime for charting
2025-06-26 15:35:38,428 - InteractiveChartGenerator - INFO - Converted column 'No:' to datetime for charting
2025-06-26 15:35:38,524 - InteractiveChartGenerator - INFO - Created interactive line chart with 1 series
2025-06-26 15:35:38,525 - InteractiveChartGenerator - INFO - Status: Chart updated
2025-06-26 15:35:38,525 - InteractiveChartGenerator - INFO - Chart preview updated: 1 series, line type
2025-06-26 15:38:39,757 - InteractiveChartGenerator - INFO - Converted column 'No:' to datetime for charting
2025-06-26 15:38:39,759 - InteractiveChartGenerator - INFO - Converted column 'No:' to datetime for charting
2025-06-26 15:38:39,858 - InteractiveChartGenerator - INFO - Created interactive line chart with 1 series
2025-06-26 15:38:39,858 - InteractiveChartGenerator - INFO - Status: Chart updated
2025-06-26 15:38:39,858 - InteractiveChartGenerator - INFO - Chart preview updated: 1 series, line type
2025-06-26 15:38:47,822 - InteractiveChartGenerator - INFO - Converted column 'No:' to datetime for charting
2025-06-26 15:38:47,824 - InteractiveChartGenerator - INFO - Converted column 'No:' to datetime for charting
2025-06-26 15:38:47,914 - InteractiveChartGenerator - INFO - Created interactive line chart with 1 series
2025-06-26 15:38:47,914 - InteractiveChartGenerator - INFO - Status: Chart updated
2025-06-26 15:38:47,915 - InteractiveChartGenerator - INFO - Chart preview updated: 1 series, line type
2025-06-26 15:38:52,507 - InteractiveChartGenerator - INFO - Detected delimiter: ','
2025-06-26 15:38:52,507 - InteractiveChartGenerator - INFO - Loading CSV file with smart header detection: C:/Users/GILIEV/Downloads/DUT5_SN_VLIMS_SS 1#9.csv
2025-06-26 15:38:52,509 - InteractiveChartGenerator - INFO - Found non-empty cell in column E at row 24
2025-06-26 15:38:52,509 - InteractiveChartGenerator - INFO - Detected header row at index 24 (line 25)
2025-06-26 15:38:52,524 - InteractiveChartGenerator - INFO - Numeric columns: ['No:', ' Probe of Humidity(%)', 'Probe of Temperature(°C)', ' Reference Voltage(V)', 'Current[A]', ' CAN_status', 'CID ON/OFF', ' CDD ON/OFF', ' CID_BackLight ', ' CDD_BackLight', ' CID_X_Coordinates', ' CID_Y_Coordinates', ' CDD_X_Coordinates', ' CDD_Y_Coordinates', ' Light_Sensor_On', ' Light_Sensor_Off', ' Watchdog_reset', ' Hardware_reset', ' Power_reset', ' Clock_reset', ' DTC Stored']
2025-06-26 15:38:52,524 - InteractiveChartGenerator - INFO - Text columns: [' Date & Time', ' DUT Mode', ' Dry contact value', 'Current[A] Status', 'CID_Display_Temp_Status', ' CDD_Display_Temp_Status']
2025-06-26 15:38:52,525 - InteractiveChartGenerator - INFO - Successfully loaded 2411 rows and 29 columns
2025-06-26 15:38:52,525 - InteractiveChartGenerator - INFO - Headers: ['No:', ' Date & Time', ' DUT Mode', ' Probe of Humidity(%)', 'Probe of Temperature(°C)', ' Dry contact value', ' Reference Voltage(V)', 'Current[A]', 'Current[A] Status', ' CAN_status', 'CID_Display_Temp_Status', ' CDD_Display_Temp_Status', 'CID ON/OFF', ' CDD ON/OFF', ' CID_BackLight ', ' CDD_BackLight', ' CID_X_Coordinates', ' CID_Y_Coordinates', ' CDD_X_Coordinates', ' CDD_Y_Coordinates', ' Light_Sensor_On', ' Light_Sensor_Off', ' Temp_1', 'Temp_2', ' Watchdog_reset', ' Hardware_reset', ' Power_reset', ' Clock_reset', ' DTC Stored']
2025-06-26 15:38:52,526 - InteractiveChartGenerator - INFO - Data types: {'No:': dtype('int64'), ' Date & Time': dtype('O'), ' DUT Mode': dtype('O'), ' Probe of Humidity(%)': dtype('float64'), 'Probe of Temperature(°C)': dtype('float64'), ' Dry contact value': dtype('O'), ' Reference Voltage(V)': dtype('float64'), 'Current[A]': dtype('float64'), 'Current[A] Status': dtype('O'), ' CAN_status': dtype('int64'), 'CID_Display_Temp_Status': dtype('O'), ' CDD_Display_Temp_Status': dtype('O'), 'CID ON/OFF': dtype('int64'), ' CDD ON/OFF': dtype('int64'), ' CID_BackLight ': dtype('int64'), ' CDD_BackLight': dtype('int64'), ' CID_X_Coordinates': dtype('int64'), ' CID_Y_Coordinates': dtype('int64'), ' CDD_X_Coordinates': dtype('int64'), ' CDD_Y_Coordinates': dtype('int64'), ' Light_Sensor_On': dtype('int64'), ' Light_Sensor_Off': dtype('int64'), ' Temp_1': dtype('bool'), 'Temp_2': dtype('bool'), ' Watchdog_reset': dtype('int64'), ' Hardware_reset': dtype('int64'), ' Power_reset': dtype('int64'), ' Clock_reset': dtype('int64'), ' DTC Stored': dtype('int64')}
2025-06-26 15:38:52,549 - InteractiveChartGenerator - INFO - All columns: ['No:', ' Date & Time', ' DUT Mode', ' Probe of Humidity(%)', 'Probe of Temperature(°C)', ' Dry contact value', ' Reference Voltage(V)', 'Current[A]', 'Current[A] Status', ' CAN_status', 'CID_Display_Temp_Status', ' CDD_Display_Temp_Status', 'CID ON/OFF', ' CDD ON/OFF', ' CID_BackLight ', ' CDD_BackLight', ' CID_X_Coordinates', ' CID_Y_Coordinates', ' CDD_X_Coordinates', ' CDD_Y_Coordinates', ' Light_Sensor_On', ' Light_Sensor_Off', ' Temp_1', 'Temp_2', ' Watchdog_reset', ' Hardware_reset', ' Power_reset', ' Clock_reset', ' DTC Stored']
2025-06-26 15:38:52,550 - InteractiveChartGenerator - INFO - Numeric columns: ['No:', ' Probe of Humidity(%)', 'Probe of Temperature(°C)', ' Reference Voltage(V)', 'Current[A]', ' CAN_status', 'CID ON/OFF', ' CDD ON/OFF', ' CID_BackLight ', ' CDD_BackLight', ' CID_X_Coordinates', ' CID_Y_Coordinates', ' CDD_X_Coordinates', ' CDD_Y_Coordinates', ' Light_Sensor_On', ' Light_Sensor_Off', ' Watchdog_reset', ' Hardware_reset', ' Power_reset', ' Clock_reset', ' DTC Stored']
2025-06-26 15:38:52,550 - InteractiveChartGenerator - INFO - Chartable columns: ['No:', ' Date & Time', ' Probe of Humidity(%)', 'Probe of Temperature(°C)', ' Reference Voltage(V)', 'Current[A]', ' CAN_status', 'CID ON/OFF', ' CDD ON/OFF', ' CID_BackLight ', ' CDD_BackLight', ' CID_X_Coordinates', ' CID_Y_Coordinates', ' CDD_X_Coordinates', ' CDD_Y_Coordinates', ' Light_Sensor_On', ' Light_Sensor_Off', ' Temp_1', 'Temp_2', ' Watchdog_reset', ' Hardware_reset', ' Power_reset', ' Clock_reset', ' DTC Stored']
2025-06-26 15:38:52,552 - InteractiveChartGenerator - INFO - Status: Loaded: DUT5_SN_VLIMS_SS 1#9.csv
2025-06-26 15:38:52,626 - InteractiveChartGenerator - INFO - Created interactive line chart with 1 series
2025-06-26 15:38:52,626 - InteractiveChartGenerator - INFO - Status: Chart updated
2025-06-26 15:38:52,626 - InteractiveChartGenerator - INFO - Chart preview updated: 1 series, line type
2025-06-26 15:38:52,626 - InteractiveChartGenerator - INFO - File loaded successfully: DUT5_SN_VLIMS_SS 1#9.csv
2025-06-26 15:38:52,780 - InteractiveChartGenerator - INFO - Created interactive line chart with 1 series
2025-06-26 15:38:52,780 - InteractiveChartGenerator - INFO - Status: Chart updated
2025-06-26 15:38:52,780 - InteractiveChartGenerator - INFO - Chart preview updated: 1 series, line type
2025-06-26 15:41:52,760 - InteractiveChartGenerator - INFO - Created interactive line chart with 1 series
2025-06-26 15:41:52,760 - InteractiveChartGenerator - INFO - Status: Chart updated
2025-06-26 15:41:52,760 - InteractiveChartGenerator - INFO - Chart preview updated: 1 series, line type
2025-06-26 15:41:56,753 - InteractiveChartGenerator - INFO - Created interactive line chart with 1 series
2025-06-26 15:41:56,753 - InteractiveChartGenerator - INFO - Status: Chart updated
2025-06-26 15:41:56,753 - InteractiveChartGenerator - INFO - Chart preview updated: 1 series, line type
2025-06-26 15:42:03,118 - InteractiveChartGenerator - INFO - Detected delimiter: ','
2025-06-26 15:42:03,118 - InteractiveChartGenerator - INFO - Loading CSV file with smart header detection: C:/Users/GILIEV/Downloads/DUT5_SN_VLIMS_SS 1#9.csv
2025-06-26 15:42:03,119 - InteractiveChartGenerator - INFO - Found non-empty cell in column E at row 24
2025-06-26 15:42:03,120 - InteractiveChartGenerator - INFO - Detected header row at index 24 (line 25)
2025-06-26 15:42:03,134 - InteractiveChartGenerator - INFO - Numeric columns: ['No:', ' Probe of Humidity(%)', 'Probe of Temperature(°C)', ' Reference Voltage(V)', 'Current[A]', ' CAN_status', 'CID ON/OFF', ' CDD ON/OFF', ' CID_BackLight ', ' CDD_BackLight', ' CID_X_Coordinates', ' CID_Y_Coordinates', ' CDD_X_Coordinates', ' CDD_Y_Coordinates', ' Light_Sensor_On', ' Light_Sensor_Off', ' Watchdog_reset', ' Hardware_reset', ' Power_reset', ' Clock_reset', ' DTC Stored']
2025-06-26 15:42:03,135 - InteractiveChartGenerator - INFO - Text columns: [' Date & Time', ' DUT Mode', ' Dry contact value', 'Current[A] Status', 'CID_Display_Temp_Status', ' CDD_Display_Temp_Status']
2025-06-26 15:42:03,135 - InteractiveChartGenerator - INFO - Successfully loaded 2411 rows and 29 columns
2025-06-26 15:42:03,135 - InteractiveChartGenerator - INFO - Headers: ['No:', ' Date & Time', ' DUT Mode', ' Probe of Humidity(%)', 'Probe of Temperature(°C)', ' Dry contact value', ' Reference Voltage(V)', 'Current[A]', 'Current[A] Status', ' CAN_status', 'CID_Display_Temp_Status', ' CDD_Display_Temp_Status', 'CID ON/OFF', ' CDD ON/OFF', ' CID_BackLight ', ' CDD_BackLight', ' CID_X_Coordinates', ' CID_Y_Coordinates', ' CDD_X_Coordinates', ' CDD_Y_Coordinates', ' Light_Sensor_On', ' Light_Sensor_Off', ' Temp_1', 'Temp_2', ' Watchdog_reset', ' Hardware_reset', ' Power_reset', ' Clock_reset', ' DTC Stored']
2025-06-26 15:42:03,136 - InteractiveChartGenerator - INFO - Data types: {'No:': dtype('int64'), ' Date & Time': dtype('O'), ' DUT Mode': dtype('O'), ' Probe of Humidity(%)': dtype('float64'), 'Probe of Temperature(°C)': dtype('float64'), ' Dry contact value': dtype('O'), ' Reference Voltage(V)': dtype('float64'), 'Current[A]': dtype('float64'), 'Current[A] Status': dtype('O'), ' CAN_status': dtype('int64'), 'CID_Display_Temp_Status': dtype('O'), ' CDD_Display_Temp_Status': dtype('O'), 'CID ON/OFF': dtype('int64'), ' CDD ON/OFF': dtype('int64'), ' CID_BackLight ': dtype('int64'), ' CDD_BackLight': dtype('int64'), ' CID_X_Coordinates': dtype('int64'), ' CID_Y_Coordinates': dtype('int64'), ' CDD_X_Coordinates': dtype('int64'), ' CDD_Y_Coordinates': dtype('int64'), ' Light_Sensor_On': dtype('int64'), ' Light_Sensor_Off': dtype('int64'), ' Temp_1': dtype('bool'), 'Temp_2': dtype('bool'), ' Watchdog_reset': dtype('int64'), ' Hardware_reset': dtype('int64'), ' Power_reset': dtype('int64'), ' Clock_reset': dtype('int64'), ' DTC Stored': dtype('int64')}
2025-06-26 15:42:03,156 - InteractiveChartGenerator - INFO - All columns: ['No:', ' Date & Time', ' DUT Mode', ' Probe of Humidity(%)', 'Probe of Temperature(°C)', ' Dry contact value', ' Reference Voltage(V)', 'Current[A]', 'Current[A] Status', ' CAN_status', 'CID_Display_Temp_Status', ' CDD_Display_Temp_Status', 'CID ON/OFF', ' CDD ON/OFF', ' CID_BackLight ', ' CDD_BackLight', ' CID_X_Coordinates', ' CID_Y_Coordinates', ' CDD_X_Coordinates', ' CDD_Y_Coordinates', ' Light_Sensor_On', ' Light_Sensor_Off', ' Temp_1', 'Temp_2', ' Watchdog_reset', ' Hardware_reset', ' Power_reset', ' Clock_reset', ' DTC Stored']
2025-06-26 15:42:03,157 - InteractiveChartGenerator - INFO - Numeric columns: ['No:', ' Probe of Humidity(%)', 'Probe of Temperature(°C)', ' Reference Voltage(V)', 'Current[A]', ' CAN_status', 'CID ON/OFF', ' CDD ON/OFF', ' CID_BackLight ', ' CDD_BackLight', ' CID_X_Coordinates', ' CID_Y_Coordinates', ' CDD_X_Coordinates', ' CDD_Y_Coordinates', ' Light_Sensor_On', ' Light_Sensor_Off', ' Watchdog_reset', ' Hardware_reset', ' Power_reset', ' Clock_reset', ' DTC Stored']
2025-06-26 15:42:03,157 - InteractiveChartGenerator - INFO - Chartable columns: ['No:', ' Date & Time', ' Probe of Humidity(%)', 'Probe of Temperature(°C)', ' Reference Voltage(V)', 'Current[A]', ' CAN_status', 'CID ON/OFF', ' CDD ON/OFF', ' CID_BackLight ', ' CDD_BackLight', ' CID_X_Coordinates', ' CID_Y_Coordinates', ' CDD_X_Coordinates', ' CDD_Y_Coordinates', ' Light_Sensor_On', ' Light_Sensor_Off', ' Temp_1', 'Temp_2', ' Watchdog_reset', ' Hardware_reset', ' Power_reset', ' Clock_reset', ' DTC Stored']
2025-06-26 15:42:03,159 - InteractiveChartGenerator - INFO - Status: Loaded: DUT5_SN_VLIMS_SS 1#9.csv
2025-06-26 15:42:03,235 - InteractiveChartGenerator - INFO - Created interactive line chart with 1 series
2025-06-26 15:42:03,235 - InteractiveChartGenerator - INFO - Status: Chart updated
2025-06-26 15:42:03,235 - InteractiveChartGenerator - INFO - Chart preview updated: 1 series, line type
2025-06-26 15:42:03,235 - InteractiveChartGenerator - INFO - File loaded successfully: DUT5_SN_VLIMS_SS 1#9.csv
2025-06-26 15:42:03,397 - InteractiveChartGenerator - INFO - Created interactive line chart with 1 series
2025-06-26 15:42:03,397 - InteractiveChartGenerator - INFO - Status: Chart updated
2025-06-26 15:42:03,397 - InteractiveChartGenerator - INFO - Chart preview updated: 1 series, line type
2025-06-26 15:42:12,149 - InteractiveChartGenerator - INFO - Created interactive line chart with 1 series
2025-06-26 15:42:12,150 - InteractiveChartGenerator - INFO - Status: Chart updated
2025-06-26 15:42:12,150 - InteractiveChartGenerator - INFO - Chart preview updated: 1 series, line type
2025-06-26 15:42:20,164 - InteractiveChartGenerator - INFO - Detected delimiter: ','
2025-06-26 15:42:20,164 - InteractiveChartGenerator - INFO - Loading CSV file with smart header detection: C:/Users/GILIEV/Downloads/Logs_BR223_Downloaded_02.06.2025/Logs_BR223_Downloaded_02.06.2025/C-01/C-01/3_PTL/15-04-2025_17.25.01/DUT4_SN_VLIMS_SS 1#30.csv
2025-06-26 15:42:20,165 - InteractiveChartGenerator - INFO - Found non-empty cell in column E at row 24
2025-06-26 15:42:20,165 - InteractiveChartGenerator - INFO - Detected header row at index 24 (line 25)
2025-06-26 15:42:20,167 - InteractiveChartGenerator - WARNING - Encoding utf-8 failed: 'utf-8' codec can't decode byte 0xb0 in position 21: invalid start byte
2025-06-26 15:42:20,169 - InteractiveChartGenerator - WARNING - Encoding utf-16 failed: 'utf-16' codec can't decode bytes in position 0-1: Stream does not start with BOM
2025-06-26 15:42:20,179 - InteractiveChartGenerator - INFO - Numeric columns: [' DUT Mode', ' Probe of Humidity(%)', ' Dry contact value', ' Reference Voltage(V)', 'Current[A] Status', ' CDD_Display_Temp_Status', 'CID ON/OFF', ' CDD ON/OFF', ' CID_BackLight ', ' CDD_BackLight', ' CID_X_Coordinates', ' CID_Y_Coordinates', ' CDD_X_Coordinates', ' CDD_Y_Coordinates', ' Light_Sensor_On', 'Temp_2', ' Watchdog_reset', ' Hardware_reset', ' Power_reset', ' Clock_reset', ' DTC Stored']
2025-06-26 15:42:20,180 - InteractiveChartGenerator - INFO - Text columns: ['No:', ' Date & Time', 'Probe of Temperature(°C)', 'Current[A]', ' CAN_status', 'CID_Display_Temp_Status']
2025-06-26 15:42:20,180 - InteractiveChartGenerator - INFO - Successfully loaded 759 rows and 29 columns
2025-06-26 15:42:20,180 - InteractiveChartGenerator - INFO - Headers: ['No:', ' Date & Time', ' DUT Mode', ' Probe of Humidity(%)', 'Probe of Temperature(°C)', ' Dry contact value', ' Reference Voltage(V)', 'Current[A]', 'Current[A] Status', ' CAN_status', 'CID_Display_Temp_Status', ' CDD_Display_Temp_Status', 'CID ON/OFF', ' CDD ON/OFF', ' CID_BackLight ', ' CDD_BackLight', ' CID_X_Coordinates', ' CID_Y_Coordinates', ' CDD_X_Coordinates', ' CDD_Y_Coordinates', ' Light_Sensor_On', ' Light_Sensor_Off', ' Temp_1', 'Temp_2', ' Watchdog_reset', ' Hardware_reset', ' Power_reset', ' Clock_reset', ' DTC Stored']
2025-06-26 15:42:20,181 - InteractiveChartGenerator - INFO - Data types: {'No:': dtype('O'), ' Date & Time': dtype('O'), ' DUT Mode': dtype('float64'), ' Probe of Humidity(%)': dtype('float64'), 'Probe of Temperature(°C)': dtype('O'), ' Dry contact value': dtype('float64'), ' Reference Voltage(V)': dtype('float64'), 'Current[A]': dtype('O'), 'Current[A] Status': dtype('int64'), ' CAN_status': dtype('O'), 'CID_Display_Temp_Status': dtype('O'), ' CDD_Display_Temp_Status': dtype('int64'), 'CID ON/OFF': dtype('int64'), ' CDD ON/OFF': dtype('int64'), ' CID_BackLight ': dtype('int64'), ' CDD_BackLight': dtype('int64'), ' CID_X_Coordinates': dtype('int64'), ' CID_Y_Coordinates': dtype('int64'), ' CDD_X_Coordinates': dtype('int64'), ' CDD_Y_Coordinates': dtype('int64'), ' Light_Sensor_On': dtype('int64'), ' Light_Sensor_Off': dtype('bool'), ' Temp_1': dtype('bool'), 'Temp_2': dtype('int64'), ' Watchdog_reset': dtype('int64'), ' Hardware_reset': dtype('int64'), ' Power_reset': dtype('int64'), ' Clock_reset': dtype('int64'), ' DTC Stored': dtype('float64')}
2025-06-26 15:42:20,200 - InteractiveChartGenerator - INFO - All columns: ['No:', ' Date & Time', ' DUT Mode', ' Probe of Humidity(%)', 'Probe of Temperature(°C)', ' Dry contact value', ' Reference Voltage(V)', 'Current[A]', 'Current[A] Status', ' CAN_status', 'CID_Display_Temp_Status', ' CDD_Display_Temp_Status', 'CID ON/OFF', ' CDD ON/OFF', ' CID_BackLight ', ' CDD_BackLight', ' CID_X_Coordinates', ' CID_Y_Coordinates', ' CDD_X_Coordinates', ' CDD_Y_Coordinates', ' Light_Sensor_On', ' Light_Sensor_Off', ' Temp_1', 'Temp_2', ' Watchdog_reset', ' Hardware_reset', ' Power_reset', ' Clock_reset', ' DTC Stored']
2025-06-26 15:42:20,201 - InteractiveChartGenerator - INFO - Numeric columns: [' DUT Mode', ' Probe of Humidity(%)', ' Dry contact value', ' Reference Voltage(V)', 'Current[A] Status', ' CDD_Display_Temp_Status', 'CID ON/OFF', ' CDD ON/OFF', ' CID_BackLight ', ' CDD_BackLight', ' CID_X_Coordinates', ' CID_Y_Coordinates', ' CDD_X_Coordinates', ' CDD_Y_Coordinates', ' Light_Sensor_On', 'Temp_2', ' Watchdog_reset', ' Hardware_reset', ' Power_reset', ' Clock_reset', ' DTC Stored']
2025-06-26 15:42:20,201 - InteractiveChartGenerator - INFO - Chartable columns: ['No:', ' DUT Mode', ' Probe of Humidity(%)', ' Dry contact value', ' Reference Voltage(V)', 'Current[A] Status', ' CDD_Display_Temp_Status', 'CID ON/OFF', ' CDD ON/OFF', ' CID_BackLight ', ' CDD_BackLight', ' CID_X_Coordinates', ' CID_Y_Coordinates', ' CDD_X_Coordinates', ' CDD_Y_Coordinates', ' Light_Sensor_On', ' Light_Sensor_Off', ' Temp_1', 'Temp_2', ' Watchdog_reset', ' Hardware_reset', ' Power_reset', ' Clock_reset', ' DTC Stored']
2025-06-26 15:42:20,202 - InteractiveChartGenerator - INFO - Status: Loaded: DUT4_SN_VLIMS_SS 1#30.csv
2025-06-26 15:42:20,205 - InteractiveChartGenerator - INFO - Converted column 'No:' to datetime for charting
2025-06-26 15:42:20,207 - InteractiveChartGenerator - INFO - Converted column 'No:' to datetime for charting
2025-06-26 15:42:20,296 - InteractiveChartGenerator - INFO - Created interactive line chart with 1 series
2025-06-26 15:42:20,296 - InteractiveChartGenerator - INFO - Status: Chart updated
2025-06-26 15:42:20,296 - InteractiveChartGenerator - INFO - Chart preview updated: 1 series, line type
2025-06-26 15:42:20,296 - InteractiveChartGenerator - INFO - File loaded successfully: DUT4_SN_VLIMS_SS 1#30.csv
2025-06-26 15:42:20,357 - InteractiveChartGenerator - INFO - Converted column 'No:' to datetime for charting
2025-06-26 15:42:20,360 - InteractiveChartGenerator - INFO - Converted column 'No:' to datetime for charting
2025-06-26 15:42:20,457 - InteractiveChartGenerator - INFO - Created interactive line chart with 1 series
2025-06-26 15:42:20,457 - InteractiveChartGenerator - INFO - Status: Chart updated
2025-06-26 15:42:20,457 - InteractiveChartGenerator - INFO - Chart preview updated: 1 series, line type
2025-06-26 15:43:35,984 - InteractiveChartGenerator - INFO - Converted column 'No:' to datetime for charting
2025-06-26 15:43:35,988 - InteractiveChartGenerator - INFO - Converted column 'No:' to datetime for charting
2025-06-26 15:43:36,078 - InteractiveChartGenerator - INFO - Created interactive line chart with 1 series
2025-06-26 15:43:36,078 - InteractiveChartGenerator - INFO - Status: Chart updated
2025-06-26 15:43:36,078 - InteractiveChartGenerator - INFO - Chart preview updated: 1 series, line type
2025-06-26 15:43:39,677 - InteractiveChartGenerator - INFO - Detected delimiter: ','
2025-06-26 15:43:39,677 - InteractiveChartGenerator - INFO - Loading CSV file with smart header detection: C:/Users/GILIEV/Downloads/DUT5_SN_VLIMS_SS 1#9.csv
2025-06-26 15:43:39,679 - InteractiveChartGenerator - INFO - Found non-empty cell in column E at row 24
2025-06-26 15:43:39,679 - InteractiveChartGenerator - INFO - Detected header row at index 24 (line 25)
2025-06-26 15:43:39,694 - InteractiveChartGenerator - INFO - Numeric columns: ['No:', ' Probe of Humidity(%)', 'Probe of Temperature(°C)', ' Reference Voltage(V)', 'Current[A]', ' CAN_status', 'CID ON/OFF', ' CDD ON/OFF', ' CID_BackLight ', ' CDD_BackLight', ' CID_X_Coordinates', ' CID_Y_Coordinates', ' CDD_X_Coordinates', ' CDD_Y_Coordinates', ' Light_Sensor_On', ' Light_Sensor_Off', ' Watchdog_reset', ' Hardware_reset', ' Power_reset', ' Clock_reset', ' DTC Stored']
2025-06-26 15:43:39,694 - InteractiveChartGenerator - INFO - Text columns: [' Date & Time', ' DUT Mode', ' Dry contact value', 'Current[A] Status', 'CID_Display_Temp_Status', ' CDD_Display_Temp_Status']
2025-06-26 15:43:39,695 - InteractiveChartGenerator - INFO - Successfully loaded 2411 rows and 29 columns
2025-06-26 15:43:39,695 - InteractiveChartGenerator - INFO - Headers: ['No:', ' Date & Time', ' DUT Mode', ' Probe of Humidity(%)', 'Probe of Temperature(°C)', ' Dry contact value', ' Reference Voltage(V)', 'Current[A]', 'Current[A] Status', ' CAN_status', 'CID_Display_Temp_Status', ' CDD_Display_Temp_Status', 'CID ON/OFF', ' CDD ON/OFF', ' CID_BackLight ', ' CDD_BackLight', ' CID_X_Coordinates', ' CID_Y_Coordinates', ' CDD_X_Coordinates', ' CDD_Y_Coordinates', ' Light_Sensor_On', ' Light_Sensor_Off', ' Temp_1', 'Temp_2', ' Watchdog_reset', ' Hardware_reset', ' Power_reset', ' Clock_reset', ' DTC Stored']
2025-06-26 15:43:39,695 - InteractiveChartGenerator - INFO - Data types: {'No:': dtype('int64'), ' Date & Time': dtype('O'), ' DUT Mode': dtype('O'), ' Probe of Humidity(%)': dtype('float64'), 'Probe of Temperature(°C)': dtype('float64'), ' Dry contact value': dtype('O'), ' Reference Voltage(V)': dtype('float64'), 'Current[A]': dtype('float64'), 'Current[A] Status': dtype('O'), ' CAN_status': dtype('int64'), 'CID_Display_Temp_Status': dtype('O'), ' CDD_Display_Temp_Status': dtype('O'), 'CID ON/OFF': dtype('int64'), ' CDD ON/OFF': dtype('int64'), ' CID_BackLight ': dtype('int64'), ' CDD_BackLight': dtype('int64'), ' CID_X_Coordinates': dtype('int64'), ' CID_Y_Coordinates': dtype('int64'), ' CDD_X_Coordinates': dtype('int64'), ' CDD_Y_Coordinates': dtype('int64'), ' Light_Sensor_On': dtype('int64'), ' Light_Sensor_Off': dtype('int64'), ' Temp_1': dtype('bool'), 'Temp_2': dtype('bool'), ' Watchdog_reset': dtype('int64'), ' Hardware_reset': dtype('int64'), ' Power_reset': dtype('int64'), ' Clock_reset': dtype('int64'), ' DTC Stored': dtype('int64')}
2025-06-26 15:43:39,715 - InteractiveChartGenerator - INFO - All columns: ['No:', ' Date & Time', ' DUT Mode', ' Probe of Humidity(%)', 'Probe of Temperature(°C)', ' Dry contact value', ' Reference Voltage(V)', 'Current[A]', 'Current[A] Status', ' CAN_status', 'CID_Display_Temp_Status', ' CDD_Display_Temp_Status', 'CID ON/OFF', ' CDD ON/OFF', ' CID_BackLight ', ' CDD_BackLight', ' CID_X_Coordinates', ' CID_Y_Coordinates', ' CDD_X_Coordinates', ' CDD_Y_Coordinates', ' Light_Sensor_On', ' Light_Sensor_Off', ' Temp_1', 'Temp_2', ' Watchdog_reset', ' Hardware_reset', ' Power_reset', ' Clock_reset', ' DTC Stored']
2025-06-26 15:43:39,716 - InteractiveChartGenerator - INFO - Numeric columns: ['No:', ' Probe of Humidity(%)', 'Probe of Temperature(°C)', ' Reference Voltage(V)', 'Current[A]', ' CAN_status', 'CID ON/OFF', ' CDD ON/OFF', ' CID_BackLight ', ' CDD_BackLight', ' CID_X_Coordinates', ' CID_Y_Coordinates', ' CDD_X_Coordinates', ' CDD_Y_Coordinates', ' Light_Sensor_On', ' Light_Sensor_Off', ' Watchdog_reset', ' Hardware_reset', ' Power_reset', ' Clock_reset', ' DTC Stored']
2025-06-26 15:43:39,716 - InteractiveChartGenerator - INFO - Chartable columns: ['No:', ' Date & Time', ' Probe of Humidity(%)', 'Probe of Temperature(°C)', ' Reference Voltage(V)', 'Current[A]', ' CAN_status', 'CID ON/OFF', ' CDD ON/OFF', ' CID_BackLight ', ' CDD_BackLight', ' CID_X_Coordinates', ' CID_Y_Coordinates', ' CDD_X_Coordinates', ' CDD_Y_Coordinates', ' Light_Sensor_On', ' Light_Sensor_Off', ' Temp_1', 'Temp_2', ' Watchdog_reset', ' Hardware_reset', ' Power_reset', ' Clock_reset', ' DTC Stored']
2025-06-26 15:43:39,718 - InteractiveChartGenerator - INFO - Status: Loaded: DUT5_SN_VLIMS_SS 1#9.csv
2025-06-26 15:43:39,790 - InteractiveChartGenerator - INFO - Created interactive line chart with 1 series
2025-06-26 15:43:39,790 - InteractiveChartGenerator - INFO - Status: Chart updated
2025-06-26 15:43:39,791 - InteractiveChartGenerator - INFO - Chart preview updated: 1 series, line type
2025-06-26 15:43:39,791 - InteractiveChartGenerator - INFO - File loaded successfully: DUT5_SN_VLIMS_SS 1#9.csv
2025-06-26 15:43:39,973 - InteractiveChartGenerator - INFO - Created interactive line chart with 1 series
2025-06-26 15:43:39,973 - InteractiveChartGenerator - INFO - Status: Chart updated
2025-06-26 15:43:39,974 - InteractiveChartGenerator - INFO - Chart preview updated: 1 series, line type
2025-06-26 15:43:45,157 - InteractiveChartGenerator - INFO - Created interactive line chart with 1 series
2025-06-26 15:43:45,157 - InteractiveChartGenerator - INFO - Status: Chart updated
2025-06-26 15:43:45,157 - InteractiveChartGenerator - INFO - Chart preview updated: 1 series, line type
2025-06-26 15:43:58,506 - InteractiveChartGenerator - INFO - Detected delimiter: ','
2025-06-26 15:43:58,507 - InteractiveChartGenerator - INFO - Loading CSV file with smart header detection: C:/Users/GILIEV/Documents/GitHub/Python-Projects/DUT1_SN_VLIMS_SS 1#21.csv
2025-06-26 15:43:58,508 - InteractiveChartGenerator - INFO - Found non-empty cell in column E at row 24
2025-06-26 15:43:58,508 - InteractiveChartGenerator - INFO - Detected header row at index 24 (line 25)
2025-06-26 15:43:58,511 - InteractiveChartGenerator - WARNING - Encoding utf-8 failed: 'utf-8' codec can't decode byte 0xb0 in position 21: invalid start byte
2025-06-26 15:43:58,513 - InteractiveChartGenerator - WARNING - Encoding utf-16 failed: 'utf-16' codec can't decode bytes in position 0-1: Stream does not start with BOM
2025-06-26 15:43:58,518 - InteractiveChartGenerator - INFO - Numeric columns: [' DUT Mode', ' Probe of Humidity(%)', ' Dry contact value', ' Reference Voltage(V)', 'Current[A] Status', ' CDD_Display_Temp_Status', 'CID ON/OFF', ' CDD ON/OFF', ' CID_BackLight ', ' CDD_BackLight', ' CID_X_Coordinates', ' CID_Y_Coordinates', ' CDD_X_Coordinates', ' CDD_Y_Coordinates', ' Light_Sensor_On', 'Temp_2', ' Watchdog_reset', ' Hardware_reset', ' Power_reset', ' Clock_reset', ' DTC Stored']
2025-06-26 15:43:58,518 - InteractiveChartGenerator - INFO - Text columns: ['No:', ' Date & Time', 'Probe of Temperature(°C)', 'Current[A]', ' CAN_status', 'CID_Display_Temp_Status']
2025-06-26 15:43:58,519 - InteractiveChartGenerator - INFO - Successfully loaded 234 rows and 29 columns
2025-06-26 15:43:58,519 - InteractiveChartGenerator - INFO - Headers: ['No:', ' Date & Time', ' DUT Mode', ' Probe of Humidity(%)', 'Probe of Temperature(°C)', ' Dry contact value', ' Reference Voltage(V)', 'Current[A]', 'Current[A] Status', ' CAN_status', 'CID_Display_Temp_Status', ' CDD_Display_Temp_Status', 'CID ON/OFF', ' CDD ON/OFF', ' CID_BackLight ', ' CDD_BackLight', ' CID_X_Coordinates', ' CID_Y_Coordinates', ' CDD_X_Coordinates', ' CDD_Y_Coordinates', ' Light_Sensor_On', ' Light_Sensor_Off', ' Temp_1', 'Temp_2', ' Watchdog_reset', ' Hardware_reset', ' Power_reset', ' Clock_reset', ' DTC Stored']
2025-06-26 15:43:58,519 - InteractiveChartGenerator - INFO - Data types: {'No:': dtype('O'), ' Date & Time': dtype('O'), ' DUT Mode': dtype('float64'), ' Probe of Humidity(%)': dtype('float64'), 'Probe of Temperature(°C)': dtype('O'), ' Dry contact value': dtype('float64'), ' Reference Voltage(V)': dtype('float64'), 'Current[A]': dtype('O'), 'Current[A] Status': dtype('int64'), ' CAN_status': dtype('O'), 'CID_Display_Temp_Status': dtype('O'), ' CDD_Display_Temp_Status': dtype('int64'), 'CID ON/OFF': dtype('int64'), ' CDD ON/OFF': dtype('int64'), ' CID_BackLight ': dtype('int64'), ' CDD_BackLight': dtype('int64'), ' CID_X_Coordinates': dtype('int64'), ' CID_Y_Coordinates': dtype('int64'), ' CDD_X_Coordinates': dtype('int64'), ' CDD_Y_Coordinates': dtype('int64'), ' Light_Sensor_On': dtype('int64'), ' Light_Sensor_Off': dtype('bool'), ' Temp_1': dtype('bool'), 'Temp_2': dtype('int64'), ' Watchdog_reset': dtype('int64'), ' Hardware_reset': dtype('int64'), ' Power_reset': dtype('int64'), ' Clock_reset': dtype('int64'), ' DTC Stored': dtype('float64')}
2025-06-26 15:43:58,540 - InteractiveChartGenerator - INFO - All columns: ['No:', ' Date & Time', ' DUT Mode', ' Probe of Humidity(%)', 'Probe of Temperature(°C)', ' Dry contact value', ' Reference Voltage(V)', 'Current[A]', 'Current[A] Status', ' CAN_status', 'CID_Display_Temp_Status', ' CDD_Display_Temp_Status', 'CID ON/OFF', ' CDD ON/OFF', ' CID_BackLight ', ' CDD_BackLight', ' CID_X_Coordinates', ' CID_Y_Coordinates', ' CDD_X_Coordinates', ' CDD_Y_Coordinates', ' Light_Sensor_On', ' Light_Sensor_Off', ' Temp_1', 'Temp_2', ' Watchdog_reset', ' Hardware_reset', ' Power_reset', ' Clock_reset', ' DTC Stored']
2025-06-26 15:43:58,541 - InteractiveChartGenerator - INFO - Numeric columns: [' DUT Mode', ' Probe of Humidity(%)', ' Dry contact value', ' Reference Voltage(V)', 'Current[A] Status', ' CDD_Display_Temp_Status', 'CID ON/OFF', ' CDD ON/OFF', ' CID_BackLight ', ' CDD_BackLight', ' CID_X_Coordinates', ' CID_Y_Coordinates', ' CDD_X_Coordinates', ' CDD_Y_Coordinates', ' Light_Sensor_On', 'Temp_2', ' Watchdog_reset', ' Hardware_reset', ' Power_reset', ' Clock_reset', ' DTC Stored']
2025-06-26 15:43:58,541 - InteractiveChartGenerator - INFO - Chartable columns: ['No:', ' DUT Mode', ' Probe of Humidity(%)', ' Dry contact value', ' Reference Voltage(V)', 'Current[A] Status', ' CDD_Display_Temp_Status', 'CID ON/OFF', ' CDD ON/OFF', ' CID_BackLight ', ' CDD_BackLight', ' CID_X_Coordinates', ' CID_Y_Coordinates', ' CDD_X_Coordinates', ' CDD_Y_Coordinates', ' Light_Sensor_On', ' Light_Sensor_Off', ' Temp_1', 'Temp_2', ' Watchdog_reset', ' Hardware_reset', ' Power_reset', ' Clock_reset', ' DTC Stored']
2025-06-26 15:43:58,542 - InteractiveChartGenerator - INFO - Status: Loaded: DUT1_SN_VLIMS_SS 1#21.csv
2025-06-26 15:43:58,543 - InteractiveChartGenerator - INFO - Converted column 'No:' to datetime for charting
2025-06-26 15:43:58,545 - InteractiveChartGenerator - INFO - Converted column 'No:' to datetime for charting
2025-06-26 15:43:58,635 - InteractiveChartGenerator - INFO - Created interactive line chart with 1 series
2025-06-26 15:43:58,636 - InteractiveChartGenerator - INFO - Status: Chart updated
2025-06-26 15:43:58,636 - InteractiveChartGenerator - INFO - Chart preview updated: 1 series, line type
2025-06-26 15:43:58,636 - InteractiveChartGenerator - INFO - File loaded successfully: DUT1_SN_VLIMS_SS 1#21.csv
2025-06-26 15:43:58,705 - InteractiveChartGenerator - INFO - Converted column 'No:' to datetime for charting
2025-06-26 15:43:58,706 - InteractiveChartGenerator - INFO - Converted column 'No:' to datetime for charting
2025-06-26 15:43:58,795 - InteractiveChartGenerator - INFO - Created interactive line chart with 1 series
2025-06-26 15:43:58,795 - InteractiveChartGenerator - INFO - Status: Chart updated
2025-06-26 15:43:58,796 - InteractiveChartGenerator - INFO - Chart preview updated: 1 series, line type
2025-06-26 15:44:15,016 - InteractiveChartGenerator - INFO - Converted column 'No:' to datetime for charting
2025-06-26 15:44:15,020 - InteractiveChartGenerator - INFO - Converted column 'No:' to datetime for charting
2025-06-26 15:44:15,111 - InteractiveChartGenerator - INFO - Created interactive line chart with 1 series
2025-06-26 15:44:15,112 - InteractiveChartGenerator - INFO - Status: Chart updated
2025-06-26 15:44:15,112 - InteractiveChartGenerator - INFO - Chart preview updated: 1 series, line type
2025-06-26 15:46:37,738 - InteractiveChartGenerator - INFO - Converted column 'No:' to datetime for charting
2025-06-26 15:46:37,741 - InteractiveChartGenerator - INFO - Converted column 'No:' to datetime for charting
2025-06-26 15:46:37,878 - InteractiveChartGenerator - INFO - Created interactive line chart with 1 series
2025-06-26 15:46:37,879 - InteractiveChartGenerator - INFO - Status: Chart updated
2025-06-26 15:46:37,879 - InteractiveChartGenerator - INFO - Chart preview updated: 1 series, line type
2025-06-26 15:46:45,846 - InteractiveChartGenerator - INFO - Detected delimiter: ','
2025-06-26 15:46:45,846 - InteractiveChartGenerator - INFO - Loading CSV file with smart header detection: C:/Users/GILIEV/Documents/GitHub/Python-Projects/DUT5_SN_VLIMS_SS 1#9.csv
2025-06-26 15:46:45,847 - InteractiveChartGenerator - INFO - Found non-empty cell in column E at row 24
2025-06-26 15:46:45,848 - InteractiveChartGenerator - INFO - Detected header row at index 24 (line 25)
2025-06-26 15:46:45,864 - InteractiveChartGenerator - INFO - Numeric columns: ['No:', ' Probe of Humidity(%)', 'Probe of Temperature(°C)', ' Reference Voltage(V)', 'Current[A]', ' CAN_status', 'CID ON/OFF', ' CDD ON/OFF', ' CID_BackLight ', ' CDD_BackLight', ' CID_X_Coordinates', ' CID_Y_Coordinates', ' CDD_X_Coordinates', ' CDD_Y_Coordinates', ' Light_Sensor_On', ' Light_Sensor_Off', ' Watchdog_reset', ' Hardware_reset', ' Power_reset', ' Clock_reset', ' DTC Stored']
2025-06-26 15:46:45,864 - InteractiveChartGenerator - INFO - Text columns: [' Date & Time', ' DUT Mode', ' Dry contact value', 'Current[A] Status', 'CID_Display_Temp_Status', ' CDD_Display_Temp_Status']
2025-06-26 15:46:45,865 - InteractiveChartGenerator - INFO - Successfully loaded 2411 rows and 29 columns
2025-06-26 15:46:45,865 - InteractiveChartGenerator - INFO - Headers: ['No:', ' Date & Time', ' DUT Mode', ' Probe of Humidity(%)', 'Probe of Temperature(°C)', ' Dry contact value', ' Reference Voltage(V)', 'Current[A]', 'Current[A] Status', ' CAN_status', 'CID_Display_Temp_Status', ' CDD_Display_Temp_Status', 'CID ON/OFF', ' CDD ON/OFF', ' CID_BackLight ', ' CDD_BackLight', ' CID_X_Coordinates', ' CID_Y_Coordinates', ' CDD_X_Coordinates', ' CDD_Y_Coordinates', ' Light_Sensor_On', ' Light_Sensor_Off', ' Temp_1', 'Temp_2', ' Watchdog_reset', ' Hardware_reset', ' Power_reset', ' Clock_reset', ' DTC Stored']
2025-06-26 15:46:45,866 - InteractiveChartGenerator - INFO - Data types: {'No:': dtype('int64'), ' Date & Time': dtype('O'), ' DUT Mode': dtype('O'), ' Probe of Humidity(%)': dtype('float64'), 'Probe of Temperature(°C)': dtype('float64'), ' Dry contact value': dtype('O'), ' Reference Voltage(V)': dtype('float64'), 'Current[A]': dtype('float64'), 'Current[A] Status': dtype('O'), ' CAN_status': dtype('int64'), 'CID_Display_Temp_Status': dtype('O'), ' CDD_Display_Temp_Status': dtype('O'), 'CID ON/OFF': dtype('int64'), ' CDD ON/OFF': dtype('int64'), ' CID_BackLight ': dtype('int64'), ' CDD_BackLight': dtype('int64'), ' CID_X_Coordinates': dtype('int64'), ' CID_Y_Coordinates': dtype('int64'), ' CDD_X_Coordinates': dtype('int64'), ' CDD_Y_Coordinates': dtype('int64'), ' Light_Sensor_On': dtype('int64'), ' Light_Sensor_Off': dtype('int64'), ' Temp_1': dtype('bool'), 'Temp_2': dtype('bool'), ' Watchdog_reset': dtype('int64'), ' Hardware_reset': dtype('int64'), ' Power_reset': dtype('int64'), ' Clock_reset': dtype('int64'), ' DTC Stored': dtype('int64')}
2025-06-26 15:46:45,894 - InteractiveChartGenerator - INFO - All columns: ['No:', ' Date & Time', ' DUT Mode', ' Probe of Humidity(%)', 'Probe of Temperature(°C)', ' Dry contact value', ' Reference Voltage(V)', 'Current[A]', 'Current[A] Status', ' CAN_status', 'CID_Display_Temp_Status', ' CDD_Display_Temp_Status', 'CID ON/OFF', ' CDD ON/OFF', ' CID_BackLight ', ' CDD_BackLight', ' CID_X_Coordinates', ' CID_Y_Coordinates', ' CDD_X_Coordinates', ' CDD_Y_Coordinates', ' Light_Sensor_On', ' Light_Sensor_Off', ' Temp_1', 'Temp_2', ' Watchdog_reset', ' Hardware_reset', ' Power_reset', ' Clock_reset', ' DTC Stored']
2025-06-26 15:46:45,894 - InteractiveChartGenerator - INFO - Numeric columns: ['No:', ' Probe of Humidity(%)', 'Probe of Temperature(°C)', ' Reference Voltage(V)', 'Current[A]', ' CAN_status', 'CID ON/OFF', ' CDD ON/OFF', ' CID_BackLight ', ' CDD_BackLight', ' CID_X_Coordinates', ' CID_Y_Coordinates', ' CDD_X_Coordinates', ' CDD_Y_Coordinates', ' Light_Sensor_On', ' Light_Sensor_Off', ' Watchdog_reset', ' Hardware_reset', ' Power_reset', ' Clock_reset', ' DTC Stored']
2025-06-26 15:46:45,894 - InteractiveChartGenerator - INFO - Chartable columns: ['No:', ' Date & Time', ' Probe of Humidity(%)', 'Probe of Temperature(°C)', ' Reference Voltage(V)', 'Current[A]', ' CAN_status', 'CID ON/OFF', ' CDD ON/OFF', ' CID_BackLight ', ' CDD_BackLight', ' CID_X_Coordinates', ' CID_Y_Coordinates', ' CDD_X_Coordinates', ' CDD_Y_Coordinates', ' Light_Sensor_On', ' Light_Sensor_Off', ' Temp_1', 'Temp_2', ' Watchdog_reset', ' Hardware_reset', ' Power_reset', ' Clock_reset', ' DTC Stored']
2025-06-26 15:46:45,897 - InteractiveChartGenerator - INFO - Status: Loaded: DUT5_SN_VLIMS_SS 1#9.csv
2025-06-26 15:46:45,987 - InteractiveChartGenerator - INFO - Created interactive line chart with 1 series
2025-06-26 15:46:45,987 - InteractiveChartGenerator - INFO - Status: Chart updated
2025-06-26 15:46:45,987 - InteractiveChartGenerator - INFO - Chart preview updated: 1 series, line type
2025-06-26 15:46:45,987 - InteractiveChartGenerator - INFO - File loaded successfully: DUT5_SN_VLIMS_SS 1#9.csv
2025-06-26 15:46:46,124 - InteractiveChartGenerator - INFO - Created interactive line chart with 1 series
2025-06-26 15:46:46,124 - InteractiveChartGenerator - INFO - Status: Chart updated
2025-06-26 15:46:46,124 - InteractiveChartGenerator - INFO - Chart preview updated: 1 series, line type
2025-06-26 15:47:25,040 - InteractiveChartGenerator - INFO - Created interactive line chart with 1 series
2025-06-26 15:47:25,040 - InteractiveChartGenerator - INFO - Status: Chart updated
2025-06-26 15:47:25,040 - InteractiveChartGenerator - INFO - Chart preview updated: 1 series, line type
2025-06-26 15:47:29,931 - InteractiveChartGenerator - INFO - Detected delimiter: ','
2025-06-26 15:47:29,931 - InteractiveChartGenerator - INFO - Loading CSV file with smart header detection: C:/Users/GILIEV/Downloads/DUT5_SN_VLIMS_SS 1#9.csv
2025-06-26 15:47:29,933 - InteractiveChartGenerator - INFO - Found non-empty cell in column E at row 24
2025-06-26 15:47:29,933 - InteractiveChartGenerator - INFO - Detected header row at index 24 (line 25)
2025-06-26 15:47:29,948 - InteractiveChartGenerator - INFO - Numeric columns: ['No:', ' Probe of Humidity(%)', 'Probe of Temperature(°C)', ' Reference Voltage(V)', 'Current[A]', ' CAN_status', 'CID ON/OFF', ' CDD ON/OFF', ' CID_BackLight ', ' CDD_BackLight', ' CID_X_Coordinates', ' CID_Y_Coordinates', ' CDD_X_Coordinates', ' CDD_Y_Coordinates', ' Light_Sensor_On', ' Light_Sensor_Off', ' Watchdog_reset', ' Hardware_reset', ' Power_reset', ' Clock_reset', ' DTC Stored']
2025-06-26 15:47:29,948 - InteractiveChartGenerator - INFO - Text columns: [' Date & Time', ' DUT Mode', ' Dry contact value', 'Current[A] Status', 'CID_Display_Temp_Status', ' CDD_Display_Temp_Status']
2025-06-26 15:47:29,949 - InteractiveChartGenerator - INFO - Successfully loaded 2411 rows and 29 columns
2025-06-26 15:47:29,949 - InteractiveChartGenerator - INFO - Headers: ['No:', ' Date & Time', ' DUT Mode', ' Probe of Humidity(%)', 'Probe of Temperature(°C)', ' Dry contact value', ' Reference Voltage(V)', 'Current[A]', 'Current[A] Status', ' CAN_status', 'CID_Display_Temp_Status', ' CDD_Display_Temp_Status', 'CID ON/OFF', ' CDD ON/OFF', ' CID_BackLight ', ' CDD_BackLight', ' CID_X_Coordinates', ' CID_Y_Coordinates', ' CDD_X_Coordinates', ' CDD_Y_Coordinates', ' Light_Sensor_On', ' Light_Sensor_Off', ' Temp_1', 'Temp_2', ' Watchdog_reset', ' Hardware_reset', ' Power_reset', ' Clock_reset', ' DTC Stored']
2025-06-26 15:47:29,950 - InteractiveChartGenerator - INFO - Data types: {'No:': dtype('int64'), ' Date & Time': dtype('O'), ' DUT Mode': dtype('O'), ' Probe of Humidity(%)': dtype('float64'), 'Probe of Temperature(°C)': dtype('float64'), ' Dry contact value': dtype('O'), ' Reference Voltage(V)': dtype('float64'), 'Current[A]': dtype('float64'), 'Current[A] Status': dtype('O'), ' CAN_status': dtype('int64'), 'CID_Display_Temp_Status': dtype('O'), ' CDD_Display_Temp_Status': dtype('O'), 'CID ON/OFF': dtype('int64'), ' CDD ON/OFF': dtype('int64'), ' CID_BackLight ': dtype('int64'), ' CDD_BackLight': dtype('int64'), ' CID_X_Coordinates': dtype('int64'), ' CID_Y_Coordinates': dtype('int64'), ' CDD_X_Coordinates': dtype('int64'), ' CDD_Y_Coordinates': dtype('int64'), ' Light_Sensor_On': dtype('int64'), ' Light_Sensor_Off': dtype('int64'), ' Temp_1': dtype('bool'), 'Temp_2': dtype('bool'), ' Watchdog_reset': dtype('int64'), ' Hardware_reset': dtype('int64'), ' Power_reset': dtype('int64'), ' Clock_reset': dtype('int64'), ' DTC Stored': dtype('int64')}
2025-06-26 15:47:29,975 - InteractiveChartGenerator - INFO - All columns: ['No:', ' Date & Time', ' DUT Mode', ' Probe of Humidity(%)', 'Probe of Temperature(°C)', ' Dry contact value', ' Reference Voltage(V)', 'Current[A]', 'Current[A] Status', ' CAN_status', 'CID_Display_Temp_Status', ' CDD_Display_Temp_Status', 'CID ON/OFF', ' CDD ON/OFF', ' CID_BackLight ', ' CDD_BackLight', ' CID_X_Coordinates', ' CID_Y_Coordinates', ' CDD_X_Coordinates', ' CDD_Y_Coordinates', ' Light_Sensor_On', ' Light_Sensor_Off', ' Temp_1', 'Temp_2', ' Watchdog_reset', ' Hardware_reset', ' Power_reset', ' Clock_reset', ' DTC Stored']
2025-06-26 15:47:29,975 - InteractiveChartGenerator - INFO - Numeric columns: ['No:', ' Probe of Humidity(%)', 'Probe of Temperature(°C)', ' Reference Voltage(V)', 'Current[A]', ' CAN_status', 'CID ON/OFF', ' CDD ON/OFF', ' CID_BackLight ', ' CDD_BackLight', ' CID_X_Coordinates', ' CID_Y_Coordinates', ' CDD_X_Coordinates', ' CDD_Y_Coordinates', ' Light_Sensor_On', ' Light_Sensor_Off', ' Watchdog_reset', ' Hardware_reset', ' Power_reset', ' Clock_reset', ' DTC Stored']
2025-06-26 15:47:29,976 - InteractiveChartGenerator - INFO - Chartable columns: ['No:', ' Date & Time', ' Probe of Humidity(%)', 'Probe of Temperature(°C)', ' Reference Voltage(V)', 'Current[A]', ' CAN_status', 'CID ON/OFF', ' CDD ON/OFF', ' CID_BackLight ', ' CDD_BackLight', ' CID_X_Coordinates', ' CID_Y_Coordinates', ' CDD_X_Coordinates', ' CDD_Y_Coordinates', ' Light_Sensor_On', ' Light_Sensor_Off', ' Temp_1', 'Temp_2', ' Watchdog_reset', ' Hardware_reset', ' Power_reset', ' Clock_reset', ' DTC Stored']
2025-06-26 15:47:29,978 - InteractiveChartGenerator - INFO - Status: Loaded: DUT5_SN_VLIMS_SS 1#9.csv
2025-06-26 15:47:30,052 - InteractiveChartGenerator - INFO - Created interactive line chart with 1 series
2025-06-26 15:47:30,053 - InteractiveChartGenerator - INFO - Status: Chart updated
2025-06-26 15:47:30,053 - InteractiveChartGenerator - INFO - Chart preview updated: 1 series, line type
2025-06-26 15:47:30,053 - InteractiveChartGenerator - INFO - File loaded successfully: DUT5_SN_VLIMS_SS 1#9.csv
2025-06-26 15:47:30,195 - InteractiveChartGenerator - INFO - Created interactive line chart with 1 series
2025-06-26 15:47:30,195 - InteractiveChartGenerator - INFO - Status: Chart updated
2025-06-26 15:47:30,196 - InteractiveChartGenerator - INFO - Chart preview updated: 1 series, line type
2025-06-26 15:47:33,317 - InteractiveChartGenerator - INFO - Status: Data cleared
2025-06-26 15:47:39,869 - InteractiveChartGenerator - INFO - Detected delimiter: ','
2025-06-26 15:47:39,869 - InteractiveChartGenerator - INFO - Loading CSV file with smart header detection: C:/Users/GILIEV/Downloads/DUT5_SN_VLIMS_SS 1#9.csv
2025-06-26 15:47:39,870 - InteractiveChartGenerator - INFO - Found non-empty cell in column E at row 24
2025-06-26 15:47:39,870 - InteractiveChartGenerator - INFO - Detected header row at index 24 (line 25)
2025-06-26 15:47:39,887 - InteractiveChartGenerator - INFO - Numeric columns: ['No:', ' Probe of Humidity(%)', 'Probe of Temperature(°C)', ' Reference Voltage(V)', 'Current[A]', ' CAN_status', 'CID ON/OFF', ' CDD ON/OFF', ' CID_BackLight ', ' CDD_BackLight', ' CID_X_Coordinates', ' CID_Y_Coordinates', ' CDD_X_Coordinates', ' CDD_Y_Coordinates', ' Light_Sensor_On', ' Light_Sensor_Off', ' Watchdog_reset', ' Hardware_reset', ' Power_reset', ' Clock_reset', ' DTC Stored']
2025-06-26 15:47:39,887 - InteractiveChartGenerator - INFO - Text columns: [' Date & Time', ' DUT Mode', ' Dry contact value', 'Current[A] Status', 'CID_Display_Temp_Status', ' CDD_Display_Temp_Status']
2025-06-26 15:47:39,887 - InteractiveChartGenerator - INFO - Successfully loaded 2411 rows and 29 columns
2025-06-26 15:47:39,888 - InteractiveChartGenerator - INFO - Headers: ['No:', ' Date & Time', ' DUT Mode', ' Probe of Humidity(%)', 'Probe of Temperature(°C)', ' Dry contact value', ' Reference Voltage(V)', 'Current[A]', 'Current[A] Status', ' CAN_status', 'CID_Display_Temp_Status', ' CDD_Display_Temp_Status', 'CID ON/OFF', ' CDD ON/OFF', ' CID_BackLight ', ' CDD_BackLight', ' CID_X_Coordinates', ' CID_Y_Coordinates', ' CDD_X_Coordinates', ' CDD_Y_Coordinates', ' Light_Sensor_On', ' Light_Sensor_Off', ' Temp_1', 'Temp_2', ' Watchdog_reset', ' Hardware_reset', ' Power_reset', ' Clock_reset', ' DTC Stored']
2025-06-26 15:47:39,889 - InteractiveChartGenerator - INFO - Data types: {'No:': dtype('int64'), ' Date & Time': dtype('O'), ' DUT Mode': dtype('O'), ' Probe of Humidity(%)': dtype('float64'), 'Probe of Temperature(°C)': dtype('float64'), ' Dry contact value': dtype('O'), ' Reference Voltage(V)': dtype('float64'), 'Current[A]': dtype('float64'), 'Current[A] Status': dtype('O'), ' CAN_status': dtype('int64'), 'CID_Display_Temp_Status': dtype('O'), ' CDD_Display_Temp_Status': dtype('O'), 'CID ON/OFF': dtype('int64'), ' CDD ON/OFF': dtype('int64'), ' CID_BackLight ': dtype('int64'), ' CDD_BackLight': dtype('int64'), ' CID_X_Coordinates': dtype('int64'), ' CID_Y_Coordinates': dtype('int64'), ' CDD_X_Coordinates': dtype('int64'), ' CDD_Y_Coordinates': dtype('int64'), ' Light_Sensor_On': dtype('int64'), ' Light_Sensor_Off': dtype('int64'), ' Temp_1': dtype('bool'), 'Temp_2': dtype('bool'), ' Watchdog_reset': dtype('int64'), ' Hardware_reset': dtype('int64'), ' Power_reset': dtype('int64'), ' Clock_reset': dtype('int64'), ' DTC Stored': dtype('int64')}
2025-06-26 15:47:39,901 - InteractiveChartGenerator - INFO - All columns: ['No:', ' Date & Time', ' DUT Mode', ' Probe of Humidity(%)', 'Probe of Temperature(°C)', ' Dry contact value', ' Reference Voltage(V)', 'Current[A]', 'Current[A] Status', ' CAN_status', 'CID_Display_Temp_Status', ' CDD_Display_Temp_Status', 'CID ON/OFF', ' CDD ON/OFF', ' CID_BackLight ', ' CDD_BackLight', ' CID_X_Coordinates', ' CID_Y_Coordinates', ' CDD_X_Coordinates', ' CDD_Y_Coordinates', ' Light_Sensor_On', ' Light_Sensor_Off', ' Temp_1', 'Temp_2', ' Watchdog_reset', ' Hardware_reset', ' Power_reset', ' Clock_reset', ' DTC Stored']
2025-06-26 15:47:39,901 - InteractiveChartGenerator - INFO - Numeric columns: ['No:', ' Probe of Humidity(%)', 'Probe of Temperature(°C)', ' Reference Voltage(V)', 'Current[A]', ' CAN_status', 'CID ON/OFF', ' CDD ON/OFF', ' CID_BackLight ', ' CDD_BackLight', ' CID_X_Coordinates', ' CID_Y_Coordinates', ' CDD_X_Coordinates', ' CDD_Y_Coordinates', ' Light_Sensor_On', ' Light_Sensor_Off', ' Watchdog_reset', ' Hardware_reset', ' Power_reset', ' Clock_reset', ' DTC Stored']
2025-06-26 15:47:39,901 - InteractiveChartGenerator - INFO - Chartable columns: ['No:', ' Date & Time', ' Probe of Humidity(%)', 'Probe of Temperature(°C)', ' Reference Voltage(V)', 'Current[A]', ' CAN_status', 'CID ON/OFF', ' CDD ON/OFF', ' CID_BackLight ', ' CDD_BackLight', ' CID_X_Coordinates', ' CID_Y_Coordinates', ' CDD_X_Coordinates', ' CDD_Y_Coordinates', ' Light_Sensor_On', ' Light_Sensor_Off', ' Temp_1', 'Temp_2', ' Watchdog_reset', ' Hardware_reset', ' Power_reset', ' Clock_reset', ' DTC Stored']
2025-06-26 15:47:39,903 - InteractiveChartGenerator - INFO - Status: Loaded: DUT5_SN_VLIMS_SS 1#9.csv
2025-06-26 15:47:39,983 - InteractiveChartGenerator - INFO - Created interactive line chart with 1 series
2025-06-26 15:47:39,984 - InteractiveChartGenerator - INFO - Status: Chart updated
2025-06-26 15:47:39,984 - InteractiveChartGenerator - INFO - Chart preview updated: 1 series, line type
2025-06-26 15:47:39,984 - InteractiveChartGenerator - INFO - File loaded successfully: DUT5_SN_VLIMS_SS 1#9.csv
2025-06-26 15:47:40,151 - InteractiveChartGenerator - INFO - Created interactive line chart with 1 series
2025-06-26 15:47:40,151 - InteractiveChartGenerator - INFO - Status: Chart updated
2025-06-26 15:47:40,152 - InteractiveChartGenerator - INFO - Chart preview updated: 1 series, line type
2025-06-26 15:47:56,949 - InteractiveChartGenerator - INFO - Created interactive line chart with 1 series
2025-06-26 15:47:56,950 - InteractiveChartGenerator - INFO - Status: Chart updated
2025-06-26 15:47:56,950 - InteractiveChartGenerator - INFO - Chart preview updated: 1 series, line type
2025-06-26 15:48:01,275 - InteractiveChartGenerator - INFO - Created interactive line chart with 1 series
2025-06-26 15:48:01,276 - InteractiveChartGenerator - INFO - Status: Chart updated
2025-06-26 15:48:01,276 - InteractiveChartGenerator - INFO - Chart preview updated: 1 series, line type
2025-06-26 15:50:31,238 - InteractiveChartGenerator - INFO - Created interactive line chart with 1 series
2025-06-26 15:50:31,239 - InteractiveChartGenerator - INFO - Status: Chart updated
2025-06-26 15:50:31,239 - InteractiveChartGenerator - INFO - Chart preview updated: 1 series, line type
2025-06-26 15:50:35,078 - InteractiveChartGenerator - INFO - Created interactive line chart with 1 series
2025-06-26 15:50:35,078 - InteractiveChartGenerator - INFO - Status: Chart updated
2025-06-26 15:50:35,078 - InteractiveChartGenerator - INFO - Chart preview updated: 1 series, line type
2025-06-26 15:50:39,929 - InteractiveChartGenerator - INFO - Detected delimiter: ','
2025-06-26 15:50:39,930 - InteractiveChartGenerator - INFO - Loading CSV file with smart header detection: C:/Users/GILIEV/Documents/GitHub/Python-Projects/DUT2_SN_VLIMS_SS 1#23.csv
2025-06-26 15:50:39,931 - InteractiveChartGenerator - INFO - Found non-empty cell in column E at row 24
2025-06-26 15:50:39,931 - InteractiveChartGenerator - INFO - Detected header row at index 24 (line 25)
2025-06-26 15:50:39,932 - InteractiveChartGenerator - WARNING - Encoding utf-8 failed: 'utf-8' codec can't decode byte 0xb0 in position 21: invalid start byte
2025-06-26 15:50:39,933 - InteractiveChartGenerator - WARNING - Encoding utf-16 failed: 'utf-16' codec can't decode bytes in position 0-1: Stream does not start with BOM
2025-06-26 15:50:39,938 - InteractiveChartGenerator - INFO - Numeric columns: [' DUT Mode', ' Probe of Humidity(%)', ' Dry contact value', ' Reference Voltage(V)', 'Current[A] Status', ' CDD_Display_Temp_Status', 'CID ON/OFF', ' CDD ON/OFF', ' CID_BackLight ', ' CDD_BackLight', ' CID_X_Coordinates', ' CID_Y_Coordinates', ' CDD_X_Coordinates', ' CDD_Y_Coordinates', ' Light_Sensor_On', 'Temp_2', ' Watchdog_reset', ' Hardware_reset', ' Power_reset', ' Clock_reset', ' DTC Stored']
2025-06-26 15:50:39,938 - InteractiveChartGenerator - INFO - Text columns: ['No:', ' Date & Time', 'Probe of Temperature(°C)', 'Current[A]', ' CAN_status', 'CID_Display_Temp_Status']
2025-06-26 15:50:39,938 - InteractiveChartGenerator - INFO - Successfully loaded 234 rows and 29 columns
2025-06-26 15:50:39,939 - InteractiveChartGenerator - INFO - Headers: ['No:', ' Date & Time', ' DUT Mode', ' Probe of Humidity(%)', 'Probe of Temperature(°C)', ' Dry contact value', ' Reference Voltage(V)', 'Current[A]', 'Current[A] Status', ' CAN_status', 'CID_Display_Temp_Status', ' CDD_Display_Temp_Status', 'CID ON/OFF', ' CDD ON/OFF', ' CID_BackLight ', ' CDD_BackLight', ' CID_X_Coordinates', ' CID_Y_Coordinates', ' CDD_X_Coordinates', ' CDD_Y_Coordinates', ' Light_Sensor_On', ' Light_Sensor_Off', ' Temp_1', 'Temp_2', ' Watchdog_reset', ' Hardware_reset', ' Power_reset', ' Clock_reset', ' DTC Stored']
2025-06-26 15:50:39,939 - InteractiveChartGenerator - INFO - Data types: {'No:': dtype('O'), ' Date & Time': dtype('O'), ' DUT Mode': dtype('float64'), ' Probe of Humidity(%)': dtype('float64'), 'Probe of Temperature(°C)': dtype('O'), ' Dry contact value': dtype('float64'), ' Reference Voltage(V)': dtype('float64'), 'Current[A]': dtype('O'), 'Current[A] Status': dtype('int64'), ' CAN_status': dtype('O'), 'CID_Display_Temp_Status': dtype('O'), ' CDD_Display_Temp_Status': dtype('int64'), 'CID ON/OFF': dtype('int64'), ' CDD ON/OFF': dtype('int64'), ' CID_BackLight ': dtype('int64'), ' CDD_BackLight': dtype('int64'), ' CID_X_Coordinates': dtype('int64'), ' CID_Y_Coordinates': dtype('int64'), ' CDD_X_Coordinates': dtype('int64'), ' CDD_Y_Coordinates': dtype('int64'), ' Light_Sensor_On': dtype('int64'), ' Light_Sensor_Off': dtype('bool'), ' Temp_1': dtype('bool'), 'Temp_2': dtype('int64'), ' Watchdog_reset': dtype('int64'), ' Hardware_reset': dtype('int64'), ' Power_reset': dtype('int64'), ' Clock_reset': dtype('int64'), ' DTC Stored': dtype('float64')}
2025-06-26 15:50:39,991 - InteractiveChartGenerator - INFO - All columns: ['No:', ' Date & Time', ' DUT Mode', ' Probe of Humidity(%)', 'Probe of Temperature(°C)', ' Dry contact value', ' Reference Voltage(V)', 'Current[A]', 'Current[A] Status', ' CAN_status', 'CID_Display_Temp_Status', ' CDD_Display_Temp_Status', 'CID ON/OFF', ' CDD ON/OFF', ' CID_BackLight ', ' CDD_BackLight', ' CID_X_Coordinates', ' CID_Y_Coordinates', ' CDD_X_Coordinates', ' CDD_Y_Coordinates', ' Light_Sensor_On', ' Light_Sensor_Off', ' Temp_1', 'Temp_2', ' Watchdog_reset', ' Hardware_reset', ' Power_reset', ' Clock_reset', ' DTC Stored']
2025-06-26 15:50:39,991 - InteractiveChartGenerator - INFO - Numeric columns: [' DUT Mode', ' Probe of Humidity(%)', ' Dry contact value', ' Reference Voltage(V)', 'Current[A] Status', ' CDD_Display_Temp_Status', 'CID ON/OFF', ' CDD ON/OFF', ' CID_BackLight ', ' CDD_BackLight', ' CID_X_Coordinates', ' CID_Y_Coordinates', ' CDD_X_Coordinates', ' CDD_Y_Coordinates', ' Light_Sensor_On', 'Temp_2', ' Watchdog_reset', ' Hardware_reset', ' Power_reset', ' Clock_reset', ' DTC Stored']
2025-06-26 15:50:39,991 - InteractiveChartGenerator - INFO - Chartable columns: ['No:', ' DUT Mode', ' Probe of Humidity(%)', ' Dry contact value', ' Reference Voltage(V)', 'Current[A] Status', ' CDD_Display_Temp_Status', 'CID ON/OFF', ' CDD ON/OFF', ' CID_BackLight ', ' CDD_BackLight', ' CID_X_Coordinates', ' CID_Y_Coordinates', ' CDD_X_Coordinates', ' CDD_Y_Coordinates', ' Light_Sensor_On', ' Light_Sensor_Off', ' Temp_1', 'Temp_2', ' Watchdog_reset', ' Hardware_reset', ' Power_reset', ' Clock_reset', ' DTC Stored']
2025-06-26 15:50:39,992 - InteractiveChartGenerator - INFO - Status: Loaded: DUT2_SN_VLIMS_SS 1#23.csv
2025-06-26 15:50:39,995 - InteractiveChartGenerator - INFO - Converted column 'No:' to datetime for charting
2025-06-26 15:50:39,996 - InteractiveChartGenerator - INFO - Converted column 'No:' to datetime for charting
2025-06-26 15:50:40,109 - InteractiveChartGenerator - INFO - Created interactive line chart with 1 series
2025-06-26 15:50:40,109 - InteractiveChartGenerator - INFO - Status: Chart updated
2025-06-26 15:50:40,109 - InteractiveChartGenerator - INFO - Chart preview updated: 1 series, line type
2025-06-26 15:50:40,110 - InteractiveChartGenerator - INFO - File loaded successfully: DUT2_SN_VLIMS_SS 1#23.csv
2025-06-26 15:50:40,111 - InteractiveChartGenerator - INFO - Converted column 'No:' to datetime for charting
2025-06-26 15:50:40,113 - InteractiveChartGenerator - INFO - Converted column 'No:' to datetime for charting
2025-06-26 15:50:40,206 - InteractiveChartGenerator - INFO - Created interactive line chart with 1 series
2025-06-26 15:50:40,206 - InteractiveChartGenerator - INFO - Status: Chart updated
2025-06-26 15:50:40,206 - InteractiveChartGenerator - INFO - Chart preview updated: 1 series, line type
2025-06-26 15:52:55,072 - InteractiveChartGenerator - INFO - Converted column 'No:' to datetime for charting
2025-06-26 15:52:55,074 - InteractiveChartGenerator - INFO - Converted column 'No:' to datetime for charting
2025-06-26 15:52:55,179 - InteractiveChartGenerator - INFO - Created interactive line chart with 1 series
2025-06-26 15:52:55,179 - InteractiveChartGenerator - INFO - Status: Chart updated
2025-06-26 15:52:55,179 - InteractiveChartGenerator - INFO - Chart preview updated: 1 series, line type
2025-06-26 15:55:56,450 - InteractiveChartGenerator - INFO - Converted column 'No:' to datetime for charting
2025-06-26 15:55:56,451 - InteractiveChartGenerator - INFO - Converted column 'No:' to datetime for charting
2025-06-26 15:55:56,583 - InteractiveChartGenerator - INFO - Created interactive line chart with 1 series
2025-06-26 15:55:56,583 - InteractiveChartGenerator - INFO - Status: Chart updated
2025-06-26 15:55:56,583 - InteractiveChartGenerator - INFO - Chart preview updated: 1 series, line type
2025-06-26 15:56:01,011 - InteractiveChartGenerator - INFO - Converted column 'No:' to datetime for charting
2025-06-26 15:56:01,016 - InteractiveChartGenerator - INFO - Converted column 'No:' to datetime for charting
2025-06-26 15:56:01,111 - InteractiveChartGenerator - INFO - Created interactive line chart with 1 series
2025-06-26 15:56:01,111 - InteractiveChartGenerator - INFO - Status: Chart updated
2025-06-26 15:56:01,111 - InteractiveChartGenerator - INFO - Chart preview updated: 1 series, line type
2025-06-26 15:58:12,225 - InteractiveChartGenerator - INFO - Cleaning up application resources
2025-06-26 15:58:12,226 - InteractiveChartGenerator - WARNING - Error during cleanup: can't invoke "destroy" command: application has been destroyed
