2025-06-18 15:49:24,248 - InteractiveChartGenerator - INFO - Logging initialized. Log file: c:\Users\GILIEV\Documents\GitHub\Python-Projects\Chart generator\ChartGenerator_Interactive\logs\chart_generator_20250618_154924.log
2025-06-18 15:49:24,248 - InteractiveChartGenerator - INFO - Starting Interactive Chart Generator v2.0
2025-06-18 15:49:24,947 - InteractiveChartGenerator - INFO - Interactive Chart Application initialized
2025-06-18 15:49:25,073 - InteractiveChartGenerator - INFO - Application started successfully
2025-06-18 15:49:37,604 - InteractiveChartGenerator - INFO - Loading CSV file: c:\Users\GILIEV\Documents\GitHub\Python-Projects\Chart generator\ChartGenerator_Interactive\data\sample_math_functions.csv
2025-06-18 15:49:37,617 - InteractiveChartGenerator - INFO - Numeric columns: ['X', 'Y1', 'Y2', 'Y3']
2025-06-18 15:49:37,617 - InteractiveChartGenerator - INFO - Successfully loaded 13 rows and 4 columns
2025-06-18 15:49:37,617 - InteractiveChartGenerator - INFO - Columns: ['X', 'Y1', 'Y2', 'Y3']
2025-06-18 15:49:37,620 - InteractiveChartGenerator - INFO - Status: Loaded: sample_math_functions.csv
2025-06-18 15:49:37,917 - InteractiveChartGenerator - INFO - Created interactive line chart with 1 series
2025-06-18 15:49:37,917 - InteractiveChartGenerator - INFO - Status: Chart updated
2025-06-18 15:49:37,917 - InteractiveChartGenerator - INFO - Chart preview updated: 1 series, line type
2025-06-18 15:49:37,917 - InteractiveChartGenerator - INFO - File loaded successfully: sample_math_functions.csv
2025-06-18 15:49:38,901 - InteractiveChartGenerator - INFO - Loading CSV file: c:\Users\GILIEV\Documents\GitHub\Python-Projects\Chart generator\ChartGenerator_Interactive\data\sample_environmental_data.csv
2025-06-18 15:49:38,905 - InteractiveChartGenerator - INFO - Numeric columns: ['Time', 'Temperature', 'Humidity', 'Pressure']
2025-06-18 15:49:38,905 - InteractiveChartGenerator - INFO - Successfully loaded 21 rows and 4 columns
2025-06-18 15:49:38,905 - InteractiveChartGenerator - INFO - Columns: ['Time', 'Temperature', 'Humidity', 'Pressure']
2025-06-18 15:49:38,910 - InteractiveChartGenerator - INFO - Status: Loaded: sample_environmental_data.csv
2025-06-18 15:49:38,998 - InteractiveChartGenerator - INFO - Created interactive line chart with 1 series
2025-06-18 15:49:38,998 - InteractiveChartGenerator - INFO - Status: Chart updated
2025-06-18 15:49:38,998 - InteractiveChartGenerator - INFO - Chart preview updated: 1 series, line type
2025-06-18 15:49:38,998 - InteractiveChartGenerator - INFO - File loaded successfully: sample_environmental_data.csv
2025-06-18 15:49:41,569 - InteractiveChartGenerator - INFO - Created interactive line chart with 2 series
2025-06-18 15:49:41,569 - InteractiveChartGenerator - INFO - Status: Chart updated
2025-06-18 15:49:41,569 - InteractiveChartGenerator - INFO - Chart preview updated: 2 series, line type
2025-06-18 15:49:42,630 - InteractiveChartGenerator - INFO - Created interactive line chart with 3 series
2025-06-18 15:49:42,630 - InteractiveChartGenerator - INFO - Status: Chart updated
2025-06-18 15:49:42,631 - InteractiveChartGenerator - INFO - Chart preview updated: 3 series, line type
2025-06-18 15:49:45,810 - InteractiveChartGenerator - INFO - Created interactive line chart with 4 series
2025-06-18 15:49:45,810 - InteractiveChartGenerator - INFO - Status: Chart updated
2025-06-18 15:49:45,810 - InteractiveChartGenerator - INFO - Chart preview updated: 4 series, line type
2025-06-18 15:49:50,088 - InteractiveChartGenerator - INFO - Created interactive line chart with 4 series on 4 axes
2025-06-18 15:49:50,088 - InteractiveChartGenerator - INFO - Status: Chart updated
2025-06-18 15:49:50,088 - InteractiveChartGenerator - INFO - Chart preview updated: 4 series, line type
2025-06-18 15:49:55,222 - InteractiveChartGenerator - INFO - Created interactive line chart with 3 series on 3 axes
2025-06-18 15:49:55,222 - InteractiveChartGenerator - INFO - Status: Chart updated
2025-06-18 15:49:55,223 - InteractiveChartGenerator - INFO - Chart preview updated: 3 series, line type
2025-06-18 15:50:00,118 - InteractiveChartGenerator - INFO - Created interactive line chart with 4 series on 4 axes
2025-06-18 15:50:00,118 - InteractiveChartGenerator - INFO - Status: Chart updated
2025-06-18 15:50:00,118 - InteractiveChartGenerator - INFO - Chart preview updated: 4 series, line type
2025-06-18 15:50:03,766 - InteractiveChartGenerator - INFO - Created interactive line chart with 3 series on 3 axes
2025-06-18 15:50:03,767 - InteractiveChartGenerator - INFO - Status: Chart updated
2025-06-18 15:50:03,767 - InteractiveChartGenerator - INFO - Chart preview updated: 3 series, line type
2025-06-18 15:50:33,124 - InteractiveChartGenerator - INFO - Created interactive line chart with 3 series on 3 axes
2025-06-18 15:50:33,125 - InteractiveChartGenerator - INFO - Status: Chart updated
2025-06-18 15:50:33,125 - InteractiveChartGenerator - INFO - Chart preview updated: 3 series, line type
2025-06-18 15:50:34,567 - InteractiveChartGenerator - INFO - Created interactive line chart with 3 series on 3 axes
2025-06-18 15:50:34,567 - InteractiveChartGenerator - INFO - Status: Chart updated
2025-06-18 15:50:34,567 - InteractiveChartGenerator - INFO - Chart preview updated: 3 series, line type
2025-06-18 15:50:37,460 - InteractiveChartGenerator - INFO - Created interactive line chart with 3 series on 3 axes
2025-06-18 15:50:37,461 - InteractiveChartGenerator - INFO - Status: Chart updated
2025-06-18 15:50:37,461 - InteractiveChartGenerator - INFO - Chart preview updated: 3 series, line type
2025-06-18 15:50:38,637 - InteractiveChartGenerator - INFO - Created interactive line chart with 3 series on 3 axes
2025-06-18 15:50:38,637 - InteractiveChartGenerator - INFO - Status: Chart updated
2025-06-18 15:50:38,637 - InteractiveChartGenerator - INFO - Chart preview updated: 3 series, line type
2025-06-18 15:50:40,093 - InteractiveChartGenerator - INFO - Created interactive scatter chart with 3 series on 3 axes
2025-06-18 15:50:40,094 - InteractiveChartGenerator - INFO - Status: Chart updated
2025-06-18 15:50:40,094 - InteractiveChartGenerator - INFO - Chart preview updated: 3 series, scatter type
2025-06-18 15:50:41,192 - InteractiveChartGenerator - INFO - Created interactive scatter chart with 3 series on 3 axes
2025-06-18 15:50:41,192 - InteractiveChartGenerator - INFO - Status: Chart updated
2025-06-18 15:50:41,192 - InteractiveChartGenerator - INFO - Chart preview updated: 3 series, scatter type
2025-06-18 15:50:45,593 - InteractiveChartGenerator - INFO - Created interactive scatter chart with 3 series on 3 axes
2025-06-18 15:50:45,594 - InteractiveChartGenerator - INFO - Status: Chart updated
2025-06-18 15:50:45,594 - InteractiveChartGenerator - INFO - Chart preview updated: 3 series, scatter type
2025-06-18 15:50:53,072 - InteractiveChartGenerator - INFO - Created interactive line chart with 3 series on 3 axes
2025-06-18 15:50:53,072 - InteractiveChartGenerator - INFO - Status: Chart updated
2025-06-18 15:50:53,072 - InteractiveChartGenerator - INFO - Chart preview updated: 3 series, line type
2025-06-18 15:50:56,987 - InteractiveChartGenerator - INFO - Created interactive scatter chart with 3 series on 3 axes
2025-06-18 15:50:56,988 - InteractiveChartGenerator - INFO - Status: Chart updated
2025-06-18 15:50:56,988 - InteractiveChartGenerator - INFO - Chart preview updated: 3 series, scatter type
2025-06-18 15:50:58,201 - InteractiveChartGenerator - INFO - Created interactive line chart with 3 series on 3 axes
2025-06-18 15:50:58,202 - InteractiveChartGenerator - INFO - Status: Chart updated
2025-06-18 15:50:58,202 - InteractiveChartGenerator - INFO - Chart preview updated: 3 series, line type
2025-06-18 15:51:28,439 - InteractiveChartGenerator - INFO - Created interactive scatter chart with 3 series on 3 axes
2025-06-18 15:51:28,439 - InteractiveChartGenerator - INFO - Status: Chart updated
2025-06-18 15:51:28,439 - InteractiveChartGenerator - INFO - Chart preview updated: 3 series, scatter type
2025-06-18 15:51:29,555 - InteractiveChartGenerator - INFO - Created interactive line chart with 3 series on 3 axes
2025-06-18 15:51:29,555 - InteractiveChartGenerator - INFO - Status: Chart updated
2025-06-18 15:51:29,556 - InteractiveChartGenerator - INFO - Chart preview updated: 3 series, line type
2025-06-18 15:51:31,354 - InteractiveChartGenerator - INFO - Created interactive line chart with 4 series on 4 axes
2025-06-18 15:51:31,354 - InteractiveChartGenerator - INFO - Status: Chart updated
2025-06-18 15:51:31,354 - InteractiveChartGenerator - INFO - Chart preview updated: 4 series, line type
2025-06-18 15:51:37,378 - InteractiveChartGenerator - INFO - Status: Chart copied to clipboard
2025-06-18 15:54:54,126 - InteractiveChartGenerator - INFO - Status: Data cleared
2025-06-18 15:54:57,463 - InteractiveChartGenerator - INFO - Loading CSV file: c:\Users\GILIEV\Documents\GitHub\Python-Projects\Chart generator\ChartGenerator_Interactive\data\sample_environmental_data.csv
2025-06-18 15:54:57,469 - InteractiveChartGenerator - INFO - Numeric columns: ['Time', 'Temperature', 'Humidity', 'Pressure']
2025-06-18 15:54:57,469 - InteractiveChartGenerator - INFO - Successfully loaded 21 rows and 4 columns
2025-06-18 15:54:57,469 - InteractiveChartGenerator - INFO - Columns: ['Time', 'Temperature', 'Humidity', 'Pressure']
2025-06-18 15:54:57,472 - InteractiveChartGenerator - INFO - Status: Loaded: sample_environmental_data.csv
2025-06-18 15:54:57,567 - InteractiveChartGenerator - INFO - Created interactive line chart with 1 series on 1 axes
2025-06-18 15:54:57,568 - InteractiveChartGenerator - INFO - Status: Chart updated
2025-06-18 15:54:57,568 - InteractiveChartGenerator - INFO - Chart preview updated: 1 series, line type
2025-06-18 15:54:57,568 - InteractiveChartGenerator - INFO - File loaded successfully: sample_environmental_data.csv
2025-06-18 15:54:59,065 - InteractiveChartGenerator - INFO - Created interactive line chart with 2 series on 2 axes
2025-06-18 15:54:59,065 - InteractiveChartGenerator - INFO - Status: Chart updated
2025-06-18 15:54:59,065 - InteractiveChartGenerator - INFO - Chart preview updated: 2 series, line type
2025-06-18 15:55:00,228 - InteractiveChartGenerator - INFO - Created interactive line chart with 3 series on 3 axes
2025-06-18 15:55:00,228 - InteractiveChartGenerator - INFO - Status: Chart updated
2025-06-18 15:55:00,228 - InteractiveChartGenerator - INFO - Chart preview updated: 3 series, line type
2025-06-18 15:55:01,919 - InteractiveChartGenerator - INFO - Created interactive line chart with 4 series on 4 axes
2025-06-18 15:55:01,919 - InteractiveChartGenerator - INFO - Status: Chart updated
2025-06-18 15:55:01,920 - InteractiveChartGenerator - INFO - Chart preview updated: 4 series, line type
2025-06-18 15:56:11,573 - InteractiveChartGenerator - INFO - Loading CSV file: C:/Users/GILIEV/Downloads/IMMUNITY/IMMUNITY/1_SFT before K-01/16-04-2025_18.10.50/DUT1_SN_VLIMS_SS 2#4.csv
2025-06-18 15:56:11,587 - InteractiveChartGenerator - ERROR - Error loading CSV file: 'utf-8' codec can't decode byte 0xb0 in position 945: invalid start byte
2025-06-18 15:56:11,587 - InteractiveChartGenerator - INFO - Status: Failed to load file
2025-06-18 15:56:20,630 - InteractiveChartGenerator - INFO - Loading CSV file: C:/Users/GILIEV/Desktop/Chart generator/DUT Logs/DUT_1 1.csv
2025-06-18 15:56:20,666 - InteractiveChartGenerator - INFO - Numeric columns: ['Name of the script:', 'Incoming_Test(5_point_Meas)_Bench25', 'Unnamed: 3', 'Unnamed: 4', 'Unnamed: 5', 'Unnamed: 7', 'Unnamed: 9', 'Unnamed: 11', 'Unnamed: 15', 'Unnamed: 20']
2025-06-18 15:56:20,667 - InteractiveChartGenerator - INFO - Text columns: ['Unnamed: 2', 'Unnamed: 6', 'Unnamed: 8', 'Unnamed: 10', 'Unnamed: 12', 'Unnamed: 13', 'Unnamed: 14', 'Unnamed: 16', 'Unnamed: 17', 'Unnamed: 18', 'Unnamed: 19']
2025-06-18 15:56:20,667 - InteractiveChartGenerator - INFO - Successfully loaded 522 rows and 21 columns
2025-06-18 15:56:20,667 - InteractiveChartGenerator - INFO - Columns: ['Name of the script:', 'Incoming_Test(5_point_Meas)_Bench25', 'Unnamed: 2', 'Unnamed: 3', 'Unnamed: 4', 'Unnamed: 5', 'Unnamed: 6', 'Unnamed: 7', 'Unnamed: 8', 'Unnamed: 9', 'Unnamed: 10', 'Unnamed: 11', 'Unnamed: 12', 'Unnamed: 13', 'Unnamed: 14', 'Unnamed: 15', 'Unnamed: 16', 'Unnamed: 17', 'Unnamed: 18', 'Unnamed: 19', 'Unnamed: 20']
2025-06-18 15:56:20,677 - InteractiveChartGenerator - INFO - Status: Loaded: DUT_1 1.csv
2025-06-18 15:56:20,803 - InteractiveChartGenerator - INFO - Created interactive line chart with 1 series on 1 axes
2025-06-18 15:56:20,803 - InteractiveChartGenerator - INFO - Status: Chart updated
2025-06-18 15:56:20,803 - InteractiveChartGenerator - INFO - Chart preview updated: 1 series, line type
2025-06-18 15:56:20,804 - InteractiveChartGenerator - INFO - File loaded successfully: DUT_1 1.csv
2025-06-18 15:56:26,294 - InteractiveChartGenerator - INFO - Created interactive line chart with 2 series on 2 axes
2025-06-18 15:56:26,294 - InteractiveChartGenerator - INFO - Status: Chart updated
2025-06-18 15:56:26,295 - InteractiveChartGenerator - INFO - Chart preview updated: 2 series, line type
2025-06-18 15:56:27,562 - InteractiveChartGenerator - INFO - Created interactive line chart with 3 series on 3 axes
2025-06-18 15:56:27,562 - InteractiveChartGenerator - INFO - Status: Chart updated
2025-06-18 15:56:27,562 - InteractiveChartGenerator - INFO - Chart preview updated: 3 series, line type
2025-06-18 15:56:41,816 - InteractiveChartGenerator - INFO - Created interactive line chart with 2 series on 2 axes
2025-06-18 15:56:41,817 - InteractiveChartGenerator - INFO - Status: Chart updated
2025-06-18 15:56:41,817 - InteractiveChartGenerator - INFO - Chart preview updated: 2 series, line type
2025-06-18 15:56:43,022 - InteractiveChartGenerator - INFO - Created interactive line chart with 3 series on 3 axes
2025-06-18 15:56:43,022 - InteractiveChartGenerator - INFO - Status: Chart updated
2025-06-18 15:56:43,022 - InteractiveChartGenerator - INFO - Chart preview updated: 3 series, line type
2025-06-18 15:56:44,704 - InteractiveChartGenerator - INFO - Created interactive line chart with 2 series on 2 axes
2025-06-18 15:56:44,704 - InteractiveChartGenerator - INFO - Status: Chart updated
2025-06-18 15:56:44,704 - InteractiveChartGenerator - INFO - Chart preview updated: 2 series, line type
2025-06-18 15:56:46,089 - InteractiveChartGenerator - INFO - Created interactive line chart with 1 series on 1 axes
2025-06-18 15:56:46,089 - InteractiveChartGenerator - INFO - Status: Chart updated
2025-06-18 15:56:46,089 - InteractiveChartGenerator - INFO - Chart preview updated: 1 series, line type
2025-06-18 15:56:47,584 - InteractiveChartGenerator - INFO - Created interactive line chart with 2 series on 2 axes
2025-06-18 15:56:47,584 - InteractiveChartGenerator - INFO - Status: Chart updated
2025-06-18 15:56:47,585 - InteractiveChartGenerator - INFO - Chart preview updated: 2 series, line type
2025-06-18 15:56:48,966 - InteractiveChartGenerator - INFO - Created interactive line chart with 1 series on 1 axes
2025-06-18 15:56:48,966 - InteractiveChartGenerator - INFO - Status: Chart updated
2025-06-18 15:56:48,966 - InteractiveChartGenerator - INFO - Chart preview updated: 1 series, line type
2025-06-18 15:56:50,442 - InteractiveChartGenerator - INFO - Created interactive line chart with 2 series on 2 axes
2025-06-18 15:56:50,442 - InteractiveChartGenerator - INFO - Status: Chart updated
2025-06-18 15:56:50,443 - InteractiveChartGenerator - INFO - Chart preview updated: 2 series, line type
2025-06-18 15:56:53,016 - InteractiveChartGenerator - INFO - Created interactive line chart with 2 series on 2 axes
2025-06-18 15:56:53,016 - InteractiveChartGenerator - INFO - Status: Chart updated
2025-06-18 15:56:53,016 - InteractiveChartGenerator - INFO - Chart preview updated: 2 series, line type
2025-06-18 15:56:56,133 - InteractiveChartGenerator - INFO - Created interactive line chart with 2 series on 2 axes
2025-06-18 15:56:56,134 - InteractiveChartGenerator - INFO - Status: Chart updated
2025-06-18 15:56:56,134 - InteractiveChartGenerator - INFO - Chart preview updated: 2 series, line type
2025-06-18 15:58:43,279 - InteractiveChartGenerator - INFO - Loading CSV file: C:/Users/GILIEV/Desktop/Chart generator/DUT Logs/DUT5_SN_VLIMS_SS 1#9.csv
2025-06-18 15:58:43,328 - InteractiveChartGenerator - INFO - Numeric columns: ['Start Date:', '19-04-2025_11.35.31', 'Unnamed: 3', 'Unnamed: 4', 'Unnamed: 6', 'Unnamed: 7', 'Unnamed: 9', 'Unnamed: 12', 'Unnamed: 13', 'Unnamed: 14', 'Unnamed: 15', 'Unnamed: 16', 'Unnamed: 17', 'Unnamed: 18', 'Unnamed: 19', 'Unnamed: 20', 'Unnamed: 21', 'Unnamed: 24', 'Unnamed: 25', 'Unnamed: 26', 'Unnamed: 27', 'Unnamed: 28']
2025-06-18 15:58:43,328 - InteractiveChartGenerator - INFO - Text columns: ['Unnamed: 2', 'Unnamed: 5', 'Unnamed: 8', 'Unnamed: 10', 'Unnamed: 11', 'Unnamed: 22', 'Unnamed: 23']
2025-06-18 15:58:43,329 - InteractiveChartGenerator - INFO - Successfully loaded 2434 rows and 29 columns
2025-06-18 15:58:43,329 - InteractiveChartGenerator - INFO - Columns: ['Start Date:', '19-04-2025_11.35.31', 'Unnamed: 2', 'Unnamed: 3', 'Unnamed: 4', 'Unnamed: 5', 'Unnamed: 6', 'Unnamed: 7', 'Unnamed: 8', 'Unnamed: 9', 'Unnamed: 10', 'Unnamed: 11', 'Unnamed: 12', 'Unnamed: 13', 'Unnamed: 14', 'Unnamed: 15', 'Unnamed: 16', 'Unnamed: 17', 'Unnamed: 18', 'Unnamed: 19', 'Unnamed: 20', 'Unnamed: 21', 'Unnamed: 22', 'Unnamed: 23', 'Unnamed: 24', 'Unnamed: 25', 'Unnamed: 26', 'Unnamed: 27', 'Unnamed: 28']
2025-06-18 15:58:43,342 - InteractiveChartGenerator - INFO - Status: Loaded: DUT5_SN_VLIMS_SS 1#9.csv
2025-06-18 15:58:43,421 - InteractiveChartGenerator - INFO - Created interactive line chart with 1 series on 1 axes
2025-06-18 15:58:43,421 - InteractiveChartGenerator - INFO - Status: Chart updated
2025-06-18 15:58:43,421 - InteractiveChartGenerator - INFO - Chart preview updated: 1 series, line type
2025-06-18 15:58:43,421 - InteractiveChartGenerator - INFO - File loaded successfully: DUT5_SN_VLIMS_SS 1#9.csv
2025-06-18 15:58:46,119 - InteractiveChartGenerator - INFO - Created interactive line chart with 2 series on 2 axes
2025-06-18 15:58:46,119 - InteractiveChartGenerator - INFO - Status: Chart updated
2025-06-18 15:58:46,120 - InteractiveChartGenerator - INFO - Chart preview updated: 2 series, line type
2025-06-18 15:58:54,508 - InteractiveChartGenerator - INFO - Created interactive line chart with 3 series on 3 axes
2025-06-18 15:58:54,509 - InteractiveChartGenerator - INFO - Status: Chart updated
2025-06-18 15:58:54,509 - InteractiveChartGenerator - INFO - Chart preview updated: 3 series, line type
2025-06-18 15:58:57,173 - InteractiveChartGenerator - INFO - Created interactive line chart with 4 series on 4 axes
2025-06-18 15:58:57,174 - InteractiveChartGenerator - INFO - Status: Chart updated
2025-06-18 15:58:57,174 - InteractiveChartGenerator - INFO - Chart preview updated: 4 series, line type
2025-06-18 15:58:58,333 - InteractiveChartGenerator - INFO - Created interactive line chart with 3 series on 3 axes
2025-06-18 15:58:58,333 - InteractiveChartGenerator - INFO - Status: Chart updated
2025-06-18 15:58:58,333 - InteractiveChartGenerator - INFO - Chart preview updated: 3 series, line type
2025-06-18 15:59:13,510 - InteractiveChartGenerator - INFO - Created interactive line chart with 3 series on 3 axes
2025-06-18 15:59:13,510 - InteractiveChartGenerator - INFO - Status: Chart updated
2025-06-18 15:59:13,510 - InteractiveChartGenerator - INFO - Chart preview updated: 3 series, line type
2025-06-18 15:59:31,077 - InteractiveChartGenerator - INFO - Created interactive line chart with 4 series on 4 axes
2025-06-18 15:59:31,077 - InteractiveChartGenerator - INFO - Status: Chart updated
2025-06-18 15:59:31,077 - InteractiveChartGenerator - INFO - Chart preview updated: 4 series, line type
2025-06-18 15:59:32,414 - InteractiveChartGenerator - INFO - Created interactive line chart with 3 series on 3 axes
2025-06-18 15:59:32,415 - InteractiveChartGenerator - INFO - Status: Chart updated
2025-06-18 15:59:32,415 - InteractiveChartGenerator - INFO - Chart preview updated: 3 series, line type
2025-06-18 16:03:01,159 - InteractiveChartGenerator - INFO - Loading CSV file: C:/Users/GILIEV/Desktop/Chart generator/DUT Logs/DUT5_SN_VLIMS_SS 1#9.csv
2025-06-18 16:03:01,211 - InteractiveChartGenerator - INFO - Numeric columns: ['Start Date:', '19-04-2025_11.35.31', 'Unnamed: 3', 'Unnamed: 4', 'Unnamed: 6', 'Unnamed: 7', 'Unnamed: 9', 'Unnamed: 12', 'Unnamed: 13', 'Unnamed: 14', 'Unnamed: 15', 'Unnamed: 16', 'Unnamed: 17', 'Unnamed: 18', 'Unnamed: 19', 'Unnamed: 20', 'Unnamed: 21', 'Unnamed: 24', 'Unnamed: 25', 'Unnamed: 26', 'Unnamed: 27', 'Unnamed: 28']
2025-06-18 16:03:01,212 - InteractiveChartGenerator - INFO - Text columns: ['Unnamed: 2', 'Unnamed: 5', 'Unnamed: 8', 'Unnamed: 10', 'Unnamed: 11', 'Unnamed: 22', 'Unnamed: 23']
2025-06-18 16:03:01,212 - InteractiveChartGenerator - INFO - Successfully loaded 2432 rows and 29 columns
2025-06-18 16:03:01,212 - InteractiveChartGenerator - INFO - Columns: ['Start Date:', '19-04-2025_11.35.31', 'Unnamed: 2', 'Unnamed: 3', 'Unnamed: 4', 'Unnamed: 5', 'Unnamed: 6', 'Unnamed: 7', 'Unnamed: 8', 'Unnamed: 9', 'Unnamed: 10', 'Unnamed: 11', 'Unnamed: 12', 'Unnamed: 13', 'Unnamed: 14', 'Unnamed: 15', 'Unnamed: 16', 'Unnamed: 17', 'Unnamed: 18', 'Unnamed: 19', 'Unnamed: 20', 'Unnamed: 21', 'Unnamed: 22', 'Unnamed: 23', 'Unnamed: 24', 'Unnamed: 25', 'Unnamed: 26', 'Unnamed: 27', 'Unnamed: 28']
2025-06-18 16:03:01,231 - InteractiveChartGenerator - INFO - Status: Loaded: DUT5_SN_VLIMS_SS 1#9.csv
2025-06-18 16:03:01,341 - InteractiveChartGenerator - INFO - Created interactive line chart with 1 series on 1 axes
2025-06-18 16:03:01,341 - InteractiveChartGenerator - INFO - Status: Chart updated
2025-06-18 16:03:01,341 - InteractiveChartGenerator - INFO - Chart preview updated: 1 series, line type
2025-06-18 16:03:01,342 - InteractiveChartGenerator - INFO - File loaded successfully: DUT5_SN_VLIMS_SS 1#9.csv
2025-06-18 16:03:17,965 - InteractiveChartGenerator - INFO - Created interactive line chart with 2 series on 2 axes
2025-06-18 16:03:17,965 - InteractiveChartGenerator - INFO - Status: Chart updated
2025-06-18 16:03:17,965 - InteractiveChartGenerator - INFO - Chart preview updated: 2 series, line type
2025-06-18 16:03:19,232 - InteractiveChartGenerator - INFO - Created interactive line chart with 1 series on 1 axes
2025-06-18 16:03:19,233 - InteractiveChartGenerator - INFO - Status: Chart updated
2025-06-18 16:03:19,233 - InteractiveChartGenerator - INFO - Chart preview updated: 1 series, line type
