2025-06-18 13:29:39,645 - InteractiveChartGenerator - INFO - Logging initialized. Log file: c:\Users\GILIEV\Documents\GitHub\Python-Projects\Chart generator\ChartGenerator_Interactive\logs\chart_generator_20250618_132939.log
2025-06-18 13:29:39,645 - InteractiveChartGenerator - INFO - Starting Interactive Chart Generator v2.0
2025-06-18 13:29:39,824 - InteractiveChartGenerator - INFO - Interactive Chart Application initialized
2025-06-18 13:29:39,855 - InteractiveChartGenerator - INFO - Application started successfully
2025-06-18 13:29:54,079 - InteractiveChartGenerator - INFO - Loading CSV file: C:/Users/GILIEV/Desktop/Chart generator/DUT Logs/DUT_1 1.csv
2025-06-18 13:29:54,098 - InteractiveChartGenerator - INFO - Numeric columns: ['Name of the script:', 'Incoming_Test(5_point_Meas)_Bench25', 'Unnamed: 3', 'Unnamed: 4', 'Unnamed: 5', 'Unnamed: 7', 'Unnamed: 9', 'Unnamed: 11', 'Unnamed: 15', 'Unnamed: 20']
2025-06-18 13:29:54,099 - InteractiveChartGenerator - INFO - Text columns: ['Unnamed: 2', 'Unnamed: 6', 'Unnamed: 8', 'Unnamed: 10', 'Unnamed: 12', 'Unnamed: 13', 'Unnamed: 14', 'Unnamed: 16', 'Unnamed: 17', 'Unnamed: 18', 'Unnamed: 19']
2025-06-18 13:29:54,099 - InteractiveChartGenerator - INFO - Successfully loaded 522 rows and 21 columns
2025-06-18 13:29:54,099 - InteractiveChartGenerator - INFO - Columns: ['Name of the script:', 'Incoming_Test(5_point_Meas)_Bench25', 'Unnamed: 2', 'Unnamed: 3', 'Unnamed: 4', 'Unnamed: 5', 'Unnamed: 6', 'Unnamed: 7', 'Unnamed: 8', 'Unnamed: 9', 'Unnamed: 10', 'Unnamed: 11', 'Unnamed: 12', 'Unnamed: 13', 'Unnamed: 14', 'Unnamed: 15', 'Unnamed: 16', 'Unnamed: 17', 'Unnamed: 18', 'Unnamed: 19', 'Unnamed: 20']
2025-06-18 13:29:54,105 - InteractiveChartGenerator - INFO - Status: Loaded: DUT_1 1.csv
2025-06-18 13:29:54,221 - InteractiveChartGenerator - INFO - Created interactive line chart with 1 series
2025-06-18 13:29:54,221 - InteractiveChartGenerator - INFO - Status: Chart updated
2025-06-18 13:29:54,222 - InteractiveChartGenerator - INFO - Chart preview updated: 1 series, line type
2025-06-18 13:29:54,222 - InteractiveChartGenerator - INFO - File loaded successfully: DUT_1 1.csv
2025-06-18 13:30:26,933 - InteractiveChartGenerator - INFO - Created interactive scatter chart with 1 series
2025-06-18 13:30:26,933 - InteractiveChartGenerator - INFO - Status: Chart updated
2025-06-18 13:30:26,933 - InteractiveChartGenerator - INFO - Chart preview updated: 1 series, scatter type
2025-06-18 13:30:29,077 - InteractiveChartGenerator - INFO - Created interactive line chart with 1 series
2025-06-18 13:30:29,077 - InteractiveChartGenerator - INFO - Status: Chart updated
2025-06-18 13:30:29,077 - InteractiveChartGenerator - INFO - Chart preview updated: 1 series, line type
2025-06-18 13:30:34,302 - InteractiveChartGenerator - INFO - Created interactive line chart with 2 series
2025-06-18 13:30:34,302 - InteractiveChartGenerator - INFO - Status: Chart updated
2025-06-18 13:30:34,302 - InteractiveChartGenerator - INFO - Chart preview updated: 2 series, line type
2025-06-18 13:30:36,011 - InteractiveChartGenerator - INFO - Created interactive line chart with 1 series
2025-06-18 13:30:36,011 - InteractiveChartGenerator - INFO - Status: Chart updated
2025-06-18 13:30:36,011 - InteractiveChartGenerator - INFO - Chart preview updated: 1 series, line type
2025-06-18 13:30:38,773 - InteractiveChartGenerator - INFO - Created interactive line chart with 1 series
2025-06-18 13:30:38,773 - InteractiveChartGenerator - INFO - Status: Chart updated
2025-06-18 13:30:38,773 - InteractiveChartGenerator - INFO - Chart preview updated: 1 series, line type
2025-06-18 13:30:45,760 - InteractiveChartGenerator - INFO - Loading CSV file: c:\Users\GILIEV\Documents\GitHub\Python-Projects\Chart generator\ChartGenerator_Interactive\data\sample_math_functions.csv
2025-06-18 13:30:45,769 - InteractiveChartGenerator - INFO - Numeric columns: ['X', 'Y1', 'Y2', 'Y3']
2025-06-18 13:30:45,769 - InteractiveChartGenerator - INFO - Successfully loaded 13 rows and 4 columns
2025-06-18 13:30:45,769 - InteractiveChartGenerator - INFO - Columns: ['X', 'Y1', 'Y2', 'Y3']
2025-06-18 13:30:45,774 - InteractiveChartGenerator - INFO - Status: Loaded: sample_math_functions.csv
2025-06-18 13:30:45,856 - InteractiveChartGenerator - INFO - Created interactive line chart with 1 series
2025-06-18 13:30:45,856 - InteractiveChartGenerator - INFO - Status: Chart updated
2025-06-18 13:30:45,856 - InteractiveChartGenerator - INFO - Chart preview updated: 1 series, line type
2025-06-18 13:30:45,856 - InteractiveChartGenerator - INFO - File loaded successfully: sample_math_functions.csv
2025-06-18 13:30:56,436 - InteractiveChartGenerator - INFO - Created interactive line chart with 1 series
2025-06-18 13:30:56,436 - InteractiveChartGenerator - INFO - Status: Chart updated
2025-06-18 13:30:56,436 - InteractiveChartGenerator - INFO - Chart preview updated: 1 series, line type
2025-06-18 13:30:58,152 - InteractiveChartGenerator - INFO - Created interactive line chart with 1 series
2025-06-18 13:30:58,152 - InteractiveChartGenerator - INFO - Status: Chart updated
2025-06-18 13:30:58,152 - InteractiveChartGenerator - INFO - Chart preview updated: 1 series, line type
2025-06-18 13:30:59,849 - InteractiveChartGenerator - INFO - Created interactive line chart with 1 series
2025-06-18 13:30:59,850 - InteractiveChartGenerator - INFO - Status: Chart updated
2025-06-18 13:30:59,850 - InteractiveChartGenerator - INFO - Chart preview updated: 1 series, line type
2025-06-18 13:31:08,929 - InteractiveChartGenerator - INFO - Created interactive line chart with 1 series
2025-06-18 13:31:08,929 - InteractiveChartGenerator - INFO - Status: Chart updated
2025-06-18 13:31:08,929 - InteractiveChartGenerator - INFO - Chart preview updated: 1 series, line type
2025-06-18 13:32:15,769 - InteractiveChartGenerator - INFO - Status: Chart copied to clipboard
2025-06-18 13:33:05,070 - InteractiveChartGenerator - INFO - Loading CSV file: c:\Users\GILIEV\Documents\GitHub\Python-Projects\Chart generator\ChartGenerator_Interactive\data\sample_environmental_data.csv
2025-06-18 13:33:05,091 - InteractiveChartGenerator - INFO - Numeric columns: ['Time', 'Temperature', 'Humidity', 'Pressure']
2025-06-18 13:33:05,091 - InteractiveChartGenerator - INFO - Successfully loaded 21 rows and 4 columns
2025-06-18 13:33:05,091 - InteractiveChartGenerator - INFO - Columns: ['Time', 'Temperature', 'Humidity', 'Pressure']
2025-06-18 13:33:05,096 - InteractiveChartGenerator - INFO - Status: Loaded: sample_environmental_data.csv
2025-06-18 13:33:05,222 - InteractiveChartGenerator - INFO - Created interactive line chart with 1 series
2025-06-18 13:33:05,222 - InteractiveChartGenerator - INFO - Status: Chart updated
2025-06-18 13:33:05,222 - InteractiveChartGenerator - INFO - Chart preview updated: 1 series, line type
2025-06-18 13:33:05,222 - InteractiveChartGenerator - INFO - File loaded successfully: sample_environmental_data.csv
2025-06-18 13:33:08,595 - InteractiveChartGenerator - INFO - Created interactive line chart with 1 series
2025-06-18 13:33:08,595 - InteractiveChartGenerator - INFO - Status: Chart updated
2025-06-18 13:33:08,595 - InteractiveChartGenerator - INFO - Chart preview updated: 1 series, line type
2025-06-18 13:33:10,519 - InteractiveChartGenerator - INFO - Created interactive line chart with 2 series
2025-06-18 13:33:10,519 - InteractiveChartGenerator - INFO - Status: Chart updated
2025-06-18 13:33:10,519 - InteractiveChartGenerator - INFO - Chart preview updated: 2 series, line type
2025-06-18 13:33:11,819 - InteractiveChartGenerator - INFO - Created interactive line chart with 3 series
2025-06-18 13:33:11,819 - InteractiveChartGenerator - INFO - Status: Chart updated
2025-06-18 13:33:11,819 - InteractiveChartGenerator - INFO - Chart preview updated: 3 series, line type
2025-06-18 13:33:13,670 - InteractiveChartGenerator - INFO - Created interactive line chart with 4 series
2025-06-18 13:33:13,671 - InteractiveChartGenerator - INFO - Status: Chart updated
2025-06-18 13:33:13,671 - InteractiveChartGenerator - INFO - Chart preview updated: 4 series, line type
2025-06-18 13:33:16,872 - InteractiveChartGenerator - INFO - Created interactive line chart with 3 series
2025-06-18 13:33:16,872 - InteractiveChartGenerator - INFO - Status: Chart updated
2025-06-18 13:33:16,872 - InteractiveChartGenerator - INFO - Chart preview updated: 3 series, line type
2025-06-18 13:33:23,747 - InteractiveChartGenerator - INFO - Created interactive line chart with 3 series
2025-06-18 13:33:23,747 - InteractiveChartGenerator - INFO - Status: Chart updated
2025-06-18 13:33:23,747 - InteractiveChartGenerator - INFO - Chart preview updated: 3 series, line type
2025-06-18 13:33:26,910 - InteractiveChartGenerator - INFO - Loading CSV file: c:\Users\GILIEV\Documents\GitHub\Python-Projects\Chart generator\ChartGenerator_Interactive\data\sample_math_functions.csv
2025-06-18 13:33:26,925 - InteractiveChartGenerator - INFO - Numeric columns: ['X', 'Y1', 'Y2', 'Y3']
2025-06-18 13:33:26,925 - InteractiveChartGenerator - INFO - Successfully loaded 13 rows and 4 columns
2025-06-18 13:33:26,926 - InteractiveChartGenerator - INFO - Columns: ['X', 'Y1', 'Y2', 'Y3']
2025-06-18 13:33:26,929 - InteractiveChartGenerator - INFO - Status: Loaded: sample_math_functions.csv
2025-06-18 13:33:27,059 - InteractiveChartGenerator - INFO - Created interactive line chart with 1 series
2025-06-18 13:33:27,059 - InteractiveChartGenerator - INFO - Status: Chart updated
2025-06-18 13:33:27,059 - InteractiveChartGenerator - INFO - Chart preview updated: 1 series, line type
2025-06-18 13:33:27,060 - InteractiveChartGenerator - INFO - File loaded successfully: sample_math_functions.csv
2025-06-18 13:33:28,433 - InteractiveChartGenerator - INFO - Loading CSV file: c:\Users\GILIEV\Documents\GitHub\Python-Projects\Chart generator\ChartGenerator_Interactive\data\sample_math_functions.csv
2025-06-18 13:33:28,437 - InteractiveChartGenerator - INFO - Numeric columns: ['X', 'Y1', 'Y2', 'Y3']
2025-06-18 13:33:28,437 - InteractiveChartGenerator - INFO - Successfully loaded 13 rows and 4 columns
2025-06-18 13:33:28,437 - InteractiveChartGenerator - INFO - Columns: ['X', 'Y1', 'Y2', 'Y3']
2025-06-18 13:33:28,442 - InteractiveChartGenerator - INFO - Status: Loaded: sample_math_functions.csv
2025-06-18 13:33:28,520 - InteractiveChartGenerator - INFO - Created interactive line chart with 1 series
2025-06-18 13:33:28,520 - InteractiveChartGenerator - INFO - Status: Chart updated
2025-06-18 13:33:28,521 - InteractiveChartGenerator - INFO - Chart preview updated: 1 series, line type
2025-06-18 13:33:28,521 - InteractiveChartGenerator - INFO - File loaded successfully: sample_math_functions.csv
2025-06-18 13:33:29,516 - InteractiveChartGenerator - INFO - Loading CSV file: c:\Users\GILIEV\Documents\GitHub\Python-Projects\Chart generator\ChartGenerator_Interactive\data\sample_environmental_data.csv
2025-06-18 13:33:29,519 - InteractiveChartGenerator - INFO - Numeric columns: ['Time', 'Temperature', 'Humidity', 'Pressure']
2025-06-18 13:33:29,520 - InteractiveChartGenerator - INFO - Successfully loaded 21 rows and 4 columns
2025-06-18 13:33:29,520 - InteractiveChartGenerator - INFO - Columns: ['Time', 'Temperature', 'Humidity', 'Pressure']
2025-06-18 13:33:29,523 - InteractiveChartGenerator - INFO - Status: Loaded: sample_environmental_data.csv
2025-06-18 13:33:29,607 - InteractiveChartGenerator - INFO - Created interactive line chart with 1 series
2025-06-18 13:33:29,607 - InteractiveChartGenerator - INFO - Status: Chart updated
2025-06-18 13:33:29,607 - InteractiveChartGenerator - INFO - Chart preview updated: 1 series, line type
2025-06-18 13:33:29,608 - InteractiveChartGenerator - INFO - File loaded successfully: sample_environmental_data.csv
2025-06-18 13:33:31,839 - InteractiveChartGenerator - INFO - Created interactive line chart with 2 series
2025-06-18 13:33:31,839 - InteractiveChartGenerator - INFO - Status: Chart updated
2025-06-18 13:33:31,839 - InteractiveChartGenerator - INFO - Chart preview updated: 2 series, line type
2025-06-18 13:33:34,430 - InteractiveChartGenerator - INFO - Created interactive line chart with 1 series
2025-06-18 13:33:34,431 - InteractiveChartGenerator - INFO - Status: Chart updated
2025-06-18 13:33:34,431 - InteractiveChartGenerator - INFO - Chart preview updated: 1 series, line type
2025-06-18 13:33:35,912 - InteractiveChartGenerator - INFO - Created interactive line chart with 2 series
2025-06-18 13:33:35,912 - InteractiveChartGenerator - INFO - Status: Chart updated
2025-06-18 13:33:35,913 - InteractiveChartGenerator - INFO - Chart preview updated: 2 series, line type
2025-06-18 13:33:56,322 - InteractiveChartGenerator - INFO - Created interactive scatter chart with 2 series
2025-06-18 13:33:56,323 - InteractiveChartGenerator - INFO - Status: Chart updated
2025-06-18 13:33:56,323 - InteractiveChartGenerator - INFO - Chart preview updated: 2 series, scatter type
2025-06-18 13:34:02,860 - InteractiveChartGenerator - INFO - Status: Chart copied to clipboard
2025-06-18 13:35:06,922 - InteractiveChartGenerator - INFO - Loading CSV file: C:/Users/GILIEV/Desktop/Chart generator/DUT Logs/DUT_2.csv
2025-06-18 13:35:06,963 - InteractiveChartGenerator - INFO - Numeric columns: ['Name of the script:', 'Incoming_Test(5_point_Meas)_Bench25', 'Unnamed: 3', 'Unnamed: 4', 'Unnamed: 5', 'Unnamed: 7', 'Unnamed: 9', 'Unnamed: 11', 'Unnamed: 15', 'Unnamed: 20']
2025-06-18 13:35:06,964 - InteractiveChartGenerator - INFO - Text columns: ['Unnamed: 2', 'Unnamed: 6', 'Unnamed: 8', 'Unnamed: 10', 'Unnamed: 12', 'Unnamed: 13', 'Unnamed: 14', 'Unnamed: 16', 'Unnamed: 17', 'Unnamed: 18', 'Unnamed: 19']
2025-06-18 13:35:06,964 - InteractiveChartGenerator - INFO - Successfully loaded 524 rows and 21 columns
2025-06-18 13:35:06,964 - InteractiveChartGenerator - INFO - Columns: ['Name of the script:', 'Incoming_Test(5_point_Meas)_Bench25', 'Unnamed: 2', 'Unnamed: 3', 'Unnamed: 4', 'Unnamed: 5', 'Unnamed: 6', 'Unnamed: 7', 'Unnamed: 8', 'Unnamed: 9', 'Unnamed: 10', 'Unnamed: 11', 'Unnamed: 12', 'Unnamed: 13', 'Unnamed: 14', 'Unnamed: 15', 'Unnamed: 16', 'Unnamed: 17', 'Unnamed: 18', 'Unnamed: 19', 'Unnamed: 20']
2025-06-18 13:35:06,970 - InteractiveChartGenerator - INFO - Status: Loaded: DUT_2.csv
2025-06-18 13:35:07,053 - InteractiveChartGenerator - INFO - Created interactive scatter chart with 1 series
2025-06-18 13:35:07,053 - InteractiveChartGenerator - INFO - Status: Chart updated
2025-06-18 13:35:07,053 - InteractiveChartGenerator - INFO - Chart preview updated: 1 series, scatter type
2025-06-18 13:35:07,054 - InteractiveChartGenerator - INFO - File loaded successfully: DUT_2.csv
2025-06-18 13:35:47,544 - InteractiveChartGenerator - INFO - Loading CSV file: c:\Users\GILIEV\Documents\GitHub\Python-Projects\Chart generator\ChartGenerator_Interactive\data\sample_environmental_data.csv
2025-06-18 13:35:47,559 - InteractiveChartGenerator - INFO - Numeric columns: ['Time', 'Temperature', 'Humidity', 'Pressure']
2025-06-18 13:35:47,559 - InteractiveChartGenerator - INFO - Successfully loaded 21 rows and 4 columns
2025-06-18 13:35:47,559 - InteractiveChartGenerator - INFO - Columns: ['Time', 'Temperature', 'Humidity', 'Pressure']
2025-06-18 13:35:47,564 - InteractiveChartGenerator - INFO - Status: Loaded: sample_environmental_data.csv
2025-06-18 13:35:47,653 - InteractiveChartGenerator - INFO - Created interactive scatter chart with 1 series
2025-06-18 13:35:47,653 - InteractiveChartGenerator - INFO - Status: Chart updated
2025-06-18 13:35:47,653 - InteractiveChartGenerator - INFO - Chart preview updated: 1 series, scatter type
2025-06-18 13:35:47,654 - InteractiveChartGenerator - INFO - File loaded successfully: sample_environmental_data.csv
2025-06-18 13:35:50,196 - InteractiveChartGenerator - INFO - Created interactive scatter chart with 2 series
2025-06-18 13:35:50,196 - InteractiveChartGenerator - INFO - Status: Chart updated
2025-06-18 13:35:50,197 - InteractiveChartGenerator - INFO - Chart preview updated: 2 series, scatter type
