2025-06-23 11:26:48,765 - InteractiveChartGenerator - INFO - Logging initialized. Log file: c:\Users\GILIEV\Documents\GitHub\Python-Projects\Chart generator\ChartGenerator_Interactive\logs\chart_generator_20250623_112648.log
2025-06-23 11:26:48,766 - InteractiveChartGenerator - INFO - Starting Interactive Chart Generator v2.0
2025-06-23 11:26:49,090 - InteractiveChartGenerator - INFO - Applied responsive styling for 1536px width screen
2025-06-23 11:26:49,090 - InteractiveChartGenerator - INFO - Interactive Chart Application initialized
2025-06-23 11:26:49,138 - InteractiveChartGenerator - INFO - Screen size: 1536x864
2025-06-23 11:26:49,140 - InteractiveChartGenerator - INFO - Window size: 1305x691
2025-06-23 11:26:49,140 - InteractiveChartGenerator - INFO - Minimum size: 1000x700
2025-06-23 11:26:49,140 - InteractiveChartGenerator - INFO - Application started successfully
2025-06-23 11:28:27,245 - InteractiveChartGenerator - INFO - Loading CSV file with smart header detection: C:/Users/GILIEV/Desktop/Chart generator/DUT Logs/DUT5_SN_VLIMS_SS 1#9.csv
2025-06-23 11:28:27,246 - InteractiveChartGenerator - INFO - Found non-empty cell in column E at row 24
2025-06-23 11:28:27,247 - InteractiveChartGenerator - INFO - Detected header row at index 24 (line 25)
2025-06-23 11:28:27,267 - InteractiveChartGenerator - INFO - Numeric columns: ['No:', ' Probe of Humidity(%)', 'Probe of Temperature(°C)', ' Reference Voltage(V)', 'Current[A]', ' CAN_status', 'CID ON/OFF', ' CDD ON/OFF', ' CID_BackLight ', ' CDD_BackLight', ' CID_X_Coordinates', ' CID_Y_Coordinates', ' CDD_X_Coordinates', ' CDD_Y_Coordinates', ' Light_Sensor_On', ' Light_Sensor_Off', ' Watchdog_reset', ' Hardware_reset', ' Power_reset', ' Clock_reset', ' DTC Stored']
2025-06-23 11:28:27,268 - InteractiveChartGenerator - INFO - Text columns: [' Date & Time', ' DUT Mode', ' Dry contact value', 'Current[A] Status', 'CID_Display_Temp_Status', ' CDD_Display_Temp_Status']
2025-06-23 11:28:27,269 - InteractiveChartGenerator - INFO - Successfully loaded 2411 rows and 29 columns
2025-06-23 11:28:27,269 - InteractiveChartGenerator - INFO - Headers: ['No:', ' Date & Time', ' DUT Mode', ' Probe of Humidity(%)', 'Probe of Temperature(°C)', ' Dry contact value', ' Reference Voltage(V)', 'Current[A]', 'Current[A] Status', ' CAN_status', 'CID_Display_Temp_Status', ' CDD_Display_Temp_Status', 'CID ON/OFF', ' CDD ON/OFF', ' CID_BackLight ', ' CDD_BackLight', ' CID_X_Coordinates', ' CID_Y_Coordinates', ' CDD_X_Coordinates', ' CDD_Y_Coordinates', ' Light_Sensor_On', ' Light_Sensor_Off', ' Temp_1', 'Temp_2', ' Watchdog_reset', ' Hardware_reset', ' Power_reset', ' Clock_reset', ' DTC Stored']
2025-06-23 11:28:27,270 - InteractiveChartGenerator - INFO - Data types: {'No:': dtype('int64'), ' Date & Time': dtype('O'), ' DUT Mode': dtype('O'), ' Probe of Humidity(%)': dtype('float64'), 'Probe of Temperature(°C)': dtype('float64'), ' Dry contact value': dtype('O'), ' Reference Voltage(V)': dtype('float64'), 'Current[A]': dtype('float64'), 'Current[A] Status': dtype('O'), ' CAN_status': dtype('int64'), 'CID_Display_Temp_Status': dtype('O'), ' CDD_Display_Temp_Status': dtype('O'), 'CID ON/OFF': dtype('int64'), ' CDD ON/OFF': dtype('int64'), ' CID_BackLight ': dtype('int64'), ' CDD_BackLight': dtype('int64'), ' CID_X_Coordinates': dtype('int64'), ' CID_Y_Coordinates': dtype('int64'), ' CDD_X_Coordinates': dtype('int64'), ' CDD_Y_Coordinates': dtype('int64'), ' Light_Sensor_On': dtype('int64'), ' Light_Sensor_Off': dtype('int64'), ' Temp_1': dtype('bool'), 'Temp_2': dtype('bool'), ' Watchdog_reset': dtype('int64'), ' Hardware_reset': dtype('int64'), ' Power_reset': dtype('int64'), ' Clock_reset': dtype('int64'), ' DTC Stored': dtype('int64')}
2025-06-23 11:28:27,292 - InteractiveChartGenerator - INFO - All columns: ['No:', ' Date & Time', ' DUT Mode', ' Probe of Humidity(%)', 'Probe of Temperature(°C)', ' Dry contact value', ' Reference Voltage(V)', 'Current[A]', 'Current[A] Status', ' CAN_status', 'CID_Display_Temp_Status', ' CDD_Display_Temp_Status', 'CID ON/OFF', ' CDD ON/OFF', ' CID_BackLight ', ' CDD_BackLight', ' CID_X_Coordinates', ' CID_Y_Coordinates', ' CDD_X_Coordinates', ' CDD_Y_Coordinates', ' Light_Sensor_On', ' Light_Sensor_Off', ' Temp_1', 'Temp_2', ' Watchdog_reset', ' Hardware_reset', ' Power_reset', ' Clock_reset', ' DTC Stored']
2025-06-23 11:28:27,294 - InteractiveChartGenerator - INFO - Numeric columns: ['No:', ' Probe of Humidity(%)', 'Probe of Temperature(°C)', ' Reference Voltage(V)', 'Current[A]', ' CAN_status', 'CID ON/OFF', ' CDD ON/OFF', ' CID_BackLight ', ' CDD_BackLight', ' CID_X_Coordinates', ' CID_Y_Coordinates', ' CDD_X_Coordinates', ' CDD_Y_Coordinates', ' Light_Sensor_On', ' Light_Sensor_Off', ' Watchdog_reset', ' Hardware_reset', ' Power_reset', ' Clock_reset', ' DTC Stored']
2025-06-23 11:28:27,295 - InteractiveChartGenerator - INFO - Chartable columns: ['No:', ' Date & Time', ' Probe of Humidity(%)', 'Probe of Temperature(°C)', ' Reference Voltage(V)', 'Current[A]', ' CAN_status', 'CID ON/OFF', ' CDD ON/OFF', ' CID_BackLight ', ' CDD_BackLight', ' CID_X_Coordinates', ' CID_Y_Coordinates', ' CDD_X_Coordinates', ' CDD_Y_Coordinates', ' Light_Sensor_On', ' Light_Sensor_Off', ' Temp_1', 'Temp_2', ' Watchdog_reset', ' Hardware_reset', ' Power_reset', ' Clock_reset', ' DTC Stored']
2025-06-23 11:28:27,301 - InteractiveChartGenerator - INFO - Status: Loaded: DUT5_SN_VLIMS_SS 1#9.csv
2025-06-23 11:28:27,430 - InteractiveChartGenerator - INFO - Created interactive line chart with 1 series
2025-06-23 11:28:27,434 - InteractiveChartGenerator - INFO - Status: Chart updated
2025-06-23 11:28:27,434 - InteractiveChartGenerator - INFO - Chart preview updated: 1 series, line type
2025-06-23 11:28:27,436 - InteractiveChartGenerator - INFO - File loaded successfully: DUT5_SN_VLIMS_SS 1#9.csv
2025-06-23 11:28:37,056 - InteractiveChartGenerator - INFO - Converted column ' Date & Time' to datetime for charting
2025-06-23 11:28:37,261 - InteractiveChartGenerator - INFO - Created interactive line chart with 1 series
2025-06-23 11:28:37,261 - InteractiveChartGenerator - INFO - Status: Chart updated
2025-06-23 11:28:37,262 - InteractiveChartGenerator - INFO - Chart preview updated: 1 series, line type
2025-06-23 11:28:40,857 - InteractiveChartGenerator - INFO - Converted column ' Date & Time' to datetime for charting
2025-06-23 11:28:40,880 - InteractiveChartGenerator - INFO - Converted column ' Date & Time' to datetime for charting
2025-06-23 11:28:41,088 - InteractiveChartGenerator - INFO - Created interactive line chart with 1 series
2025-06-23 11:28:41,089 - InteractiveChartGenerator - INFO - Status: Chart updated
2025-06-23 11:28:41,089 - InteractiveChartGenerator - INFO - Chart preview updated: 1 series, line type
2025-06-23 11:28:44,640 - InteractiveChartGenerator - INFO - Converted column ' Date & Time' to datetime for charting
2025-06-23 11:28:44,974 - InteractiveChartGenerator - INFO - Created interactive line chart with 1 series
2025-06-23 11:28:44,974 - InteractiveChartGenerator - INFO - Status: Chart updated
2025-06-23 11:28:44,975 - InteractiveChartGenerator - INFO - Chart preview updated: 1 series, line type
2025-06-23 11:28:46,661 - InteractiveChartGenerator - INFO - Converted column ' Date & Time' to datetime for charting
2025-06-23 11:28:46,923 - InteractiveChartGenerator - INFO - Created interactive line chart with 2 series
2025-06-23 11:28:46,925 - InteractiveChartGenerator - INFO - Status: Chart updated
2025-06-23 11:28:46,925 - InteractiveChartGenerator - INFO - Chart preview updated: 2 series, line type
2025-06-23 11:29:31,892 - InteractiveChartGenerator - INFO - Status: Chart copied to clipboard
2025-06-23 11:30:15,521 - InteractiveChartGenerator - INFO - Converted column ' Date & Time' to datetime for charting
2025-06-23 11:30:15,788 - InteractiveChartGenerator - INFO - Created interactive line chart with 1 series
2025-06-23 11:30:15,788 - InteractiveChartGenerator - INFO - Status: Chart updated
2025-06-23 11:30:15,789 - InteractiveChartGenerator - INFO - Chart preview updated: 1 series, line type
2025-06-23 11:30:30,143 - InteractiveChartGenerator - INFO - Converted column ' Date & Time' to datetime for charting
2025-06-23 11:30:30,302 - InteractiveChartGenerator - INFO - Created interactive line chart with 1 series
2025-06-23 11:30:30,303 - InteractiveChartGenerator - INFO - Status: Chart updated
2025-06-23 11:30:30,303 - InteractiveChartGenerator - INFO - Chart preview updated: 1 series, line type
2025-06-23 11:30:39,099 - InteractiveChartGenerator - INFO - Converted column ' Date & Time' to datetime for charting
2025-06-23 11:30:39,268 - InteractiveChartGenerator - INFO - Created interactive line chart with 1 series on 1 axes
2025-06-23 11:30:39,269 - InteractiveChartGenerator - INFO - Status: Chart updated
2025-06-23 11:30:39,269 - InteractiveChartGenerator - INFO - Chart preview updated: 1 series, line type
2025-06-23 11:30:40,253 - InteractiveChartGenerator - INFO - Converted column ' Date & Time' to datetime for charting
2025-06-23 11:30:40,410 - InteractiveChartGenerator - INFO - Created interactive line chart with 1 series
2025-06-23 11:30:40,411 - InteractiveChartGenerator - INFO - Status: Chart updated
2025-06-23 11:30:40,411 - InteractiveChartGenerator - INFO - Chart preview updated: 1 series, line type
2025-06-23 11:31:21,995 - InteractiveChartGenerator - INFO - Converted column ' Date & Time' to datetime for charting
2025-06-23 11:31:22,134 - InteractiveChartGenerator - INFO - Created interactive line chart with 1 series
2025-06-23 11:31:22,135 - InteractiveChartGenerator - INFO - Status: Chart updated
2025-06-23 11:31:22,136 - InteractiveChartGenerator - INFO - Chart preview updated: 1 series, line type
2025-06-23 11:31:47,571 - InteractiveChartGenerator - INFO - Converted column ' Date & Time' to datetime for charting
2025-06-23 11:31:47,737 - InteractiveChartGenerator - INFO - Created interactive line chart with 1 series
2025-06-23 11:31:47,739 - InteractiveChartGenerator - INFO - Status: Chart updated
2025-06-23 11:31:47,740 - InteractiveChartGenerator - INFO - Chart preview updated: 1 series, line type
2025-06-23 11:32:04,580 - InteractiveChartGenerator - INFO - Loading CSV file with smart header detection: c:\Users\GILIEV\Documents\GitHub\Python-Projects\Chart generator\ChartGenerator_Interactive\data\sample_environmental_data.csv
2025-06-23 11:32:04,594 - InteractiveChartGenerator - WARNING - No non-empty cell found in column E
2025-06-23 11:32:04,594 - InteractiveChartGenerator - WARNING - No header row detected, loading with default settings
2025-06-23 11:32:04,605 - InteractiveChartGenerator - INFO - Numeric columns: ['Time', 'Temperature', 'Humidity', 'Pressure']
2025-06-23 11:32:04,612 - InteractiveChartGenerator - INFO - Successfully loaded 21 rows and 4 columns
2025-06-23 11:32:04,612 - InteractiveChartGenerator - INFO - Headers: ['Time', 'Temperature', 'Humidity', 'Pressure']
2025-06-23 11:32:04,614 - InteractiveChartGenerator - INFO - Data types: {'Time': dtype('int64'), 'Temperature': dtype('float64'), 'Humidity': dtype('float64'), 'Pressure': dtype('float64')}
2025-06-23 11:32:04,640 - InteractiveChartGenerator - INFO - All columns: ['Time', 'Temperature', 'Humidity', 'Pressure']
2025-06-23 11:32:04,645 - InteractiveChartGenerator - INFO - Numeric columns: ['Time', 'Temperature', 'Humidity', 'Pressure']
2025-06-23 11:32:04,646 - InteractiveChartGenerator - INFO - Chartable columns: ['Time', 'Temperature', 'Humidity', 'Pressure']
2025-06-23 11:32:04,649 - InteractiveChartGenerator - INFO - Status: Loaded: sample_environmental_data.csv
2025-06-23 11:32:04,818 - InteractiveChartGenerator - INFO - Created interactive line chart with 1 series
2025-06-23 11:32:04,819 - InteractiveChartGenerator - INFO - Status: Chart updated
2025-06-23 11:32:04,819 - InteractiveChartGenerator - INFO - Chart preview updated: 1 series, line type
2025-06-23 11:32:04,820 - InteractiveChartGenerator - INFO - File loaded successfully: sample_environmental_data.csv
2025-06-23 11:32:08,463 - InteractiveChartGenerator - INFO - Created interactive line chart with 1 series
2025-06-23 11:32:08,465 - InteractiveChartGenerator - INFO - Status: Chart updated
2025-06-23 11:32:08,466 - InteractiveChartGenerator - INFO - Chart preview updated: 1 series, line type
2025-06-23 11:32:13,065 - InteractiveChartGenerator - INFO - Loading CSV file with smart header detection: C:/Users/GILIEV/Desktop/Chart generator/DUT Logs/DUT5_SN_VLIMS_SS 1#9.csv
2025-06-23 11:32:13,087 - InteractiveChartGenerator - INFO - Found non-empty cell in column E at row 24
2025-06-23 11:32:13,088 - InteractiveChartGenerator - INFO - Detected header row at index 24 (line 25)
2025-06-23 11:32:13,128 - InteractiveChartGenerator - INFO - Numeric columns: ['No:', ' Probe of Humidity(%)', 'Probe of Temperature(°C)', ' Reference Voltage(V)', 'Current[A]', ' CAN_status', 'CID ON/OFF', ' CDD ON/OFF', ' CID_BackLight ', ' CDD_BackLight', ' CID_X_Coordinates', ' CID_Y_Coordinates', ' CDD_X_Coordinates', ' CDD_Y_Coordinates', ' Light_Sensor_On', ' Light_Sensor_Off', ' Watchdog_reset', ' Hardware_reset', ' Power_reset', ' Clock_reset', ' DTC Stored']
2025-06-23 11:32:13,129 - InteractiveChartGenerator - INFO - Text columns: [' Date & Time', ' DUT Mode', ' Dry contact value', 'Current[A] Status', 'CID_Display_Temp_Status', ' CDD_Display_Temp_Status']
2025-06-23 11:32:13,130 - InteractiveChartGenerator - INFO - Successfully loaded 2411 rows and 29 columns
2025-06-23 11:32:13,130 - InteractiveChartGenerator - INFO - Headers: ['No:', ' Date & Time', ' DUT Mode', ' Probe of Humidity(%)', 'Probe of Temperature(°C)', ' Dry contact value', ' Reference Voltage(V)', 'Current[A]', 'Current[A] Status', ' CAN_status', 'CID_Display_Temp_Status', ' CDD_Display_Temp_Status', 'CID ON/OFF', ' CDD ON/OFF', ' CID_BackLight ', ' CDD_BackLight', ' CID_X_Coordinates', ' CID_Y_Coordinates', ' CDD_X_Coordinates', ' CDD_Y_Coordinates', ' Light_Sensor_On', ' Light_Sensor_Off', ' Temp_1', 'Temp_2', ' Watchdog_reset', ' Hardware_reset', ' Power_reset', ' Clock_reset', ' DTC Stored']
2025-06-23 11:32:13,131 - InteractiveChartGenerator - INFO - Data types: {'No:': dtype('int64'), ' Date & Time': dtype('O'), ' DUT Mode': dtype('O'), ' Probe of Humidity(%)': dtype('float64'), 'Probe of Temperature(°C)': dtype('float64'), ' Dry contact value': dtype('O'), ' Reference Voltage(V)': dtype('float64'), 'Current[A]': dtype('float64'), 'Current[A] Status': dtype('O'), ' CAN_status': dtype('int64'), 'CID_Display_Temp_Status': dtype('O'), ' CDD_Display_Temp_Status': dtype('O'), 'CID ON/OFF': dtype('int64'), ' CDD ON/OFF': dtype('int64'), ' CID_BackLight ': dtype('int64'), ' CDD_BackLight': dtype('int64'), ' CID_X_Coordinates': dtype('int64'), ' CID_Y_Coordinates': dtype('int64'), ' CDD_X_Coordinates': dtype('int64'), ' CDD_Y_Coordinates': dtype('int64'), ' Light_Sensor_On': dtype('int64'), ' Light_Sensor_Off': dtype('int64'), ' Temp_1': dtype('bool'), 'Temp_2': dtype('bool'), ' Watchdog_reset': dtype('int64'), ' Hardware_reset': dtype('int64'), ' Power_reset': dtype('int64'), ' Clock_reset': dtype('int64'), ' DTC Stored': dtype('int64')}
2025-06-23 11:32:13,171 - InteractiveChartGenerator - INFO - All columns: ['No:', ' Date & Time', ' DUT Mode', ' Probe of Humidity(%)', 'Probe of Temperature(°C)', ' Dry contact value', ' Reference Voltage(V)', 'Current[A]', 'Current[A] Status', ' CAN_status', 'CID_Display_Temp_Status', ' CDD_Display_Temp_Status', 'CID ON/OFF', ' CDD ON/OFF', ' CID_BackLight ', ' CDD_BackLight', ' CID_X_Coordinates', ' CID_Y_Coordinates', ' CDD_X_Coordinates', ' CDD_Y_Coordinates', ' Light_Sensor_On', ' Light_Sensor_Off', ' Temp_1', 'Temp_2', ' Watchdog_reset', ' Hardware_reset', ' Power_reset', ' Clock_reset', ' DTC Stored']
2025-06-23 11:32:13,175 - InteractiveChartGenerator - INFO - Numeric columns: ['No:', ' Probe of Humidity(%)', 'Probe of Temperature(°C)', ' Reference Voltage(V)', 'Current[A]', ' CAN_status', 'CID ON/OFF', ' CDD ON/OFF', ' CID_BackLight ', ' CDD_BackLight', ' CID_X_Coordinates', ' CID_Y_Coordinates', ' CDD_X_Coordinates', ' CDD_Y_Coordinates', ' Light_Sensor_On', ' Light_Sensor_Off', ' Watchdog_reset', ' Hardware_reset', ' Power_reset', ' Clock_reset', ' DTC Stored']
2025-06-23 11:32:13,176 - InteractiveChartGenerator - INFO - Chartable columns: ['No:', ' Date & Time', ' Probe of Humidity(%)', 'Probe of Temperature(°C)', ' Reference Voltage(V)', 'Current[A]', ' CAN_status', 'CID ON/OFF', ' CDD ON/OFF', ' CID_BackLight ', ' CDD_BackLight', ' CID_X_Coordinates', ' CID_Y_Coordinates', ' CDD_X_Coordinates', ' CDD_Y_Coordinates', ' Light_Sensor_On', ' Light_Sensor_Off', ' Temp_1', 'Temp_2', ' Watchdog_reset', ' Hardware_reset', ' Power_reset', ' Clock_reset', ' DTC Stored']
2025-06-23 11:32:13,183 - InteractiveChartGenerator - INFO - Status: Loaded: DUT5_SN_VLIMS_SS 1#9.csv
2025-06-23 11:32:13,339 - InteractiveChartGenerator - INFO - Created interactive line chart with 1 series
2025-06-23 11:32:13,340 - InteractiveChartGenerator - INFO - Status: Chart updated
2025-06-23 11:32:13,340 - InteractiveChartGenerator - INFO - Chart preview updated: 1 series, line type
2025-06-23 11:32:13,340 - InteractiveChartGenerator - INFO - File loaded successfully: DUT5_SN_VLIMS_SS 1#9.csv
2025-06-23 11:32:13,474 - InteractiveChartGenerator - INFO - Created interactive line chart with 1 series
2025-06-23 11:32:13,475 - InteractiveChartGenerator - INFO - Status: Chart updated
2025-06-23 11:32:13,475 - InteractiveChartGenerator - INFO - Chart preview updated: 1 series, line type
2025-06-23 11:32:21,448 - InteractiveChartGenerator - INFO - Created interactive line chart with 2 series
2025-06-23 11:32:21,454 - InteractiveChartGenerator - INFO - Status: Chart updated
2025-06-23 11:32:21,457 - InteractiveChartGenerator - INFO - Chart preview updated: 2 series, line type
2025-06-23 11:32:22,948 - InteractiveChartGenerator - INFO - Created interactive line chart with 1 series
2025-06-23 11:32:22,949 - InteractiveChartGenerator - INFO - Status: Chart updated
2025-06-23 11:32:22,949 - InteractiveChartGenerator - INFO - Chart preview updated: 1 series, line type
2025-06-23 11:32:25,471 - InteractiveChartGenerator - INFO - Converted column ' Date & Time' to datetime for charting
2025-06-23 11:32:25,684 - InteractiveChartGenerator - INFO - Created interactive line chart with 1 series
2025-06-23 11:32:25,685 - InteractiveChartGenerator - INFO - Status: Chart updated
2025-06-23 11:32:25,685 - InteractiveChartGenerator - INFO - Chart preview updated: 1 series, line type
2025-06-23 11:32:38,369 - InteractiveChartGenerator - INFO - Status: Chart copied to clipboard
2025-06-23 11:33:14,546 - InteractiveChartGenerator - INFO - Converted column ' Date & Time' to datetime for charting
2025-06-23 11:33:14,657 - InteractiveChartGenerator - INFO - Created interactive line chart with 1 series
2025-06-23 11:33:14,658 - InteractiveChartGenerator - INFO - Status: Chart updated
2025-06-23 11:33:14,659 - InteractiveChartGenerator - INFO - Chart preview updated: 1 series, line type
2025-06-23 11:33:19,979 - InteractiveChartGenerator - INFO - Converted column ' Date & Time' to datetime for charting
2025-06-23 11:33:20,159 - InteractiveChartGenerator - INFO - Created interactive line chart with 1 series
2025-06-23 11:33:20,160 - InteractiveChartGenerator - INFO - Status: Chart updated
2025-06-23 11:33:20,160 - InteractiveChartGenerator - INFO - Chart preview updated: 1 series, line type
2025-06-23 11:33:27,747 - InteractiveChartGenerator - INFO - Converted column ' Date & Time' to datetime for charting
2025-06-23 11:33:27,927 - InteractiveChartGenerator - INFO - Created interactive line chart with 1 series
2025-06-23 11:33:27,928 - InteractiveChartGenerator - INFO - Status: Chart updated
2025-06-23 11:33:27,928 - InteractiveChartGenerator - INFO - Chart preview updated: 1 series, line type
2025-06-23 11:37:08,375 - InteractiveChartGenerator - INFO - Converted column ' Date & Time' to datetime for charting
2025-06-23 11:37:08,517 - InteractiveChartGenerator - INFO - Created interactive line chart with 1 series
2025-06-23 11:37:08,518 - InteractiveChartGenerator - INFO - Status: Chart updated
2025-06-23 11:37:08,518 - InteractiveChartGenerator - INFO - Chart preview updated: 1 series, line type
2025-06-23 11:37:10,848 - InteractiveChartGenerator - INFO - Converted column ' Date & Time' to datetime for charting
2025-06-23 11:37:11,052 - InteractiveChartGenerator - INFO - Created interactive line chart with 1 series
2025-06-23 11:37:11,053 - InteractiveChartGenerator - INFO - Status: Chart updated
2025-06-23 11:37:11,053 - InteractiveChartGenerator - INFO - Chart preview updated: 1 series, line type
2025-06-23 11:37:32,145 - InteractiveChartGenerator - INFO - Loading CSV file with smart header detection: C:/Users/GILIEV/Downloads/Logs_BR223_Downloaded_02.06.2025/Logs_BR223_Downloaded_02.06.2025/K-16/K-16/3_PTL/30-04-2025_10.25.11/DUT1_SN_VLIMS_SS 1#21.csv
2025-06-23 11:37:32,171 - InteractiveChartGenerator - INFO - Found non-empty cell in column E at row 24
2025-06-23 11:37:32,171 - InteractiveChartGenerator - INFO - Detected header row at index 24 (line 25)
2025-06-23 11:37:32,174 - InteractiveChartGenerator - WARNING - UTF-8 encoding failed, trying latin1
2025-06-23 11:37:32,204 - InteractiveChartGenerator - INFO - Numeric columns: [' DUT Mode', ' Probe of Humidity(%)', ' Dry contact value', ' Reference Voltage(V)', 'Current[A] Status', ' CDD_Display_Temp_Status', 'CID ON/OFF', ' CDD ON/OFF', ' CID_BackLight ', ' CDD_BackLight', ' CID_X_Coordinates', ' CID_Y_Coordinates', ' CDD_X_Coordinates', ' CDD_Y_Coordinates', ' Light_Sensor_On', 'Temp_2', ' Watchdog_reset', ' Hardware_reset', ' Power_reset', ' Clock_reset', ' DTC Stored']
2025-06-23 11:37:32,204 - InteractiveChartGenerator - INFO - Text columns: ['No:', ' Date & Time', 'Probe of Temperature(°C)', 'Current[A]', ' CAN_status', 'CID_Display_Temp_Status']
2025-06-23 11:37:32,204 - InteractiveChartGenerator - INFO - Successfully loaded 234 rows and 29 columns
2025-06-23 11:37:32,204 - InteractiveChartGenerator - INFO - Headers: ['No:', ' Date & Time', ' DUT Mode', ' Probe of Humidity(%)', 'Probe of Temperature(°C)', ' Dry contact value', ' Reference Voltage(V)', 'Current[A]', 'Current[A] Status', ' CAN_status', 'CID_Display_Temp_Status', ' CDD_Display_Temp_Status', 'CID ON/OFF', ' CDD ON/OFF', ' CID_BackLight ', ' CDD_BackLight', ' CID_X_Coordinates', ' CID_Y_Coordinates', ' CDD_X_Coordinates', ' CDD_Y_Coordinates', ' Light_Sensor_On', ' Light_Sensor_Off', ' Temp_1', 'Temp_2', ' Watchdog_reset', ' Hardware_reset', ' Power_reset', ' Clock_reset', ' DTC Stored']
2025-06-23 11:37:32,205 - InteractiveChartGenerator - INFO - Data types: {'No:': dtype('O'), ' Date & Time': dtype('O'), ' DUT Mode': dtype('float64'), ' Probe of Humidity(%)': dtype('float64'), 'Probe of Temperature(°C)': dtype('O'), ' Dry contact value': dtype('float64'), ' Reference Voltage(V)': dtype('float64'), 'Current[A]': dtype('O'), 'Current[A] Status': dtype('int64'), ' CAN_status': dtype('O'), 'CID_Display_Temp_Status': dtype('O'), ' CDD_Display_Temp_Status': dtype('int64'), 'CID ON/OFF': dtype('int64'), ' CDD ON/OFF': dtype('int64'), ' CID_BackLight ': dtype('int64'), ' CDD_BackLight': dtype('int64'), ' CID_X_Coordinates': dtype('int64'), ' CID_Y_Coordinates': dtype('int64'), ' CDD_X_Coordinates': dtype('int64'), ' CDD_Y_Coordinates': dtype('int64'), ' Light_Sensor_On': dtype('int64'), ' Light_Sensor_Off': dtype('bool'), ' Temp_1': dtype('bool'), 'Temp_2': dtype('int64'), ' Watchdog_reset': dtype('int64'), ' Hardware_reset': dtype('int64'), ' Power_reset': dtype('int64'), ' Clock_reset': dtype('int64'), ' DTC Stored': dtype('float64')}
2025-06-23 11:37:32,237 - InteractiveChartGenerator - INFO - All columns: ['No:', ' Date & Time', ' DUT Mode', ' Probe of Humidity(%)', 'Probe of Temperature(°C)', ' Dry contact value', ' Reference Voltage(V)', 'Current[A]', 'Current[A] Status', ' CAN_status', 'CID_Display_Temp_Status', ' CDD_Display_Temp_Status', 'CID ON/OFF', ' CDD ON/OFF', ' CID_BackLight ', ' CDD_BackLight', ' CID_X_Coordinates', ' CID_Y_Coordinates', ' CDD_X_Coordinates', ' CDD_Y_Coordinates', ' Light_Sensor_On', ' Light_Sensor_Off', ' Temp_1', 'Temp_2', ' Watchdog_reset', ' Hardware_reset', ' Power_reset', ' Clock_reset', ' DTC Stored']
2025-06-23 11:37:32,237 - InteractiveChartGenerator - INFO - Numeric columns: [' DUT Mode', ' Probe of Humidity(%)', ' Dry contact value', ' Reference Voltage(V)', 'Current[A] Status', ' CDD_Display_Temp_Status', 'CID ON/OFF', ' CDD ON/OFF', ' CID_BackLight ', ' CDD_BackLight', ' CID_X_Coordinates', ' CID_Y_Coordinates', ' CDD_X_Coordinates', ' CDD_Y_Coordinates', ' Light_Sensor_On', 'Temp_2', ' Watchdog_reset', ' Hardware_reset', ' Power_reset', ' Clock_reset', ' DTC Stored']
2025-06-23 11:37:32,238 - InteractiveChartGenerator - INFO - Chartable columns: ['No:', ' DUT Mode', ' Probe of Humidity(%)', ' Dry contact value', ' Reference Voltage(V)', 'Current[A] Status', ' CDD_Display_Temp_Status', 'CID ON/OFF', ' CDD ON/OFF', ' CID_BackLight ', ' CDD_BackLight', ' CID_X_Coordinates', ' CID_Y_Coordinates', ' CDD_X_Coordinates', ' CDD_Y_Coordinates', ' Light_Sensor_On', ' Light_Sensor_Off', ' Temp_1', 'Temp_2', ' Watchdog_reset', ' Hardware_reset', ' Power_reset', ' Clock_reset', ' DTC Stored']
2025-06-23 11:37:32,241 - InteractiveChartGenerator - INFO - Status: Loaded: DUT1_SN_VLIMS_SS 1#21.csv
2025-06-23 11:37:32,244 - InteractiveChartGenerator - INFO - Converted column 'No:' to datetime for charting
2025-06-23 11:37:32,246 - InteractiveChartGenerator - INFO - Converted column 'No:' to datetime for charting
2025-06-23 11:37:32,392 - InteractiveChartGenerator - INFO - Created interactive line chart with 1 series
2025-06-23 11:37:32,393 - InteractiveChartGenerator - INFO - Status: Chart updated
2025-06-23 11:37:32,394 - InteractiveChartGenerator - INFO - Chart preview updated: 1 series, line type
2025-06-23 11:37:32,395 - InteractiveChartGenerator - INFO - File loaded successfully: DUT1_SN_VLIMS_SS 1#21.csv
2025-06-23 11:37:32,401 - InteractiveChartGenerator - INFO - Converted column 'No:' to datetime for charting
2025-06-23 11:37:32,404 - InteractiveChartGenerator - INFO - Converted column 'No:' to datetime for charting
2025-06-23 11:37:32,587 - InteractiveChartGenerator - INFO - Created interactive line chart with 1 series
2025-06-23 11:37:32,587 - InteractiveChartGenerator - INFO - Status: Chart updated
2025-06-23 11:37:32,587 - InteractiveChartGenerator - INFO - Chart preview updated: 1 series, line type
2025-06-23 11:37:36,373 - InteractiveChartGenerator - INFO - Converted column ' Date & Time' to categorical codes for charting
2025-06-23 11:37:36,378 - InteractiveChartGenerator - INFO - Converted column 'No:' to datetime for charting
2025-06-23 11:37:36,561 - InteractiveChartGenerator - INFO - Created interactive line chart with 1 series
2025-06-23 11:37:36,561 - InteractiveChartGenerator - INFO - Status: Chart updated
2025-06-23 11:37:36,562 - InteractiveChartGenerator - INFO - Chart preview updated: 1 series, line type
2025-06-23 11:37:39,553 - InteractiveChartGenerator - INFO - Converted column ' Date & Time' to categorical codes for charting
2025-06-23 11:37:39,722 - InteractiveChartGenerator - INFO - Created interactive line chart with 1 series
2025-06-23 11:37:39,722 - InteractiveChartGenerator - INFO - Status: Chart updated
2025-06-23 11:37:39,722 - InteractiveChartGenerator - INFO - Chart preview updated: 1 series, line type
2025-06-23 11:37:42,404 - InteractiveChartGenerator - INFO - Converted column ' Date & Time' to categorical codes for charting
2025-06-23 11:37:42,408 - InteractiveChartGenerator - INFO - Converted column 'Probe of Temperature(°C)' to categorical codes for charting
2025-06-23 11:37:42,588 - InteractiveChartGenerator - INFO - Created interactive line chart with 1 series
2025-06-23 11:37:42,589 - InteractiveChartGenerator - INFO - Status: Chart updated
2025-06-23 11:37:42,589 - InteractiveChartGenerator - INFO - Chart preview updated: 1 series, line type
2025-06-23 11:37:47,458 - InteractiveChartGenerator - INFO - Converted column ' Date & Time' to categorical codes for charting
2025-06-23 11:37:47,643 - InteractiveChartGenerator - INFO - Created interactive line chart with 1 series
2025-06-23 11:37:47,644 - InteractiveChartGenerator - INFO - Status: Chart updated
2025-06-23 11:37:47,644 - InteractiveChartGenerator - INFO - Chart preview updated: 1 series, line type
2025-06-23 11:37:49,911 - InteractiveChartGenerator - INFO - Converted column ' Date & Time' to categorical codes for charting
2025-06-23 11:37:50,093 - InteractiveChartGenerator - INFO - Created interactive line chart with 1 series
2025-06-23 11:37:50,093 - InteractiveChartGenerator - INFO - Status: Chart updated
2025-06-23 11:37:50,094 - InteractiveChartGenerator - INFO - Chart preview updated: 1 series, line type
2025-06-23 11:37:57,246 - InteractiveChartGenerator - INFO - Converted column ' Date & Time' to categorical codes for charting
2025-06-23 11:37:57,548 - InteractiveChartGenerator - INFO - Created interactive line chart with 1 series
2025-06-23 11:37:57,550 - InteractiveChartGenerator - INFO - Status: Chart updated
2025-06-23 11:37:57,551 - InteractiveChartGenerator - INFO - Chart preview updated: 1 series, line type
2025-06-23 11:38:54,649 - InteractiveChartGenerator - INFO - Converted column ' Date & Time' to categorical codes for charting
2025-06-23 11:38:54,784 - InteractiveChartGenerator - INFO - Created interactive line chart with 1 series
2025-06-23 11:38:54,784 - InteractiveChartGenerator - INFO - Status: Chart updated
2025-06-23 11:38:54,785 - InteractiveChartGenerator - INFO - Chart preview updated: 1 series, line type
2025-06-23 11:43:34,635 - InteractiveChartGenerator - INFO - Converted column ' Date & Time' to categorical codes for charting
2025-06-23 11:43:34,781 - InteractiveChartGenerator - INFO - Created interactive line chart with 1 series
2025-06-23 11:43:34,781 - InteractiveChartGenerator - INFO - Status: Chart updated
2025-06-23 11:43:34,782 - InteractiveChartGenerator - INFO - Chart preview updated: 1 series, line type
