2025-06-23 16:35:31,482 - InteractiveChartGenerator - INFO - Logging initialized. Log file: c:\Users\GILIEV\Documents\GitHub\Python-Projects\Chart generator\ChartGenerator_Interactive\logs\chart_generator_20250623_163531.log
2025-06-23 16:35:31,482 - InteractiveChartGenerator - INFO - Starting Interactive Chart Generator v2.0
2025-06-23 16:35:32,334 - InteractiveChartGenerator - INFO - Applied responsive styling for 1920px width screen
2025-06-23 16:35:32,334 - InteractiveChartGenerator - INFO - Interactive Chart Application initialized
2025-06-23 16:35:32,519 - InteractiveChartGenerator - INFO - Screen size: 1920x1080
2025-06-23 16:35:32,521 - InteractiveChartGenerator - INFO - Window size: 1632x864
2025-06-23 16:35:32,522 - InteractiveChartGenerator - INFO - Minimum size: 1152x700
2025-06-23 16:35:32,522 - InteractiveChartGenerator - INFO - Application started successfully
2025-06-23 16:35:44,374 - InteractiveChartGenerator - INFO - Loading CSV file with smart header detection: C:/Users/GILIEV/Downloads/Logs_BR223_Downloaded_02.06.2025/Logs_BR223_Downloaded_02.06.2025/ESD/ESD/3_PTL/17-04-2025_18.14.40/DUT1_SN_VLIMS_SS 1#3.csv
2025-06-23 16:35:44,380 - InteractiveChartGenerator - INFO - Found non-empty cell in column E at row 24
2025-06-23 16:35:44,381 - InteractiveChartGenerator - INFO - Detected header row at index 24 (line 25)
2025-06-23 16:35:44,388 - InteractiveChartGenerator - WARNING - UTF-8 encoding failed, trying latin1
2025-06-23 16:35:44,428 - InteractiveChartGenerator - INFO - Numeric columns: [' DUT Mode', ' Probe of Humidity(%)', ' Dry contact value', ' Reference Voltage(V)', 'Current[A] Status', ' CDD_Display_Temp_Status', 'CID ON/OFF', ' CDD ON/OFF', ' CID_BackLight ', ' CDD_BackLight', ' CID_X_Coordinates', ' CID_Y_Coordinates', ' CDD_X_Coordinates', ' CDD_Y_Coordinates', ' Light_Sensor_On', 'Temp_2', ' Watchdog_reset', ' Hardware_reset', ' Power_reset', ' Clock_reset', ' DTC Stored']
2025-06-23 16:35:44,428 - InteractiveChartGenerator - INFO - Text columns: ['No:', ' Date & Time', 'Probe of Temperature(째C)', 'Current[A]', ' CAN_status', 'CID_Display_Temp_Status']
2025-06-23 16:35:44,429 - InteractiveChartGenerator - INFO - Successfully loaded 2095 rows and 29 columns
2025-06-23 16:35:44,429 - InteractiveChartGenerator - INFO - Headers: ['No:', ' Date & Time', ' DUT Mode', ' Probe of Humidity(%)', 'Probe of Temperature(째C)', ' Dry contact value', ' Reference Voltage(V)', 'Current[A]', 'Current[A] Status', ' CAN_status', 'CID_Display_Temp_Status', ' CDD_Display_Temp_Status', 'CID ON/OFF', ' CDD ON/OFF', ' CID_BackLight ', ' CDD_BackLight', ' CID_X_Coordinates', ' CID_Y_Coordinates', ' CDD_X_Coordinates', ' CDD_Y_Coordinates', ' Light_Sensor_On', ' Light_Sensor_Off', ' Temp_1', 'Temp_2', ' Watchdog_reset', ' Hardware_reset', ' Power_reset', ' Clock_reset', ' DTC Stored']
2025-06-23 16:35:44,430 - InteractiveChartGenerator - INFO - Data types: {'No:': dtype('O'), ' Date & Time': dtype('O'), ' DUT Mode': dtype('float64'), ' Probe of Humidity(%)': dtype('float64'), 'Probe of Temperature(째C)': dtype('O'), ' Dry contact value': dtype('float64'), ' Reference Voltage(V)': dtype('float64'), 'Current[A]': dtype('O'), 'Current[A] Status': dtype('int64'), ' CAN_status': dtype('O'), 'CID_Display_Temp_Status': dtype('O'), ' CDD_Display_Temp_Status': dtype('int64'), 'CID ON/OFF': dtype('int64'), ' CDD ON/OFF': dtype('int64'), ' CID_BackLight ': dtype('int64'), ' CDD_BackLight': dtype('int64'), ' CID_X_Coordinates': dtype('int64'), ' CID_Y_Coordinates': dtype('int64'), ' CDD_X_Coordinates': dtype('int64'), ' CDD_Y_Coordinates': dtype('int64'), ' Light_Sensor_On': dtype('int64'), ' Light_Sensor_Off': dtype('bool'), ' Temp_1': dtype('bool'), 'Temp_2': dtype('int64'), ' Watchdog_reset': dtype('int64'), ' Hardware_reset': dtype('int64'), ' Power_reset': dtype('int64'), ' Clock_reset': dtype('int64'), ' DTC Stored': dtype('float64')}
2025-06-23 16:35:44,477 - InteractiveChartGenerator - INFO - All columns: ['No:', ' Date & Time', ' DUT Mode', ' Probe of Humidity(%)', 'Probe of Temperature(째C)', ' Dry contact value', ' Reference Voltage(V)', 'Current[A]', 'Current[A] Status', ' CAN_status', 'CID_Display_Temp_Status', ' CDD_Display_Temp_Status', 'CID ON/OFF', ' CDD ON/OFF', ' CID_BackLight ', ' CDD_BackLight', ' CID_X_Coordinates', ' CID_Y_Coordinates', ' CDD_X_Coordinates', ' CDD_Y_Coordinates', ' Light_Sensor_On', ' Light_Sensor_Off', ' Temp_1', 'Temp_2', ' Watchdog_reset', ' Hardware_reset', ' Power_reset', ' Clock_reset', ' DTC Stored']
2025-06-23 16:35:44,478 - InteractiveChartGenerator - INFO - Numeric columns: [' DUT Mode', ' Probe of Humidity(%)', ' Dry contact value', ' Reference Voltage(V)', 'Current[A] Status', ' CDD_Display_Temp_Status', 'CID ON/OFF', ' CDD ON/OFF', ' CID_BackLight ', ' CDD_BackLight', ' CID_X_Coordinates', ' CID_Y_Coordinates', ' CDD_X_Coordinates', ' CDD_Y_Coordinates', ' Light_Sensor_On', 'Temp_2', ' Watchdog_reset', ' Hardware_reset', ' Power_reset', ' Clock_reset', ' DTC Stored']
2025-06-23 16:35:44,478 - InteractiveChartGenerator - INFO - Chartable columns: ['No:', ' DUT Mode', ' Probe of Humidity(%)', ' Dry contact value', ' Reference Voltage(V)', 'Current[A] Status', ' CDD_Display_Temp_Status', 'CID ON/OFF', ' CDD ON/OFF', ' CID_BackLight ', ' CDD_BackLight', ' CID_X_Coordinates', ' CID_Y_Coordinates', ' CDD_X_Coordinates', ' CDD_Y_Coordinates', ' Light_Sensor_On', ' Light_Sensor_Off', ' Temp_1', 'Temp_2', ' Watchdog_reset', ' Hardware_reset', ' Power_reset', ' Clock_reset', ' DTC Stored']
2025-06-23 16:35:44,484 - InteractiveChartGenerator - INFO - Status: Loaded: DUT1_SN_VLIMS_SS 1#3.csv
2025-06-23 16:35:44,493 - InteractiveChartGenerator - INFO - Converted column 'No:' to datetime for charting
2025-06-23 16:35:44,504 - InteractiveChartGenerator - INFO - Converted column 'No:' to datetime for charting
2025-06-23 16:35:44,837 - InteractiveChartGenerator - INFO - Created interactive line chart with 1 series
2025-06-23 16:35:44,838 - InteractiveChartGenerator - INFO - Status: Chart updated
2025-06-23 16:35:44,838 - InteractiveChartGenerator - INFO - Chart preview updated: 1 series, line type
2025-06-23 16:35:44,839 - InteractiveChartGenerator - INFO - File loaded successfully: DUT1_SN_VLIMS_SS 1#3.csv
2025-06-23 16:35:48,773 - InteractiveChartGenerator - INFO - Converted column 'No:' to datetime for charting
2025-06-23 16:35:48,780 - InteractiveChartGenerator - INFO - Converted column 'No:' to datetime for charting
2025-06-23 16:35:48,916 - InteractiveChartGenerator - INFO - Created interactive line chart with 1 series
2025-06-23 16:35:48,916 - InteractiveChartGenerator - INFO - Status: Chart updated
2025-06-23 16:35:48,917 - InteractiveChartGenerator - INFO - Chart preview updated: 1 series, line type
2025-06-23 16:35:50,320 - InteractiveChartGenerator - INFO - Converted column ' Date & Time' to categorical codes for charting
2025-06-23 16:35:50,326 - InteractiveChartGenerator - INFO - Converted column 'No:' to datetime for charting
2025-06-23 16:35:50,460 - InteractiveChartGenerator - INFO - Created interactive line chart with 1 series
2025-06-23 16:35:50,460 - InteractiveChartGenerator - INFO - Status: Chart updated
2025-06-23 16:35:50,461 - InteractiveChartGenerator - INFO - Chart preview updated: 1 series, line type
2025-06-23 16:35:52,587 - InteractiveChartGenerator - INFO - Converted column ' Date & Time' to categorical codes for charting
2025-06-23 16:35:52,593 - InteractiveChartGenerator - INFO - Converted column 'No:' to datetime for charting
2025-06-23 16:35:52,747 - InteractiveChartGenerator - INFO - Created interactive line chart with 2 series
2025-06-23 16:35:52,748 - InteractiveChartGenerator - INFO - Status: Chart updated
2025-06-23 16:35:52,748 - InteractiveChartGenerator - INFO - Chart preview updated: 2 series, line type
2025-06-23 16:35:53,667 - InteractiveChartGenerator - INFO - Converted column ' Date & Time' to categorical codes for charting
2025-06-23 16:35:53,797 - InteractiveChartGenerator - INFO - Created interactive line chart with 1 series
2025-06-23 16:35:53,797 - InteractiveChartGenerator - INFO - Status: Chart updated
2025-06-23 16:35:53,797 - InteractiveChartGenerator - INFO - Chart preview updated: 1 series, line type
2025-06-23 16:36:01,984 - InteractiveChartGenerator - INFO - Loading CSV file with smart header detection: C:/Users/GILIEV/Desktop/Chart generator/DUT Logs/DUT_1 1.csv
2025-06-23 16:36:02,002 - InteractiveChartGenerator - INFO - Found non-empty cell in column E at row 7
2025-06-23 16:36:02,003 - InteractiveChartGenerator - INFO - Detected header row at index 7 (line 8)
2025-06-23 16:36:02,014 - InteractiveChartGenerator - INFO - Numeric columns: ['No.', 'Humidity', ' Temperature', 'Voltage_Ref', 'Current (A) ', ' Sence (V)', 'CANStatus', 'Reset counter', 'Dimming']
2025-06-23 16:36:02,015 - InteractiveChartGenerator - INFO - Text columns: ['Date Time', ' Mode', 'Time', 'Time.1', 'Time.2', 'Time.3', 'DTC', 'Time.4', 'Cause', 'Time.5', 'Bouton_IN (CAFR or LKA)', 'Bouton_OUT (STT)']
2025-06-23 16:36:02,015 - InteractiveChartGenerator - INFO - Successfully loaded 515 rows and 21 columns
2025-06-23 16:36:02,015 - InteractiveChartGenerator - INFO - Headers: ['No.', 'Date Time', ' Mode', 'Humidity', ' Temperature', 'Voltage_Ref', 'Time', 'Current (A) ', 'Time.1', ' Sence (V)', 'Time.2', 'CANStatus', 'Time.3', 'DTC', 'Time.4', 'Reset counter', 'Cause', 'Time.5', 'Bouton_IN (CAFR or LKA)', 'Bouton_OUT (STT)', 'Dimming']
2025-06-23 16:36:02,016 - InteractiveChartGenerator - INFO - Data types: {'No.': dtype('int64'), 'Date Time': dtype('O'), ' Mode': dtype('O'), 'Humidity': dtype('float64'), ' Temperature': dtype('float64'), 'Voltage_Ref': dtype('int64'), 'Time': dtype('O'), 'Current (A) ': dtype('float64'), 'Time.1': dtype('O'), ' Sence (V)': dtype('int64'), 'Time.2': dtype('O'), 'CANStatus': dtype('int64'), 'Time.3': dtype('O'), 'DTC': dtype('O'), 'Time.4': dtype('O'), 'Reset counter': dtype('int64'), 'Cause': dtype('O'), 'Time.5': dtype('O'), 'Bouton_IN (CAFR or LKA)': dtype('O'), 'Bouton_OUT (STT)': dtype('O'), 'Dimming': dtype('int64')}
2025-06-23 16:36:02,051 - InteractiveChartGenerator - INFO - All columns: ['No.', 'Date Time', ' Mode', 'Humidity', ' Temperature', 'Voltage_Ref', 'Time', 'Current (A) ', 'Time.1', ' Sence (V)', 'Time.2', 'CANStatus', 'Time.3', 'DTC', 'Time.4', 'Reset counter', 'Cause', 'Time.5', 'Bouton_IN (CAFR or LKA)', 'Bouton_OUT (STT)', 'Dimming']
2025-06-23 16:36:02,051 - InteractiveChartGenerator - INFO - Numeric columns: ['No.', 'Humidity', ' Temperature', 'Voltage_Ref', 'Current (A) ', ' Sence (V)', 'CANStatus', 'Reset counter', 'Dimming']
2025-06-23 16:36:02,051 - InteractiveChartGenerator - INFO - Chartable columns: ['No.', 'Date Time', 'Humidity', ' Temperature', 'Voltage_Ref', 'Time', 'Current (A) ', 'Time.1', ' Sence (V)', 'Time.2', 'CANStatus', 'Time.3', 'Time.4', 'Reset counter', 'Time.5', 'Dimming']
2025-06-23 16:36:02,052 - InteractiveChartGenerator - INFO - Status: Loaded: DUT_1 1.csv
2025-06-23 16:36:02,155 - InteractiveChartGenerator - INFO - Created interactive line chart with 1 series
2025-06-23 16:36:02,155 - InteractiveChartGenerator - INFO - Status: Chart updated
2025-06-23 16:36:02,155 - InteractiveChartGenerator - INFO - Chart preview updated: 1 series, line type
2025-06-23 16:36:02,156 - InteractiveChartGenerator - INFO - File loaded successfully: DUT_1 1.csv
2025-06-23 16:36:02,250 - InteractiveChartGenerator - INFO - Created interactive line chart with 1 series
2025-06-23 16:36:02,250 - InteractiveChartGenerator - INFO - Status: Chart updated
2025-06-23 16:36:02,250 - InteractiveChartGenerator - INFO - Chart preview updated: 1 series, line type
2025-06-23 16:36:08,976 - InteractiveChartGenerator - INFO - Converted column 'Date Time' to datetime for charting
2025-06-23 16:36:09,102 - InteractiveChartGenerator - INFO - Created interactive line chart with 1 series
2025-06-23 16:36:09,103 - InteractiveChartGenerator - INFO - Status: Chart updated
2025-06-23 16:36:09,103 - InteractiveChartGenerator - INFO - Chart preview updated: 1 series, line type
2025-06-23 16:36:13,614 - InteractiveChartGenerator - INFO - Converted column 'Date Time' to datetime for charting
2025-06-23 16:36:13,738 - InteractiveChartGenerator - INFO - Created interactive line chart with 1 series on 1 axes
2025-06-23 16:36:13,739 - InteractiveChartGenerator - INFO - Status: Chart updated
2025-06-23 16:36:13,739 - InteractiveChartGenerator - INFO - Chart preview updated: 1 series, line type
2025-06-23 16:36:18,057 - InteractiveChartGenerator - INFO - Converted column 'Date Time' to datetime for charting
2025-06-23 16:36:18,198 - InteractiveChartGenerator - INFO - Created interactive line chart with 1 series on 1 axes
2025-06-23 16:36:18,198 - InteractiveChartGenerator - INFO - Status: Chart updated
2025-06-23 16:36:18,198 - InteractiveChartGenerator - INFO - Chart preview updated: 1 series, line type
2025-06-23 16:36:19,335 - InteractiveChartGenerator - INFO - Converted column 'Date Time' to datetime for charting
2025-06-23 16:36:19,487 - InteractiveChartGenerator - INFO - Created interactive line chart with 2 series on 2 axes
2025-06-23 16:36:19,488 - InteractiveChartGenerator - INFO - Status: Chart updated
2025-06-23 16:36:19,488 - InteractiveChartGenerator - INFO - Chart preview updated: 2 series, line type
2025-06-23 16:37:13,898 - InteractiveChartGenerator - INFO - Converted column 'Date Time' to datetime for charting
2025-06-23 16:37:14,046 - InteractiveChartGenerator - INFO - Created interactive line chart with 2 series on 2 axes
2025-06-23 16:37:14,046 - InteractiveChartGenerator - INFO - Status: Chart updated
2025-06-23 16:37:14,046 - InteractiveChartGenerator - INFO - Chart preview updated: 2 series, line type
2025-06-23 16:37:16,034 - InteractiveChartGenerator - INFO - Converted column 'Date Time' to datetime for charting
2025-06-23 16:37:16,189 - InteractiveChartGenerator - INFO - Created interactive line chart with 2 series on 2 axes
2025-06-23 16:37:16,190 - InteractiveChartGenerator - INFO - Status: Chart updated
2025-06-23 16:37:16,190 - InteractiveChartGenerator - INFO - Chart preview updated: 2 series, line type
2025-06-23 16:37:17,333 - InteractiveChartGenerator - INFO - Status: Data cleared
