2025-06-25 11:49:08,010 - InteractiveChartGenerator - INFO - Logging initialized. Log file: c:\Users\GILIEV\Documents\GitHub\Python-Projects\Chart generator\ChartGenerator_Interactive\logs\chart_generator_20250625_114908.log
2025-06-25 11:49:08,011 - InteractiveChartGenerator - INFO - Starting Interactive Chart Generator v2.0
2025-06-25 11:49:08,850 - InteractiveChartGenerator - INFO - Initializing application controller
2025-06-25 11:49:13,614 - InteractiveChartGenerator - INFO - Applied responsive styling for 1536px width screen
2025-06-25 11:49:13,614 - InteractiveChartGenerator - INFO - Interactive Chart Application initialized
2025-06-25 11:49:13,660 - InteractiveChartGenerator - INFO - Screen size: 1536x864
2025-06-25 11:49:13,660 - InteractiveChartGenerator - INFO - Window size: 1305x691
2025-06-25 11:49:13,661 - InteractiveChartGenerator - INFO - Minimum size: 1000x700
2025-06-25 11:49:14,182 - InteractiveChartGenerator - INFO - Platform: Windows 11
2025-06-25 11:49:14,182 - InteractiveChartGenerator - INFO - Application started successfully
2025-06-25 11:50:27,255 - InteractiveChartGenerator - INFO - Loading CSV file with smart header detection: c:\Users\GILIEV\Documents\GitHub\Python-Projects\Chart generator\ChartGenerator_Interactive\data\sample_environmental_data.csv
2025-06-25 11:50:27,268 - InteractiveChartGenerator - WARNING - No non-empty cell found in column E
2025-06-25 11:50:27,268 - InteractiveChartGenerator - WARNING - No header row detected, loading with default settings
2025-06-25 11:50:27,280 - InteractiveChartGenerator - INFO - Numeric columns: ['Time', 'Temperature', 'Humidity', 'Pressure']
2025-06-25 11:50:27,281 - InteractiveChartGenerator - INFO - Successfully loaded 21 rows and 4 columns
2025-06-25 11:50:27,281 - InteractiveChartGenerator - INFO - Headers: ['Time', 'Temperature', 'Humidity', 'Pressure']
2025-06-25 11:50:27,281 - InteractiveChartGenerator - INFO - Data types: {'Time': dtype('int64'), 'Temperature': dtype('float64'), 'Humidity': dtype('float64'), 'Pressure': dtype('float64')}
2025-06-25 11:50:27,284 - InteractiveChartGenerator - INFO - All columns: ['Time', 'Temperature', 'Humidity', 'Pressure']
2025-06-25 11:50:27,284 - InteractiveChartGenerator - INFO - Numeric columns: ['Time', 'Temperature', 'Humidity', 'Pressure']
2025-06-25 11:50:27,284 - InteractiveChartGenerator - INFO - Chartable columns: ['Time', 'Temperature', 'Humidity', 'Pressure']
2025-06-25 11:50:27,285 - InteractiveChartGenerator - INFO - Status: Loaded: sample_environmental_data.csv
2025-06-25 11:50:27,627 - InteractiveChartGenerator - INFO - Created interactive line chart with 1 series
2025-06-25 11:50:27,627 - InteractiveChartGenerator - INFO - Status: Chart updated
2025-06-25 11:50:27,627 - InteractiveChartGenerator - INFO - Chart preview updated: 1 series, line type
2025-06-25 11:50:27,627 - InteractiveChartGenerator - INFO - File loaded successfully: sample_environmental_data.csv
2025-06-25 11:50:33,954 - InteractiveChartGenerator - INFO - Created interactive line chart with 1 series
2025-06-25 11:50:33,955 - InteractiveChartGenerator - INFO - Status: Chart updated
2025-06-25 11:50:33,955 - InteractiveChartGenerator - INFO - Chart preview updated: 1 series, line type
2025-06-25 11:50:40,497 - InteractiveChartGenerator - INFO - Created interactive line chart with 1 series
2025-06-25 11:50:40,497 - InteractiveChartGenerator - INFO - Status: Chart updated
2025-06-25 11:50:40,498 - InteractiveChartGenerator - INFO - Chart preview updated: 1 series, line type
2025-06-25 11:50:57,779 - InteractiveChartGenerator - INFO - Created interactive line chart with 1 series
2025-06-25 11:50:57,779 - InteractiveChartGenerator - INFO - Status: Chart updated
2025-06-25 11:50:57,779 - InteractiveChartGenerator - INFO - Chart preview updated: 1 series, line type
2025-06-25 11:50:58,637 - InteractiveChartGenerator - INFO - Loading CSV file with smart header detection: c:\Users\GILIEV\Documents\GitHub\Python-Projects\Chart generator\ChartGenerator_Interactive\data\sample_environmental_data.csv
2025-06-25 11:50:58,640 - InteractiveChartGenerator - WARNING - No non-empty cell found in column E
2025-06-25 11:50:58,641 - InteractiveChartGenerator - WARNING - No header row detected, loading with default settings
2025-06-25 11:50:58,646 - InteractiveChartGenerator - INFO - Numeric columns: ['Time', 'Temperature', 'Humidity', 'Pressure']
2025-06-25 11:50:58,646 - InteractiveChartGenerator - INFO - Successfully loaded 21 rows and 4 columns
2025-06-25 11:50:58,647 - InteractiveChartGenerator - INFO - Headers: ['Time', 'Temperature', 'Humidity', 'Pressure']
2025-06-25 11:50:58,647 - InteractiveChartGenerator - INFO - Data types: {'Time': dtype('int64'), 'Temperature': dtype('float64'), 'Humidity': dtype('float64'), 'Pressure': dtype('float64')}
2025-06-25 11:50:58,651 - InteractiveChartGenerator - INFO - All columns: ['Time', 'Temperature', 'Humidity', 'Pressure']
2025-06-25 11:50:58,651 - InteractiveChartGenerator - INFO - Numeric columns: ['Time', 'Temperature', 'Humidity', 'Pressure']
2025-06-25 11:50:58,651 - InteractiveChartGenerator - INFO - Chartable columns: ['Time', 'Temperature', 'Humidity', 'Pressure']
2025-06-25 11:50:58,652 - InteractiveChartGenerator - INFO - Status: Loaded: sample_environmental_data.csv
2025-06-25 11:50:58,731 - InteractiveChartGenerator - INFO - Created interactive line chart with 1 series
2025-06-25 11:50:58,731 - InteractiveChartGenerator - INFO - Status: Chart updated
2025-06-25 11:50:58,731 - InteractiveChartGenerator - INFO - Chart preview updated: 1 series, line type
2025-06-25 11:50:58,731 - InteractiveChartGenerator - INFO - File loaded successfully: sample_environmental_data.csv
2025-06-25 11:51:02,264 - InteractiveChartGenerator - INFO - Created interactive line chart with 1 series
2025-06-25 11:51:02,264 - InteractiveChartGenerator - INFO - Status: Chart updated
2025-06-25 11:51:02,264 - InteractiveChartGenerator - INFO - Chart preview updated: 1 series, line type
2025-06-25 11:51:07,355 - InteractiveChartGenerator - INFO - Loading CSV file with smart header detection: C:/Users/GILIEV/Downloads/Logs_BR223_Downloaded_02.06.2025/Logs_BR223_Downloaded_02.06.2025/K-16/K-16/3_PTL/30-04-2025_10.25.11/DUT1_SN_VLIMS_SS 1#21.csv
2025-06-25 11:51:07,370 - InteractiveChartGenerator - INFO - Found non-empty cell in column E at row 24
2025-06-25 11:51:07,370 - InteractiveChartGenerator - INFO - Detected header row at index 24 (line 25)
2025-06-25 11:51:07,372 - InteractiveChartGenerator - WARNING - UTF-8 encoding failed, trying latin1
2025-06-25 11:51:07,387 - InteractiveChartGenerator - INFO - Numeric columns: [' DUT Mode', ' Probe of Humidity(%)', ' Dry contact value', ' Reference Voltage(V)', 'Current[A] Status', ' CDD_Display_Temp_Status', 'CID ON/OFF', ' CDD ON/OFF', ' CID_BackLight ', ' CDD_BackLight', ' CID_X_Coordinates', ' CID_Y_Coordinates', ' CDD_X_Coordinates', ' CDD_Y_Coordinates', ' Light_Sensor_On', 'Temp_2', ' Watchdog_reset', ' Hardware_reset', ' Power_reset', ' Clock_reset', ' DTC Stored']
2025-06-25 11:51:07,387 - InteractiveChartGenerator - INFO - Text columns: ['No:', ' Date & Time', 'Probe of Temperature(째C)', 'Current[A]', ' CAN_status', 'CID_Display_Temp_Status']
2025-06-25 11:51:07,388 - InteractiveChartGenerator - INFO - Successfully loaded 234 rows and 29 columns
2025-06-25 11:51:07,388 - InteractiveChartGenerator - INFO - Headers: ['No:', ' Date & Time', ' DUT Mode', ' Probe of Humidity(%)', 'Probe of Temperature(째C)', ' Dry contact value', ' Reference Voltage(V)', 'Current[A]', 'Current[A] Status', ' CAN_status', 'CID_Display_Temp_Status', ' CDD_Display_Temp_Status', 'CID ON/OFF', ' CDD ON/OFF', ' CID_BackLight ', ' CDD_BackLight', ' CID_X_Coordinates', ' CID_Y_Coordinates', ' CDD_X_Coordinates', ' CDD_Y_Coordinates', ' Light_Sensor_On', ' Light_Sensor_Off', ' Temp_1', 'Temp_2', ' Watchdog_reset', ' Hardware_reset', ' Power_reset', ' Clock_reset', ' DTC Stored']
2025-06-25 11:51:07,388 - InteractiveChartGenerator - INFO - Data types: {'No:': dtype('O'), ' Date & Time': dtype('O'), ' DUT Mode': dtype('float64'), ' Probe of Humidity(%)': dtype('float64'), 'Probe of Temperature(째C)': dtype('O'), ' Dry contact value': dtype('float64'), ' Reference Voltage(V)': dtype('float64'), 'Current[A]': dtype('O'), 'Current[A] Status': dtype('int64'), ' CAN_status': dtype('O'), 'CID_Display_Temp_Status': dtype('O'), ' CDD_Display_Temp_Status': dtype('int64'), 'CID ON/OFF': dtype('int64'), ' CDD ON/OFF': dtype('int64'), ' CID_BackLight ': dtype('int64'), ' CDD_BackLight': dtype('int64'), ' CID_X_Coordinates': dtype('int64'), ' CID_Y_Coordinates': dtype('int64'), ' CDD_X_Coordinates': dtype('int64'), ' CDD_Y_Coordinates': dtype('int64'), ' Light_Sensor_On': dtype('int64'), ' Light_Sensor_Off': dtype('bool'), ' Temp_1': dtype('bool'), 'Temp_2': dtype('int64'), ' Watchdog_reset': dtype('int64'), ' Hardware_reset': dtype('int64'), ' Power_reset': dtype('int64'), ' Clock_reset': dtype('int64'), ' DTC Stored': dtype('float64')}
2025-06-25 11:51:07,406 - InteractiveChartGenerator - INFO - All columns: ['No:', ' Date & Time', ' DUT Mode', ' Probe of Humidity(%)', 'Probe of Temperature(째C)', ' Dry contact value', ' Reference Voltage(V)', 'Current[A]', 'Current[A] Status', ' CAN_status', 'CID_Display_Temp_Status', ' CDD_Display_Temp_Status', 'CID ON/OFF', ' CDD ON/OFF', ' CID_BackLight ', ' CDD_BackLight', ' CID_X_Coordinates', ' CID_Y_Coordinates', ' CDD_X_Coordinates', ' CDD_Y_Coordinates', ' Light_Sensor_On', ' Light_Sensor_Off', ' Temp_1', 'Temp_2', ' Watchdog_reset', ' Hardware_reset', ' Power_reset', ' Clock_reset', ' DTC Stored']
2025-06-25 11:51:07,406 - InteractiveChartGenerator - INFO - Numeric columns: [' DUT Mode', ' Probe of Humidity(%)', ' Dry contact value', ' Reference Voltage(V)', 'Current[A] Status', ' CDD_Display_Temp_Status', 'CID ON/OFF', ' CDD ON/OFF', ' CID_BackLight ', ' CDD_BackLight', ' CID_X_Coordinates', ' CID_Y_Coordinates', ' CDD_X_Coordinates', ' CDD_Y_Coordinates', ' Light_Sensor_On', 'Temp_2', ' Watchdog_reset', ' Hardware_reset', ' Power_reset', ' Clock_reset', ' DTC Stored']
2025-06-25 11:51:07,406 - InteractiveChartGenerator - INFO - Chartable columns: ['No:', ' DUT Mode', ' Probe of Humidity(%)', ' Dry contact value', ' Reference Voltage(V)', 'Current[A] Status', ' CDD_Display_Temp_Status', 'CID ON/OFF', ' CDD ON/OFF', ' CID_BackLight ', ' CDD_BackLight', ' CID_X_Coordinates', ' CID_Y_Coordinates', ' CDD_X_Coordinates', ' CDD_Y_Coordinates', ' Light_Sensor_On', ' Light_Sensor_Off', ' Temp_1', 'Temp_2', ' Watchdog_reset', ' Hardware_reset', ' Power_reset', ' Clock_reset', ' DTC Stored']
2025-06-25 11:51:07,407 - InteractiveChartGenerator - INFO - Status: Loaded: DUT1_SN_VLIMS_SS 1#21.csv
2025-06-25 11:51:07,410 - InteractiveChartGenerator - INFO - Converted column 'No:' to datetime for charting
2025-06-25 11:51:07,412 - InteractiveChartGenerator - INFO - Converted column 'No:' to datetime for charting
2025-06-25 11:51:07,508 - InteractiveChartGenerator - INFO - Created interactive line chart with 1 series
2025-06-25 11:51:07,509 - InteractiveChartGenerator - INFO - Status: Chart updated
2025-06-25 11:51:07,509 - InteractiveChartGenerator - INFO - Chart preview updated: 1 series, line type
2025-06-25 11:51:07,509 - InteractiveChartGenerator - INFO - File loaded successfully: DUT1_SN_VLIMS_SS 1#21.csv
2025-06-25 11:51:07,570 - InteractiveChartGenerator - INFO - Converted column 'No:' to datetime for charting
2025-06-25 11:51:07,571 - InteractiveChartGenerator - INFO - Converted column 'No:' to datetime for charting
2025-06-25 11:51:07,653 - InteractiveChartGenerator - INFO - Created interactive line chart with 1 series
2025-06-25 11:51:07,653 - InteractiveChartGenerator - INFO - Status: Chart updated
2025-06-25 11:51:07,653 - InteractiveChartGenerator - INFO - Chart preview updated: 1 series, line type
2025-06-25 11:51:13,932 - InteractiveChartGenerator - INFO - Converted column 'No:' to datetime for charting
2025-06-25 11:51:13,934 - InteractiveChartGenerator - INFO - Converted column 'No:' to datetime for charting
2025-06-25 11:51:14,031 - InteractiveChartGenerator - INFO - Created interactive line chart with 1 series
2025-06-25 11:51:14,031 - InteractiveChartGenerator - INFO - Status: Chart updated
2025-06-25 11:51:14,032 - InteractiveChartGenerator - INFO - Chart preview updated: 1 series, line type
2025-06-25 11:51:19,206 - InteractiveChartGenerator - INFO - Converted column 'No:' to datetime for charting
2025-06-25 11:51:19,210 - InteractiveChartGenerator - INFO - Converted column 'No:' to datetime for charting
2025-06-25 11:51:19,307 - InteractiveChartGenerator - INFO - Created interactive line chart with 1 series
2025-06-25 11:51:19,307 - InteractiveChartGenerator - INFO - Status: Chart updated
2025-06-25 11:51:19,308 - InteractiveChartGenerator - INFO - Chart preview updated: 1 series, line type
2025-06-25 11:51:19,594 - InteractiveChartGenerator - INFO - Cleaning up application resources
2025-06-25 11:51:19,595 - InteractiveChartGenerator - WARNING - Error during cleanup: can't invoke "destroy" command: application has been destroyed
