2025-06-23 16:44:55,044 - InteractiveChartGenerator - INFO - Logging initialized. Log file: c:\Users\GILIEV\Documents\GitHub\Python-Projects\Chart generator\ChartGenerator_Interactive\logs\chart_generator_20250623_164455.log
2025-06-23 16:44:55,044 - InteractiveChartGenerator - INFO - Starting Interactive Chart Generator v2.0
2025-06-23 16:44:55,310 - InteractiveChartGenerator - INFO - Applied responsive styling for 1920px width screen
2025-06-23 16:44:55,310 - InteractiveChartGenerator - INFO - Interactive Chart Application initialized
2025-06-23 16:44:55,371 - InteractiveChartGenerator - INFO - Screen size: 1920x1080
2025-06-23 16:44:55,373 - InteractiveChartGenerator - INFO - Window size: 1632x864
2025-06-23 16:44:55,373 - InteractiveChartGenerator - INFO - Minimum size: 1152x700
2025-06-23 16:44:55,373 - InteractiveChartGenerator - INFO - Application started successfully
2025-06-23 16:45:32,733 - InteractiveChartGenerator - INFO - Loading CSV file with smart header detection: C:/Users/GILIEV/Downloads/Logs_BR223_Downloaded_02.06.2025/Logs_BR223_Downloaded_02.06.2025/K-16/K-16/3_PTL/30-04-2025_10.25.11/DUT1_SN_VLIMS_SS 1#21.csv
2025-06-23 16:45:32,745 - InteractiveChartGenerator - INFO - Found non-empty cell in column E at row 24
2025-06-23 16:45:32,745 - InteractiveChartGenerator - INFO - Detected header row at index 24 (line 25)
2025-06-23 16:45:32,748 - InteractiveChartGenerator - WARNING - UTF-8 encoding failed, trying latin1
2025-06-23 16:45:32,767 - InteractiveChartGenerator - INFO - Numeric columns: [' DUT Mode', ' Probe of Humidity(%)', ' Dry contact value', ' Reference Voltage(V)', 'Current[A] Status', ' CDD_Display_Temp_Status', 'CID ON/OFF', ' CDD ON/OFF', ' CID_BackLight ', ' CDD_BackLight', ' CID_X_Coordinates', ' CID_Y_Coordinates', ' CDD_X_Coordinates', ' CDD_Y_Coordinates', ' Light_Sensor_On', 'Temp_2', ' Watchdog_reset', ' Hardware_reset', ' Power_reset', ' Clock_reset', ' DTC Stored']
2025-06-23 16:45:32,768 - InteractiveChartGenerator - INFO - Text columns: ['No:', ' Date & Time', 'Probe of Temperature(째C)', 'Current[A]', ' CAN_status', 'CID_Display_Temp_Status']
2025-06-23 16:45:32,768 - InteractiveChartGenerator - INFO - Successfully loaded 234 rows and 29 columns
2025-06-23 16:45:32,768 - InteractiveChartGenerator - INFO - Headers: ['No:', ' Date & Time', ' DUT Mode', ' Probe of Humidity(%)', 'Probe of Temperature(째C)', ' Dry contact value', ' Reference Voltage(V)', 'Current[A]', 'Current[A] Status', ' CAN_status', 'CID_Display_Temp_Status', ' CDD_Display_Temp_Status', 'CID ON/OFF', ' CDD ON/OFF', ' CID_BackLight ', ' CDD_BackLight', ' CID_X_Coordinates', ' CID_Y_Coordinates', ' CDD_X_Coordinates', ' CDD_Y_Coordinates', ' Light_Sensor_On', ' Light_Sensor_Off', ' Temp_1', 'Temp_2', ' Watchdog_reset', ' Hardware_reset', ' Power_reset', ' Clock_reset', ' DTC Stored']
2025-06-23 16:45:32,769 - InteractiveChartGenerator - INFO - Data types: {'No:': dtype('O'), ' Date & Time': dtype('O'), ' DUT Mode': dtype('float64'), ' Probe of Humidity(%)': dtype('float64'), 'Probe of Temperature(째C)': dtype('O'), ' Dry contact value': dtype('float64'), ' Reference Voltage(V)': dtype('float64'), 'Current[A]': dtype('O'), 'Current[A] Status': dtype('int64'), ' CAN_status': dtype('O'), 'CID_Display_Temp_Status': dtype('O'), ' CDD_Display_Temp_Status': dtype('int64'), 'CID ON/OFF': dtype('int64'), ' CDD ON/OFF': dtype('int64'), ' CID_BackLight ': dtype('int64'), ' CDD_BackLight': dtype('int64'), ' CID_X_Coordinates': dtype('int64'), ' CID_Y_Coordinates': dtype('int64'), ' CDD_X_Coordinates': dtype('int64'), ' CDD_Y_Coordinates': dtype('int64'), ' Light_Sensor_On': dtype('int64'), ' Light_Sensor_Off': dtype('bool'), ' Temp_1': dtype('bool'), 'Temp_2': dtype('int64'), ' Watchdog_reset': dtype('int64'), ' Hardware_reset': dtype('int64'), ' Power_reset': dtype('int64'), ' Clock_reset': dtype('int64'), ' DTC Stored': dtype('float64')}
2025-06-23 16:45:32,804 - InteractiveChartGenerator - INFO - All columns: ['No:', ' Date & Time', ' DUT Mode', ' Probe of Humidity(%)', 'Probe of Temperature(째C)', ' Dry contact value', ' Reference Voltage(V)', 'Current[A]', 'Current[A] Status', ' CAN_status', 'CID_Display_Temp_Status', ' CDD_Display_Temp_Status', 'CID ON/OFF', ' CDD ON/OFF', ' CID_BackLight ', ' CDD_BackLight', ' CID_X_Coordinates', ' CID_Y_Coordinates', ' CDD_X_Coordinates', ' CDD_Y_Coordinates', ' Light_Sensor_On', ' Light_Sensor_Off', ' Temp_1', 'Temp_2', ' Watchdog_reset', ' Hardware_reset', ' Power_reset', ' Clock_reset', ' DTC Stored']
2025-06-23 16:45:32,804 - InteractiveChartGenerator - INFO - Numeric columns: [' DUT Mode', ' Probe of Humidity(%)', ' Dry contact value', ' Reference Voltage(V)', 'Current[A] Status', ' CDD_Display_Temp_Status', 'CID ON/OFF', ' CDD ON/OFF', ' CID_BackLight ', ' CDD_BackLight', ' CID_X_Coordinates', ' CID_Y_Coordinates', ' CDD_X_Coordinates', ' CDD_Y_Coordinates', ' Light_Sensor_On', 'Temp_2', ' Watchdog_reset', ' Hardware_reset', ' Power_reset', ' Clock_reset', ' DTC Stored']
2025-06-23 16:45:32,804 - InteractiveChartGenerator - INFO - Chartable columns: ['No:', ' DUT Mode', ' Probe of Humidity(%)', ' Dry contact value', ' Reference Voltage(V)', 'Current[A] Status', ' CDD_Display_Temp_Status', 'CID ON/OFF', ' CDD ON/OFF', ' CID_BackLight ', ' CDD_BackLight', ' CID_X_Coordinates', ' CID_Y_Coordinates', ' CDD_X_Coordinates', ' CDD_Y_Coordinates', ' Light_Sensor_On', ' Light_Sensor_Off', ' Temp_1', 'Temp_2', ' Watchdog_reset', ' Hardware_reset', ' Power_reset', ' Clock_reset', ' DTC Stored']
2025-06-23 16:45:32,806 - InteractiveChartGenerator - INFO - Status: Loaded: DUT1_SN_VLIMS_SS 1#21.csv
2025-06-23 16:45:32,808 - InteractiveChartGenerator - INFO - Converted column 'No:' to datetime for charting
2025-06-23 16:45:32,810 - InteractiveChartGenerator - INFO - Converted column 'No:' to datetime for charting
2025-06-23 16:45:32,968 - InteractiveChartGenerator - INFO - Created interactive line chart with 1 series
2025-06-23 16:45:32,969 - InteractiveChartGenerator - INFO - Status: Chart updated
2025-06-23 16:45:32,969 - InteractiveChartGenerator - INFO - Chart preview updated: 1 series, line type
2025-06-23 16:45:32,969 - InteractiveChartGenerator - INFO - File loaded successfully: DUT1_SN_VLIMS_SS 1#21.csv
2025-06-23 16:45:36,958 - InteractiveChartGenerator - INFO - Converted column ' Date & Time' to categorical codes for charting
2025-06-23 16:45:36,961 - InteractiveChartGenerator - INFO - Converted column 'No:' to datetime for charting
2025-06-23 16:45:37,129 - InteractiveChartGenerator - INFO - Created interactive line chart with 1 series
2025-06-23 16:45:37,129 - InteractiveChartGenerator - INFO - Status: Chart updated
2025-06-23 16:45:37,129 - InteractiveChartGenerator - INFO - Chart preview updated: 1 series, line type
2025-06-23 16:45:38,988 - InteractiveChartGenerator - INFO - Converted column ' Date & Time' to categorical codes for charting
2025-06-23 16:45:38,989 - InteractiveChartGenerator - INFO - Converted column ' Date & Time' to categorical codes for charting
2025-06-23 16:45:39,112 - InteractiveChartGenerator - INFO - Created interactive line chart with 1 series
2025-06-23 16:45:39,113 - InteractiveChartGenerator - INFO - Status: Chart updated
2025-06-23 16:45:39,113 - InteractiveChartGenerator - INFO - Chart preview updated: 1 series, line type
2025-06-23 16:45:40,668 - InteractiveChartGenerator - INFO - Converted column ' Date & Time' to categorical codes for charting
2025-06-23 16:45:40,784 - InteractiveChartGenerator - INFO - Created interactive line chart with 1 series
2025-06-23 16:45:40,784 - InteractiveChartGenerator - INFO - Status: Chart updated
2025-06-23 16:45:40,785 - InteractiveChartGenerator - INFO - Chart preview updated: 1 series, line type
2025-06-23 16:45:44,784 - InteractiveChartGenerator - INFO - Converted column ' Date & Time' to categorical codes for charting
2025-06-23 16:45:44,916 - InteractiveChartGenerator - INFO - Created interactive line chart with 1 series
2025-06-23 16:45:44,916 - InteractiveChartGenerator - INFO - Status: Chart updated
2025-06-23 16:45:44,917 - InteractiveChartGenerator - INFO - Chart preview updated: 1 series, line type
2025-06-23 16:45:45,690 - InteractiveChartGenerator - INFO - Converted column ' Date & Time' to categorical codes for charting
2025-06-23 16:45:45,694 - InteractiveChartGenerator - INFO - Converted column 'Current[A]' to categorical codes for charting
2025-06-23 16:45:45,812 - InteractiveChartGenerator - INFO - Created interactive line chart with 2 series
2025-06-23 16:45:45,813 - InteractiveChartGenerator - INFO - Status: Chart updated
2025-06-23 16:45:45,813 - InteractiveChartGenerator - INFO - Chart preview updated: 2 series, line type
2025-06-23 16:48:09,284 - InteractiveChartGenerator - INFO - Converted column ' Date & Time' to categorical codes for charting
2025-06-23 16:48:09,286 - InteractiveChartGenerator - INFO - Converted column 'Current[A]' to categorical codes for charting
2025-06-23 16:48:09,422 - InteractiveChartGenerator - INFO - Created interactive line chart with 2 series
2025-06-23 16:48:09,422 - InteractiveChartGenerator - INFO - Status: Chart updated
2025-06-23 16:48:09,423 - InteractiveChartGenerator - INFO - Chart preview updated: 2 series, line type
2025-06-23 16:48:09,769 - InteractiveChartGenerator - INFO - Converted column ' Date & Time' to categorical codes for charting
2025-06-23 16:48:09,885 - InteractiveChartGenerator - INFO - Created interactive line chart with 1 series
2025-06-23 16:48:09,885 - InteractiveChartGenerator - INFO - Status: Chart updated
2025-06-23 16:48:09,886 - InteractiveChartGenerator - INFO - Chart preview updated: 1 series, line type
2025-06-23 16:48:14,926 - InteractiveChartGenerator - INFO - Converted column ' Date & Time' to categorical codes for charting
2025-06-23 16:48:15,039 - InteractiveChartGenerator - INFO - Created interactive line chart with 1 series
2025-06-23 16:48:15,039 - InteractiveChartGenerator - INFO - Status: Chart updated
2025-06-23 16:48:15,039 - InteractiveChartGenerator - INFO - Chart preview updated: 1 series, line type
2025-06-23 16:48:17,836 - InteractiveChartGenerator - INFO - Converted column ' Date & Time' to categorical codes for charting
2025-06-23 16:48:17,838 - InteractiveChartGenerator - INFO - Converted column 'Current[A]' to categorical codes for charting
2025-06-23 16:48:17,952 - InteractiveChartGenerator - INFO - Created interactive line chart with 1 series
2025-06-23 16:48:17,952 - InteractiveChartGenerator - INFO - Status: Chart updated
2025-06-23 16:48:17,953 - InteractiveChartGenerator - INFO - Chart preview updated: 1 series, line type
2025-06-23 16:48:37,777 - InteractiveChartGenerator - INFO - Converted column 'Current[A]' to categorical codes for charting
2025-06-23 16:48:37,779 - InteractiveChartGenerator - INFO - Converted column 'Current[A]' to categorical codes for charting
2025-06-23 16:48:37,898 - InteractiveChartGenerator - INFO - Created interactive line chart with 1 series
2025-06-23 16:48:37,898 - InteractiveChartGenerator - INFO - Status: Chart updated
2025-06-23 16:48:37,898 - InteractiveChartGenerator - INFO - Chart preview updated: 1 series, line type
2025-06-23 16:48:44,620 - InteractiveChartGenerator - INFO - Converted column 'Current[A]' to categorical codes for charting
2025-06-23 16:48:44,622 - InteractiveChartGenerator - INFO - Converted column 'Current[A]' to categorical codes for charting
2025-06-23 16:48:44,735 - InteractiveChartGenerator - INFO - Created interactive line chart with 2 series
2025-06-23 16:48:44,735 - InteractiveChartGenerator - INFO - Status: Chart updated
2025-06-23 16:48:44,735 - InteractiveChartGenerator - INFO - Chart preview updated: 2 series, line type
2025-06-23 16:48:47,037 - InteractiveChartGenerator - INFO - Converted column 'Current[A]' to categorical codes for charting
2025-06-23 16:48:47,039 - InteractiveChartGenerator - INFO - Converted column 'Current[A]' to categorical codes for charting
2025-06-23 16:48:47,148 - InteractiveChartGenerator - INFO - Created interactive line chart with 1 series
2025-06-23 16:48:47,148 - InteractiveChartGenerator - INFO - Status: Chart updated
2025-06-23 16:48:47,148 - InteractiveChartGenerator - INFO - Chart preview updated: 1 series, line type
2025-06-23 16:48:54,122 - InteractiveChartGenerator - INFO - Converted column 'Current[A]' to categorical codes for charting
2025-06-23 16:48:54,123 - InteractiveChartGenerator - INFO - Converted column 'Current[A]' to categorical codes for charting
2025-06-23 16:48:54,238 - InteractiveChartGenerator - INFO - Created interactive line chart with 2 series
2025-06-23 16:48:54,238 - InteractiveChartGenerator - INFO - Status: Chart updated
2025-06-23 16:48:54,238 - InteractiveChartGenerator - INFO - Chart preview updated: 2 series, line type
2025-06-23 16:48:55,972 - InteractiveChartGenerator - INFO - Converted column 'Current[A]' to categorical codes for charting
2025-06-23 16:48:56,087 - InteractiveChartGenerator - INFO - Created interactive line chart with 1 series
2025-06-23 16:48:56,088 - InteractiveChartGenerator - INFO - Status: Chart updated
2025-06-23 16:48:56,088 - InteractiveChartGenerator - INFO - Chart preview updated: 1 series, line type
2025-06-23 16:48:58,347 - InteractiveChartGenerator - INFO - Converted column ' Date & Time' to categorical codes for charting
2025-06-23 16:48:58,471 - InteractiveChartGenerator - INFO - Created interactive line chart with 1 series
2025-06-23 16:48:58,471 - InteractiveChartGenerator - INFO - Status: Chart updated
2025-06-23 16:48:58,472 - InteractiveChartGenerator - INFO - Chart preview updated: 1 series, line type
2025-06-23 16:49:05,036 - InteractiveChartGenerator - INFO - Converted column ' Date & Time' to categorical codes for charting
2025-06-23 16:49:05,157 - InteractiveChartGenerator - INFO - Created interactive line chart with 1 series on 1 axes
2025-06-23 16:49:05,157 - InteractiveChartGenerator - INFO - Status: Chart updated
2025-06-23 16:49:05,158 - InteractiveChartGenerator - INFO - Chart preview updated: 1 series, line type
2025-06-23 16:49:08,167 - InteractiveChartGenerator - INFO - Converted column ' Date & Time' to categorical codes for charting
2025-06-23 16:49:08,169 - InteractiveChartGenerator - INFO - Converted column 'Current[A]' to categorical codes for charting
2025-06-23 16:49:08,315 - InteractiveChartGenerator - INFO - Created interactive line chart with 2 series on 2 axes
2025-06-23 16:49:08,315 - InteractiveChartGenerator - INFO - Status: Chart updated
2025-06-23 16:49:08,316 - InteractiveChartGenerator - INFO - Chart preview updated: 2 series, line type
2025-06-23 16:49:09,125 - InteractiveChartGenerator - INFO - Converted column ' Date & Time' to categorical codes for charting
2025-06-23 16:49:09,127 - InteractiveChartGenerator - INFO - Converted column 'Current[A]' to categorical codes for charting
2025-06-23 16:49:09,323 - InteractiveChartGenerator - INFO - Created interactive line chart with 3 series on 3 axes
2025-06-23 16:49:09,325 - InteractiveChartGenerator - INFO - Status: Chart updated
2025-06-23 16:49:09,325 - InteractiveChartGenerator - INFO - Chart preview updated: 3 series, line type
2025-06-23 16:49:12,034 - InteractiveChartGenerator - INFO - Converted column ' Date & Time' to categorical codes for charting
2025-06-23 16:49:12,036 - InteractiveChartGenerator - INFO - Converted column 'Current[A]' to categorical codes for charting
2025-06-23 16:49:12,187 - InteractiveChartGenerator - INFO - Created interactive line chart with 2 series on 2 axes
2025-06-23 16:49:12,187 - InteractiveChartGenerator - INFO - Status: Chart updated
2025-06-23 16:49:12,188 - InteractiveChartGenerator - INFO - Chart preview updated: 2 series, line type
2025-06-23 16:49:17,340 - InteractiveChartGenerator - INFO - Converted column 'No:' to datetime for charting
2025-06-23 16:49:17,342 - InteractiveChartGenerator - INFO - Converted column 'Current[A]' to categorical codes for charting
2025-06-23 16:49:17,483 - InteractiveChartGenerator - INFO - Created interactive line chart with 2 series on 2 axes
2025-06-23 16:49:17,483 - InteractiveChartGenerator - INFO - Status: Chart updated
2025-06-23 16:49:17,484 - InteractiveChartGenerator - INFO - Chart preview updated: 2 series, line type
2025-06-23 16:49:32,987 - InteractiveChartGenerator - INFO - Converted column 'No:' to datetime for charting
2025-06-23 16:49:32,990 - InteractiveChartGenerator - INFO - Converted column 'Current[A]' to categorical codes for charting
2025-06-23 16:49:32,992 - InteractiveChartGenerator - INFO - Converted column ' CAN_status' to categorical codes for charting
2025-06-23 16:49:33,171 - InteractiveChartGenerator - INFO - Created interactive line chart with 3 series on 3 axes
2025-06-23 16:49:33,171 - InteractiveChartGenerator - INFO - Status: Chart updated
2025-06-23 16:49:33,171 - InteractiveChartGenerator - INFO - Chart preview updated: 3 series, line type
2025-06-23 16:49:46,541 - InteractiveChartGenerator - INFO - Converted column 'No:' to datetime for charting
2025-06-23 16:49:46,543 - InteractiveChartGenerator - INFO - Converted column 'Current[A]' to categorical codes for charting
2025-06-23 16:49:46,688 - InteractiveChartGenerator - INFO - Created interactive line chart with 2 series on 2 axes
2025-06-23 16:49:46,688 - InteractiveChartGenerator - INFO - Status: Chart updated
2025-06-23 16:49:46,689 - InteractiveChartGenerator - INFO - Chart preview updated: 2 series, line type
2025-06-23 16:50:53,878 - InteractiveChartGenerator - INFO - Converted column 'No:' to datetime for charting
2025-06-23 16:50:53,880 - InteractiveChartGenerator - INFO - Converted column 'Current[A]' to categorical codes for charting
2025-06-23 16:50:54,020 - InteractiveChartGenerator - INFO - Created interactive line chart with 2 series on 2 axes
2025-06-23 16:50:54,021 - InteractiveChartGenerator - INFO - Status: Chart updated
2025-06-23 16:50:54,021 - InteractiveChartGenerator - INFO - Chart preview updated: 2 series, line type
2025-06-23 16:51:28,018 - InteractiveChartGenerator - INFO - Converted column 'Current[A]' to categorical codes for charting
2025-06-23 16:51:28,020 - InteractiveChartGenerator - INFO - Converted column 'Current[A]' to categorical codes for charting
2025-06-23 16:51:28,166 - InteractiveChartGenerator - INFO - Created interactive line chart with 2 series on 2 axes
2025-06-23 16:51:28,166 - InteractiveChartGenerator - INFO - Status: Chart updated
2025-06-23 16:51:28,166 - InteractiveChartGenerator - INFO - Chart preview updated: 2 series, line type
2025-06-23 16:51:30,585 - InteractiveChartGenerator - INFO - Converted column 'No:' to datetime for charting
2025-06-23 16:51:30,586 - InteractiveChartGenerator - INFO - Converted column 'Current[A]' to categorical codes for charting
2025-06-23 16:51:30,723 - InteractiveChartGenerator - INFO - Created interactive line chart with 2 series on 2 axes
2025-06-23 16:51:30,724 - InteractiveChartGenerator - INFO - Status: Chart updated
2025-06-23 16:51:30,724 - InteractiveChartGenerator - INFO - Chart preview updated: 2 series, line type
2025-06-23 16:52:25,567 - InteractiveChartGenerator - INFO - Converted column 'No:' to datetime for charting
2025-06-23 16:52:25,569 - InteractiveChartGenerator - INFO - Converted column 'Current[A]' to categorical codes for charting
2025-06-23 16:52:25,709 - InteractiveChartGenerator - INFO - Created interactive line chart with 2 series on 2 axes
2025-06-23 16:52:25,710 - InteractiveChartGenerator - INFO - Status: Chart updated
2025-06-23 16:52:25,710 - InteractiveChartGenerator - INFO - Chart preview updated: 2 series, line type
2025-06-23 16:52:28,447 - InteractiveChartGenerator - INFO - Converted column 'No:' to datetime for charting
2025-06-23 16:52:28,449 - InteractiveChartGenerator - INFO - Converted column 'Current[A]' to categorical codes for charting
2025-06-23 16:52:28,563 - InteractiveChartGenerator - INFO - Created interactive line chart with 1 series on 1 axes
2025-06-23 16:52:28,563 - InteractiveChartGenerator - INFO - Status: Chart updated
2025-06-23 16:52:28,564 - InteractiveChartGenerator - INFO - Chart preview updated: 1 series, line type
2025-06-23 18:06:49,227 - InteractiveChartGenerator - INFO - Converted column 'No:' to datetime for charting
2025-06-23 18:06:49,232 - InteractiveChartGenerator - INFO - Converted column 'Current[A]' to categorical codes for charting
2025-06-23 18:06:49,461 - InteractiveChartGenerator - INFO - Created interactive line chart with 1 series on 1 axes
2025-06-23 18:06:49,462 - InteractiveChartGenerator - INFO - Status: Chart updated
2025-06-23 18:06:49,463 - InteractiveChartGenerator - INFO - Chart preview updated: 1 series, line type
