2025-06-25 12:07:00,679 - InteractiveChartGenerator - INFO - Logging initialized. Log file: c:\Users\GILIEV\Documents\GitHub\Python-Projects\Chart generator\ChartGenerator_Interactive\logs\chart_generator_20250625_120700.log
2025-06-25 12:07:00,679 - InteractiveChartGenerator - INFO - Starting Interactive Chart Generator v2.0
2025-06-25 12:07:00,937 - InteractiveChartGenerator - INFO - Initializing application controller
2025-06-25 12:07:02,488 - InteractiveChartGenerator - INFO - Applied responsive styling for 1536px width screen
2025-06-25 12:07:02,488 - InteractiveChartGenerator - INFO - Interactive Chart Application initialized
2025-06-25 12:07:02,533 - InteractiveChartGenerator - INFO - Screen size: 1536x864
2025-06-25 12:07:02,534 - InteractiveChartGenerator - INFO - Window size: 1305x691
2025-06-25 12:07:02,534 - InteractiveChartGenerator - INFO - Minimum size: 1000x700
2025-06-25 12:07:02,599 - InteractiveChartGenerator - INFO - Platform: Windows 11
2025-06-25 12:07:02,600 - InteractiveChartGenerator - INFO - Application started successfully
2025-06-25 12:07:08,388 - InteractiveChartGenerator - INFO - Loading CSV file with smart header detection: C:/Users/GILIEV/Downloads/Logs_BR223_Downloaded_02.06.2025/Logs_BR223_Downloaded_02.06.2025/C-01/C-01/3_PTL/15-04-2025_17.25.01/DUT5_SN_VLIMS_SS 2#26.csv
2025-06-25 12:07:08,396 - InteractiveChartGenerator - INFO - Found non-empty cell in column E at row 24
2025-06-25 12:07:08,396 - InteractiveChartGenerator - INFO - Detected header row at index 24 (line 25)
2025-06-25 12:07:08,399 - InteractiveChartGenerator - WARNING - UTF-8 encoding failed, trying latin1
2025-06-25 12:07:08,417 - InteractiveChartGenerator - INFO - Original columns: ['No:', ' Date & Time', ' DUT Mode', ' Probe of Humidity(%)', 'Probe of Temperature(°C)', ' Dry contact value', ' Reference Voltage(V)', 'Current[A]', 'Current[A] Status', ' CAN_status', 'CID_Display_Temp_Status', ' CDD_Display_Temp_Status', 'CID ON/OFF', ' CDD ON/OFF', ' CID_BackLight ', ' CDD_BackLight', ' CID_X_Coordinates', ' CID_Y_Coordinates', ' CDD_X_Coordinates', ' CDD_Y_Coordinates', ' Light_Sensor_On', ' Light_Sensor_Off', ' Temp_1', 'Temp_2', ' Watchdog_reset', ' Hardware_reset', ' Power_reset', ' Clock_reset', ' DTC Stored']
2025-06-25 12:07:08,420 - InteractiveChartGenerator - INFO - Marking column ' DTC Stored' for removal (empty column)
2025-06-25 12:07:08,420 - InteractiveChartGenerator - INFO - Removing 1 unwanted columns: [' DTC Stored']
2025-06-25 12:07:08,421 - InteractiveChartGenerator - INFO - Cleaned columns: ['No:', ' Date & Time', ' DUT Mode', ' Probe of Humidity(%)', 'Probe of Temperature(°C)', ' Dry contact value', ' Reference Voltage(V)', 'Current[A]', 'Current[A] Status', ' CAN_status', 'CID_Display_Temp_Status', ' CDD_Display_Temp_Status', 'CID ON/OFF', ' CDD ON/OFF', ' CID_BackLight ', ' CDD_BackLight', ' CID_X_Coordinates', ' CID_Y_Coordinates', ' CDD_X_Coordinates', ' CDD_Y_Coordinates', ' Light_Sensor_On', ' Light_Sensor_Off', ' Temp_1', 'Temp_2', ' Watchdog_reset', ' Hardware_reset', ' Power_reset', ' Clock_reset']
2025-06-25 12:07:08,424 - InteractiveChartGenerator - INFO - Numeric columns: [' DUT Mode', ' Probe of Humidity(%)', ' Dry contact value', ' Reference Voltage(V)', 'Current[A] Status', ' CDD_Display_Temp_Status', 'CID ON/OFF', ' CDD ON/OFF', ' CID_BackLight ', ' CDD_BackLight', ' CID_X_Coordinates', ' CID_Y_Coordinates', ' CDD_X_Coordinates', ' CDD_Y_Coordinates', ' Light_Sensor_On', 'Temp_2', ' Watchdog_reset', ' Hardware_reset', ' Power_reset', ' Clock_reset']
2025-06-25 12:07:08,424 - InteractiveChartGenerator - INFO - Text columns: ['No:', ' Date & Time', 'Probe of Temperature(°C)', 'Current[A]', ' CAN_status', 'CID_Display_Temp_Status']
2025-06-25 12:07:08,425 - InteractiveChartGenerator - INFO - Successfully loaded 759 rows and 28 columns
2025-06-25 12:07:08,425 - InteractiveChartGenerator - INFO - Final headers: ['No:', ' Date & Time', ' DUT Mode', ' Probe of Humidity(%)', 'Probe of Temperature(°C)', ' Dry contact value', ' Reference Voltage(V)', 'Current[A]', 'Current[A] Status', ' CAN_status', 'CID_Display_Temp_Status', ' CDD_Display_Temp_Status', 'CID ON/OFF', ' CDD ON/OFF', ' CID_BackLight ', ' CDD_BackLight', ' CID_X_Coordinates', ' CID_Y_Coordinates', ' CDD_X_Coordinates', ' CDD_Y_Coordinates', ' Light_Sensor_On', ' Light_Sensor_Off', ' Temp_1', 'Temp_2', ' Watchdog_reset', ' Hardware_reset', ' Power_reset', ' Clock_reset']
2025-06-25 12:07:08,425 - InteractiveChartGenerator - INFO - Data types: {'No:': dtype('O'), ' Date & Time': dtype('O'), ' DUT Mode': dtype('float64'), ' Probe of Humidity(%)': dtype('float64'), 'Probe of Temperature(°C)': dtype('O'), ' Dry contact value': dtype('float64'), ' Reference Voltage(V)': dtype('float64'), 'Current[A]': dtype('O'), 'Current[A] Status': dtype('int64'), ' CAN_status': dtype('O'), 'CID_Display_Temp_Status': dtype('O'), ' CDD_Display_Temp_Status': dtype('int64'), 'CID ON/OFF': dtype('int64'), ' CDD ON/OFF': dtype('int64'), ' CID_BackLight ': dtype('int64'), ' CDD_BackLight': dtype('int64'), ' CID_X_Coordinates': dtype('int64'), ' CID_Y_Coordinates': dtype('int64'), ' CDD_X_Coordinates': dtype('int64'), ' CDD_Y_Coordinates': dtype('int64'), ' Light_Sensor_On': dtype('int64'), ' Light_Sensor_Off': dtype('bool'), ' Temp_1': dtype('bool'), 'Temp_2': dtype('int64'), ' Watchdog_reset': dtype('int64'), ' Hardware_reset': dtype('int64'), ' Power_reset': dtype('int64'), ' Clock_reset': dtype('int64')}
2025-06-25 12:07:08,426 - InteractiveChartGenerator - INFO - Sample data (first 3 rows):
2025-06-25 12:07:08,426 - InteractiveChartGenerator - INFO -   Row 1: {'No:': '15/04/2025  17:43:23', ' Date & Time': 'Wake Mode', ' DUT Mode': 26.8, ' Probe of Humidity(%)': 24.0, 'Probe of Temperature(°C)': '5/Operating Max Mode', ' Dry contact value': 13.5, ' Reference Voltage(V)': 2.696324, 'Current[A]': 'NOK', 'Current[A] Status': 0, ' CAN_status': 'NORM_OPTRN', 'CID_Display_Temp_Status': 'NORM_OPTRN', ' CDD_Display_Temp_Status': 1, 'CID ON/OFF': 1, ' CDD ON/OFF': 1, ' CID_BackLight ': 1, ' CDD_BackLight': 0, ' CID_X_Coordinates': 540, ' CID_Y_Coordinates': 0, ' CDD_X_Coordinates': 0, ' CDD_Y_Coordinates': 0, ' Light_Sensor_On': 2050, ' Light_Sensor_Off': True, ' Temp_1': True, 'Temp_2': -1, ' Watchdog_reset': -1, ' Hardware_reset': -1, ' Power_reset': -1, ' Clock_reset': -1}
2025-06-25 12:07:08,426 - InteractiveChartGenerator - INFO -   Row 2: {'No:': '15/04/2025  17:49:19', ' Date & Time': 'Wake Mode', ' DUT Mode': 22.0, ' Probe of Humidity(%)': 23.6, 'Probe of Temperature(°C)': '3/Operating Max Mode', ' Dry contact value': 13.5, ' Reference Voltage(V)': 2.696163, 'Current[A]': 'NOK', 'Current[A] Status': 0, ' CAN_status': 'NORM_OPTRN', 'CID_Display_Temp_Status': 'NORM_OPTRN', ' CDD_Display_Temp_Status': 1, 'CID ON/OFF': 1, ' CDD ON/OFF': 1, ' CID_BackLight ': 1, ' CDD_BackLight': 0, ' CID_X_Coordinates': 540, ' CID_Y_Coordinates': 0, ' CDD_X_Coordinates': 0, ' CDD_Y_Coordinates': 0, ' Light_Sensor_On': 2060, ' Light_Sensor_Off': True, ' Temp_1': True, 'Temp_2': -1, ' Watchdog_reset': -1, ' Hardware_reset': -1, ' Power_reset': -1, ' Clock_reset': -1}
2025-06-25 12:07:08,427 - InteractiveChartGenerator - INFO -   Row 3: {'No:': '15/04/2025  17:55:14', ' Date & Time': 'Wake Mode', ' DUT Mode': 19.5, ' Probe of Humidity(%)': 23.4, 'Probe of Temperature(°C)': '3/Operating Max Mode', ' Dry contact value': 6.0, ' Reference Voltage(V)': 1.613152, 'Current[A]': 'NOK - Different Voltage', 'Current[A] Status': 0, ' CAN_status': 'NORM_OPTRN', 'CID_Display_Temp_Status': 'NORM_OPTRN', ' CDD_Display_Temp_Status': 1, 'CID ON/OFF': 1, ' CDD ON/OFF': 1, ' CID_BackLight ': 1, ' CDD_BackLight': 0, ' CID_X_Coordinates': 540, ' CID_Y_Coordinates': 0, ' CDD_X_Coordinates': 0, ' CDD_Y_Coordinates': 0, ' Light_Sensor_On': 1920, ' Light_Sensor_Off': False, ' Temp_1': True, 'Temp_2': -1, ' Watchdog_reset': -1, ' Hardware_reset': -1, ' Power_reset': -1, ' Clock_reset': -1}
2025-06-25 12:07:08,445 - InteractiveChartGenerator - INFO - All columns: ['No:', ' Date & Time', ' DUT Mode', ' Probe of Humidity(%)', 'Probe of Temperature(°C)', ' Dry contact value', ' Reference Voltage(V)', 'Current[A]', 'Current[A] Status', ' CAN_status', 'CID_Display_Temp_Status', ' CDD_Display_Temp_Status', 'CID ON/OFF', ' CDD ON/OFF', ' CID_BackLight ', ' CDD_BackLight', ' CID_X_Coordinates', ' CID_Y_Coordinates', ' CDD_X_Coordinates', ' CDD_Y_Coordinates', ' Light_Sensor_On', ' Light_Sensor_Off', ' Temp_1', 'Temp_2', ' Watchdog_reset', ' Hardware_reset', ' Power_reset', ' Clock_reset']
2025-06-25 12:07:08,446 - InteractiveChartGenerator - INFO - Numeric columns: [' DUT Mode', ' Probe of Humidity(%)', ' Dry contact value', ' Reference Voltage(V)', 'Current[A] Status', ' CDD_Display_Temp_Status', 'CID ON/OFF', ' CDD ON/OFF', ' CID_BackLight ', ' CDD_BackLight', ' CID_X_Coordinates', ' CID_Y_Coordinates', ' CDD_X_Coordinates', ' CDD_Y_Coordinates', ' Light_Sensor_On', 'Temp_2', ' Watchdog_reset', ' Hardware_reset', ' Power_reset', ' Clock_reset']
2025-06-25 12:07:08,446 - InteractiveChartGenerator - INFO - Chartable columns: ['No:', ' DUT Mode', ' Probe of Humidity(%)', ' Dry contact value', ' Reference Voltage(V)', 'Current[A] Status', ' CDD_Display_Temp_Status', 'CID ON/OFF', ' CDD ON/OFF', ' CID_BackLight ', ' CDD_BackLight', ' CID_X_Coordinates', ' CID_Y_Coordinates', ' CDD_X_Coordinates', ' CDD_Y_Coordinates', ' Light_Sensor_On', ' Light_Sensor_Off', ' Temp_1', 'Temp_2', ' Watchdog_reset', ' Hardware_reset', ' Power_reset', ' Clock_reset']
2025-06-25 12:07:08,448 - InteractiveChartGenerator - INFO - Status: Loaded: DUT5_SN_VLIMS_SS 2#26.csv
2025-06-25 12:07:08,451 - InteractiveChartGenerator - INFO - Converted column 'No:' to datetime for charting
2025-06-25 12:07:08,454 - InteractiveChartGenerator - INFO - Converted column 'No:' to datetime for charting
2025-06-25 12:07:08,684 - InteractiveChartGenerator - INFO - Created interactive line chart with 1 series
2025-06-25 12:07:08,684 - InteractiveChartGenerator - INFO - Status: Chart updated
2025-06-25 12:07:08,684 - InteractiveChartGenerator - INFO - Chart preview updated: 1 series, line type
2025-06-25 12:07:08,684 - InteractiveChartGenerator - INFO - File loaded successfully: DUT5_SN_VLIMS_SS 2#26.csv
2025-06-25 12:07:33,961 - InteractiveChartGenerator - INFO - Converted column 'No:' to datetime for charting
2025-06-25 12:07:33,963 - InteractiveChartGenerator - INFO - Converted column 'No:' to datetime for charting
2025-06-25 12:07:34,063 - InteractiveChartGenerator - INFO - Created interactive line chart with 1 series
2025-06-25 12:07:34,064 - InteractiveChartGenerator - INFO - Status: Chart updated
2025-06-25 12:07:34,064 - InteractiveChartGenerator - INFO - Chart preview updated: 1 series, line type
2025-06-25 12:07:35,234 - InteractiveChartGenerator - INFO - Cleaning up application resources
2025-06-25 12:07:35,234 - InteractiveChartGenerator - WARNING - Error during cleanup: can't invoke "destroy" command: application has been destroyed
