2025-06-12 17:04:47 [INFO] setup.py:52 - Logging system initialized
2025-06-12 17:04:47 [INFO] setup.py:53 - Log file: c:\Users\GILIEV\Documents\GitHub\Python-Projects\Chart generator\App\source\logs\chart_generator_20250612_170447.log
2025-06-12 17:04:47 [INFO] cleanup.py:180 - Cleanup handler registered for program exit
2025-06-12 17:04:48 [INFO] main_window.py:29 - Main window UI components initialized
2025-06-12 17:04:48 [INFO] app_controller.py:131 - Application initialized with modular components
2025-06-12 17:04:52 [ERROR] exception_handler.py:23 - Uncaught exception
Traceback (most recent call last):
  File "c:\Users\GILIEV\Documents\GitHub\Python-Projects\Chart generator\App\source\ChartGenerator_new_modular.py", line 48, in <module>
    root.destroy()
    ~~~~~~~~~~~~^^
  File "C:\Users\GILIEV\AppData\Local\Programs\Python\Python313\Lib\tkinter\__init__.py", line 2503, in destroy
    self.tk.call('destroy', self._w)
    ~~~~~~~~~~~~^^^^^^^^^^^^^^^^^^^^
_tkinter.TclError: can't invoke "destroy" command: application has been destroyed
2025-06-12 17:04:54 [INFO] cleanup.py:170 - Running cleanup on program exit...
2025-06-12 17:04:54 [INFO] cleanup.py:76 - Starting cleanup of __pycache__ files from: c:\Users\GILIEV\Documents\GitHub\Python-Projects\Chart generator\App\source
2025-06-12 17:04:54 [INFO] cleanup.py:54 - Removed __pycache__ directory: c:\Users\GILIEV\Documents\GitHub\Python-Projects\Chart generator\App\source\modules\__pycache__
2025-06-12 17:04:54 [INFO] cleanup.py:54 - Removed __pycache__ directory: c:\Users\GILIEV\Documents\GitHub\Python-Projects\Chart generator\App\source\modules\app_modules\__pycache__
2025-06-12 17:04:54 [INFO] cleanup.py:54 - Removed __pycache__ directory: c:\Users\GILIEV\Documents\GitHub\Python-Projects\Chart generator\App\source\modules\app_modules\core\__pycache__
2025-06-12 17:04:54 [INFO] cleanup.py:54 - Removed __pycache__ directory: c:\Users\GILIEV\Documents\GitHub\Python-Projects\Chart generator\App\source\modules\app_modules\data\__pycache__
2025-06-12 17:04:54 [INFO] cleanup.py:54 - Removed __pycache__ directory: c:\Users\GILIEV\Documents\GitHub\Python-Projects\Chart generator\App\source\modules\app_modules\ui\__pycache__
2025-06-12 17:04:54 [INFO] cleanup.py:54 - Removed __pycache__ directory: c:\Users\GILIEV\Documents\GitHub\Python-Projects\Chart generator\App\source\modules\app_modules\utils\__pycache__
2025-06-12 17:04:54 [INFO] cleanup.py:54 - Removed __pycache__ directory: c:\Users\GILIEV\Documents\GitHub\Python-Projects\Chart generator\App\source\modules\chart_generator_module\__pycache__
2025-06-12 17:04:54 [INFO] cleanup.py:54 - Removed __pycache__ directory: c:\Users\GILIEV\Documents\GitHub\Python-Projects\Chart generator\App\source\modules\core\__pycache__
2025-06-12 17:04:54 [INFO] cleanup.py:54 - Removed __pycache__ directory: c:\Users\GILIEV\Documents\GitHub\Python-Projects\Chart generator\App\source\modules\data\__pycache__
2025-06-12 17:04:54 [INFO] cleanup.py:54 - Removed __pycache__ directory: c:\Users\GILIEV\Documents\GitHub\Python-Projects\Chart generator\App\source\modules\data_analysis_module\__pycache__
2025-06-12 17:04:54 [INFO] cleanup.py:54 - Removed __pycache__ directory: c:\Users\GILIEV\Documents\GitHub\Python-Projects\Chart generator\App\source\modules\data_processor\__pycache__
2025-06-12 17:04:54 [INFO] cleanup.py:54 - Removed __pycache__ directory: c:\Users\GILIEV\Documents\GitHub\Python-Projects\Chart generator\App\source\modules\export_module\__pycache__
2025-06-12 17:04:55 [INFO] cleanup.py:54 - Removed __pycache__ directory: c:\Users\GILIEV\Documents\GitHub\Python-Projects\Chart generator\App\source\modules\logger_module\__pycache__
2025-06-12 17:04:55 [INFO] cleanup.py:54 - Removed __pycache__ directory: c:\Users\GILIEV\Documents\GitHub\Python-Projects\Chart generator\App\source\modules\ui\__pycache__
2025-06-12 17:04:55 [INFO] cleanup.py:54 - Removed __pycache__ directory: c:\Users\GILIEV\Documents\GitHub\Python-Projects\Chart generator\App\source\modules\ui_components_module\__pycache__
2025-06-12 17:04:55 [INFO] cleanup.py:54 - Removed __pycache__ directory: c:\Users\GILIEV\Documents\GitHub\Python-Projects\Chart generator\App\source\modules\utils\__pycache__
2025-06-12 17:04:55 [INFO] cleanup.py:91 - Cleanup complete: 16/16 __pycache__ directories removed
2025-06-12 17:04:55 [INFO] cleanup.py:154 - Full cleanup completed: {'pycache_dirs_removed': 16, 'temp_files_removed': 0, 'total_items_removed': 16}
