2025-07-01 10:57:17,726 - InteractiveChartGenerator - INFO - Logging initialized. Log file: c:\Users\GILIEV\Documents\GitHub\Python-Projects\Chart generator\ChartGenerator_Interactive\logs\chart_generator_20250701_105717.log
2025-07-01 10:57:17,727 - InteractiveChartGenerator - INFO - Starting Interactive Chart Generator v2.0
2025-07-01 10:57:18,237 - InteractiveChartGenerator - INFO - Initializing application controller
2025-07-01 10:57:23,051 - InteractiveChartGenerator - INFO - Applied responsive styling for 1536px width screen
2025-07-01 10:57:23,052 - InteractiveChartGenerator - INFO - Interactive Chart Application initialized
2025-07-01 10:57:23,095 - InteractiveChartGenerator - INFO - Screen size: 1536x864
2025-07-01 10:57:23,095 - InteractiveChartGenerator - INFO - Window size: 1305x691
2025-07-01 10:57:23,096 - InteractiveChartGenerator - INFO - Minimum size: 1000x700
2025-07-01 10:57:23,168 - InteractiveChartGenerator - INFO - Platform: Windows 11
2025-07-01 10:57:23,169 - InteractiveChartGenerator - INFO - Application started successfully
2025-07-01 11:03:08,852 - InteractiveChartGenerator - INFO - Detected delimiter: ','
2025-07-01 11:03:08,853 - InteractiveChartGenerator - INFO - Loading CSV file with smart header detection: C:/Users/GILIEV/Downloads/DUT5_SN_VLIMS_SS 1#9.csv
2025-07-01 11:03:08,854 - InteractiveChartGenerator - INFO - Found non-empty cell in column E at row 24
2025-07-01 11:03:08,855 - InteractiveChartGenerator - INFO - Detected header row at index 24 (line 25)
2025-07-01 11:03:08,897 - InteractiveChartGenerator - INFO - Numeric columns: ['No:', ' Probe of Humidity(%)', 'Probe of Temperature(°C)', ' Reference Voltage(V)', 'Current[A]', ' CAN_status', 'CID ON/OFF', ' CDD ON/OFF', ' CID_BackLight ', ' CDD_BackLight', ' CID_X_Coordinates', ' CID_Y_Coordinates', ' CDD_X_Coordinates', ' CDD_Y_Coordinates', ' Light_Sensor_On', ' Light_Sensor_Off', ' Watchdog_reset', ' Hardware_reset', ' Power_reset', ' Clock_reset', ' DTC Stored']
2025-07-01 11:03:08,897 - InteractiveChartGenerator - INFO - Text columns: [' Date & Time', ' DUT Mode', ' Dry contact value', 'Current[A] Status', 'CID_Display_Temp_Status', ' CDD_Display_Temp_Status']
2025-07-01 11:03:08,898 - InteractiveChartGenerator - INFO - Successfully loaded 2411 rows and 29 columns
2025-07-01 11:03:08,898 - InteractiveChartGenerator - INFO - Headers: ['No:', ' Date & Time', ' DUT Mode', ' Probe of Humidity(%)', 'Probe of Temperature(°C)', ' Dry contact value', ' Reference Voltage(V)', 'Current[A]', 'Current[A] Status', ' CAN_status', 'CID_Display_Temp_Status', ' CDD_Display_Temp_Status', 'CID ON/OFF', ' CDD ON/OFF', ' CID_BackLight ', ' CDD_BackLight', ' CID_X_Coordinates', ' CID_Y_Coordinates', ' CDD_X_Coordinates', ' CDD_Y_Coordinates', ' Light_Sensor_On', ' Light_Sensor_Off', ' Temp_1', 'Temp_2', ' Watchdog_reset', ' Hardware_reset', ' Power_reset', ' Clock_reset', ' DTC Stored']
2025-07-01 11:03:08,899 - InteractiveChartGenerator - INFO - Data types: {'No:': dtype('int64'), ' Date & Time': dtype('O'), ' DUT Mode': dtype('O'), ' Probe of Humidity(%)': dtype('float64'), 'Probe of Temperature(°C)': dtype('float64'), ' Dry contact value': dtype('O'), ' Reference Voltage(V)': dtype('float64'), 'Current[A]': dtype('float64'), 'Current[A] Status': dtype('O'), ' CAN_status': dtype('int64'), 'CID_Display_Temp_Status': dtype('O'), ' CDD_Display_Temp_Status': dtype('O'), 'CID ON/OFF': dtype('int64'), ' CDD ON/OFF': dtype('int64'), ' CID_BackLight ': dtype('int64'), ' CDD_BackLight': dtype('int64'), ' CID_X_Coordinates': dtype('int64'), ' CID_Y_Coordinates': dtype('int64'), ' CDD_X_Coordinates': dtype('int64'), ' CDD_Y_Coordinates': dtype('int64'), ' Light_Sensor_On': dtype('int64'), ' Light_Sensor_Off': dtype('int64'), ' Temp_1': dtype('bool'), 'Temp_2': dtype('bool'), ' Watchdog_reset': dtype('int64'), ' Hardware_reset': dtype('int64'), ' Power_reset': dtype('int64'), ' Clock_reset': dtype('int64'), ' DTC Stored': dtype('int64')}
2025-07-01 11:03:08,943 - InteractiveChartGenerator - INFO - All columns: ['No:', ' Date & Time', ' DUT Mode', ' Probe of Humidity(%)', 'Probe of Temperature(°C)', ' Dry contact value', ' Reference Voltage(V)', 'Current[A]', 'Current[A] Status', ' CAN_status', 'CID_Display_Temp_Status', ' CDD_Display_Temp_Status', 'CID ON/OFF', ' CDD ON/OFF', ' CID_BackLight ', ' CDD_BackLight', ' CID_X_Coordinates', ' CID_Y_Coordinates', ' CDD_X_Coordinates', ' CDD_Y_Coordinates', ' Light_Sensor_On', ' Light_Sensor_Off', ' Temp_1', 'Temp_2', ' Watchdog_reset', ' Hardware_reset', ' Power_reset', ' Clock_reset', ' DTC Stored']
2025-07-01 11:03:08,943 - InteractiveChartGenerator - INFO - Numeric columns: ['No:', ' Probe of Humidity(%)', 'Probe of Temperature(°C)', ' Reference Voltage(V)', 'Current[A]', ' CAN_status', 'CID ON/OFF', ' CDD ON/OFF', ' CID_BackLight ', ' CDD_BackLight', ' CID_X_Coordinates', ' CID_Y_Coordinates', ' CDD_X_Coordinates', ' CDD_Y_Coordinates', ' Light_Sensor_On', ' Light_Sensor_Off', ' Watchdog_reset', ' Hardware_reset', ' Power_reset', ' Clock_reset', ' DTC Stored']
2025-07-01 11:03:08,944 - InteractiveChartGenerator - INFO - Chartable columns: ['No:', ' Date & Time', ' Probe of Humidity(%)', 'Probe of Temperature(°C)', ' Reference Voltage(V)', 'Current[A]', ' CAN_status', 'CID ON/OFF', ' CDD ON/OFF', ' CID_BackLight ', ' CDD_BackLight', ' CID_X_Coordinates', ' CID_Y_Coordinates', ' CDD_X_Coordinates', ' CDD_Y_Coordinates', ' Light_Sensor_On', ' Light_Sensor_Off', ' Temp_1', 'Temp_2', ' Watchdog_reset', ' Hardware_reset', ' Power_reset', ' Clock_reset', ' DTC Stored']
2025-07-01 11:03:08,948 - InteractiveChartGenerator - INFO - Status: Loaded: DUT5_SN_VLIMS_SS 1#9.csv
2025-07-01 11:03:09,281 - InteractiveChartGenerator - INFO - Created interactive line chart with 1 series
2025-07-01 11:03:09,281 - InteractiveChartGenerator - INFO - Status: Chart updated
2025-07-01 11:03:09,282 - InteractiveChartGenerator - INFO - Chart preview updated: 1 series, line type
2025-07-01 11:03:09,282 - InteractiveChartGenerator - INFO - File loaded successfully: DUT5_SN_VLIMS_SS 1#9.csv
2025-07-01 11:03:17,907 - InteractiveChartGenerator - INFO - Converted column ' Date & Time' to datetime for charting
2025-07-01 11:03:18,024 - InteractiveChartGenerator - INFO - Created interactive line chart with 1 series
2025-07-01 11:03:18,024 - InteractiveChartGenerator - INFO - Status: Chart updated
2025-07-01 11:03:18,024 - InteractiveChartGenerator - INFO - Chart preview updated: 1 series, line type
2025-07-01 11:03:32,310 - InteractiveChartGenerator - INFO - Created interactive line chart with 1 series
2025-07-01 11:03:32,311 - InteractiveChartGenerator - INFO - Status: Chart updated
2025-07-01 11:03:32,311 - InteractiveChartGenerator - INFO - Chart preview updated: 1 series, line type
2025-07-01 11:03:33,920 - InteractiveChartGenerator - INFO - Created interactive line chart with 2 series
2025-07-01 11:03:33,920 - InteractiveChartGenerator - INFO - Status: Chart updated
2025-07-01 11:03:33,920 - InteractiveChartGenerator - INFO - Chart preview updated: 2 series, line type
2025-07-01 11:03:37,625 - InteractiveChartGenerator - INFO - Created interactive line chart with 3 series
2025-07-01 11:03:37,625 - InteractiveChartGenerator - INFO - Status: Chart updated
2025-07-01 11:03:37,626 - InteractiveChartGenerator - INFO - Chart preview updated: 3 series, line type
2025-07-01 11:04:19,230 - InteractiveChartGenerator - INFO - Converted column ' Date & Time' to datetime for charting
2025-07-01 11:04:19,422 - InteractiveChartGenerator - INFO - Created interactive line chart with 3 series
2025-07-01 11:04:19,422 - InteractiveChartGenerator - INFO - Status: Chart updated
2025-07-01 11:04:19,423 - InteractiveChartGenerator - INFO - Chart preview updated: 3 series, line type
2025-07-01 11:04:29,554 - InteractiveChartGenerator - INFO - Converted column ' Date & Time' to datetime for charting
2025-07-01 11:04:29,764 - InteractiveChartGenerator - INFO - Created interactive line chart with 3 series on 3 axes
2025-07-01 11:04:29,770 - InteractiveChartGenerator - INFO - Status: Chart updated
2025-07-01 11:04:29,771 - InteractiveChartGenerator - INFO - Chart preview updated: 3 series, line type
2025-07-01 11:04:32,959 - InteractiveChartGenerator - INFO - Converted column ' Date & Time' to datetime for charting
2025-07-01 11:04:33,120 - InteractiveChartGenerator - INFO - Created interactive line chart with 3 series
2025-07-01 11:04:33,121 - InteractiveChartGenerator - INFO - Status: Chart updated
2025-07-01 11:04:33,122 - InteractiveChartGenerator - INFO - Chart preview updated: 3 series, line type
2025-07-01 11:05:19,671 - InteractiveChartGenerator - INFO - Crosshair enabled
2025-07-01 11:05:50,745 - InteractiveChartGenerator - INFO - Converted column ' Date & Time' to datetime for charting
2025-07-01 11:05:50,865 - InteractiveChartGenerator - INFO - Created interactive line chart with 3 series
2025-07-01 11:05:50,865 - InteractiveChartGenerator - INFO - Status: Chart updated
2025-07-01 11:05:50,865 - InteractiveChartGenerator - INFO - Chart preview updated: 3 series, line type
2025-07-01 11:06:12,598 - InteractiveChartGenerator - INFO - Created interactive line chart with 1 series
2025-07-01 11:06:12,599 - InteractiveChartGenerator - INFO - Status: Chart updated
2025-07-01 11:06:12,600 - InteractiveChartGenerator - INFO - Chart preview updated: 1 series, line type
2025-07-01 11:06:12,601 - InteractiveChartGenerator - INFO - Data filtered - showing 2411 rows
2025-07-01 11:06:12,602 - InteractiveChartGenerator - INFO - Applied filters - showing 2411 of 2411 rows
2025-07-01 11:06:13,231 - InteractiveChartGenerator - INFO - Created interactive line chart with 1 series
2025-07-01 11:06:13,233 - InteractiveChartGenerator - INFO - Status: Chart updated
2025-07-01 11:06:13,234 - InteractiveChartGenerator - INFO - Chart preview updated: 1 series, line type
2025-07-01 11:06:27,627 - InteractiveChartGenerator - INFO - Created interactive line chart with 1 series
2025-07-01 11:06:27,628 - InteractiveChartGenerator - INFO - Status: Chart updated
2025-07-01 11:06:27,628 - InteractiveChartGenerator - INFO - Chart preview updated: 1 series, line type
2025-07-01 11:06:35,913 - InteractiveChartGenerator - INFO - Created interactive line chart with 1 series
2025-07-01 11:06:35,923 - InteractiveChartGenerator - INFO - Status: Chart updated
2025-07-01 11:06:35,925 - InteractiveChartGenerator - INFO - Chart preview updated: 1 series, line type
2025-07-01 11:06:50,448 - InteractiveChartGenerator - INFO - Created interactive line chart with 1 series
2025-07-01 11:06:50,450 - InteractiveChartGenerator - INFO - Status: Chart updated
2025-07-01 11:06:50,451 - InteractiveChartGenerator - INFO - Chart preview updated: 1 series, line type
2025-07-01 11:07:40,838 - InteractiveChartGenerator - INFO - Cleaning up application resources
2025-07-01 11:07:40,838 - InteractiveChartGenerator - WARNING - Error during cleanup: can't invoke "destroy" command: application has been destroyed
