2025-07-01 11:30:31,065 - InteractiveChartGenerator - INFO - Logging initialized. Log file: c:\Users\GILIEV\Documents\GitHub\Python-Projects\ChartGenerator_Interactive\logs\chart_generator_20250701_113031.log
2025-07-01 11:30:31,066 - InteractiveChartGenerator - INFO - Starting Interactive Chart Generator v2.0
2025-07-01 11:30:31,622 - InteractiveChartGenerator - INFO - Initializing application controller
2025-07-01 11:30:34,332 - InteractiveChartGenerator - INFO - Applied responsive styling for 1536px width screen
2025-07-01 11:30:34,333 - InteractiveChartGenerator - INFO - Interactive Chart Application initialized
2025-07-01 11:30:34,407 - InteractiveChartGenerator - INFO - Screen size: 1536x864
2025-07-01 11:30:34,407 - InteractiveChartGenerator - INFO - Window size: 1305x691
2025-07-01 11:30:34,407 - InteractiveChartGenerator - INFO - Minimum size: 1000x700
2025-07-01 11:30:34,532 - InteractiveChartGenerator - INFO - Platform: Windows 11
2025-07-01 11:30:34,533 - InteractiveChartGenerator - INFO - Application started successfully
2025-07-01 11:30:49,221 - InteractiveChartGenerator - INFO - Detected delimiter: ','
2025-07-01 11:30:49,221 - InteractiveChartGenerator - INFO - Loading CSV file with smart header detection: C:/Users/GILIEV/Downloads/Logs_BR223_Downloaded_02.06.2025/Logs_BR223_Downloaded_02.06.2025/ESD/ESD/3_PTL/17-04-2025_18.14.40/aaaa.csv.csv
2025-07-01 11:30:49,223 - InteractiveChartGenerator - INFO - Found non-empty cell in column E at row 24
2025-07-01 11:30:49,224 - InteractiveChartGenerator - INFO - Detected header row at index 24 (line 25)
2025-07-01 11:30:49,234 - InteractiveChartGenerator - WARNING - Encoding utf-8 failed: 'utf-8' codec can't decode byte 0xb0 in position 21: invalid start byte
2025-07-01 11:30:49,250 - InteractiveChartGenerator - WARNING - Encoding utf-16 failed: 'utf-16' codec can't decode bytes in position 0-1: Stream does not start with BOM
2025-07-01 11:30:49,322 - InteractiveChartGenerator - INFO - Numeric columns: [' DUT Mode', ' Probe of Humidity(%)', ' Dry contact value', ' Reference Voltage(V)', 'Current[A] Status', ' CDD_Display_Temp_Status', 'CID ON/OFF', ' CDD ON/OFF', ' CID_BackLight ', ' CDD_BackLight', ' CID_X_Coordinates', ' CID_Y_Coordinates', ' CDD_X_Coordinates', ' CDD_Y_Coordinates', ' Light_Sensor_On', 'Temp_2', ' Watchdog_reset', ' Hardware_reset', ' Power_reset', ' Clock_reset', ' DTC Stored']
2025-07-01 11:30:49,323 - InteractiveChartGenerator - INFO - Text columns: ['No:', ' Date & Time', 'Probe of Temperature(°C)', 'Current[A]', ' CAN_status', 'CID_Display_Temp_Status']
2025-07-01 11:30:49,324 - InteractiveChartGenerator - INFO - Successfully loaded 2095 rows and 29 columns
2025-07-01 11:30:49,324 - InteractiveChartGenerator - INFO - Headers: ['No:', ' Date & Time', ' DUT Mode', ' Probe of Humidity(%)', 'Probe of Temperature(°C)', ' Dry contact value', ' Reference Voltage(V)', 'Current[A]', 'Current[A] Status', ' CAN_status', 'CID_Display_Temp_Status', ' CDD_Display_Temp_Status', 'CID ON/OFF', ' CDD ON/OFF', ' CID_BackLight ', ' CDD_BackLight', ' CID_X_Coordinates', ' CID_Y_Coordinates', ' CDD_X_Coordinates', ' CDD_Y_Coordinates', ' Light_Sensor_On', ' Light_Sensor_Off', ' Temp_1', 'Temp_2', ' Watchdog_reset', ' Hardware_reset', ' Power_reset', ' Clock_reset', ' DTC Stored']
2025-07-01 11:30:49,325 - InteractiveChartGenerator - INFO - Data types: {'No:': dtype('O'), ' Date & Time': dtype('O'), ' DUT Mode': dtype('float64'), ' Probe of Humidity(%)': dtype('float64'), 'Probe of Temperature(°C)': dtype('O'), ' Dry contact value': dtype('float64'), ' Reference Voltage(V)': dtype('float64'), 'Current[A]': dtype('O'), 'Current[A] Status': dtype('int64'), ' CAN_status': dtype('O'), 'CID_Display_Temp_Status': dtype('O'), ' CDD_Display_Temp_Status': dtype('int64'), 'CID ON/OFF': dtype('int64'), ' CDD ON/OFF': dtype('int64'), ' CID_BackLight ': dtype('int64'), ' CDD_BackLight': dtype('int64'), ' CID_X_Coordinates': dtype('int64'), ' CID_Y_Coordinates': dtype('int64'), ' CDD_X_Coordinates': dtype('int64'), ' CDD_Y_Coordinates': dtype('int64'), ' Light_Sensor_On': dtype('int64'), ' Light_Sensor_Off': dtype('bool'), ' Temp_1': dtype('bool'), 'Temp_2': dtype('int64'), ' Watchdog_reset': dtype('int64'), ' Hardware_reset': dtype('int64'), ' Power_reset': dtype('int64'), ' Clock_reset': dtype('int64'), ' DTC Stored': dtype('float64')}
2025-07-01 11:30:49,407 - InteractiveChartGenerator - INFO - All columns: ['No:', ' Date & Time', ' DUT Mode', ' Probe of Humidity(%)', 'Probe of Temperature(°C)', ' Dry contact value', ' Reference Voltage(V)', 'Current[A]', 'Current[A] Status', ' CAN_status', 'CID_Display_Temp_Status', ' CDD_Display_Temp_Status', 'CID ON/OFF', ' CDD ON/OFF', ' CID_BackLight ', ' CDD_BackLight', ' CID_X_Coordinates', ' CID_Y_Coordinates', ' CDD_X_Coordinates', ' CDD_Y_Coordinates', ' Light_Sensor_On', ' Light_Sensor_Off', ' Temp_1', 'Temp_2', ' Watchdog_reset', ' Hardware_reset', ' Power_reset', ' Clock_reset', ' DTC Stored']
2025-07-01 11:30:49,408 - InteractiveChartGenerator - INFO - Numeric columns: [' DUT Mode', ' Probe of Humidity(%)', ' Dry contact value', ' Reference Voltage(V)', 'Current[A] Status', ' CDD_Display_Temp_Status', 'CID ON/OFF', ' CDD ON/OFF', ' CID_BackLight ', ' CDD_BackLight', ' CID_X_Coordinates', ' CID_Y_Coordinates', ' CDD_X_Coordinates', ' CDD_Y_Coordinates', ' Light_Sensor_On', 'Temp_2', ' Watchdog_reset', ' Hardware_reset', ' Power_reset', ' Clock_reset', ' DTC Stored']
2025-07-01 11:30:49,409 - InteractiveChartGenerator - INFO - Chartable columns: ['No:', ' DUT Mode', ' Probe of Humidity(%)', ' Dry contact value', ' Reference Voltage(V)', 'Current[A] Status', ' CDD_Display_Temp_Status', 'CID ON/OFF', ' CDD ON/OFF', ' CID_BackLight ', ' CDD_BackLight', ' CID_X_Coordinates', ' CID_Y_Coordinates', ' CDD_X_Coordinates', ' CDD_Y_Coordinates', ' Light_Sensor_On', ' Light_Sensor_Off', ' Temp_1', 'Temp_2', ' Watchdog_reset', ' Hardware_reset', ' Power_reset', ' Clock_reset', ' DTC Stored']
2025-07-01 11:30:49,419 - InteractiveChartGenerator - INFO - Status: Loaded: aaaa.csv.csv
2025-07-01 11:30:49,438 - InteractiveChartGenerator - INFO - Converted column 'No:' to datetime for charting
2025-07-01 11:30:49,454 - InteractiveChartGenerator - INFO - Converted column 'No:' to datetime for charting
2025-07-01 11:30:50,011 - InteractiveChartGenerator - INFO - Created interactive line chart with 1 series
2025-07-01 11:30:50,012 - InteractiveChartGenerator - INFO - Status: Chart updated
2025-07-01 11:30:50,013 - InteractiveChartGenerator - INFO - Chart preview updated: 1 series, line type
2025-07-01 11:30:50,014 - InteractiveChartGenerator - INFO - File loaded successfully: aaaa.csv.csv
2025-07-01 11:31:03,946 - InteractiveChartGenerator - INFO - Converted column 'No:' to datetime for charting
2025-07-01 11:31:03,956 - InteractiveChartGenerator - INFO - Converted column 'No:' to datetime for charting
2025-07-01 11:31:04,072 - InteractiveChartGenerator - INFO - Created interactive line chart with 1 series
2025-07-01 11:31:04,073 - InteractiveChartGenerator - INFO - Status: Chart updated
2025-07-01 11:31:04,073 - InteractiveChartGenerator - INFO - Chart preview updated: 1 series, line type
2025-07-01 11:31:58,408 - InteractiveChartGenerator - INFO - Filters applied: 2095 -> 0 rows
2025-07-01 11:32:14,683 - InteractiveChartGenerator - INFO - Filters applied: 2095 -> 0 rows
2025-07-01 11:32:20,632 - InteractiveChartGenerator - INFO - Converted column 'No:' to categorical codes for charting
2025-07-01 11:32:20,633 - InteractiveChartGenerator - INFO - Converted column 'No:' to categorical codes for charting
2025-07-01 11:32:20,734 - InteractiveChartGenerator - INFO - Created interactive line chart with 1 series
2025-07-01 11:32:20,735 - InteractiveChartGenerator - INFO - Status: Chart updated
2025-07-01 11:32:20,735 - InteractiveChartGenerator - INFO - Chart preview updated: 1 series, line type
2025-07-01 11:32:54,430 - InteractiveChartGenerator - INFO - Filters applied: 2095 -> 24 rows
2025-07-01 11:33:14,530 - InteractiveChartGenerator - INFO - Converted column 'No:' to datetime for charting
2025-07-01 11:33:14,531 - InteractiveChartGenerator - INFO - Converted column 'No:' to datetime for charting
2025-07-01 11:33:14,658 - InteractiveChartGenerator - INFO - Created interactive line chart with 1 series
2025-07-01 11:33:14,658 - InteractiveChartGenerator - INFO - Status: Chart updated
2025-07-01 11:33:14,658 - InteractiveChartGenerator - INFO - Chart preview updated: 1 series, line type
2025-07-01 11:33:34,814 - InteractiveChartGenerator - INFO - Converted column 'No:' to datetime for charting
2025-07-01 11:33:34,816 - InteractiveChartGenerator - INFO - Converted column 'No:' to datetime for charting
2025-07-01 11:33:34,994 - InteractiveChartGenerator - INFO - Created interactive line chart with 1 series
2025-07-01 11:33:34,994 - InteractiveChartGenerator - INFO - Status: Chart updated
2025-07-01 11:33:34,995 - InteractiveChartGenerator - INFO - Chart preview updated: 1 series, line type
2025-07-01 11:36:18,815 - InteractiveChartGenerator - INFO - Converted column 'No:' to datetime for charting
2025-07-01 11:36:18,818 - InteractiveChartGenerator - INFO - Converted column 'No:' to datetime for charting
2025-07-01 11:36:19,008 - InteractiveChartGenerator - INFO - Created interactive line chart with 1 series
2025-07-01 11:36:19,009 - InteractiveChartGenerator - INFO - Status: Chart updated
2025-07-01 11:36:19,010 - InteractiveChartGenerator - INFO - Chart preview updated: 1 series, line type
2025-07-01 11:36:20,947 - InteractiveChartGenerator - INFO - Converted column 'No:' to datetime for charting
2025-07-01 11:36:20,949 - InteractiveChartGenerator - INFO - Converted column 'No:' to datetime for charting
2025-07-01 11:36:21,146 - InteractiveChartGenerator - INFO - Created interactive line chart with 1 series
2025-07-01 11:36:21,147 - InteractiveChartGenerator - INFO - Status: Chart updated
2025-07-01 11:36:21,147 - InteractiveChartGenerator - INFO - Chart preview updated: 1 series, line type
2025-07-01 11:36:25,361 - InteractiveChartGenerator - INFO - Detected delimiter: ','
2025-07-01 11:36:25,362 - InteractiveChartGenerator - INFO - Loading CSV file with smart header detection: C:/Users/GILIEV/Documents/GitHub/Python-Projects/DUT5_SN_VLIMS_SS 1#9.csv
2025-07-01 11:36:25,364 - InteractiveChartGenerator - INFO - Found non-empty cell in column E at row 24
2025-07-01 11:36:25,365 - InteractiveChartGenerator - INFO - Detected header row at index 24 (line 25)
2025-07-01 11:36:25,389 - InteractiveChartGenerator - INFO - Numeric columns: ['No:', ' Probe of Humidity(%)', 'Probe of Temperature(°C)', ' Reference Voltage(V)', 'Current[A]', ' CAN_status', 'CID ON/OFF', ' CDD ON/OFF', ' CID_BackLight ', ' CDD_BackLight', ' CID_X_Coordinates', ' CID_Y_Coordinates', ' CDD_X_Coordinates', ' CDD_Y_Coordinates', ' Light_Sensor_On', ' Light_Sensor_Off', ' Watchdog_reset', ' Hardware_reset', ' Power_reset', ' Clock_reset', ' DTC Stored']
2025-07-01 11:36:25,391 - InteractiveChartGenerator - INFO - Text columns: [' Date & Time', ' DUT Mode', ' Dry contact value', 'Current[A] Status', 'CID_Display_Temp_Status', ' CDD_Display_Temp_Status']
2025-07-01 11:36:25,394 - InteractiveChartGenerator - INFO - Successfully loaded 2411 rows and 29 columns
2025-07-01 11:36:25,395 - InteractiveChartGenerator - INFO - Headers: ['No:', ' Date & Time', ' DUT Mode', ' Probe of Humidity(%)', 'Probe of Temperature(°C)', ' Dry contact value', ' Reference Voltage(V)', 'Current[A]', 'Current[A] Status', ' CAN_status', 'CID_Display_Temp_Status', ' CDD_Display_Temp_Status', 'CID ON/OFF', ' CDD ON/OFF', ' CID_BackLight ', ' CDD_BackLight', ' CID_X_Coordinates', ' CID_Y_Coordinates', ' CDD_X_Coordinates', ' CDD_Y_Coordinates', ' Light_Sensor_On', ' Light_Sensor_Off', ' Temp_1', 'Temp_2', ' Watchdog_reset', ' Hardware_reset', ' Power_reset', ' Clock_reset', ' DTC Stored']
2025-07-01 11:36:25,396 - InteractiveChartGenerator - INFO - Data types: {'No:': dtype('int64'), ' Date & Time': dtype('O'), ' DUT Mode': dtype('O'), ' Probe of Humidity(%)': dtype('float64'), 'Probe of Temperature(°C)': dtype('float64'), ' Dry contact value': dtype('O'), ' Reference Voltage(V)': dtype('float64'), 'Current[A]': dtype('float64'), 'Current[A] Status': dtype('O'), ' CAN_status': dtype('int64'), 'CID_Display_Temp_Status': dtype('O'), ' CDD_Display_Temp_Status': dtype('O'), 'CID ON/OFF': dtype('int64'), ' CDD ON/OFF': dtype('int64'), ' CID_BackLight ': dtype('int64'), ' CDD_BackLight': dtype('int64'), ' CID_X_Coordinates': dtype('int64'), ' CID_Y_Coordinates': dtype('int64'), ' CDD_X_Coordinates': dtype('int64'), ' CDD_Y_Coordinates': dtype('int64'), ' Light_Sensor_On': dtype('int64'), ' Light_Sensor_Off': dtype('int64'), ' Temp_1': dtype('bool'), 'Temp_2': dtype('bool'), ' Watchdog_reset': dtype('int64'), ' Hardware_reset': dtype('int64'), ' Power_reset': dtype('int64'), ' Clock_reset': dtype('int64'), ' DTC Stored': dtype('int64')}
2025-07-01 11:36:25,459 - InteractiveChartGenerator - INFO - All columns: ['No:', ' Date & Time', ' DUT Mode', ' Probe of Humidity(%)', 'Probe of Temperature(°C)', ' Dry contact value', ' Reference Voltage(V)', 'Current[A]', 'Current[A] Status', ' CAN_status', 'CID_Display_Temp_Status', ' CDD_Display_Temp_Status', 'CID ON/OFF', ' CDD ON/OFF', ' CID_BackLight ', ' CDD_BackLight', ' CID_X_Coordinates', ' CID_Y_Coordinates', ' CDD_X_Coordinates', ' CDD_Y_Coordinates', ' Light_Sensor_On', ' Light_Sensor_Off', ' Temp_1', 'Temp_2', ' Watchdog_reset', ' Hardware_reset', ' Power_reset', ' Clock_reset', ' DTC Stored']
2025-07-01 11:36:25,460 - InteractiveChartGenerator - INFO - Numeric columns: ['No:', ' Probe of Humidity(%)', 'Probe of Temperature(°C)', ' Reference Voltage(V)', 'Current[A]', ' CAN_status', 'CID ON/OFF', ' CDD ON/OFF', ' CID_BackLight ', ' CDD_BackLight', ' CID_X_Coordinates', ' CID_Y_Coordinates', ' CDD_X_Coordinates', ' CDD_Y_Coordinates', ' Light_Sensor_On', ' Light_Sensor_Off', ' Watchdog_reset', ' Hardware_reset', ' Power_reset', ' Clock_reset', ' DTC Stored']
2025-07-01 11:36:25,461 - InteractiveChartGenerator - INFO - Chartable columns: ['No:', ' Date & Time', ' Probe of Humidity(%)', 'Probe of Temperature(°C)', ' Reference Voltage(V)', 'Current[A]', ' CAN_status', 'CID ON/OFF', ' CDD ON/OFF', ' CID_BackLight ', ' CDD_BackLight', ' CID_X_Coordinates', ' CID_Y_Coordinates', ' CDD_X_Coordinates', ' CDD_Y_Coordinates', ' Light_Sensor_On', ' Light_Sensor_Off', ' Temp_1', 'Temp_2', ' Watchdog_reset', ' Hardware_reset', ' Power_reset', ' Clock_reset', ' DTC Stored']
2025-07-01 11:36:25,466 - InteractiveChartGenerator - INFO - Status: Loaded: DUT5_SN_VLIMS_SS 1#9.csv
2025-07-01 11:36:25,554 - InteractiveChartGenerator - INFO - Created interactive line chart with 1 series
2025-07-01 11:36:25,555 - InteractiveChartGenerator - INFO - Status: Chart updated
2025-07-01 11:36:25,555 - InteractiveChartGenerator - INFO - Chart preview updated: 1 series, line type
2025-07-01 11:36:25,556 - InteractiveChartGenerator - INFO - File loaded successfully: DUT5_SN_VLIMS_SS 1#9.csv
2025-07-01 11:36:25,648 - InteractiveChartGenerator - INFO - Created interactive line chart with 1 series
2025-07-01 11:36:25,649 - InteractiveChartGenerator - INFO - Status: Chart updated
2025-07-01 11:36:25,649 - InteractiveChartGenerator - INFO - Chart preview updated: 1 series, line type
2025-07-01 11:36:43,880 - InteractiveChartGenerator - INFO - All filters cleared, data restored to original
2025-07-01 11:37:15,710 - InteractiveChartGenerator - INFO - Filters applied: 2411 -> 850 rows
2025-07-01 11:37:19,902 - InteractiveChartGenerator - INFO - Created interactive line chart with 1 series
2025-07-01 11:37:19,903 - InteractiveChartGenerator - INFO - Status: Chart updated
2025-07-01 11:37:19,903 - InteractiveChartGenerator - INFO - Chart preview updated: 1 series, line type
2025-07-01 11:37:37,030 - InteractiveChartGenerator - INFO - Converted column ' DUT Mode' to categorical codes for charting
2025-07-01 11:37:37,162 - InteractiveChartGenerator - INFO - Created interactive line chart with 1 series
2025-07-01 11:37:37,163 - InteractiveChartGenerator - INFO - Status: Chart updated
2025-07-01 11:37:37,164 - InteractiveChartGenerator - INFO - Chart preview updated: 1 series, line type
2025-07-01 11:37:53,378 - InteractiveChartGenerator - INFO - Converted column ' DUT Mode' to categorical codes for charting
2025-07-01 11:37:53,509 - InteractiveChartGenerator - INFO - Created interactive line chart with 2 series
2025-07-01 11:37:53,509 - InteractiveChartGenerator - INFO - Status: Chart updated
2025-07-01 11:37:53,510 - InteractiveChartGenerator - INFO - Chart preview updated: 2 series, line type
2025-07-01 11:37:54,667 - InteractiveChartGenerator - INFO - Created interactive line chart with 1 series
2025-07-01 11:37:54,668 - InteractiveChartGenerator - INFO - Status: Chart updated
2025-07-01 11:37:54,669 - InteractiveChartGenerator - INFO - Chart preview updated: 1 series, line type
2025-07-01 11:38:02,276 - InteractiveChartGenerator - INFO - Created interactive line chart with 2 series
2025-07-01 11:38:02,277 - InteractiveChartGenerator - INFO - Status: Chart updated
2025-07-01 11:38:02,278 - InteractiveChartGenerator - INFO - Chart preview updated: 2 series, line type
2025-07-01 11:38:08,128 - InteractiveChartGenerator - INFO - Created interactive line chart with 2 series on 2 axes
2025-07-01 11:38:08,128 - InteractiveChartGenerator - INFO - Status: Chart updated
2025-07-01 11:38:08,128 - InteractiveChartGenerator - INFO - Chart preview updated: 2 series, line type
2025-07-01 11:38:30,092 - InteractiveChartGenerator - INFO - Created interactive line chart with 3 series on 3 axes
2025-07-01 11:38:30,093 - InteractiveChartGenerator - INFO - Status: Chart updated
2025-07-01 11:38:30,093 - InteractiveChartGenerator - INFO - Chart preview updated: 3 series, line type
2025-07-01 11:38:40,783 - InteractiveChartGenerator - INFO - Created interactive line chart with 3 series
2025-07-01 11:38:40,783 - InteractiveChartGenerator - INFO - Status: Chart updated
2025-07-01 11:38:40,784 - InteractiveChartGenerator - INFO - Chart preview updated: 3 series, line type
2025-07-01 11:38:43,179 - InteractiveChartGenerator - INFO - Created interactive scatter chart with 3 series
2025-07-01 11:38:43,180 - InteractiveChartGenerator - INFO - Status: Chart updated
2025-07-01 11:38:43,181 - InteractiveChartGenerator - INFO - Chart preview updated: 3 series, scatter type
2025-07-01 11:39:03,912 - InteractiveChartGenerator - INFO - Created interactive scatter chart with 3 series
2025-07-01 11:39:03,913 - InteractiveChartGenerator - INFO - Status: Chart updated
2025-07-01 11:39:03,913 - InteractiveChartGenerator - INFO - Chart preview updated: 3 series, scatter type
2025-07-01 11:39:47,273 - InteractiveChartGenerator - INFO - Created interactive scatter chart with 3 series on 3 axes
2025-07-01 11:39:47,274 - InteractiveChartGenerator - INFO - Status: Chart updated
2025-07-01 11:39:47,274 - InteractiveChartGenerator - INFO - Chart preview updated: 3 series, scatter type
2025-07-01 11:40:29,058 - InteractiveChartGenerator - INFO - Converted column ' Date & Time' to datetime for charting
2025-07-01 11:40:29,326 - InteractiveChartGenerator - INFO - Created interactive scatter chart with 3 series on 3 axes
2025-07-01 11:40:29,327 - InteractiveChartGenerator - INFO - Status: Chart updated
2025-07-01 11:40:29,327 - InteractiveChartGenerator - INFO - Chart preview updated: 3 series, scatter type
2025-07-01 11:40:47,668 - InteractiveChartGenerator - INFO - Converted column ' Date & Time' to datetime for charting
2025-07-01 11:40:47,949 - InteractiveChartGenerator - INFO - Created interactive scatter chart with 2 series on 2 axes
2025-07-01 11:40:47,950 - InteractiveChartGenerator - INFO - Status: Chart updated
2025-07-01 11:40:47,951 - InteractiveChartGenerator - INFO - Chart preview updated: 2 series, scatter type
2025-07-01 11:40:51,079 - InteractiveChartGenerator - INFO - Converted column ' Date & Time' to datetime for charting
2025-07-01 11:40:51,254 - InteractiveChartGenerator - INFO - Created interactive line chart with 2 series on 2 axes
2025-07-01 11:40:51,258 - InteractiveChartGenerator - INFO - Status: Chart updated
2025-07-01 11:40:51,259 - InteractiveChartGenerator - INFO - Chart preview updated: 2 series, line type
2025-07-01 11:41:27,077 - InteractiveChartGenerator - INFO - Converted column ' Date & Time' to datetime for charting
2025-07-01 11:41:27,212 - InteractiveChartGenerator - INFO - Created interactive line chart with 2 series on 2 axes
2025-07-01 11:41:27,212 - InteractiveChartGenerator - INFO - Status: Chart updated
2025-07-01 11:41:27,212 - InteractiveChartGenerator - INFO - Chart preview updated: 2 series, line type
2025-07-01 11:42:34,708 - InteractiveChartGenerator - INFO - Converted column ' Date & Time' to datetime for charting
2025-07-01 11:42:34,953 - InteractiveChartGenerator - INFO - Created interactive line chart with 2 series on 2 axes
2025-07-01 11:42:34,960 - InteractiveChartGenerator - INFO - Status: Chart updated
2025-07-01 11:42:34,962 - InteractiveChartGenerator - INFO - Chart preview updated: 2 series, line type
2025-07-01 11:42:37,234 - InteractiveChartGenerator - INFO - Converted column ' Date & Time' to datetime for charting
2025-07-01 11:42:37,390 - InteractiveChartGenerator - INFO - Created interactive line chart with 2 series on 2 axes
2025-07-01 11:42:37,390 - InteractiveChartGenerator - INFO - Status: Chart updated
2025-07-01 11:42:37,391 - InteractiveChartGenerator - INFO - Chart preview updated: 2 series, line type
2025-07-01 11:42:47,147 - InteractiveChartGenerator - INFO - All filters cleared, data restored to original
2025-07-01 11:42:47,443 - InteractiveChartGenerator - INFO - Created interactive line chart with 1 series on 1 axes
2025-07-01 11:42:47,444 - InteractiveChartGenerator - INFO - Status: Chart updated
2025-07-01 11:42:47,444 - InteractiveChartGenerator - INFO - Chart preview updated: 1 series, line type
2025-07-01 11:42:47,445 - InteractiveChartGenerator - INFO - Data filtered - showing 2411 rows
2025-07-01 11:42:47,445 - InteractiveChartGenerator - INFO - Applied filters - showing 2411 of 2411 rows
2025-07-01 11:43:12,704 - InteractiveChartGenerator - INFO - Cleaning up application resources
2025-07-01 11:43:12,706 - InteractiveChartGenerator - WARNING - Error during cleanup: can't invoke "destroy" command: application has been destroyed
